[0.058s] Invoking command in '/workspaces/codespace/ros2/project/local_mapping/build/messages': CMAKE_PREFIX_PATH=${CMAKE_PREFIX_PATH}:/opt/ros/humble /usr/bin/cmake --build /workspaces/codespace/ros2/project/local_mapping/build/messages -- -j16 -l16
[0.084s] -- Found ament_cmake: 1.3.8 (/opt/ros/humble/share/ament_cmake/cmake)
[0.179s] -- Override CMake install command with custom implementation using symlinks instead of copying resources
[0.185s] -- Found rosidl_default_generators: 1.2.0 (/opt/ros/humble/share/rosidl_default_generators/cmake)
[0.186s] -- Using all available rosidl_typesupport_c: rosidl_typesupport_fastrtps_c;rosidl_typesupport_introspection_c
[0.188s] -- Found rosidl_adapter: 3.1.5 (/opt/ros/humble/share/rosidl_adapter/cmake)
[0.214s] -- Using all available rosidl_typesupport_cpp: rosidl_typesupport_fastrtps_cpp;rosidl_typesupport_introspection_cpp
[0.238s] -- Found geometry_msgs: 4.2.3 (/opt/ros/humble/share/geometry_msgs/cmake)
[0.543s] -- Found ament_cmake_cppcheck: 0.12.10 (/opt/ros/humble/share/ament_cmake_cppcheck/cmake)
[0.544s] -- Found ament_cmake_cpplint: 0.12.10 (/opt/ros/humble/share/ament_cmake_cpplint/cmake)
[0.544s] -- Found ament_cmake_uncrustify: 0.12.10 (/opt/ros/humble/share/ament_cmake_uncrustify/cmake)
[0.545s] -- Found ament_cmake_ros: 0.10.0 (/opt/ros/humble/share/ament_cmake_ros/cmake)
[0.745s] -- Using all available rosidl_typesupport_c: rosidl_typesupport_fastrtps_c;rosidl_typesupport_introspection_c
[1.009s] -- Using all available rosidl_typesupport_cpp: rosidl_typesupport_fastrtps_cpp;rosidl_typesupport_introspection_cpp
[1.029s] -- Found python_cmake_module: 0.10.0 (/opt/ros/humble/share/python_cmake_module/cmake)
[1.048s] -- Using PYTHON_EXECUTABLE: /usr/bin/python3
[1.048s] -- Using PYTHON_INCLUDE_DIRS: /usr/include/python3.10
[1.048s] -- Using PYTHON_LIBRARIES: /usr/lib/x86_64-linux-gnu/libpython3.10.so
[1.078s] -- Found ament_cmake_flake8: 0.12.10 (/opt/ros/humble/share/ament_cmake_flake8/cmake)
[1.079s] -- Found ament_cmake_pep257: 0.12.10 (/opt/ros/humble/share/ament_cmake_pep257/cmake)
[1.087s] -- Configuring done
[1.121s] -- Generating done
[1.124s] -- Build files have been written to: /workspaces/codespace/ros2/project/local_mapping/build/messages
[1.149s] [  3%] [34m[1mGenerating C code for ROS interfaces[0m
[1.159s] [  6%] [34m[1mGenerating C++ code for ROS interfaces[0m
[1.167s] [  6%] Built target ament_cmake_python_symlink_messages
[1.333s] [35m[1mConsolidate compiler generated dependencies of target messages__rosidl_generator_c[0m
[1.342s] [  6%] Built target messages__cpp
[1.346s] [  9%] [32mBuilding C object CMakeFiles/messages__rosidl_generator_c.dir/rosidl_generator_c/messages/msg/detail/custom_msg__functions.c.o[0m
[1.347s] running egg_info
[1.347s] writing messages.egg-info/PKG-INFO
[1.347s] writing dependency_links to messages.egg-info/dependency_links.txt
[1.348s] writing top-level names to messages.egg-info/top_level.txt
[1.350s] reading manifest file 'messages.egg-info/SOURCES.txt'
[1.351s] writing manifest file 'messages.egg-info/SOURCES.txt'
[1.353s] [ 19%] [34m[1mGenerating C++ type support dispatch for ROS interfaces[0m
[1.353s] [ 19%] [34m[1mGenerating C++ type support for eProsima Fast-RTPS[0m
[1.353s] [ 19%] [34m[1mGenerating C++ introspection for ROS interfaces[0m
[1.379s] [ 19%] Built target ament_cmake_python_build_messages_egg
[1.388s] [ 22%] [32m[1mLinking C shared library libmessages__rosidl_generator_c.so[0m
[1.426s] [ 22%] Built target messages__rosidl_generator_c
[1.437s] [ 32%] [34m[1mGenerating C introspection for ROS interfaces[0m
[1.437s] [ 32%] [34m[1mGenerating C type support for eProsima Fast-RTPS[0m
[1.437s] [ 32%] [34m[1mGenerating C type support dispatch for ROS interfaces[0m
[1.511s] [35m[1mConsolidate compiler generated dependencies of target messages__rosidl_typesupport_cpp[0m
[1.526s] [ 35%] [32mBuilding CXX object CMakeFiles/messages__rosidl_typesupport_cpp.dir/rosidl_typesupport_cpp/messages/msg/custom_msg__type_support.cpp.o[0m
[1.531s] [35m[1mConsolidate compiler generated dependencies of target messages__rosidl_typesupport_introspection_cpp[0m
[1.535s] [35m[1mConsolidate compiler generated dependencies of target messages__rosidl_typesupport_fastrtps_cpp[0m
[1.546s] [ 38%] [32mBuilding CXX object CMakeFiles/messages__rosidl_typesupport_introspection_cpp.dir/rosidl_typesupport_introspection_cpp/messages/msg/detail/custom_msg__type_support.cpp.o[0m
[1.550s] [ 41%] [32mBuilding CXX object CMakeFiles/messages__rosidl_typesupport_fastrtps_cpp.dir/rosidl_typesupport_fastrtps_cpp/messages/msg/detail/dds_fastrtps/custom_msg__type_support.cpp.o[0m
[1.599s] [35m[1mConsolidate compiler generated dependencies of target messages__rosidl_typesupport_c[0m
[1.612s] [ 45%] [32mBuilding CXX object CMakeFiles/messages__rosidl_typesupport_c.dir/rosidl_typesupport_c/messages/msg/custom_msg__type_support.cpp.o[0m
[1.618s] [35m[1mConsolidate compiler generated dependencies of target messages__rosidl_typesupport_fastrtps_c[0m
[1.627s] [35m[1mConsolidate compiler generated dependencies of target messages__rosidl_typesupport_introspection_c[0m
[1.634s] [ 48%] [32mBuilding CXX object CMakeFiles/messages__rosidl_typesupport_fastrtps_c.dir/rosidl_typesupport_fastrtps_c/messages/msg/detail/custom_msg__type_support_c.cpp.o[0m
[1.640s] [ 51%] [32mBuilding C object CMakeFiles/messages__rosidl_typesupport_introspection_c.dir/rosidl_typesupport_introspection_c/messages/msg/detail/custom_msg__type_support.c.o[0m
[1.641s] [ 54%] [32m[1mLinking CXX shared library libmessages__rosidl_typesupport_c.so[0m
[1.676s] [ 58%] [32m[1mLinking C shared library libmessages__rosidl_typesupport_introspection_c.so[0m
[1.682s] [ 58%] Built target messages__rosidl_typesupport_c
[1.709s] [ 58%] Built target messages__rosidl_typesupport_introspection_c
[1.760s] [ 61%] [32m[1mLinking CXX shared library libmessages__rosidl_typesupport_cpp.so[0m
[1.801s] [ 61%] Built target messages__rosidl_typesupport_cpp
[1.867s] [ 64%] [32m[1mLinking CXX shared library libmessages__rosidl_typesupport_introspection_cpp.so[0m
[1.880s] [ 67%] [32m[1mLinking CXX shared library libmessages__rosidl_typesupport_fastrtps_cpp.so[0m
[1.915s] [ 70%] [32m[1mLinking CXX shared library libmessages__rosidl_typesupport_fastrtps_c.so[0m
[1.938s] [ 70%] Built target messages__rosidl_typesupport_introspection_cpp
[1.954s] [ 70%] Built target messages__rosidl_typesupport_fastrtps_cpp
[1.982s] [ 70%] Built target messages__rosidl_typesupport_fastrtps_c
[2.001s] [ 70%] Built target messages
[2.023s] [ 74%] [34m[1mGenerating Python code for ROS interfaces[0m
[2.235s] [ 74%] Built target messages__py
[2.246s] [35m[1mConsolidate compiler generated dependencies of target messages__rosidl_generator_py[0m
[2.261s] [ 77%] [32mBuilding C object CMakeFiles/messages__rosidl_generator_py.dir/rosidl_generator_py/messages/msg/_custom_msg_s.c.o[0m
[2.350s] [ 80%] [32m[1mLinking C shared library rosidl_generator_py/messages/libmessages__rosidl_generator_py.so[0m
[2.391s] [ 80%] Built target messages__rosidl_generator_py
[2.402s] [35m[1mConsolidate compiler generated dependencies of target messages__rosidl_typesupport_c__pyext[0m
[2.402s] [35m[1mConsolidate compiler generated dependencies of target messages__rosidl_typesupport_fastrtps_c__pyext[0m
[2.402s] [35m[1mConsolidate compiler generated dependencies of target messages__rosidl_typesupport_introspection_c__pyext[0m
[2.417s] [ 87%] [32mBuilding C object CMakeFiles/messages__rosidl_typesupport_c__pyext.dir/rosidl_generator_py/messages/_messages_s.ep.rosidl_typesupport_c.c.o[0m
[2.417s] [ 87%] [32mBuilding C object CMakeFiles/messages__rosidl_typesupport_fastrtps_c__pyext.dir/rosidl_generator_py/messages/_messages_s.ep.rosidl_typesupport_fastrtps_c.c.o[0m
[2.417s] [ 90%] [32mBuilding C object CMakeFiles/messages__rosidl_typesupport_introspection_c__pyext.dir/rosidl_generator_py/messages/_messages_s.ep.rosidl_typesupport_introspection_c.c.o[0m
[2.506s] [100%] [32m[1mLinking C shared library rosidl_generator_py/messages/messages_s__rosidl_typesupport_fastrtps_c.cpython-310-x86_64-linux-gnu.so[0m
[2.506s] [100%] [32m[1mLinking C shared library rosidl_generator_py/messages/messages_s__rosidl_typesupport_introspection_c.cpython-310-x86_64-linux-gnu.so[0m
[2.506s] [100%] [32m[1mLinking C shared library rosidl_generator_py/messages/messages_s__rosidl_typesupport_c.cpython-310-x86_64-linux-gnu.so[0m
[2.546s] [100%] Built target messages__rosidl_typesupport_introspection_c__pyext
[2.546s] [100%] Built target messages__rosidl_typesupport_fastrtps_c__pyext
[2.546s] [100%] Built target messages__rosidl_typesupport_c__pyext
[2.557s] Invoked command in '/workspaces/codespace/ros2/project/local_mapping/build/messages' returned '0': CMAKE_PREFIX_PATH=${CMAKE_PREFIX_PATH}:/opt/ros/humble /usr/bin/cmake --build /workspaces/codespace/ros2/project/local_mapping/build/messages -- -j16 -l16
[2.639s] Invoking command in '/workspaces/codespace/ros2/project/local_mapping/build/messages': CMAKE_PREFIX_PATH=${CMAKE_PREFIX_PATH}:/opt/ros/humble /usr/bin/cmake --install /workspaces/codespace/ros2/project/local_mapping/build/messages
[2.647s] -- Install configuration: ""
[2.647s] -- Execute custom install script
[2.647s] -- Up-to-date symlink: /workspaces/codespace/ros2/project/local_mapping/install/messages/share/ament_index/resource_index/rosidl_interfaces/messages
[2.648s] -- Up-to-date symlink: /workspaces/codespace/ros2/project/local_mapping/install/messages/include/messages/messages/msg/custom_msg.h
[2.648s] -- Up-to-date symlink: /workspaces/codespace/ros2/project/local_mapping/install/messages/include/messages/messages/msg/custom_point.h
[2.648s] -- Up-to-date symlink: /workspaces/codespace/ros2/project/local_mapping/install/messages/include/messages/messages/msg/detail/custom_msg__functions.h
[2.648s] -- Up-to-date symlink: /workspaces/codespace/ros2/project/local_mapping/install/messages/include/messages/messages/msg/detail/custom_msg__struct.h
[2.648s] -- Up-to-date symlink: /workspaces/codespace/ros2/project/local_mapping/install/messages/include/messages/messages/msg/detail/custom_msg__type_support.h
[2.648s] -- Up-to-date symlink: /workspaces/codespace/ros2/project/local_mapping/install/messages/include/messages/messages/msg/detail/custom_point__functions.h
[2.648s] -- Up-to-date symlink: /workspaces/codespace/ros2/project/local_mapping/install/messages/include/messages/messages/msg/detail/custom_point__struct.h
[2.649s] -- Up-to-date symlink: /workspaces/codespace/ros2/project/local_mapping/install/messages/include/messages/messages/msg/detail/custom_point__type_support.h
[2.649s] -- Up-to-date symlink: /workspaces/codespace/ros2/project/local_mapping/install/messages/include/messages/messages/msg/rosidl_generator_c__visibility_control.h
[2.649s] -- Up-to-date symlink: /workspaces/codespace/ros2/project/local_mapping/install/messages/share/messages/environment/library_path.sh
[2.649s] -- Up-to-date symlink: /workspaces/codespace/ros2/project/local_mapping/install/messages/share/messages/environment/library_path.dsv
[2.649s] -- Up-to-date symlink: /workspaces/codespace/ros2/project/local_mapping/install/messages/include/messages/messages/msg/detail/custom_msg__rosidl_typesupport_fastrtps_c.h
[2.649s] -- Up-to-date symlink: /workspaces/codespace/ros2/project/local_mapping/install/messages/include/messages/messages/msg/detail/custom_point__rosidl_typesupport_fastrtps_c.h
[2.650s] -- Up-to-date symlink: /workspaces/codespace/ros2/project/local_mapping/install/messages/include/messages/messages/msg/rosidl_typesupport_fastrtps_c__visibility_control.h
[2.650s] -- Up-to-date symlink: /workspaces/codespace/ros2/project/local_mapping/install/messages/include/messages/messages/msg/detail/custom_msg__rosidl_typesupport_introspection_c.h
[2.650s] -- Up-to-date symlink: /workspaces/codespace/ros2/project/local_mapping/install/messages/include/messages/messages/msg/detail/custom_point__rosidl_typesupport_introspection_c.h
[2.650s] -- Up-to-date symlink: /workspaces/codespace/ros2/project/local_mapping/install/messages/include/messages/messages/msg/rosidl_typesupport_introspection_c__visibility_control.h
[2.650s] -- Up-to-date symlink: /workspaces/codespace/ros2/project/local_mapping/install/messages/include/messages/messages/msg/custom_msg.hpp
[2.651s] -- Up-to-date symlink: /workspaces/codespace/ros2/project/local_mapping/install/messages/include/messages/messages/msg/custom_point.hpp
[2.651s] -- Up-to-date symlink: /workspaces/codespace/ros2/project/local_mapping/install/messages/include/messages/messages/msg/detail/custom_msg__builder.hpp
[2.651s] -- Up-to-date symlink: /workspaces/codespace/ros2/project/local_mapping/install/messages/include/messages/messages/msg/detail/custom_msg__struct.hpp
[2.651s] -- Up-to-date symlink: /workspaces/codespace/ros2/project/local_mapping/install/messages/include/messages/messages/msg/detail/custom_msg__traits.hpp
[2.651s] -- Up-to-date symlink: /workspaces/codespace/ros2/project/local_mapping/install/messages/include/messages/messages/msg/detail/custom_point__builder.hpp
[2.651s] -- Up-to-date symlink: /workspaces/codespace/ros2/project/local_mapping/install/messages/include/messages/messages/msg/detail/custom_point__struct.hpp
[2.651s] -- Up-to-date symlink: /workspaces/codespace/ros2/project/local_mapping/install/messages/include/messages/messages/msg/detail/custom_point__traits.hpp
[2.652s] -- Up-to-date symlink: /workspaces/codespace/ros2/project/local_mapping/install/messages/include/messages/messages/msg/detail/custom_msg__rosidl_typesupport_fastrtps_cpp.hpp
[2.652s] -- Up-to-date symlink: /workspaces/codespace/ros2/project/local_mapping/install/messages/include/messages/messages/msg/detail/custom_point__rosidl_typesupport_fastrtps_cpp.hpp
[2.652s] -- Up-to-date symlink: /workspaces/codespace/ros2/project/local_mapping/install/messages/include/messages/messages/msg/rosidl_typesupport_fastrtps_cpp__visibility_control.h
[2.652s] -- Up-to-date symlink: /workspaces/codespace/ros2/project/local_mapping/install/messages/include/messages/messages/msg/detail/custom_msg__rosidl_typesupport_introspection_cpp.hpp
[2.652s] -- Up-to-date symlink: /workspaces/codespace/ros2/project/local_mapping/install/messages/include/messages/messages/msg/detail/custom_point__rosidl_typesupport_introspection_cpp.hpp
[2.652s] -- Up-to-date symlink: /workspaces/codespace/ros2/project/local_mapping/install/messages/share/messages/environment/pythonpath.sh
[2.653s] -- Up-to-date symlink: /workspaces/codespace/ros2/project/local_mapping/install/messages/share/messages/environment/pythonpath.dsv
[2.653s] -- Up-to-date symlink: /workspaces/codespace/ros2/project/local_mapping/install/messages/local/lib/python3.10/dist-packages/messages-0.0.0-py3.10.egg-info/PKG-INFO
[2.653s] -- Up-to-date symlink: /workspaces/codespace/ros2/project/local_mapping/install/messages/local/lib/python3.10/dist-packages/messages-0.0.0-py3.10.egg-info/SOURCES.txt
[2.653s] -- Up-to-date symlink: /workspaces/codespace/ros2/project/local_mapping/install/messages/local/lib/python3.10/dist-packages/messages-0.0.0-py3.10.egg-info/dependency_links.txt
[2.653s] -- Up-to-date symlink: /workspaces/codespace/ros2/project/local_mapping/install/messages/local/lib/python3.10/dist-packages/messages-0.0.0-py3.10.egg-info/top_level.txt
[2.654s] -- Up-to-date symlink: /workspaces/codespace/ros2/project/local_mapping/install/messages/local/lib/python3.10/dist-packages/messages/__init__.py
[2.654s] -- Up-to-date symlink: /workspaces/codespace/ros2/project/local_mapping/install/messages/local/lib/python3.10/dist-packages/messages/_messages_s.ep.rosidl_typesupport_c.c
[2.654s] -- Up-to-date symlink: /workspaces/codespace/ros2/project/local_mapping/install/messages/local/lib/python3.10/dist-packages/messages/_messages_s.ep.rosidl_typesupport_fastrtps_c.c
[2.654s] -- Up-to-date symlink: /workspaces/codespace/ros2/project/local_mapping/install/messages/local/lib/python3.10/dist-packages/messages/_messages_s.ep.rosidl_typesupport_introspection_c.c
[2.654s] -- Up-to-date symlink: /workspaces/codespace/ros2/project/local_mapping/install/messages/local/lib/python3.10/dist-packages/messages/libmessages__rosidl_generator_py.so
[2.654s] -- Up-to-date symlink: /workspaces/codespace/ros2/project/local_mapping/install/messages/local/lib/python3.10/dist-packages/messages/messages_s__rosidl_typesupport_c.cpython-310-x86_64-linux-gnu.so
[2.654s] -- Up-to-date symlink: /workspaces/codespace/ros2/project/local_mapping/install/messages/local/lib/python3.10/dist-packages/messages/messages_s__rosidl_typesupport_fastrtps_c.cpython-310-x86_64-linux-gnu.so
[2.654s] -- Up-to-date symlink: /workspaces/codespace/ros2/project/local_mapping/install/messages/local/lib/python3.10/dist-packages/messages/messages_s__rosidl_typesupport_introspection_c.cpython-310-x86_64-linux-gnu.so
[2.655s] -- Up-to-date symlink: /workspaces/codespace/ros2/project/local_mapping/install/messages/local/lib/python3.10/dist-packages/messages/msg/__init__.py
[2.655s] -- Up-to-date symlink: /workspaces/codespace/ros2/project/local_mapping/install/messages/local/lib/python3.10/dist-packages/messages/msg/_custom_msg.py
[2.655s] -- Up-to-date symlink: /workspaces/codespace/ros2/project/local_mapping/install/messages/local/lib/python3.10/dist-packages/messages/msg/_custom_msg_s.c
[2.655s] -- Up-to-date symlink: /workspaces/codespace/ros2/project/local_mapping/install/messages/local/lib/python3.10/dist-packages/messages/msg/_custom_point.py
[2.655s] -- Up-to-date symlink: /workspaces/codespace/ros2/project/local_mapping/install/messages/local/lib/python3.10/dist-packages/messages/msg/_custom_point_s.c
[2.655s] -- Up-to-date symlink: /workspaces/codespace/ros2/project/local_mapping/install/messages/local/lib/python3.10/dist-packages/messages/messages_s__rosidl_typesupport_fastrtps_c.cpython-310-x86_64-linux-gnu.so
[2.655s] -- Up-to-date symlink: /workspaces/codespace/ros2/project/local_mapping/install/messages/local/lib/python3.10/dist-packages/messages/messages_s__rosidl_typesupport_introspection_c.cpython-310-x86_64-linux-gnu.so
[2.656s] -- Up-to-date symlink: /workspaces/codespace/ros2/project/local_mapping/install/messages/local/lib/python3.10/dist-packages/messages/messages_s__rosidl_typesupport_c.cpython-310-x86_64-linux-gnu.so
[2.656s] -- Up-to-date symlink: /workspaces/codespace/ros2/project/local_mapping/install/messages/share/messages/msg/CustomMsg.idl
[2.656s] -- Up-to-date symlink: /workspaces/codespace/ros2/project/local_mapping/install/messages/share/messages/msg/CustomMsg.msg
[2.656s] -- Up-to-date symlink: /workspaces/codespace/ros2/project/local_mapping/install/messages/share/ament_index/resource_index/package_run_dependencies/messages
[2.656s] -- Up-to-date symlink: /workspaces/codespace/ros2/project/local_mapping/install/messages/share/ament_index/resource_index/parent_prefix_path/messages
[2.656s] -- Up-to-date symlink: /workspaces/codespace/ros2/project/local_mapping/install/messages/share/messages/environment/ament_prefix_path.sh
[2.656s] -- Up-to-date symlink: /workspaces/codespace/ros2/project/local_mapping/install/messages/share/messages/environment/ament_prefix_path.dsv
[2.657s] -- Up-to-date symlink: /workspaces/codespace/ros2/project/local_mapping/install/messages/share/messages/environment/path.sh
[2.657s] -- Up-to-date symlink: /workspaces/codespace/ros2/project/local_mapping/install/messages/share/messages/environment/path.dsv
[2.657s] -- Up-to-date symlink: /workspaces/codespace/ros2/project/local_mapping/install/messages/share/messages/local_setup.bash
[2.657s] -- Up-to-date symlink: /workspaces/codespace/ros2/project/local_mapping/install/messages/share/messages/local_setup.sh
[2.657s] -- Up-to-date symlink: /workspaces/codespace/ros2/project/local_mapping/install/messages/share/messages/local_setup.zsh
[2.657s] -- Up-to-date symlink: /workspaces/codespace/ros2/project/local_mapping/install/messages/share/messages/local_setup.dsv
[2.657s] -- Symlinking: /workspaces/codespace/ros2/project/local_mapping/install/messages/share/messages/package.dsv
[2.666s] -- Up-to-date symlink: /workspaces/codespace/ros2/project/local_mapping/install/messages/share/ament_index/resource_index/packages/messages
[2.666s] -- Up-to-date symlink: /workspaces/codespace/ros2/project/local_mapping/install/messages/share/messages/cmake/rosidl_cmake-extras.cmake
[2.667s] -- Up-to-date symlink: /workspaces/codespace/ros2/project/local_mapping/install/messages/share/messages/cmake/ament_cmake_export_dependencies-extras.cmake
[2.667s] -- Up-to-date symlink: /workspaces/codespace/ros2/project/local_mapping/install/messages/share/messages/cmake/ament_cmake_export_include_directories-extras.cmake
[2.667s] -- Up-to-date symlink: /workspaces/codespace/ros2/project/local_mapping/install/messages/share/messages/cmake/ament_cmake_export_libraries-extras.cmake
[2.667s] -- Up-to-date symlink: /workspaces/codespace/ros2/project/local_mapping/install/messages/share/messages/cmake/ament_cmake_export_targets-extras.cmake
[2.667s] -- Up-to-date symlink: /workspaces/codespace/ros2/project/local_mapping/install/messages/share/messages/cmake/rosidl_cmake_export_typesupport_targets-extras.cmake
[2.667s] -- Up-to-date symlink: /workspaces/codespace/ros2/project/local_mapping/install/messages/share/messages/cmake/rosidl_cmake_export_typesupport_libraries-extras.cmake
[2.667s] -- Up-to-date symlink: /workspaces/codespace/ros2/project/local_mapping/install/messages/share/messages/cmake/messagesConfig.cmake
[2.667s] -- Up-to-date symlink: /workspaces/codespace/ros2/project/local_mapping/install/messages/share/messages/cmake/messagesConfig-version.cmake
[2.668s] -- Up-to-date symlink: /workspaces/codespace/ros2/project/local_mapping/install/messages/share/messages/package.xml
[2.668s] -- Installing: /workspaces/codespace/ros2/project/local_mapping/install/messages/lib/libmessages__rosidl_generator_c.so
[2.668s] -- Set runtime path of "/workspaces/codespace/ros2/project/local_mapping/install/messages/lib/libmessages__rosidl_generator_c.so" to ""
[2.668s] -- Installing: /workspaces/codespace/ros2/project/local_mapping/install/messages/lib/libmessages__rosidl_typesupport_fastrtps_c.so
[2.669s] -- Set runtime path of "/workspaces/codespace/ros2/project/local_mapping/install/messages/lib/libmessages__rosidl_typesupport_fastrtps_c.so" to ""
[2.669s] -- Installing: /workspaces/codespace/ros2/project/local_mapping/install/messages/lib/libmessages__rosidl_typesupport_introspection_c.so
[2.669s] -- Set runtime path of "/workspaces/codespace/ros2/project/local_mapping/install/messages/lib/libmessages__rosidl_typesupport_introspection_c.so" to ""
[2.669s] -- Installing: /workspaces/codespace/ros2/project/local_mapping/install/messages/lib/libmessages__rosidl_typesupport_c.so
[2.670s] -- Set runtime path of "/workspaces/codespace/ros2/project/local_mapping/install/messages/lib/libmessages__rosidl_typesupport_c.so" to ""
[2.670s] -- Installing: /workspaces/codespace/ros2/project/local_mapping/install/messages/lib/libmessages__rosidl_typesupport_fastrtps_cpp.so
[2.670s] -- Set runtime path of "/workspaces/codespace/ros2/project/local_mapping/install/messages/lib/libmessages__rosidl_typesupport_fastrtps_cpp.so" to ""
[2.670s] -- Installing: /workspaces/codespace/ros2/project/local_mapping/install/messages/lib/libmessages__rosidl_typesupport_introspection_cpp.so
[2.671s] -- Set runtime path of "/workspaces/codespace/ros2/project/local_mapping/install/messages/lib/libmessages__rosidl_typesupport_introspection_cpp.so" to ""
[2.671s] -- Installing: /workspaces/codespace/ros2/project/local_mapping/install/messages/lib/libmessages__rosidl_typesupport_cpp.so
[2.671s] -- Set runtime path of "/workspaces/codespace/ros2/project/local_mapping/install/messages/lib/libmessages__rosidl_typesupport_cpp.so" to ""
[2.699s] Listing '/workspaces/codespace/ros2/project/local_mapping/install/messages/local/lib/python3.10/dist-packages/messages'...
[2.699s] Compiling '/workspaces/codespace/ros2/project/local_mapping/install/messages/local/lib/python3.10/dist-packages/messages/__init__.py'...
[2.699s] Listing '/workspaces/codespace/ros2/project/local_mapping/install/messages/local/lib/python3.10/dist-packages/messages/msg'...
[2.699s] Compiling '/workspaces/codespace/ros2/project/local_mapping/install/messages/local/lib/python3.10/dist-packages/messages/msg/__init__.py'...
[2.700s] Compiling '/workspaces/codespace/ros2/project/local_mapping/install/messages/local/lib/python3.10/dist-packages/messages/msg/_custom_msg.py'...
[2.702s] -- Installing: /workspaces/codespace/ros2/project/local_mapping/install/messages/lib/libmessages__rosidl_generator_py.so
[2.703s] -- Set runtime path of "/workspaces/codespace/ros2/project/local_mapping/install/messages/lib/libmessages__rosidl_generator_py.so" to ""
[2.703s] -- Old export file "/workspaces/codespace/ros2/project/local_mapping/install/messages/share/messages/cmake/export_messages__rosidl_generator_cExport.cmake" will be replaced.  Removing files [/workspaces/codespace/ros2/project/local_mapping/install/messages/share/messages/cmake/export_messages__rosidl_generator_cExport-noconfig.cmake].
[2.703s] -- Installing: /workspaces/codespace/ros2/project/local_mapping/install/messages/share/messages/cmake/export_messages__rosidl_generator_cExport.cmake
[2.703s] -- Installing: /workspaces/codespace/ros2/project/local_mapping/install/messages/share/messages/cmake/export_messages__rosidl_generator_cExport-noconfig.cmake
[2.703s] -- Old export file "/workspaces/codespace/ros2/project/local_mapping/install/messages/share/messages/cmake/export_messages__rosidl_typesupport_fastrtps_cExport.cmake" will be replaced.  Removing files [/workspaces/codespace/ros2/project/local_mapping/install/messages/share/messages/cmake/export_messages__rosidl_typesupport_fastrtps_cExport-noconfig.cmake].
[2.704s] -- Installing: /workspaces/codespace/ros2/project/local_mapping/install/messages/share/messages/cmake/export_messages__rosidl_typesupport_fastrtps_cExport.cmake
[2.704s] -- Installing: /workspaces/codespace/ros2/project/local_mapping/install/messages/share/messages/cmake/export_messages__rosidl_typesupport_fastrtps_cExport-noconfig.cmake
[2.704s] -- Old export file "/workspaces/codespace/ros2/project/local_mapping/install/messages/share/messages/cmake/messages__rosidl_typesupport_introspection_cExport.cmake" will be replaced.  Removing files [/workspaces/codespace/ros2/project/local_mapping/install/messages/share/messages/cmake/messages__rosidl_typesupport_introspection_cExport-noconfig.cmake].
[2.704s] -- Installing: /workspaces/codespace/ros2/project/local_mapping/install/messages/share/messages/cmake/messages__rosidl_typesupport_introspection_cExport.cmake
[2.704s] -- Installing: /workspaces/codespace/ros2/project/local_mapping/install/messages/share/messages/cmake/messages__rosidl_typesupport_introspection_cExport-noconfig.cmake
[2.704s] -- Old export file "/workspaces/codespace/ros2/project/local_mapping/install/messages/share/messages/cmake/messages__rosidl_typesupport_cExport.cmake" will be replaced.  Removing files [/workspaces/codespace/ros2/project/local_mapping/install/messages/share/messages/cmake/messages__rosidl_typesupport_cExport-noconfig.cmake].
[2.704s] -- Installing: /workspaces/codespace/ros2/project/local_mapping/install/messages/share/messages/cmake/messages__rosidl_typesupport_cExport.cmake
[2.705s] -- Installing: /workspaces/codespace/ros2/project/local_mapping/install/messages/share/messages/cmake/messages__rosidl_typesupport_cExport-noconfig.cmake
[2.705s] -- Installing: /workspaces/codespace/ros2/project/local_mapping/install/messages/share/messages/cmake/export_messages__rosidl_generator_cppExport.cmake
[2.705s] -- Old export file "/workspaces/codespace/ros2/project/local_mapping/install/messages/share/messages/cmake/export_messages__rosidl_typesupport_fastrtps_cppExport.cmake" will be replaced.  Removing files [/workspaces/codespace/ros2/project/local_mapping/install/messages/share/messages/cmake/export_messages__rosidl_typesupport_fastrtps_cppExport-noconfig.cmake].
[2.705s] -- Installing: /workspaces/codespace/ros2/project/local_mapping/install/messages/share/messages/cmake/export_messages__rosidl_typesupport_fastrtps_cppExport.cmake
[2.705s] -- Installing: /workspaces/codespace/ros2/project/local_mapping/install/messages/share/messages/cmake/export_messages__rosidl_typesupport_fastrtps_cppExport-noconfig.cmake
[2.705s] -- Old export file "/workspaces/codespace/ros2/project/local_mapping/install/messages/share/messages/cmake/messages__rosidl_typesupport_introspection_cppExport.cmake" will be replaced.  Removing files [/workspaces/codespace/ros2/project/local_mapping/install/messages/share/messages/cmake/messages__rosidl_typesupport_introspection_cppExport-noconfig.cmake].
[2.705s] -- Installing: /workspaces/codespace/ros2/project/local_mapping/install/messages/share/messages/cmake/messages__rosidl_typesupport_introspection_cppExport.cmake
[2.706s] -- Installing: /workspaces/codespace/ros2/project/local_mapping/install/messages/share/messages/cmake/messages__rosidl_typesupport_introspection_cppExport-noconfig.cmake
[2.706s] -- Old export file "/workspaces/codespace/ros2/project/local_mapping/install/messages/share/messages/cmake/messages__rosidl_typesupport_cppExport.cmake" will be replaced.  Removing files [/workspaces/codespace/ros2/project/local_mapping/install/messages/share/messages/cmake/messages__rosidl_typesupport_cppExport-noconfig.cmake].
[2.706s] -- Installing: /workspaces/codespace/ros2/project/local_mapping/install/messages/share/messages/cmake/messages__rosidl_typesupport_cppExport.cmake
[2.706s] -- Installing: /workspaces/codespace/ros2/project/local_mapping/install/messages/share/messages/cmake/messages__rosidl_typesupport_cppExport-noconfig.cmake
[2.706s] -- Old export file "/workspaces/codespace/ros2/project/local_mapping/install/messages/share/messages/cmake/export_messages__rosidl_generator_pyExport.cmake" will be replaced.  Removing files [/workspaces/codespace/ros2/project/local_mapping/install/messages/share/messages/cmake/export_messages__rosidl_generator_pyExport-noconfig.cmake].
[2.706s] -- Installing: /workspaces/codespace/ros2/project/local_mapping/install/messages/share/messages/cmake/export_messages__rosidl_generator_pyExport.cmake
[2.706s] -- Installing: /workspaces/codespace/ros2/project/local_mapping/install/messages/share/messages/cmake/export_messages__rosidl_generator_pyExport-noconfig.cmake
[2.709s] Invoked command in '/workspaces/codespace/ros2/project/local_mapping/build/messages' returned '0': CMAKE_PREFIX_PATH=${CMAKE_PREFIX_PATH}:/opt/ros/humble /usr/bin/cmake --install /workspaces/codespace/ros2/project/local_mapping/build/messages
