[2.078s] Invoking command in '/workspaces/codespace/ros2/project/tutorial/build/examples_rclpy_minimal_action_client': PYTHONPATH=/workspaces/codespace/ros2/project/tutorial/build/examples_rclpy_minimal_action_client/prefix_override:/workspaces/codespace/ros2/project/tutorial/install/examples_rclpy_minimal_action_client/lib/python3.10/site-packages: /usr/bin/python3 setup.py develop --editable --build-directory /workspaces/codespace/ros2/project/tutorial/build/examples_rclpy_minimal_action_client/build --no-deps install_data
[2.619s] running develop
[2.620s] /usr/lib/python3/dist-packages/setuptools/command/easy_install.py:158: EasyInstallDeprecationWarning: easy_install command is deprecated. Use build and pip and other standards-based tools.
[2.620s]   warnings.warn(
[2.622s] /usr/lib/python3/dist-packages/setuptools/command/install.py:34: SetuptoolsDeprecationWarning: setup.py install is deprecated. Use build and pip and other standards-based tools.
[2.622s]   warnings.warn(
[2.778s] running egg_info
[2.779s] writing examples_rclpy_minimal_action_client.egg-info/PKG-INFO
[2.779s] writing dependency_links to examples_rclpy_minimal_action_client.egg-info/dependency_links.txt
[2.779s] writing entry points to examples_rclpy_minimal_action_client.egg-info/entry_points.txt
[2.779s] writing requirements to examples_rclpy_minimal_action_client.egg-info/requires.txt
[2.779s] writing top-level names to examples_rclpy_minimal_action_client.egg-info/top_level.txt
[2.798s] reading manifest file 'examples_rclpy_minimal_action_client.egg-info/SOURCES.txt'
[2.800s] writing manifest file 'examples_rclpy_minimal_action_client.egg-info/SOURCES.txt'
[2.802s] running build_ext
[2.803s] Creating /workspaces/codespace/ros2/project/tutorial/install/examples_rclpy_minimal_action_client/lib/python3.10/site-packages/examples-rclpy-minimal-action-client.egg-link (link to .)
[2.804s] Installing client script to /workspaces/codespace/ros2/project/tutorial/install/examples_rclpy_minimal_action_client/lib/examples_rclpy_minimal_action_client
[2.813s] Installing client_asyncio script to /workspaces/codespace/ros2/project/tutorial/install/examples_rclpy_minimal_action_client/lib/examples_rclpy_minimal_action_client
[2.814s] Installing client_cancel script to /workspaces/codespace/ros2/project/tutorial/install/examples_rclpy_minimal_action_client/lib/examples_rclpy_minimal_action_client
[2.816s] Installing client_not_composable script to /workspaces/codespace/ros2/project/tutorial/install/examples_rclpy_minimal_action_client/lib/examples_rclpy_minimal_action_client
[2.816s] 
[2.816s] Installed /workspaces/codespace/ros2/project/tutorial/build/examples_rclpy_minimal_action_client
[2.816s] running install_data
[3.286s] Invoked command in '/workspaces/codespace/ros2/project/tutorial/build/examples_rclpy_minimal_action_client' returned '0': PYTHONPATH=/workspaces/codespace/ros2/project/tutorial/build/examples_rclpy_minimal_action_client/prefix_override:/workspaces/codespace/ros2/project/tutorial/install/examples_rclpy_minimal_action_client/lib/python3.10/site-packages: /usr/bin/python3 setup.py develop --editable --build-directory /workspaces/codespace/ros2/project/tutorial/build/examples_rclpy_minimal_action_client/build --no-deps install_data
