running develop
running egg_info
creating examples_rclpy_minimal_publisher.egg-info
writing examples_rclpy_minimal_publisher.egg-info/PKG-INFO
writing dependency_links to examples_rclpy_minimal_publisher.egg-info/dependency_links.txt
writing entry points to examples_rclpy_minimal_publisher.egg-info/entry_points.txt
writing requirements to examples_rclpy_minimal_publisher.egg-info/requires.txt
writing top-level names to examples_rclpy_minimal_publisher.egg-info/top_level.txt
writing manifest file 'examples_rclpy_minimal_publisher.egg-info/SOURCES.txt'
reading manifest file 'examples_rclpy_minimal_publisher.egg-info/SOURCES.txt'
writing manifest file 'examples_rclpy_minimal_publisher.egg-info/SOURCES.txt'
running build_ext
Creating /workspaces/codespace/ros2/project/tutorial/install/examples_rclpy_minimal_publisher/lib/python3.10/site-packages/examples-rclpy-minimal-publisher.egg-link (link to .)
Installing publisher_local_function script to /workspaces/codespace/ros2/project/tutorial/install/examples_rclpy_minimal_publisher/lib/examples_rclpy_minimal_publisher
Installing publisher_member_function script to /workspaces/codespace/ros2/project/tutorial/install/examples_rclpy_minimal_publisher/lib/examples_rclpy_minimal_publisher
Installing publisher_old_school script to /workspaces/codespace/ros2/project/tutorial/install/examples_rclpy_minimal_publisher/lib/examples_rclpy_minimal_publisher

Installed /workspaces/codespace/ros2/project/tutorial/build/examples_rclpy_minimal_publisher
running install_data
creating /workspaces/codespace/ros2/project/tutorial/install/examples_rclpy_minimal_publisher/share/ament_index
creating /workspaces/codespace/ros2/project/tutorial/install/examples_rclpy_minimal_publisher/share/ament_index/resource_index
creating /workspaces/codespace/ros2/project/tutorial/install/examples_rclpy_minimal_publisher/share/ament_index/resource_index/packages
copying resource/examples_rclpy_minimal_publisher -> /workspaces/codespace/ros2/project/tutorial/install/examples_rclpy_minimal_publisher/share/ament_index/resource_index/packages
copying package.xml -> /workspaces/codespace/ros2/project/tutorial/install/examples_rclpy_minimal_publisher/share/examples_rclpy_minimal_publisher
