[1.843s] Invoking command in '/workspaces/codespace/ros2/project/tutorial/build/examples_rclpy_minimal_publisher': PYTHONPATH=/workspaces/codespace/ros2/project/tutorial/build/examples_rclpy_minimal_publisher/prefix_override:/workspaces/codespace/ros2/project/tutorial/install/examples_rclpy_minimal_publisher/lib/python3.10/site-packages: /usr/bin/python3 setup.py develop --editable --build-directory /workspaces/codespace/ros2/project/tutorial/build/examples_rclpy_minimal_publisher/build --no-deps install_data
[2.412s] running develop
[2.412s] /usr/lib/python3/dist-packages/setuptools/command/easy_install.py:158: EasyInstallDeprecationWarning: easy_install command is deprecated. Use build and pip and other standards-based tools.
[2.412s]   warnings.warn(
[2.414s] /usr/lib/python3/dist-packages/setuptools/command/install.py:34: SetuptoolsDeprecationWarning: setup.py install is deprecated. Use build and pip and other standards-based tools.
[2.414s]   warnings.warn(
[2.523s] running egg_info
[2.523s] creating examples_rclpy_minimal_publisher.egg-info
[2.523s] writing examples_rclpy_minimal_publisher.egg-info/PKG-INFO
[2.523s] writing dependency_links to examples_rclpy_minimal_publisher.egg-info/dependency_links.txt
[2.524s] writing entry points to examples_rclpy_minimal_publisher.egg-info/entry_points.txt
[2.524s] writing requirements to examples_rclpy_minimal_publisher.egg-info/requires.txt
[2.524s] writing top-level names to examples_rclpy_minimal_publisher.egg-info/top_level.txt
[2.524s] writing manifest file 'examples_rclpy_minimal_publisher.egg-info/SOURCES.txt'
[2.534s] reading manifest file 'examples_rclpy_minimal_publisher.egg-info/SOURCES.txt'
[2.535s] writing manifest file 'examples_rclpy_minimal_publisher.egg-info/SOURCES.txt'
[2.537s] running build_ext
[2.538s] Creating /workspaces/codespace/ros2/project/tutorial/install/examples_rclpy_minimal_publisher/lib/python3.10/site-packages/examples-rclpy-minimal-publisher.egg-link (link to .)
[2.542s] Installing publisher_local_function script to /workspaces/codespace/ros2/project/tutorial/install/examples_rclpy_minimal_publisher/lib/examples_rclpy_minimal_publisher
[2.548s] Installing publisher_member_function script to /workspaces/codespace/ros2/project/tutorial/install/examples_rclpy_minimal_publisher/lib/examples_rclpy_minimal_publisher
[2.548s] Installing publisher_old_school script to /workspaces/codespace/ros2/project/tutorial/install/examples_rclpy_minimal_publisher/lib/examples_rclpy_minimal_publisher
[2.548s] 
[2.549s] Installed /workspaces/codespace/ros2/project/tutorial/build/examples_rclpy_minimal_publisher
[2.549s] running install_data
[2.549s] creating /workspaces/codespace/ros2/project/tutorial/install/examples_rclpy_minimal_publisher/share/ament_index
[2.549s] creating /workspaces/codespace/ros2/project/tutorial/install/examples_rclpy_minimal_publisher/share/ament_index/resource_index
[2.549s] creating /workspaces/codespace/ros2/project/tutorial/install/examples_rclpy_minimal_publisher/share/ament_index/resource_index/packages
[2.549s] copying resource/examples_rclpy_minimal_publisher -> /workspaces/codespace/ros2/project/tutorial/install/examples_rclpy_minimal_publisher/share/ament_index/resource_index/packages
[2.550s] copying package.xml -> /workspaces/codespace/ros2/project/tutorial/install/examples_rclpy_minimal_publisher/share/examples_rclpy_minimal_publisher
[2.630s] Invoked command in '/workspaces/codespace/ros2/project/tutorial/build/examples_rclpy_minimal_publisher' returned '0': PYTHONPATH=/workspaces/codespace/ros2/project/tutorial/build/examples_rclpy_minimal_publisher/prefix_override:/workspaces/codespace/ros2/project/tutorial/install/examples_rclpy_minimal_publisher/lib/python3.10/site-packages: /usr/bin/python3 setup.py develop --editable --build-directory /workspaces/codespace/ros2/project/tutorial/build/examples_rclpy_minimal_publisher/build --no-deps install_data
