[1.770s] Invoking command in '/workspaces/codespace/ros2/project/tutorial/build/examples_rclpy_minimal_action_server': PYTHONPATH=/workspaces/codespace/ros2/project/tutorial/build/examples_rclpy_minimal_action_server/prefix_override:/workspaces/codespace/ros2/project/tutorial/install/examples_rclpy_minimal_action_server/lib/python3.10/site-packages: /usr/bin/python3 setup.py develop --editable --build-directory /workspaces/codespace/ros2/project/tutorial/build/examples_rclpy_minimal_action_server/build --no-deps install_data
[2.182s] running develop
[2.183s] /usr/lib/python3/dist-packages/setuptools/command/easy_install.py:158: EasyInstallDeprecationWarning: easy_install command is deprecated. Use build and pip and other standards-based tools.
[2.184s]   warnings.warn(
[2.187s] /usr/lib/python3/dist-packages/setuptools/command/install.py:34: SetuptoolsDeprecationWarning: setup.py install is deprecated. Use build and pip and other standards-based tools.
[2.188s]   warnings.warn(
[2.341s] running egg_info
[2.343s] writing examples_rclpy_minimal_action_server.egg-info/PKG-INFO
[2.344s] writing dependency_links to examples_rclpy_minimal_action_server.egg-info/dependency_links.txt
[2.346s] writing entry points to examples_rclpy_minimal_action_server.egg-info/entry_points.txt
[2.348s] writing requirements to examples_rclpy_minimal_action_server.egg-info/requires.txt
[2.349s] writing top-level names to examples_rclpy_minimal_action_server.egg-info/top_level.txt
[2.355s] reading manifest file 'examples_rclpy_minimal_action_server.egg-info/SOURCES.txt'
[2.359s] writing manifest file 'examples_rclpy_minimal_action_server.egg-info/SOURCES.txt'
[2.363s] running build_ext
[2.363s] Creating /workspaces/codespace/ros2/project/tutorial/install/examples_rclpy_minimal_action_server/lib/python3.10/site-packages/examples-rclpy-minimal-action-server.egg-link (link to .)
[2.371s] Installing server script to /workspaces/codespace/ros2/project/tutorial/install/examples_rclpy_minimal_action_server/lib/examples_rclpy_minimal_action_server
[2.375s] Installing server_defer script to /workspaces/codespace/ros2/project/tutorial/install/examples_rclpy_minimal_action_server/lib/examples_rclpy_minimal_action_server
[2.375s] Installing server_not_composable script to /workspaces/codespace/ros2/project/tutorial/install/examples_rclpy_minimal_action_server/lib/examples_rclpy_minimal_action_server
[2.375s] Installing server_queue_goals script to /workspaces/codespace/ros2/project/tutorial/install/examples_rclpy_minimal_action_server/lib/examples_rclpy_minimal_action_server
[2.375s] Installing server_single_goal script to /workspaces/codespace/ros2/project/tutorial/install/examples_rclpy_minimal_action_server/lib/examples_rclpy_minimal_action_server
[2.375s] 
[2.375s] Installed /workspaces/codespace/ros2/project/tutorial/build/examples_rclpy_minimal_action_server
[2.375s] running install_data
[2.498s] Invoked command in '/workspaces/codespace/ros2/project/tutorial/build/examples_rclpy_minimal_action_server' returned '0': PYTHONPATH=/workspaces/codespace/ros2/project/tutorial/build/examples_rclpy_minimal_action_server/prefix_override:/workspaces/codespace/ros2/project/tutorial/install/examples_rclpy_minimal_action_server/lib/python3.10/site-packages: /usr/bin/python3 setup.py develop --editable --build-directory /workspaces/codespace/ros2/project/tutorial/build/examples_rclpy_minimal_action_server/build --no-deps install_data
