[0.478s] Invoking command in '/workspaces/codespace/ros2/project/tutorial/build/examples_rclcpp_minimal_action_server': CMAKE_PREFIX_PATH=/opt/ros/humble /usr/bin/cmake /workspaces/codespace/ros2/project/tutorial/src/examples/rclcpp/actions/minimal_action_server -DAMENT_CMAKE_SYMLINK_INSTALL=1 -DCMAKE_INSTALL_PREFIX=/workspaces/codespace/ros2/project/tutorial/install/examples_rclcpp_minimal_action_server
[1.494s] -- The C compiler identification is GNU 11.4.0
[1.494s] -- The CXX compiler identification is GNU 11.4.0
[1.494s] -- Detecting C compiler ABI info
[1.494s] -- Detecting C compiler ABI info - done
[1.494s] -- Check for working C compiler: /usr/bin/cc - skipped
[1.494s] -- Detecting C compile features
[1.494s] -- Detecting C compile features - done
[1.494s] -- Detecting CXX compiler ABI info
[1.494s] -- Detecting CXX compiler ABI info - done
[1.494s] -- Check for working CXX compiler: /usr/bin/c++ - skipped
[1.494s] -- Detecting CXX compile features
[1.494s] -- Detecting CXX compile features - done
[1.494s] -- Found ament_cmake: 1.3.8 (/opt/ros/humble/share/ament_cmake/cmake)
[1.494s] -- Found Python3: /usr/bin/python3 (found version "3.10.12") found components: Interpreter 
[1.494s] -- Override CMake install command with custom implementation using symlinks instead of copying resources
[1.494s] -- Found example_interfaces: 0.9.3 (/opt/ros/humble/share/example_interfaces/cmake)
[1.494s] -- Found rosidl_generator_c: 3.1.5 (/opt/ros/humble/share/rosidl_generator_c/cmake)
[1.494s] -- Found rosidl_adapter: 3.1.5 (/opt/ros/humble/share/rosidl_adapter/cmake)
[1.495s] -- Found rosidl_generator_cpp: 3.1.5 (/opt/ros/humble/share/rosidl_generator_cpp/cmake)
[1.495s] -- Using all available rosidl_typesupport_c: rosidl_typesupport_fastrtps_c;rosidl_typesupport_introspection_c
[1.505s] -- Using all available rosidl_typesupport_cpp: rosidl_typesupport_fastrtps_cpp;rosidl_typesupport_introspection_cpp
[1.677s] -- Found rclcpp: 16.0.8 (/opt/ros/humble/share/rclcpp/cmake)
[1.745s] -- Found rmw_implementation_cmake: 6.1.1 (/opt/ros/humble/share/rmw_implementation_cmake/cmake)
[1.747s] -- Found rmw_fastrtps_cpp: 6.2.6 (/opt/ros/humble/share/rmw_fastrtps_cpp/cmake)
[1.884s] -- Found OpenSSL: /usr/lib/x86_64-linux-gnu/libcrypto.so (found version "3.0.2")  
[1.916s] -- Found FastRTPS: /opt/ros/humble/include  
[2.016s] -- Using RMW implementation 'rmw_fastrtps_cpp' as default
[2.032s] -- Looking for pthread.h
[2.161s] -- Looking for pthread.h - found
[2.161s] -- Performing Test CMAKE_HAVE_LIBC_PTHREAD
[2.305s] -- Performing Test CMAKE_HAVE_LIBC_PTHREAD - Success
[2.306s] -- Found Threads: TRUE  
[2.576s] -- Found rclcpp_action: 16.0.8 (/opt/ros/humble/share/rclcpp_action/cmake)
[2.647s] -- Found ament_lint_auto: 0.12.10 (/opt/ros/humble/share/ament_lint_auto/cmake)
[2.845s] -- Added test 'copyright' to check source files copyright and LICENSE
[2.846s] -- Added test 'cppcheck' to perform static code analysis on C / C++ code
[2.846s] -- Configured cppcheck include dirs: 
[2.846s] -- Configured cppcheck exclude dirs and/or files: 
[2.847s] -- Added test 'cpplint' to check C / C++ code against the Google style
[2.847s] -- Configured cpplint exclude dirs and/or files: 
[2.848s] -- Added test 'lint_cmake' to check CMake code style
[2.849s] -- Added test 'uncrustify' to check C / C++ code style
[2.850s] -- Configured uncrustify additional arguments: 
[2.857s] -- Added test 'xmllint' to check XML markup files
[2.857s] -- Configuring done
[2.878s] -- Generating done
[2.878s] -- Build files have been written to: /workspaces/codespace/ros2/project/tutorial/build/examples_rclcpp_minimal_action_server
[3.262s] Invoked command in '/workspaces/codespace/ros2/project/tutorial/build/examples_rclcpp_minimal_action_server' returned '0': CMAKE_PREFIX_PATH=/opt/ros/humble /usr/bin/cmake /workspaces/codespace/ros2/project/tutorial/src/examples/rclcpp/actions/minimal_action_server -DAMENT_CMAKE_SYMLINK_INSTALL=1 -DCMAKE_INSTALL_PREFIX=/workspaces/codespace/ros2/project/tutorial/install/examples_rclcpp_minimal_action_server
[3.263s] Invoking command in '/workspaces/codespace/ros2/project/tutorial/build/examples_rclcpp_minimal_action_server': CMAKE_PREFIX_PATH=/opt/ros/humble /usr/bin/cmake --build /workspaces/codespace/ros2/project/tutorial/build/examples_rclcpp_minimal_action_server -- -j16 -l16
[3.573s] [ 50%] [32mBuilding CXX object CMakeFiles/action_server_member_functions.dir/member_functions.cpp.o[0m
[3.573s] [ 50%] [32mBuilding CXX object CMakeFiles/action_server_not_composable.dir/not_composable.cpp.o[0m
