[0.048s] Invoking command in '/workspaces/codespace/ros2/project/local_mapping/build/gradient_mapping': AMENT_PREFIX_PATH=/workspaces/codespace/ros2/project/local_mapping/install/messages:${AMENT_PREFIX_PATH} CMAKE_PREFIX_PATH=/workspaces/codespace/ros2/project/local_mapping/install/messages:/workspaces/codespace/ros2/project/local_mapping/install/gradient_mapping:/workspaces/codespace/ros2/project/local_mapping/install/full_matching:/opt/ros/humble LD_LIBRARY_PATH=/workspaces/codespace/ros2/project/local_mapping/install/messages/lib:${LD_LIBRARY_PATH} PYTHONPATH=/workspaces/codespace/ros2/project/local_mapping/install/messages/local/lib/python3.10/dist-packages:${PYTHONPATH} /usr/bin/cmake --build /workspaces/codespace/ros2/project/local_mapping/build/gradient_mapping -- -j16 -l16
[0.071s] -- Found ament_cmake_auto: 1.3.8 (/opt/ros/humble/share/ament_cmake_auto/cmake)
[0.165s] -- Override CMake install command with custom implementation using symlinks instead of copying resources
[0.246s] -- Found rosidl_generator_c: 3.1.5 (/opt/ros/humble/share/rosidl_generator_c/cmake)
[0.248s] -- Found rosidl_adapter: 3.1.5 (/opt/ros/humble/share/rosidl_adapter/cmake)
[0.253s] -- Found rosidl_generator_cpp: 3.1.5 (/opt/ros/humble/share/rosidl_generator_cpp/cmake)
[0.262s] -- Using all available rosidl_typesupport_c: rosidl_typesupport_fastrtps_c;rosidl_typesupport_introspection_c
[0.274s] -- Using all available rosidl_typesupport_cpp: rosidl_typesupport_fastrtps_cpp;rosidl_typesupport_introspection_cpp
[0.318s] -- Found rmw_implementation_cmake: 6.1.1 (/opt/ros/humble/share/rmw_implementation_cmake/cmake)
[0.319s] -- Found rmw_fastrtps_cpp: 6.2.6 (/opt/ros/humble/share/rmw_fastrtps_cpp/cmake)
[0.446s] -- Using RMW implementation 'rmw_fastrtps_cpp' as default
[0.673s] -- Configuring done
[0.684s] -- Generating done
[0.685s] -- Build files have been written to: /workspaces/codespace/ros2/project/local_mapping/build/gradient_mapping
[0.720s] [ 50%] [32mBuilding CXX object CMakeFiles/gradient_mapping.dir/src/main.cpp.o[0m
[3.163s] [100%] [32m[1mLinking CXX executable gradient_mapping[0m
[3.261s] [100%] Built target gradient_mapping
[3.272s] Invoked command in '/workspaces/codespace/ros2/project/local_mapping/build/gradient_mapping' returned '0': AMENT_PREFIX_PATH=/workspaces/codespace/ros2/project/local_mapping/install/messages:${AMENT_PREFIX_PATH} CMAKE_PREFIX_PATH=/workspaces/codespace/ros2/project/local_mapping/install/messages:/workspaces/codespace/ros2/project/local_mapping/install/gradient_mapping:/workspaces/codespace/ros2/project/local_mapping/install/full_matching:/opt/ros/humble LD_LIBRARY_PATH=/workspaces/codespace/ros2/project/local_mapping/install/messages/lib:${LD_LIBRARY_PATH} PYTHONPATH=/workspaces/codespace/ros2/project/local_mapping/install/messages/local/lib/python3.10/dist-packages:${PYTHONPATH} /usr/bin/cmake --build /workspaces/codespace/ros2/project/local_mapping/build/gradient_mapping -- -j16 -l16
[3.299s] Invoking command in '/workspaces/codespace/ros2/project/local_mapping/build/gradient_mapping': AMENT_PREFIX_PATH=/workspaces/codespace/ros2/project/local_mapping/install/messages:${AMENT_PREFIX_PATH} CMAKE_PREFIX_PATH=/workspaces/codespace/ros2/project/local_mapping/install/messages:/workspaces/codespace/ros2/project/local_mapping/install/gradient_mapping:/workspaces/codespace/ros2/project/local_mapping/install/full_matching:/opt/ros/humble LD_LIBRARY_PATH=/workspaces/codespace/ros2/project/local_mapping/install/messages/lib:${LD_LIBRARY_PATH} PYTHONPATH=/workspaces/codespace/ros2/project/local_mapping/install/messages/local/lib/python3.10/dist-packages:${PYTHONPATH} /usr/bin/cmake --install /workspaces/codespace/ros2/project/local_mapping/build/gradient_mapping
[3.306s] -- Install configuration: ""
[3.307s] -- Execute custom install script
[3.307s] -- Symlinking: /workspaces/codespace/ros2/project/local_mapping/install/gradient_mapping/lib/gradient_mapping/gradient_mapping
[3.316s] -- Up-to-date symlink: /workspaces/codespace/ros2/project/local_mapping/install/gradient_mapping/share/ament_index/resource_index/package_run_dependencies/gradient_mapping
[3.316s] -- Up-to-date symlink: /workspaces/codespace/ros2/project/local_mapping/install/gradient_mapping/share/ament_index/resource_index/parent_prefix_path/gradient_mapping
[3.316s] -- Up-to-date symlink: /workspaces/codespace/ros2/project/local_mapping/install/gradient_mapping/share/gradient_mapping/environment/ament_prefix_path.sh
[3.316s] -- Up-to-date symlink: /workspaces/codespace/ros2/project/local_mapping/install/gradient_mapping/share/gradient_mapping/environment/ament_prefix_path.dsv
[3.317s] -- Up-to-date symlink: /workspaces/codespace/ros2/project/local_mapping/install/gradient_mapping/share/gradient_mapping/environment/path.sh
[3.317s] -- Up-to-date symlink: /workspaces/codespace/ros2/project/local_mapping/install/gradient_mapping/share/gradient_mapping/environment/path.dsv
[3.317s] -- Up-to-date symlink: /workspaces/codespace/ros2/project/local_mapping/install/gradient_mapping/share/gradient_mapping/local_setup.bash
[3.317s] -- Up-to-date symlink: /workspaces/codespace/ros2/project/local_mapping/install/gradient_mapping/share/gradient_mapping/local_setup.sh
[3.317s] -- Up-to-date symlink: /workspaces/codespace/ros2/project/local_mapping/install/gradient_mapping/share/gradient_mapping/local_setup.zsh
[3.317s] -- Up-to-date symlink: /workspaces/codespace/ros2/project/local_mapping/install/gradient_mapping/share/gradient_mapping/local_setup.dsv
[3.317s] -- Symlinking: /workspaces/codespace/ros2/project/local_mapping/install/gradient_mapping/share/gradient_mapping/package.dsv
[3.326s] -- Up-to-date symlink: /workspaces/codespace/ros2/project/local_mapping/install/gradient_mapping/share/ament_index/resource_index/packages/gradient_mapping
[3.326s] -- Up-to-date symlink: /workspaces/codespace/ros2/project/local_mapping/install/gradient_mapping/share/gradient_mapping/cmake/ament_cmake_export_dependencies-extras.cmake
[3.326s] -- Up-to-date symlink: /workspaces/codespace/ros2/project/local_mapping/install/gradient_mapping/share/gradient_mapping/cmake/ament_cmake_export_include_directories-extras.cmake
[3.327s] -- Up-to-date symlink: /workspaces/codespace/ros2/project/local_mapping/install/gradient_mapping/share/gradient_mapping/cmake/gradient_mappingConfig.cmake
[3.327s] -- Up-to-date symlink: /workspaces/codespace/ros2/project/local_mapping/install/gradient_mapping/share/gradient_mapping/cmake/gradient_mappingConfig-version.cmake
[3.327s] -- Up-to-date symlink: /workspaces/codespace/ros2/project/local_mapping/install/gradient_mapping/share/gradient_mapping/package.xml
[3.329s] Invoked command in '/workspaces/codespace/ros2/project/local_mapping/build/gradient_mapping' returned '0': AMENT_PREFIX_PATH=/workspaces/codespace/ros2/project/local_mapping/install/messages:${AMENT_PREFIX_PATH} CMAKE_PREFIX_PATH=/workspaces/codespace/ros2/project/local_mapping/install/messages:/workspaces/codespace/ros2/project/local_mapping/install/gradient_mapping:/workspaces/codespace/ros2/project/local_mapping/install/full_matching:/opt/ros/humble LD_LIBRARY_PATH=/workspaces/codespace/ros2/project/local_mapping/install/messages/lib:${LD_LIBRARY_PATH} PYTHONPATH=/workspaces/codespace/ros2/project/local_mapping/install/messages/local/lib/python3.10/dist-packages:${PYTHONPATH} /usr/bin/cmake --install /workspaces/codespace/ros2/project/local_mapping/build/gradient_mapping
