[0.038s] Invoking command in '/workspaces/codespace/ros2/project/local_mapping/build/gradient_mapping': CMAKE_PREFIX_PATH=/opt/ros/humble /usr/bin/cmake --build /workspaces/codespace/ros2/project/local_mapping/build/gradient_mapping -- -j16 -l16
[0.059s] -- Found ament_cmake: 1.3.8 (/opt/ros/humble/share/ament_cmake/cmake)
[0.152s] -- Override CMake install command with custom implementation using symlinks instead of copying resources
[0.158s] -- Found rosidl_default_generators: 1.2.0 (/opt/ros/humble/share/rosidl_default_generators/cmake)
[0.159s] -- Using all available rosidl_typesupport_c: rosidl_typesupport_fastrtps_c;rosidl_typesupport_introspection_c
[0.162s] -- Found rosidl_adapter: 3.1.5 (/opt/ros/humble/share/rosidl_adapter/cmake)
[0.190s] -- Using all available rosidl_typesupport_cpp: rosidl_typesupport_fastrtps_cpp;rosidl_typesupport_introspection_cpp
[0.211s] -- Found rclcpp: 16.0.8 (/opt/ros/humble/share/rclcpp/cmake)
[0.270s] -- Found rmw_implementation_cmake: 6.1.1 (/opt/ros/humble/share/rmw_implementation_cmake/cmake)
[0.271s] -- Found rmw_fastrtps_cpp: 6.2.6 (/opt/ros/humble/share/rmw_fastrtps_cpp/cmake)
[0.395s] -- Using RMW implementation 'rmw_fastrtps_cpp' as default
[0.625s] [31mCMake Error at /opt/ros/humble/share/rosidl_cmake/cmake/rosidl_generate_interfaces.cmake:162 (message):
[0.625s]   rosidl_generate_interfaces() the passed dependency 'geometry_msgs' has not
[0.626s]   been found before using find_package()
[0.626s] Call Stack (most recent call first):
[0.626s]   CMakeLists.txt:23 (rosidl_generate_interfaces)
[0.626s] 
[0.626s] [0m
[0.626s] -- Configuring incomplete, errors occurred!
[0.626s] See also "/workspaces/codespace/ros2/project/local_mapping/build/gradient_mapping/CMakeFiles/CMakeOutput.log".
[0.632s] gmake: *** [Makefile:1004: cmake_check_build_system] Error 1
[0.634s] Invoked command in '/workspaces/codespace/ros2/project/local_mapping/build/gradient_mapping' returned '2': CMAKE_PREFIX_PATH=/opt/ros/humble /usr/bin/cmake --build /workspaces/codespace/ros2/project/local_mapping/build/gradient_mapping -- -j16 -l16
