running develop
running egg_info
creating examples_rclpy_guard_conditions.egg-info
writing examples_rclpy_guard_conditions.egg-info/PKG-INFO
writing dependency_links to examples_rclpy_guard_conditions.egg-info/dependency_links.txt
writing entry points to examples_rclpy_guard_conditions.egg-info/entry_points.txt
writing requirements to examples_rclpy_guard_conditions.egg-info/requires.txt
writing top-level names to examples_rclpy_guard_conditions.egg-info/top_level.txt
writing manifest file 'examples_rclpy_guard_conditions.egg-info/SOURCES.txt'
reading manifest file 'examples_rclpy_guard_conditions.egg-info/SOURCES.txt'
writing manifest file 'examples_rclpy_guard_conditions.egg-info/SOURCES.txt'
running build_ext
Creating /workspaces/codespace/ros2/project/tutorial/install/examples_rclpy_guard_conditions/lib/python3.10/site-packages/examples-rclpy-guard-conditions.egg-link (link to .)
Installing trigger_guard_condition script to /workspaces/codespace/ros2/project/tutorial/install/examples_rclpy_guard_conditions/lib/examples_rclpy_guard_conditions

Installed /workspaces/codespace/ros2/project/tutorial/build/examples_rclpy_guard_conditions
running install_data
creating /workspaces/codespace/ros2/project/tutorial/install/examples_rclpy_guard_conditions/share/ament_index
creating /workspaces/codespace/ros2/project/tutorial/install/examples_rclpy_guard_conditions/share/ament_index/resource_index
creating /workspaces/codespace/ros2/project/tutorial/install/examples_rclpy_guard_conditions/share/ament_index/resource_index/packages
copying resource/examples_rclpy_guard_conditions -> /workspaces/codespace/ros2/project/tutorial/install/examples_rclpy_guard_conditions/share/ament_index/resource_index/packages
copying package.xml -> /workspaces/codespace/ros2/project/tutorial/install/examples_rclpy_guard_conditions/share/examples_rclpy_guard_conditions
