[1.896s] Invoking command in '/workspaces/codespace/ros2/project/tutorial/build/examples_rclpy_guard_conditions': PYTHONPATH=/workspaces/codespace/ros2/project/tutorial/build/examples_rclpy_guard_conditions/prefix_override:/workspaces/codespace/ros2/project/tutorial/install/examples_rclpy_guard_conditions/lib/python3.10/site-packages:${PYTHONPATH} /usr/bin/python3 setup.py develop --editable --build-directory /workspaces/codespace/ros2/project/tutorial/build/examples_rclpy_guard_conditions/build --no-deps install_data
[2.222s] running develop
[2.222s] /usr/lib/python3/dist-packages/setuptools/command/easy_install.py:158: EasyInstallDeprecationWarning: easy_install command is deprecated. Use build and pip and other standards-based tools.
[2.222s]   warnings.warn(
[2.224s] /usr/lib/python3/dist-packages/setuptools/command/install.py:34: SetuptoolsDeprecationWarning: setup.py install is deprecated. Use build and pip and other standards-based tools.
[2.224s]   warnings.warn(
[2.475s] running egg_info
[2.475s] creating examples_rclpy_guard_conditions.egg-info
[2.476s] writing examples_rclpy_guard_conditions.egg-info/PKG-INFO
[2.476s] writing dependency_links to examples_rclpy_guard_conditions.egg-info/dependency_links.txt
[2.476s] writing entry points to examples_rclpy_guard_conditions.egg-info/entry_points.txt
[2.476s] writing requirements to examples_rclpy_guard_conditions.egg-info/requires.txt
[2.479s] writing top-level names to examples_rclpy_guard_conditions.egg-info/top_level.txt
[2.479s] writing manifest file 'examples_rclpy_guard_conditions.egg-info/SOURCES.txt'
[2.481s] reading manifest file 'examples_rclpy_guard_conditions.egg-info/SOURCES.txt'
[2.482s] writing manifest file 'examples_rclpy_guard_conditions.egg-info/SOURCES.txt'
[2.484s] running build_ext
[2.484s] Creating /workspaces/codespace/ros2/project/tutorial/install/examples_rclpy_guard_conditions/lib/python3.10/site-packages/examples-rclpy-guard-conditions.egg-link (link to .)
[2.485s] Installing trigger_guard_condition script to /workspaces/codespace/ros2/project/tutorial/install/examples_rclpy_guard_conditions/lib/examples_rclpy_guard_conditions
[2.492s] 
[2.492s] Installed /workspaces/codespace/ros2/project/tutorial/build/examples_rclpy_guard_conditions
[2.492s] running install_data
[2.492s] creating /workspaces/codespace/ros2/project/tutorial/install/examples_rclpy_guard_conditions/share/ament_index
[2.492s] creating /workspaces/codespace/ros2/project/tutorial/install/examples_rclpy_guard_conditions/share/ament_index/resource_index
[2.492s] creating /workspaces/codespace/ros2/project/tutorial/install/examples_rclpy_guard_conditions/share/ament_index/resource_index/packages
[2.492s] copying resource/examples_rclpy_guard_conditions -> /workspaces/codespace/ros2/project/tutorial/install/examples_rclpy_guard_conditions/share/ament_index/resource_index/packages
[2.500s] copying package.xml -> /workspaces/codespace/ros2/project/tutorial/install/examples_rclpy_guard_conditions/share/examples_rclpy_guard_conditions
[3.271s] Invoked command in '/workspaces/codespace/ros2/project/tutorial/build/examples_rclpy_guard_conditions' returned '0': PYTHONPATH=/workspaces/codespace/ros2/project/tutorial/build/examples_rclpy_guard_conditions/prefix_override:/workspaces/codespace/ros2/project/tutorial/install/examples_rclpy_guard_conditions/lib/python3.10/site-packages:${PYTHONPATH} /usr/bin/python3 setup.py develop --editable --build-directory /workspaces/codespace/ros2/project/tutorial/build/examples_rclpy_guard_conditions/build --no-deps install_data
