[0.062s] Invoking command in '/workspaces/codespace/ros2/project/local_mapping/build/gradient_mapping': CMAKE_PREFIX_PATH=${CMAKE_PREFIX_PATH}:/opt/ros/humble /usr/bin/cmake --build /workspaces/codespace/ros2/project/local_mapping/build/gradient_mapping -- -j16 -l16
[0.099s] -- Found ament_cmake_auto: 1.3.8 (/opt/ros/humble/share/ament_cmake_auto/cmake)
[0.197s] -- Override CMake install command with custom implementation using symlinks instead of copying resources
[0.284s] -- Found rosidl_generator_c: 3.1.5 (/opt/ros/humble/share/rosidl_generator_c/cmake)
[0.287s] -- Found rosidl_adapter: 3.1.5 (/opt/ros/humble/share/rosidl_adapter/cmake)
[0.292s] -- Found rosidl_generator_cpp: 3.1.5 (/opt/ros/humble/share/rosidl_generator_cpp/cmake)
[0.301s] -- Using all available rosidl_typesupport_c: rosidl_typesupport_fastrtps_c;rosidl_typesupport_introspection_c
[0.315s] -- Using all available rosidl_typesupport_cpp: rosidl_typesupport_fastrtps_cpp;rosidl_typesupport_introspection_cpp
[0.366s] -- Found rmw_implementation_cmake: 6.1.1 (/opt/ros/humble/share/rmw_implementation_cmake/cmake)
[0.367s] -- Found rmw_fastrtps_cpp: 6.2.6 (/opt/ros/humble/share/rmw_fastrtps_cpp/cmake)
[0.513s] -- Using RMW implementation 'rmw_fastrtps_cpp' as default
[1.073s] -- Eigen found (include: /usr/include/eigen3, version: 3.4.0)
[1.105s] -- FLANN found (include: /usr/include, lib: /usr/lib/x86_64-linux-gnu/libflann_cpp.so)
[1.362s] -- OpenNI found (version: 1.5.4.0, include: /usr/include/ni, lib: /usr/lib/libOpenNI.so;libusb::libusb)
[1.368s] -- OpenNI2 found (version: 2.2.0.33, include: /usr/include/openni2, lib: /usr/lib/x86_64-linux-gnu/libOpenNI2.so;libusb::libusb)
[1.368s] [0m** WARNING ** io features related to pcap will be disabled[0m
[1.496s] -- Eigen found (include: /usr/include/eigen3, version: 3.4.0)
[1.501s] -- OpenNI found (version: 1.5.4.0, include: /usr/include/ni, lib: /usr/lib/libOpenNI.so;libusb::libusb)
[1.508s] -- OpenNI2 found (version: 2.2.0.33, include: /usr/include/openni2, lib: /usr/lib/x86_64-linux-gnu/libOpenNI2.so;libusb::libusb)
[1.625s] -- Found Qhull version 8.0.2
[1.749s] -- OpenNI found (version: 1.5.4.0, include: /usr/include/ni, lib: /usr/lib/libOpenNI.so;libusb::libusb)
[1.866s] -- looking for PCL_COMMON
[1.866s] -- looking for PCL_KDTREE
[1.866s] -- looking for PCL_OCTREE
[1.867s] -- looking for PCL_SEARCH
[1.867s] -- looking for PCL_SAMPLE_CONSENSUS
[1.867s] -- looking for PCL_FILTERS
[1.867s] -- looking for PCL_2D
[1.868s] -- looking for PCL_GEOMETRY
[1.868s] -- looking for PCL_IO
[1.868s] -- looking for PCL_FEATURES
[1.868s] -- looking for PCL_ML
[1.869s] -- looking for PCL_SEGMENTATION
[1.869s] -- looking for PCL_VISUALIZATION
[1.869s] -- looking for PCL_SURFACE
[1.870s] -- looking for PCL_REGISTRATION
[1.870s] -- looking for PCL_KEYPOINTS
[1.870s] -- looking for PCL_TRACKING
[1.870s] -- looking for PCL_RECOGNITION
[1.871s] -- looking for PCL_STEREO
[1.871s] -- looking for PCL_APPS
[1.871s] -- looking for PCL_IN_HAND_SCANNER
[1.872s] -- looking for PCL_MODELER
[1.872s] -- looking for PCL_POINT_CLOUD_EDITOR
[1.872s] -- looking for PCL_OUTOFCORE
[1.872s] -- looking for PCL_PEOPLE
[1.874s] [31mCMake Error at CMakeLists.txt:29 (target_link_directories):
[1.874s]   target_link_directories called with invalid arguments
[1.874s] 
[1.874s] [0m
[1.880s] -- Configuring incomplete, errors occurred!
[1.880s] See also "/workspaces/codespace/ros2/project/local_mapping/build/gradient_mapping/CMakeFiles/CMakeOutput.log".
[1.891s] gmake: *** [Makefile:269: cmake_check_build_system] Error 1
[1.893s] Invoked command in '/workspaces/codespace/ros2/project/local_mapping/build/gradient_mapping' returned '2': CMAKE_PREFIX_PATH=${CMAKE_PREFIX_PATH}:/opt/ros/humble /usr/bin/cmake --build /workspaces/codespace/ros2/project/local_mapping/build/gradient_mapping -- -j16 -l16
