[1.348s] Invoking command in '/workspaces/codespace/ros2/project/tutorial/build/examples_rclpy_guard_conditions': PYTHONPATH=/workspaces/codespace/ros2/project/tutorial/build/examples_rclpy_guard_conditions/prefix_override:/workspaces/codespace/ros2/project/tutorial/install/examples_rclpy_guard_conditions/lib/python3.10/site-packages: /usr/bin/python3 setup.py develop --editable --build-directory /workspaces/codespace/ros2/project/tutorial/build/examples_rclpy_guard_conditions/build --no-deps install_data
[1.832s] running develop
[1.833s] /usr/lib/python3/dist-packages/setuptools/command/easy_install.py:158: EasyInstallDeprecationWarning: easy_install command is deprecated. Use build and pip and other standards-based tools.
[1.833s]   warnings.warn(
[1.834s] /usr/lib/python3/dist-packages/setuptools/command/install.py:34: SetuptoolsDeprecationWarning: setup.py install is deprecated. Use build and pip and other standards-based tools.
[1.834s]   warnings.warn(
[2.022s] running egg_info
[2.024s] writing examples_rclpy_guard_conditions.egg-info/PKG-INFO
[2.024s] writing dependency_links to examples_rclpy_guard_conditions.egg-info/dependency_links.txt
[2.024s] writing entry points to examples_rclpy_guard_conditions.egg-info/entry_points.txt
[2.024s] writing requirements to examples_rclpy_guard_conditions.egg-info/requires.txt
[2.039s] writing top-level names to examples_rclpy_guard_conditions.egg-info/top_level.txt
[2.042s] reading manifest file 'examples_rclpy_guard_conditions.egg-info/SOURCES.txt'
[2.043s] writing manifest file 'examples_rclpy_guard_conditions.egg-info/SOURCES.txt'
[2.045s] running build_ext
[2.045s] Creating /workspaces/codespace/ros2/project/tutorial/install/examples_rclpy_guard_conditions/lib/python3.10/site-packages/examples-rclpy-guard-conditions.egg-link (link to .)
[2.047s] Installing trigger_guard_condition script to /workspaces/codespace/ros2/project/tutorial/install/examples_rclpy_guard_conditions/lib/examples_rclpy_guard_conditions
[2.047s] 
[2.047s] Installed /workspaces/codespace/ros2/project/tutorial/build/examples_rclpy_guard_conditions
[2.048s] running install_data
[2.237s] Invoked command in '/workspaces/codespace/ros2/project/tutorial/build/examples_rclpy_guard_conditions' returned '0': PYTHONPATH=/workspaces/codespace/ros2/project/tutorial/build/examples_rclpy_guard_conditions/prefix_override:/workspaces/codespace/ros2/project/tutorial/install/examples_rclpy_guard_conditions/lib/python3.10/site-packages: /usr/bin/python3 setup.py develop --editable --build-directory /workspaces/codespace/ros2/project/tutorial/build/examples_rclpy_guard_conditions/build --no-deps install_data
