[0.059s] Invoking command in '/workspaces/codespace/ros2/project/local_mapping/build/gradient_mapping': CMAKE_PREFIX_PATH=${CMAKE_PREFIX_PATH}:/opt/ros/humble /usr/bin/cmake --build /workspaces/codespace/ros2/project/local_mapping/build/gradient_mapping -- -j16 -l16
[0.094s] -- Found ament_cmake_auto: 1.3.8 (/opt/ros/humble/share/ament_cmake_auto/cmake)
[0.192s] -- Override CMake install command with custom implementation using symlinks instead of copying resources
[0.286s] -- Found rosidl_generator_c: 3.1.5 (/opt/ros/humble/share/rosidl_generator_c/cmake)
[0.288s] -- Found rosidl_adapter: 3.1.5 (/opt/ros/humble/share/rosidl_adapter/cmake)
[0.292s] -- Found rosidl_generator_cpp: 3.1.5 (/opt/ros/humble/share/rosidl_generator_cpp/cmake)
[0.301s] -- Using all available rosidl_typesupport_c: rosidl_typesupport_fastrtps_c;rosidl_typesupport_introspection_c
[0.314s] -- Using all available rosidl_typesupport_cpp: rosidl_typesupport_fastrtps_cpp;rosidl_typesupport_introspection_cpp
[0.362s] -- Found rmw_implementation_cmake: 6.1.1 (/opt/ros/humble/share/rmw_implementation_cmake/cmake)
[0.363s] -- Found rmw_fastrtps_cpp: 6.2.6 (/opt/ros/humble/share/rmw_fastrtps_cpp/cmake)
[0.493s] -- Using RMW implementation 'rmw_fastrtps_cpp' as default
[1.041s] -- Eigen found (include: /usr/include/eigen3, version: 3.4.0)
[1.072s] -- FLANN found (include: /usr/include, lib: /usr/lib/x86_64-linux-gnu/libflann_cpp.so)
[1.319s] -- OpenNI found (version: 1.5.4.0, include: /usr/include/ni, lib: /usr/lib/libOpenNI.so;libusb::libusb)
[1.325s] -- OpenNI2 found (version: 2.2.0.33, include: /usr/include/openni2, lib: /usr/lib/x86_64-linux-gnu/libOpenNI2.so;libusb::libusb)
[1.325s] [0m** WARNING ** io features related to pcap will be disabled[0m
[1.450s] -- Eigen found (include: /usr/include/eigen3, version: 3.4.0)
[1.457s] -- OpenNI found (version: 1.5.4.0, include: /usr/include/ni, lib: /usr/lib/libOpenNI.so;libusb::libusb)
[1.463s] -- OpenNI2 found (version: 2.2.0.33, include: /usr/include/openni2, lib: /usr/lib/x86_64-linux-gnu/libOpenNI2.so;libusb::libusb)
[1.579s] -- Found Qhull version 8.0.2
[1.706s] -- OpenNI found (version: 1.5.4.0, include: /usr/include/ni, lib: /usr/lib/libOpenNI.so;libusb::libusb)
[1.821s] -- looking for PCL_COMMON
[1.821s] -- looking for PCL_KDTREE
[1.821s] -- looking for PCL_OCTREE
[1.822s] -- looking for PCL_SEARCH
[1.822s] -- looking for PCL_SAMPLE_CONSENSUS
[1.822s] -- looking for PCL_FILTERS
[1.822s] -- looking for PCL_2D
[1.823s] -- looking for PCL_GEOMETRY
[1.823s] -- looking for PCL_IO
[1.823s] -- looking for PCL_FEATURES
[1.823s] -- looking for PCL_ML
[1.824s] -- looking for PCL_SEGMENTATION
[1.824s] -- looking for PCL_VISUALIZATION
[1.824s] -- looking for PCL_SURFACE
[1.824s] -- looking for PCL_REGISTRATION
[1.825s] -- looking for PCL_KEYPOINTS
[1.825s] -- looking for PCL_TRACKING
[1.825s] -- looking for PCL_RECOGNITION
[1.826s] -- looking for PCL_STEREO
[1.826s] -- looking for PCL_APPS
[1.826s] -- looking for PCL_IN_HAND_SCANNER
[1.827s] -- looking for PCL_MODELER
[1.827s] -- looking for PCL_POINT_CLOUD_EDITOR
[1.827s] -- looking for PCL_OUTOFCORE
[1.827s] -- looking for PCL_PEOPLE
[1.829s] [31mCMake Error at CMakeLists.txt:29 (target_link_directories):
[1.829s]   target_link_directories called with invalid arguments
[1.829s] 
[1.829s] [0m
[1.835s] -- Configuring incomplete, errors occurred!
[1.835s] See also "/workspaces/codespace/ros2/project/local_mapping/build/gradient_mapping/CMakeFiles/CMakeOutput.log".
[1.846s] gmake: *** [Makefile:269: cmake_check_build_system] Error 1
[1.849s] Invoked command in '/workspaces/codespace/ros2/project/local_mapping/build/gradient_mapping' returned '2': CMAKE_PREFIX_PATH=${CMAKE_PREFIX_PATH}:/opt/ros/humble /usr/bin/cmake --build /workspaces/codespace/ros2/project/local_mapping/build/gradient_mapping -- -j16 -l16
