[0.061s] Invoking command in '/root/mapping/build/fast_lio': CMAKE_PREFIX_PATH=${CMAKE_PREFIX_PATH}:/opt/ros/humble /usr/bin/cmake /root/mapping/src/FAST_LIO_ROS2 -DAMENT_CMAKE_SYMLINK_INSTALL=1 -DCMAKE_INSTALL_PREFIX=/root/mapping/install/fast_lio
[0.110s] -- The C compiler identification is GNU 11.4.0
[0.157s] -- The CXX compiler identification is GNU 11.4.0
[0.164s] -- Detecting C compiler ABI info
[0.228s] -- Detecting C compiler ABI info - done
[0.234s] -- Check for working C compiler: /usr/bin/cc - skipped
[0.234s] -- Detecting C compile features
[0.234s] -- Detecting C compile features - done
[0.237s] -- Detecting CXX compiler ABI info
[0.309s] -- Detecting CXX compiler ABI info - done
[0.315s] -- Check for working CXX compiler: /usr/bin/c++ - skipped
[0.315s] -- Detecting CXX compile features
[0.315s] -- Detecting CXX compile features - done
[0.316s] [0mCurrent CPU archtecture: x86_64[0m
[0.321s] [0mProcesser number:  16[0m
[0.321s] [0mcore for MP: 3[0m
[0.637s] -- Found PythonLibs: /usr/lib/x86_64-linux-gnu/libpython3.10.so (found version "3.10.12") 
[0.640s] -- Found ament_cmake: 1.3.7 (/opt/ros/humble/share/ament_cmake/cmake)
[0.779s] -- Found Python3: /usr/bin/python3.10 (found version "3.10.12") found components: Interpreter 
[0.828s] -- Override CMake install command with custom implementation using symlinks instead of copying resources
[0.865s] -- Found rclcpp: 16.0.8 (/opt/ros/humble/share/rclcpp/cmake)
[0.905s] -- Found rosidl_generator_c: 3.1.5 (/opt/ros/humble/share/rosidl_generator_c/cmake)
[0.912s] -- Found rosidl_adapter: 3.1.5 (/opt/ros/humble/share/rosidl_adapter/cmake)
[0.921s] -- Found rosidl_generator_cpp: 3.1.5 (/opt/ros/humble/share/rosidl_generator_cpp/cmake)
[0.935s] -- Using all available rosidl_typesupport_c: rosidl_typesupport_fastrtps_c;rosidl_typesupport_introspection_c
[0.954s] -- Using all available rosidl_typesupport_cpp: rosidl_typesupport_fastrtps_cpp;rosidl_typesupport_introspection_cpp
[1.020s] -- Found rmw_implementation_cmake: 6.1.1 (/opt/ros/humble/share/rmw_implementation_cmake/cmake)
[1.023s] -- Found rmw_fastrtps_cpp: 6.2.6 (/opt/ros/humble/share/rmw_fastrtps_cpp/cmake)
[1.129s] -- Found OpenSSL: /usr/lib/x86_64-linux-gnu/libcrypto.so (found version "3.0.2")  
[1.162s] -- Found FastRTPS: /opt/ros/humble/include  
[1.221s] -- Using RMW implementation 'rmw_fastrtps_cpp' as default
[1.232s] -- Looking for pthread.h
[1.300s] -- Looking for pthread.h - found
[1.301s] -- Performing Test CMAKE_HAVE_LIBC_PTHREAD
[1.374s] -- Performing Test CMAKE_HAVE_LIBC_PTHREAD - Success
[1.375s] -- Found Threads: TRUE  
[1.511s] -- Found rclcpp_components: 16.0.8 (/opt/ros/humble/share/rclcpp_components/cmake)
[1.575s] -- Found geometry_msgs: 4.2.3 (/opt/ros/humble/share/geometry_msgs/cmake)
[1.611s] -- Found nav_msgs: 4.2.3 (/opt/ros/humble/share/nav_msgs/cmake)
[1.680s] -- Found sensor_msgs: 4.2.3 (/opt/ros/humble/share/sensor_msgs/cmake)
[1.750s] -- Found std_srvs: 4.2.3 (/opt/ros/humble/share/std_srvs/cmake)
[1.765s] -- Found visualization_msgs: 4.2.3 (/opt/ros/humble/share/visualization_msgs/cmake)
[1.861s] -- Found pcl_ros: 2.4.0 (/opt/ros/humble/share/pcl_ros/cmake)
[2.093s] -- Found eigen3_cmake_module: 0.1.1 (/opt/ros/humble/share/eigen3_cmake_module/cmake)
[2.094s] -- Found Eigen3: TRUE (found version "3.4.0") 
[2.094s] -- Ensuring Eigen3 include directory is part of orocos-kdl CMake target
[2.352s] -- Checking for module 'eigen3'
[2.365s] --   Found eigen3, version 3.4.0
[2.400s] -- Found Eigen: /usr/include/eigen3 (Required is at least version "3.1") 
[2.401s] -- Eigen found (include: /usr/include/eigen3, version: 3.4.0)
[2.453s] -- Checking for module 'flann'
[2.467s] --   Found flann, version 1.9.1
[2.507s] -- Found FLANN: /usr/lib/x86_64-linux-gnu/libflann_cpp.so  
[2.507s] -- FLANN found (include: /usr/include, lib: /usr/lib/x86_64-linux-gnu/libflann_cpp.so)
[3.370s] -- Checking for module 'libusb-1.0'
[3.385s] --   Found libusb-1.0, version 1.0.25
[3.424s] -- Found libusb: /usr/lib/x86_64-linux-gnu/libusb-1.0.so  
[3.425s] -- OpenNI found (version: 1.5.4.0, include: /usr/include/ni, lib: /usr/lib/libOpenNI.so;libusb::libusb)
[3.484s] -- OpenNI2 found (version: 2.2.0.33, include: /usr/include/openni2, lib: /usr/lib/x86_64-linux-gnu/libOpenNI2.so;libusb::libusb)
[3.608s] -- Eigen found (include: /usr/include/eigen3, version: 3.4.0)
[3.614s] -- OpenNI found (version: 1.5.4.0, include: /usr/include/ni, lib: /usr/lib/libOpenNI.so;libusb::libusb)
[3.620s] -- OpenNI2 found (version: 2.2.0.33, include: /usr/include/openni2, lib: /usr/lib/x86_64-linux-gnu/libOpenNI2.so;libusb::libusb)
[3.739s] -- Found Qhull version 8.0.2
[3.862s] -- OpenNI found (version: 1.5.4.0, include: /usr/include/ni, lib: /usr/lib/libOpenNI.so;libusb::libusb)
[3.992s] -- Found PCL_COMMON: /usr/lib/x86_64-linux-gnu/libpcl_common.so  
[3.992s] -- Found PCL_KDTREE: /usr/lib/x86_64-linux-gnu/libpcl_kdtree.so  
[3.993s] -- Found PCL_OCTREE: /usr/lib/x86_64-linux-gnu/libpcl_octree.so  
[3.994s] -- Found PCL_SEARCH: /usr/lib/x86_64-linux-gnu/libpcl_search.so  
[3.994s] -- Found PCL_SAMPLE_CONSENSUS: /usr/lib/x86_64-linux-gnu/libpcl_sample_consensus.so  
[3.995s] -- Found PCL_FILTERS: /usr/lib/x86_64-linux-gnu/libpcl_filters.so  
[3.995s] -- Found PCL_2D: /usr/include/pcl-1.12  
[3.996s] -- Found PCL_GEOMETRY: /usr/include/pcl-1.12  
[3.996s] -- Found PCL_IO: /usr/lib/x86_64-linux-gnu/libpcl_io.so  
[3.997s] -- Found PCL_FEATURES: /usr/lib/x86_64-linux-gnu/libpcl_features.so  
[3.998s] -- Found PCL_ML: /usr/lib/x86_64-linux-gnu/libpcl_ml.so  
[3.998s] -- Found PCL_SEGMENTATION: /usr/lib/x86_64-linux-gnu/libpcl_segmentation.so  
[3.999s] -- Found PCL_VISUALIZATION: /usr/lib/x86_64-linux-gnu/libpcl_visualization.so  
[4.000s] -- Found PCL_SURFACE: /usr/lib/x86_64-linux-gnu/libpcl_surface.so  
[4.000s] -- Found PCL_REGISTRATION: /usr/lib/x86_64-linux-gnu/libpcl_registration.so  
[4.001s] -- Found PCL_KEYPOINTS: /usr/lib/x86_64-linux-gnu/libpcl_keypoints.so  
[4.002s] -- Found PCL_TRACKING: /usr/lib/x86_64-linux-gnu/libpcl_tracking.so  
[4.002s] -- Found PCL_RECOGNITION: /usr/lib/x86_64-linux-gnu/libpcl_recognition.so  
[4.003s] -- Found PCL_STEREO: /usr/lib/x86_64-linux-gnu/libpcl_stereo.so  
[4.004s] -- Found PCL_APPS: /usr/lib/x86_64-linux-gnu/libpcl_apps.so  
[4.005s] -- Found PCL_IN_HAND_SCANNER: /usr/include/pcl-1.12  
[4.005s] -- Found PCL_MODELER: /usr/include/pcl-1.12  
[4.006s] -- Found PCL_POINT_CLOUD_EDITOR: /usr/include/pcl-1.12  
[4.007s] -- Found PCL_OUTOFCORE: /usr/lib/x86_64-linux-gnu/libpcl_outofcore.so  
[4.007s] -- Found PCL_PEOPLE: /usr/lib/x86_64-linux-gnu/libpcl_people.so  
[4.019s] -- Found livox_ros_driver2: 1.0.0 (/root/driver/install/livox_ros_driver2/share/livox_ros_driver2/cmake)
[4.163s] -- Found rosidl_default_generators: 1.2.0 (/opt/ros/humble/share/rosidl_default_generators/cmake)
[4.172s] [33mCMake Warning (dev) at CMakeLists.txt:81 (find_package):
[4.172s]   Policy CMP0074 is not set: find_package uses <PackageName>_ROOT variables.
[4.172s]   Run "cmake --help-policy CMP0074" for policy details.  Use the cmake_policy
[4.172s]   command to set the policy and suppress this warning.
[4.173s] 
[4.173s]   CMake variable PCL_ROOT is set to:
[4.173s] 
[4.173s]     /usr
[4.173s] 
[4.173s]   For compatibility, CMake is ignoring the variable.
[4.173s] This warning is for project developers.  Use -Wno-dev to suppress it.
[4.173s] [0m
[4.179s] -- PCL: /usr/include/pcl-1.12
[4.179s] [0mEigen:/usr/include/eigen3[0m
[4.370s] -- Found ament_cmake_ros: 0.10.0 (/opt/ros/humble/share/ament_cmake_ros/cmake)
[4.625s] -- Using all available rosidl_typesupport_c: rosidl_typesupport_fastrtps_c;rosidl_typesupport_introspection_c
[4.723s] -- Using all available rosidl_typesupport_cpp: rosidl_typesupport_fastrtps_cpp;rosidl_typesupport_introspection_cpp
[4.742s] -- Found PythonInterp: /usr/bin/python3 (found suitable version "3.10.12", minimum required is "3.6") 
[4.745s] -- Found python_cmake_module: 0.10.0 (/opt/ros/humble/share/python_cmake_module/cmake)
[4.764s] -- Found PythonLibs: /usr/lib/x86_64-linux-gnu/libpython3.10.so (found suitable version "3.10.12", minimum required is "3.5") 
[4.764s] -- Using PYTHON_EXECUTABLE: /usr/bin/python3
[4.764s] -- Using PYTHON_INCLUDE_DIRS: /usr/include/python3.10
[4.764s] -- Using PYTHON_LIBRARIES: /usr/lib/x86_64-linux-gnu/libpython3.10.so
[4.781s] -- Found PythonExtra: .so  
[4.873s] -- Configuring done
[4.956s] -- Generating done
[4.960s] -- Build files have been written to: /root/mapping/build/fast_lio
[4.976s] Invoked command in '/root/mapping/build/fast_lio' returned '0': CMAKE_PREFIX_PATH=${CMAKE_PREFIX_PATH}:/opt/ros/humble /usr/bin/cmake /root/mapping/src/FAST_LIO_ROS2 -DAMENT_CMAKE_SYMLINK_INSTALL=1 -DCMAKE_INSTALL_PREFIX=/root/mapping/install/fast_lio
[4.978s] Invoking command in '/root/mapping/build/fast_lio': CMAKE_PREFIX_PATH=${CMAKE_PREFIX_PATH}:/opt/ros/humble /usr/bin/cmake --build /root/mapping/build/fast_lio -- -j16 -l16
[5.022s] [  2%] [34m[1mGenerating C code for ROS interfaces[0m
[5.032s] [  5%] [34m[1mGenerating C++ code for ROS interfaces[0m
[5.041s] [  5%] Built target ament_cmake_python_symlink_fast_lio
[5.229s] running egg_info
[5.230s] creating fast_lio.egg-info
[5.230s] writing fast_lio.egg-info/PKG-INFO
[5.230s] writing dependency_links to fast_lio.egg-info/dependency_links.txt
[5.230s] writing top-level names to fast_lio.egg-info/top_level.txt
[5.230s] writing manifest file 'fast_lio.egg-info/SOURCES.txt'
[5.232s] reading manifest file 'fast_lio.egg-info/SOURCES.txt'
[5.232s] writing manifest file 'fast_lio.egg-info/SOURCES.txt'
[5.261s] [  5%] Built target ament_cmake_python_build_fast_lio_egg
[5.264s] [  5%] Built target fast_lio__cpp
[5.265s] [  8%] [32mBuilding C object CMakeFiles/fast_lio__rosidl_generator_c.dir/rosidl_generator_c/fast_lio/msg/detail/pose6_d__functions.c.o[0m
[5.274s] [ 17%] [34m[1mGenerating C++ type support for eProsima Fast-RTPS[0m
[5.274s] [ 17%] [34m[1mGenerating C++ introspection for ROS interfaces[0m
[5.274s] [ 17%] [34m[1mGenerating C++ type support dispatch for ROS interfaces[0m
[5.345s] [ 20%] [32m[1mLinking C shared library libfast_lio__rosidl_generator_c.so[0m
[5.380s] [ 20%] Built target fast_lio__rosidl_generator_c
[5.390s] [ 28%] [34m[1mGenerating C introspection for ROS interfaces[0m
[5.390s] [ 28%] [34m[1mGenerating C type support for eProsima Fast-RTPS[0m
[5.390s] [ 28%] [34m[1mGenerating C type support dispatch for ROS interfaces[0m
[5.502s] [ 31%] [32mBuilding CXX object CMakeFiles/fast_lio__rosidl_typesupport_cpp.dir/rosidl_typesupport_cpp/fast_lio/msg/pose6_d__type_support.cpp.o[0m
[5.518s] [ 34%] [32mBuilding CXX object CMakeFiles/fast_lio__rosidl_typesupport_introspection_cpp.dir/rosidl_typesupport_introspection_cpp/fast_lio/msg/detail/pose6_d__type_support.cpp.o[0m
[5.518s] [ 37%] [32mBuilding CXX object CMakeFiles/fast_lio__rosidl_typesupport_fastrtps_cpp.dir/rosidl_typesupport_fastrtps_cpp/fast_lio/msg/detail/dds_fastrtps/pose6_d__type_support.cpp.o[0m
[5.621s] [ 40%] [32mBuilding CXX object CMakeFiles/fast_lio__rosidl_typesupport_c.dir/rosidl_typesupport_c/fast_lio/msg/pose6_d__type_support.cpp.o[0m
[5.637s] [ 42%] [32mBuilding C object CMakeFiles/fast_lio__rosidl_typesupport_introspection_c.dir/rosidl_typesupport_introspection_c/fast_lio/msg/detail/pose6_d__type_support.c.o[0m
[5.651s] [ 45%] [32m[1mLinking CXX shared library libfast_lio__rosidl_typesupport_c.so[0m
[5.657s] [ 48%] [32mBuilding CXX object CMakeFiles/fast_lio__rosidl_typesupport_fastrtps_c.dir/rosidl_typesupport_fastrtps_c/fast_lio/msg/detail/pose6_d__type_support_c.cpp.o[0m
[5.691s] [ 51%] [32m[1mLinking C shared library libfast_lio__rosidl_typesupport_introspection_c.so[0m
[5.691s] [ 51%] Built target fast_lio__rosidl_typesupport_c
[5.725s] [ 51%] Built target fast_lio__rosidl_typesupport_introspection_c
[5.746s] [ 54%] [32m[1mLinking CXX shared library libfast_lio__rosidl_typesupport_cpp.so[0m
[5.786s] [ 54%] Built target fast_lio__rosidl_typesupport_cpp
[5.809s] [ 60%] [32mBuilding CXX object CMakeFiles/fastlio_mapping.dir/src/laserMapping.cpp.o[0m
[5.809s] [ 60%] [32mBuilding CXX object CMakeFiles/fastlio_mapping.dir/include/ikd-Tree/ikd_Tree.cpp.o[0m
[5.809s] [ 62%] [32mBuilding CXX object CMakeFiles/fastlio_mapping.dir/src/preprocess.cpp.o[0m
[5.858s] [ 68%] [32m[1mLinking CXX shared library libfast_lio__rosidl_typesupport_introspection_cpp.so[0m
[5.858s] [ 68%] [32m[1mLinking CXX shared library libfast_lio__rosidl_typesupport_fastrtps_cpp.so[0m
[5.898s] [ 68%] Built target fast_lio__rosidl_typesupport_introspection_cpp
[5.925s] [ 68%] Built target fast_lio__rosidl_typesupport_fastrtps_cpp
[5.949s] [ 71%] [32m[1mLinking CXX shared library libfast_lio__rosidl_typesupport_fastrtps_c.so[0m
[6.014s] [ 71%] Built target fast_lio__rosidl_typesupport_fastrtps_c
[6.035s] [ 71%] Built target fast_lio
[6.056s] [ 74%] [34m[1mGenerating Python code for ROS interfaces[0m
[6.385s] [ 74%] Built target fast_lio__py
[6.406s] [ 77%] [32mBuilding C object CMakeFiles/fast_lio__rosidl_generator_py.dir/rosidl_generator_py/fast_lio/msg/_pose6_d_s.c.o[0m
[6.523s] [ 80%] [32m[1mLinking C shared library rosidl_generator_py/fast_lio/libfast_lio__rosidl_generator_py.so[0m
[6.560s] [ 80%] Built target fast_lio__rosidl_generator_py
[6.581s] [ 88%] [32mBuilding C object CMakeFiles/fast_lio__rosidl_typesupport_c__pyext.dir/rosidl_generator_py/fast_lio/_fast_lio_s.ep.rosidl_typesupport_c.c.o[0m
[6.581s] [ 88%] [32mBuilding C object CMakeFiles/fast_lio__rosidl_typesupport_fastrtps_c__pyext.dir/rosidl_generator_py/fast_lio/_fast_lio_s.ep.rosidl_typesupport_fastrtps_c.c.o[0m
[6.581s] [ 88%] [32mBuilding C object CMakeFiles/fast_lio__rosidl_typesupport_introspection_c__pyext.dir/rosidl_generator_py/fast_lio/_fast_lio_s.ep.rosidl_typesupport_introspection_c.c.o[0m
[6.682s] [ 94%] [32m[1mLinking C shared library rosidl_generator_py/fast_lio/fast_lio_s__rosidl_typesupport_introspection_c.cpython-310-x86_64-linux-gnu.so[0m
[6.682s] [ 94%] [32m[1mLinking C shared library rosidl_generator_py/fast_lio/fast_lio_s__rosidl_typesupport_c.cpython-310-x86_64-linux-gnu.so[0m
[6.683s] [ 97%] [32m[1mLinking C shared library rosidl_generator_py/fast_lio/fast_lio_s__rosidl_typesupport_fastrtps_c.cpython-310-x86_64-linux-gnu.so[0m
[6.716s] [ 97%] Built target fast_lio__rosidl_typesupport_fastrtps_c__pyext
[6.716s] [ 97%] Built target fast_lio__rosidl_typesupport_introspection_c__pyext
[6.716s] [ 97%] Built target fast_lio__rosidl_typesupport_c__pyext
[11.211s] In file included from [01m[K/usr/include/boost/smart_ptr/detail/sp_thread_sleep.hpp:22[m[K,
[11.211s]                  from [01m[K/usr/include/boost/smart_ptr/detail/yield_k.hpp:23[m[K,
[11.211s]                  from [01m[K/usr/include/boost/smart_ptr/detail/spinlock_gcc_atomic.hpp:14[m[K,
[11.212s]                  from [01m[K/usr/include/boost/smart_ptr/detail/spinlock.hpp:42[m[K,
[11.212s]                  from [01m[K/usr/include/boost/smart_ptr/detail/spinlock_pool.hpp:25[m[K,
[11.212s]                  from [01m[K/usr/include/boost/smart_ptr/shared_ptr.hpp:29[m[K,
[11.212s]                  from [01m[K/usr/include/boost/shared_ptr.hpp:17[m[K,
[11.212s]                  from [01m[K/usr/include/boost/date_time/microsec_time_clock.hpp:18[m[K,
[11.212s]                  from [01m[K/usr/include/boost/interprocess/detail/posix_time_types_wrk.hpp:31[m[K,
[11.212s]                  from [01m[K/usr/include/boost/interprocess/detail/os_thread_functions.hpp:36[m[K,
[11.212s]                  from [01m[K/usr/include/boost/interprocess/sync/file_lock.hpp:26[m[K,
[11.212s]                  from [01m[K/usr/include/pcl-1.12/pcl/io/pcd_io.h:46[m[K,
[11.212s]                  from [01m[K/opt/ros/humble/include/pcl_conversions/pcl_conversions.h:72[m[K,
[11.212s]                  from [01m[K/root/mapping/src/FAST_LIO_ROS2/src/IMU_Processing.hpp:18[m[K,
[11.212s]                  from [01m[K/root/mapping/src/FAST_LIO_ROS2/src/laserMapping.cpp:47[m[K:
[11.212s] [01m[K/usr/include/boost/bind.hpp:36:1:[m[K [01;36m[Knote: [m[K‘[01m[K#pragma message: The practice of declaring the Bind placeholders (_1, _2, ...) in the global namespace is deprecated. Please use <boost/bind/bind.hpp> + using namespace boost::placeholders, or define BOOST_BIND_GLOBAL_PLACEHOLDERS to retain the current behavior.[m[K’
[11.212s]    36 | [01;36m[KBOOST_PRAGMA_MESSAGE[m[K(
[11.212s]       | [01;36m[K^~~~~~~~~~~~~~~~~~~~[m[K
[54.612s] [100%] [32m[1mLinking CXX executable fastlio_mapping[0m
[55.446s] [100%] Built target fastlio_mapping
[55.458s] Invoked command in '/root/mapping/build/fast_lio' returned '0': CMAKE_PREFIX_PATH=${CMAKE_PREFIX_PATH}:/opt/ros/humble /usr/bin/cmake --build /root/mapping/build/fast_lio -- -j16 -l16
[55.544s] Invoking command in '/root/mapping/build/fast_lio': CMAKE_PREFIX_PATH=${CMAKE_PREFIX_PATH}:/opt/ros/humble /usr/bin/cmake --install /root/mapping/build/fast_lio
[55.552s] -- Install configuration: "Release"
[55.552s] -- Execute custom install script
[55.552s] -- Symlinking: /root/mapping/install/fast_lio/share/ament_index/resource_index/rosidl_interfaces/fast_lio
[55.563s] -- Symlinking: /root/mapping/install/fast_lio/include/fast_lio/fast_lio/msg/detail/pose6_d__functions.h
[55.571s] -- Symlinking: /root/mapping/install/fast_lio/include/fast_lio/fast_lio/msg/detail/pose6_d__struct.h
[55.579s] -- Symlinking: /root/mapping/install/fast_lio/include/fast_lio/fast_lio/msg/detail/pose6_d__type_support.h
[55.588s] -- Symlinking: /root/mapping/install/fast_lio/include/fast_lio/fast_lio/msg/pose6_d.h
[55.596s] -- Symlinking: /root/mapping/install/fast_lio/include/fast_lio/fast_lio/msg/rosidl_generator_c__visibility_control.h
[55.605s] -- Symlinking: /root/mapping/install/fast_lio/share/fast_lio/environment/library_path.sh
[55.613s] -- Symlinking: /root/mapping/install/fast_lio/share/fast_lio/environment/library_path.dsv
[55.621s] -- Symlinking: /root/mapping/install/fast_lio/include/fast_lio/fast_lio/msg/detail/pose6_d__rosidl_typesupport_fastrtps_c.h
[55.630s] -- Symlinking: /root/mapping/install/fast_lio/include/fast_lio/fast_lio/msg/rosidl_typesupport_fastrtps_c__visibility_control.h
[55.638s] -- Symlinking: /root/mapping/install/fast_lio/include/fast_lio/fast_lio/msg/detail/pose6_d__builder.hpp
[55.646s] -- Symlinking: /root/mapping/install/fast_lio/include/fast_lio/fast_lio/msg/detail/pose6_d__struct.hpp
[55.657s] -- Symlinking: /root/mapping/install/fast_lio/include/fast_lio/fast_lio/msg/detail/pose6_d__traits.hpp
[55.666s] -- Symlinking: /root/mapping/install/fast_lio/include/fast_lio/fast_lio/msg/pose6_d.hpp
[55.675s] -- Symlinking: /root/mapping/install/fast_lio/include/fast_lio/fast_lio/msg/detail/pose6_d__rosidl_typesupport_fastrtps_cpp.hpp
[55.683s] -- Symlinking: /root/mapping/install/fast_lio/include/fast_lio/fast_lio/msg/rosidl_typesupport_fastrtps_cpp__visibility_control.h
[55.692s] -- Symlinking: /root/mapping/install/fast_lio/include/fast_lio/fast_lio/msg/detail/pose6_d__rosidl_typesupport_introspection_c.h
[55.700s] -- Symlinking: /root/mapping/install/fast_lio/include/fast_lio/fast_lio/msg/rosidl_typesupport_introspection_c__visibility_control.h
[55.709s] -- Symlinking: /root/mapping/install/fast_lio/include/fast_lio/fast_lio/msg/detail/pose6_d__rosidl_typesupport_introspection_cpp.hpp
[55.717s] -- Symlinking: /root/mapping/install/fast_lio/share/fast_lio/environment/pythonpath.sh
[55.726s] -- Symlinking: /root/mapping/install/fast_lio/share/fast_lio/environment/pythonpath.dsv
[55.734s] -- Symlinking: /root/mapping/install/fast_lio/local/lib/python3.10/dist-packages/fast_lio-0.0.0-py3.10.egg-info/PKG-INFO
[55.743s] -- Symlinking: /root/mapping/install/fast_lio/local/lib/python3.10/dist-packages/fast_lio-0.0.0-py3.10.egg-info/SOURCES.txt
[55.751s] -- Symlinking: /root/mapping/install/fast_lio/local/lib/python3.10/dist-packages/fast_lio-0.0.0-py3.10.egg-info/dependency_links.txt
[55.761s] -- Symlinking: /root/mapping/install/fast_lio/local/lib/python3.10/dist-packages/fast_lio-0.0.0-py3.10.egg-info/top_level.txt
[55.770s] -- Symlinking: /root/mapping/install/fast_lio/local/lib/python3.10/dist-packages/fast_lio/__init__.py
[55.779s] -- Symlinking: /root/mapping/install/fast_lio/local/lib/python3.10/dist-packages/fast_lio/_fast_lio_s.ep.rosidl_typesupport_c.c
[55.787s] -- Symlinking: /root/mapping/install/fast_lio/local/lib/python3.10/dist-packages/fast_lio/_fast_lio_s.ep.rosidl_typesupport_fastrtps_c.c
[55.795s] -- Symlinking: /root/mapping/install/fast_lio/local/lib/python3.10/dist-packages/fast_lio/_fast_lio_s.ep.rosidl_typesupport_introspection_c.c
[55.803s] -- Symlinking: /root/mapping/install/fast_lio/local/lib/python3.10/dist-packages/fast_lio/fast_lio_s__rosidl_typesupport_c.cpython-310-x86_64-linux-gnu.so
[55.812s] -- Symlinking: /root/mapping/install/fast_lio/local/lib/python3.10/dist-packages/fast_lio/fast_lio_s__rosidl_typesupport_fastrtps_c.cpython-310-x86_64-linux-gnu.so
[55.820s] -- Symlinking: /root/mapping/install/fast_lio/local/lib/python3.10/dist-packages/fast_lio/fast_lio_s__rosidl_typesupport_introspection_c.cpython-310-x86_64-linux-gnu.so
[55.830s] -- Symlinking: /root/mapping/install/fast_lio/local/lib/python3.10/dist-packages/fast_lio/libfast_lio__rosidl_generator_py.so
[55.838s] -- Symlinking: /root/mapping/install/fast_lio/local/lib/python3.10/dist-packages/fast_lio/msg/__init__.py
[55.847s] -- Symlinking: /root/mapping/install/fast_lio/local/lib/python3.10/dist-packages/fast_lio/msg/_pose6_d.py
[55.857s] -- Symlinking: /root/mapping/install/fast_lio/local/lib/python3.10/dist-packages/fast_lio/msg/_pose6_d_s.c
[55.866s] -- Up-to-date symlink: /root/mapping/install/fast_lio/local/lib/python3.10/dist-packages/fast_lio/fast_lio_s__rosidl_typesupport_fastrtps_c.cpython-310-x86_64-linux-gnu.so
[55.866s] -- Up-to-date symlink: /root/mapping/install/fast_lio/local/lib/python3.10/dist-packages/fast_lio/fast_lio_s__rosidl_typesupport_introspection_c.cpython-310-x86_64-linux-gnu.so
[55.866s] -- Up-to-date symlink: /root/mapping/install/fast_lio/local/lib/python3.10/dist-packages/fast_lio/fast_lio_s__rosidl_typesupport_c.cpython-310-x86_64-linux-gnu.so
[55.866s] -- Symlinking: /root/mapping/install/fast_lio/share/fast_lio/msg/Pose6D.idl
[55.876s] -- Symlinking: /root/mapping/install/fast_lio/share/fast_lio/msg/Pose6D.msg
[55.886s] -- Symlinking: /root/mapping/install/fast_lio/lib/fast_lio/fastlio_mapping
[55.895s] -- Symlinking: /root/mapping/install/fast_lio/share/fast_lio/config/avia.yaml
[55.904s] -- Symlinking: /root/mapping/install/fast_lio/share/fast_lio/config/horizon.yaml
[55.912s] -- Symlinking: /root/mapping/install/fast_lio/share/fast_lio/config/mid360.yaml
[55.920s] -- Symlinking: /root/mapping/install/fast_lio/share/fast_lio/config/ouster64.yaml
[55.929s] -- Symlinking: /root/mapping/install/fast_lio/share/fast_lio/config/velodyne.yaml
[55.937s] -- Symlinking: /root/mapping/install/fast_lio/share/fast_lio/launch/gdb_debug_example.launch
[55.946s] -- Symlinking: /root/mapping/install/fast_lio/share/fast_lio/launch/mapping.launch.py
[55.955s] -- Symlinking: /root/mapping/install/fast_lio/share/fast_lio/rviz/fastlio.rviz
[55.964s] -- Symlinking: /root/mapping/install/fast_lio/share/ament_index/resource_index/package_run_dependencies/fast_lio
[55.973s] -- Symlinking: /root/mapping/install/fast_lio/share/ament_index/resource_index/parent_prefix_path/fast_lio
[55.982s] -- Symlinking: /root/mapping/install/fast_lio/share/fast_lio/environment/ament_prefix_path.sh
[55.991s] -- Symlinking: /root/mapping/install/fast_lio/share/fast_lio/environment/ament_prefix_path.dsv
[55.999s] -- Symlinking: /root/mapping/install/fast_lio/share/fast_lio/environment/path.sh
[56.007s] -- Symlinking: /root/mapping/install/fast_lio/share/fast_lio/environment/path.dsv
[56.016s] -- Symlinking: /root/mapping/install/fast_lio/share/fast_lio/local_setup.bash
[56.024s] -- Symlinking: /root/mapping/install/fast_lio/share/fast_lio/local_setup.sh
[56.033s] -- Symlinking: /root/mapping/install/fast_lio/share/fast_lio/local_setup.zsh
[56.041s] -- Symlinking: /root/mapping/install/fast_lio/share/fast_lio/local_setup.dsv
[56.049s] -- Symlinking: /root/mapping/install/fast_lio/share/fast_lio/package.dsv
[56.059s] -- Symlinking: /root/mapping/install/fast_lio/share/ament_index/resource_index/packages/fast_lio
[56.068s] -- Symlinking: /root/mapping/install/fast_lio/share/fast_lio/cmake/rosidl_cmake-extras.cmake
[56.077s] -- Symlinking: /root/mapping/install/fast_lio/share/fast_lio/cmake/ament_cmake_export_include_directories-extras.cmake
[56.086s] -- Symlinking: /root/mapping/install/fast_lio/share/fast_lio/cmake/ament_cmake_export_libraries-extras.cmake
[56.094s] -- Symlinking: /root/mapping/install/fast_lio/share/fast_lio/cmake/ament_cmake_export_targets-extras.cmake
[56.102s] -- Symlinking: /root/mapping/install/fast_lio/share/fast_lio/cmake/rosidl_cmake_export_typesupport_targets-extras.cmake
[56.111s] -- Symlinking: /root/mapping/install/fast_lio/share/fast_lio/cmake/ament_cmake_export_dependencies-extras.cmake
[56.119s] -- Symlinking: /root/mapping/install/fast_lio/share/fast_lio/cmake/rosidl_cmake_export_typesupport_libraries-extras.cmake
[56.127s] -- Symlinking: /root/mapping/install/fast_lio/share/fast_lio/cmake/fast_lioConfig.cmake
[56.135s] -- Symlinking: /root/mapping/install/fast_lio/share/fast_lio/cmake/fast_lioConfig-version.cmake
[56.144s] -- Symlinking: /root/mapping/install/fast_lio/share/fast_lio/package.xml
[56.153s] -- Installing: /root/mapping/install/fast_lio/lib/libfast_lio__rosidl_generator_c.so
[56.153s] -- Set runtime path of "/root/mapping/install/fast_lio/lib/libfast_lio__rosidl_generator_c.so" to ""
[56.153s] -- Installing: /root/mapping/install/fast_lio/lib/libfast_lio__rosidl_typesupport_fastrtps_c.so
[56.154s] -- Set runtime path of "/root/mapping/install/fast_lio/lib/libfast_lio__rosidl_typesupport_fastrtps_c.so" to ""
[56.154s] -- Installing: /root/mapping/install/fast_lio/lib/libfast_lio__rosidl_typesupport_fastrtps_cpp.so
[56.154s] -- Set runtime path of "/root/mapping/install/fast_lio/lib/libfast_lio__rosidl_typesupport_fastrtps_cpp.so" to ""
[56.154s] -- Installing: /root/mapping/install/fast_lio/lib/libfast_lio__rosidl_typesupport_introspection_c.so
[56.155s] -- Set runtime path of "/root/mapping/install/fast_lio/lib/libfast_lio__rosidl_typesupport_introspection_c.so" to ""
[56.155s] -- Installing: /root/mapping/install/fast_lio/lib/libfast_lio__rosidl_typesupport_c.so
[56.155s] -- Set runtime path of "/root/mapping/install/fast_lio/lib/libfast_lio__rosidl_typesupport_c.so" to ""
[56.155s] -- Installing: /root/mapping/install/fast_lio/lib/libfast_lio__rosidl_typesupport_introspection_cpp.so
[56.156s] -- Set runtime path of "/root/mapping/install/fast_lio/lib/libfast_lio__rosidl_typesupport_introspection_cpp.so" to ""
[56.156s] -- Installing: /root/mapping/install/fast_lio/lib/libfast_lio__rosidl_typesupport_cpp.so
[56.156s] -- Set runtime path of "/root/mapping/install/fast_lio/lib/libfast_lio__rosidl_typesupport_cpp.so" to ""
[56.186s] Listing '/root/mapping/install/fast_lio/local/lib/python3.10/dist-packages/fast_lio'...
[56.187s] Compiling '/root/mapping/install/fast_lio/local/lib/python3.10/dist-packages/fast_lio/__init__.py'...
[56.187s] Listing '/root/mapping/install/fast_lio/local/lib/python3.10/dist-packages/fast_lio/msg'...
[56.187s] Compiling '/root/mapping/install/fast_lio/local/lib/python3.10/dist-packages/fast_lio/msg/__init__.py'...
[56.187s] Compiling '/root/mapping/install/fast_lio/local/lib/python3.10/dist-packages/fast_lio/msg/_pose6_d.py'...
[56.190s] -- Installing: /root/mapping/install/fast_lio/lib/libfast_lio__rosidl_generator_py.so
[56.190s] -- Set runtime path of "/root/mapping/install/fast_lio/lib/libfast_lio__rosidl_generator_py.so" to ""
[56.191s] -- Installing: /root/mapping/install/fast_lio/share/fast_lio/cmake/export_fast_lio__rosidl_generator_cExport.cmake
[56.191s] -- Installing: /root/mapping/install/fast_lio/share/fast_lio/cmake/export_fast_lio__rosidl_generator_cExport-release.cmake
[56.191s] -- Installing: /root/mapping/install/fast_lio/share/fast_lio/cmake/export_fast_lio__rosidl_typesupport_fastrtps_cExport.cmake
[56.191s] -- Installing: /root/mapping/install/fast_lio/share/fast_lio/cmake/export_fast_lio__rosidl_typesupport_fastrtps_cExport-release.cmake
[56.191s] -- Installing: /root/mapping/install/fast_lio/share/fast_lio/cmake/export_fast_lio__rosidl_generator_cppExport.cmake
[56.192s] -- Installing: /root/mapping/install/fast_lio/share/fast_lio/cmake/export_fast_lio__rosidl_typesupport_fastrtps_cppExport.cmake
[56.192s] -- Installing: /root/mapping/install/fast_lio/share/fast_lio/cmake/export_fast_lio__rosidl_typesupport_fastrtps_cppExport-release.cmake
[56.192s] -- Installing: /root/mapping/install/fast_lio/share/fast_lio/cmake/fast_lio__rosidl_typesupport_introspection_cExport.cmake
[56.192s] -- Installing: /root/mapping/install/fast_lio/share/fast_lio/cmake/fast_lio__rosidl_typesupport_introspection_cExport-release.cmake
[56.192s] -- Installing: /root/mapping/install/fast_lio/share/fast_lio/cmake/fast_lio__rosidl_typesupport_cExport.cmake
[56.193s] -- Installing: /root/mapping/install/fast_lio/share/fast_lio/cmake/fast_lio__rosidl_typesupport_cExport-release.cmake
[56.193s] -- Installing: /root/mapping/install/fast_lio/share/fast_lio/cmake/fast_lio__rosidl_typesupport_introspection_cppExport.cmake
[56.193s] -- Installing: /root/mapping/install/fast_lio/share/fast_lio/cmake/fast_lio__rosidl_typesupport_introspection_cppExport-release.cmake
[56.193s] -- Installing: /root/mapping/install/fast_lio/share/fast_lio/cmake/fast_lio__rosidl_typesupport_cppExport.cmake
[56.193s] -- Installing: /root/mapping/install/fast_lio/share/fast_lio/cmake/fast_lio__rosidl_typesupport_cppExport-release.cmake
[56.194s] -- Installing: /root/mapping/install/fast_lio/share/fast_lio/cmake/export_fast_lio__rosidl_generator_pyExport.cmake
[56.194s] -- Installing: /root/mapping/install/fast_lio/share/fast_lio/cmake/export_fast_lio__rosidl_generator_pyExport-release.cmake
[56.196s] Invoked command in '/root/mapping/build/fast_lio' returned '0': CMAKE_PREFIX_PATH=${CMAKE_PREFIX_PATH}:/opt/ros/humble /usr/bin/cmake --install /root/mapping/build/fast_lio
