[0.087s] Invoking command in '/workspaces/codespace/ros2/project/local_mapping/build/full_matching': CMAKE_PREFIX_PATH=${CMAKE_PREFIX_PATH}:/opt/ros/humble /usr/bin/cmake --build /workspaces/codespace/ros2/project/local_mapping/build/full_matching -- -j16 -l16
[0.125s] Invoked command in '/workspaces/codespace/ros2/project/local_mapping/build/full_matching' returned '0': CMAKE_PREFIX_PATH=${CMAKE_PREFIX_PATH}:/opt/ros/humble /usr/bin/cmake --build /workspaces/codespace/ros2/project/local_mapping/build/full_matching -- -j16 -l16
[0.156s] Invoking command in '/workspaces/codespace/ros2/project/local_mapping/build/full_matching': CMAKE_PREFIX_PATH=${CMAKE_PREFIX_PATH}:/opt/ros/humble /usr/bin/cmake --install /workspaces/codespace/ros2/project/local_mapping/build/full_matching
[0.163s] -- Install configuration: ""
[0.163s] -- Execute custom install script
[0.163s] -- Up-to-date symlink: /workspaces/codespace/ros2/project/local_mapping/install/full_matching/share/ament_index/resource_index/package_run_dependencies/full_matching
[0.164s] -- Up-to-date symlink: /workspaces/codespace/ros2/project/local_mapping/install/full_matching/share/ament_index/resource_index/parent_prefix_path/full_matching
[0.164s] -- Up-to-date symlink: /workspaces/codespace/ros2/project/local_mapping/install/full_matching/share/full_matching/environment/ament_prefix_path.sh
[0.164s] -- Up-to-date symlink: /workspaces/codespace/ros2/project/local_mapping/install/full_matching/share/full_matching/environment/ament_prefix_path.dsv
[0.164s] -- Up-to-date symlink: /workspaces/codespace/ros2/project/local_mapping/install/full_matching/share/full_matching/environment/path.sh
[0.164s] -- Up-to-date symlink: /workspaces/codespace/ros2/project/local_mapping/install/full_matching/share/full_matching/environment/path.dsv
[0.164s] -- Up-to-date symlink: /workspaces/codespace/ros2/project/local_mapping/install/full_matching/share/full_matching/local_setup.bash
[0.164s] -- Up-to-date symlink: /workspaces/codespace/ros2/project/local_mapping/install/full_matching/share/full_matching/local_setup.sh
[0.165s] -- Up-to-date symlink: /workspaces/codespace/ros2/project/local_mapping/install/full_matching/share/full_matching/local_setup.zsh
[0.165s] -- Up-to-date symlink: /workspaces/codespace/ros2/project/local_mapping/install/full_matching/share/full_matching/local_setup.dsv
[0.165s] -- Symlinking: /workspaces/codespace/ros2/project/local_mapping/install/full_matching/share/full_matching/package.dsv
[0.174s] -- Up-to-date symlink: /workspaces/codespace/ros2/project/local_mapping/install/full_matching/share/ament_index/resource_index/packages/full_matching
[0.175s] -- Up-to-date symlink: /workspaces/codespace/ros2/project/local_mapping/install/full_matching/share/full_matching/cmake/full_matchingConfig.cmake
[0.175s] -- Up-to-date symlink: /workspaces/codespace/ros2/project/local_mapping/install/full_matching/share/full_matching/cmake/full_matchingConfig-version.cmake
[0.175s] -- Up-to-date symlink: /workspaces/codespace/ros2/project/local_mapping/install/full_matching/share/full_matching/package.xml
[0.177s] Invoked command in '/workspaces/codespace/ros2/project/local_mapping/build/full_matching' returned '0': CMAKE_PREFIX_PATH=${CMAKE_PREFIX_PATH}:/opt/ros/humble /usr/bin/cmake --install /workspaces/codespace/ros2/project/local_mapping/build/full_matching
