In file included from [01m[K/workspaces/codespace/ros2/project/local_mapping/build/gradient_mapping/rosidl_generator_c/gradient_mapping/msg/detail/custom_msg__functions.h:19[m[K,
                 from [01m[K/workspaces/codespace/ros2/project/local_mapping/build/gradient_mapping/rosidl_generator_c/gradient_mapping/msg/detail/custom_msg__functions.c:4[m[K:
[01m[K/workspaces/codespace/ros2/project/local_mapping/build/gradient_mapping/rosidl_generator_c/gradient_mapping/msg/detail/custom_msg__struct.h:22:10:[m[K [01;31m[Kfatal error: [m[Kstd_msgs/msg/detail/header__struct.h: No such file or directory
   22 | #include [01;31m[K"std_msgs/msg/detail/header__struct.h"[m[K
      |          [01;31m[K^~~~~~~~~~~~~~~~~~~~~~~~~~~~~~~~~~~~~~[m[K
compilation terminated.
gmake[2]: *** [CMakeFiles/gradient_mapping__rosidl_generator_c.dir/build.make:135: CMakeFiles/gradient_mapping__rosidl_generator_c.dir/rosidl_generator_c/gradient_mapping/msg/detail/custom_msg__functions.c.o] Error 1
gmake[2]: *** Waiting for unfinished jobs....
gmake[1]: *** [CMakeFiles/Makefile2:215: CMakeFiles/gradient_mapping__rosidl_generator_c.dir/all] Error 2
gmake[1]: *** Waiting for unfinished jobs....
In file included from [01m[K/workspaces/codespace/ros2/project/local_mapping/build/gradient_mapping/rosidl_typesupport_cpp/gradient_mapping/msg/custom_msg__type_support.cpp:7[m[K:
[01m[K/workspaces/codespace/ros2/project/local_mapping/build/gradient_mapping/rosidl_generator_cpp/gradient_mapping/msg/detail/custom_msg__struct.hpp:20:10:[m[K [01;31m[Kfatal error: [m[Kstd_msgs/msg/detail/header__struct.hpp: No such file or directory
   20 | #include [01;31m[K"std_msgs/msg/detail/header__struct.hpp"[m[K
      |          [01;31m[K^~~~~~~~~~~~~~~~~~~~~~~~~~~~~~~~~~~~~~~~[m[K
compilation terminated.
gmake[2]: *** [CMakeFiles/gradient_mapping__rosidl_typesupport_cpp.dir/build.make:104: CMakeFiles/gradient_mapping__rosidl_typesupport_cpp.dir/rosidl_typesupport_cpp/gradient_mapping/msg/custom_msg__type_support.cpp.o] Error 1
gmake[2]: *** Waiting for unfinished jobs....
In file included from [01m[K/workspaces/codespace/ros2/project/local_mapping/build/gradient_mapping/rosidl_typesupport_introspection_cpp/gradient_mapping/msg/detail/custom_msg__type_support.cpp:12[m[K:
[01m[K/workspaces/codespace/ros2/project/local_mapping/build/gradient_mapping/rosidl_generator_cpp/gradient_mapping/msg/detail/custom_msg__struct.hpp:20:10:[m[K [01;31m[Kfatal error: [m[Kstd_msgs/msg/detail/header__struct.hpp: No such file or directory
   20 | #include [01;31m[K"std_msgs/msg/detail/header__struct.hpp"[m[K
      |          [01;31m[K^~~~~~~~~~~~~~~~~~~~~~~~~~~~~~~~~~~~~~~~[m[K
compilation terminated.
gmake[2]: *** [CMakeFiles/gradient_mapping__rosidl_typesupport_introspection_cpp.dir/build.make:112: CMakeFiles/gradient_mapping__rosidl_typesupport_introspection_cpp.dir/rosidl_typesupport_introspection_cpp/gradient_mapping/msg/detail/custom_msg__type_support.cpp.o] Error 1
gmake[2]: *** Waiting for unfinished jobs....
In file included from [01m[K/workspaces/codespace/ros2/project/local_mapping/build/gradient_mapping/rosidl_typesupport_fastrtps_cpp/gradient_mapping/msg/detail/custom_msg__rosidl_typesupport_fastrtps_cpp.hpp:11[m[K,
                 from [01m[K/workspaces/codespace/ros2/project/local_mapping/build/gradient_mapping/rosidl_typesupport_fastrtps_cpp/gradient_mapping/msg/detail/dds_fastrtps/custom_msg__type_support.cpp:4[m[K:
[01m[K/workspaces/codespace/ros2/project/local_mapping/build/gradient_mapping/rosidl_generator_cpp/gradient_mapping/msg/detail/custom_msg__struct.hpp:20:10:[m[K [01;31m[Kfatal error: [m[Kstd_msgs/msg/detail/header__struct.hpp: No such file or directory
   20 | #include [01;31m[K"std_msgs/msg/detail/header__struct.hpp"[m[K
      |          [01;31m[K^~~~~~~~~~~~~~~~~~~~~~~~~~~~~~~~~~~~~~~~[m[K
compilation terminated.
gmake[2]: *** [CMakeFiles/gradient_mapping__rosidl_typesupport_fastrtps_cpp.dir/build.make:112: CMakeFiles/gradient_mapping__rosidl_typesupport_fastrtps_cpp.dir/rosidl_typesupport_fastrtps_cpp/gradient_mapping/msg/detail/dds_fastrtps/custom_msg__type_support.cpp.o] Error 1
gmake[2]: *** Waiting for unfinished jobs....
gmake[1]: *** [CMakeFiles/Makefile2:397: CMakeFiles/gradient_mapping__rosidl_typesupport_cpp.dir/all] Error 2
gmake[1]: *** [CMakeFiles/Makefile2:371: CMakeFiles/gradient_mapping__rosidl_typesupport_introspection_cpp.dir/all] Error 2
gmake[1]: *** [CMakeFiles/Makefile2:345: CMakeFiles/gradient_mapping__rosidl_typesupport_fastrtps_cpp.dir/all] Error 2
gmake: *** [Makefile:146: all] Error 2
