[0.822s] DEBUG:colcon:Command line arguments: ['/usr/bin/colcon', 'build', '--symlink-install', '--parallel-workers', '12']
[0.822s] DEBUG:colcon:Parsed command line arguments: Namespace(log_base=None, log_level=None, verb_name='build', build_base='build', install_base='install', merge_install=False, symlink_install=True, test_result_base=None, continue_on_error=False, executor='parallel', parallel_workers=12, event_handlers=None, ignore_user_meta=False, metas=['./colcon.meta'], base_paths=['.'], packages_ignore=None, packages_ignore_regex=None, paths=None, packages_up_to=None, packages_up_to_regex=None, packages_above=None, packages_above_and_dependencies=None, packages_above_depth=None, packages_select_by_dep=None, packages_skip_by_dep=None, packages_skip_up_to=None, packages_select_build_failed=False, packages_skip_build_finished=False, packages_select_test_failures=False, packages_skip_test_passed=False, packages_select=None, packages_skip=None, packages_select_regex=None, packages_skip_regex=None, packages_start=None, packages_end=None, cmake_args=None, cmake_target=None, cmake_target_skip_unavailable=False, cmake_clean_cache=False, cmake_clean_first=False, cmake_force_configure=False, ament_cmake_args=None, catkin_cmake_args=None, catkin_skip_building_tests=False, mixin_files=None, mixin=None, verb_parser=<colcon_mixin.mixin.mixin_argument.MixinArgumentDecorator object at 0x7fcede1fd840>, verb_extension=<colcon_core.verb.build.BuildVerb object at 0x7fcede1e1600>, main=<bound method BuildVerb.main of <colcon_core.verb.build.BuildVerb object at 0x7fcede1e1600>>, mixin_verb=('build',))
[0.856s] Level 1:colcon.colcon_core.package_discovery:discover_packages(colcon_meta) check parameters
[0.856s] INFO:colcon.colcon_metadata.package_discovery.colcon_meta:Using configuration from '/root/.colcon/metadata/default/Gazebo.meta'
[0.856s] INFO:colcon.colcon_metadata.package_discovery.colcon_meta:Using configuration from '/root/.colcon/metadata/default/fastrtps.meta'
[0.856s] Level 1:colcon.colcon_core.package_discovery:discover_packages(recursive) check parameters
[0.857s] Level 1:colcon.colcon_core.package_discovery:discover_packages(ignore) check parameters
[0.857s] Level 1:colcon.colcon_core.package_discovery:discover_packages(path) check parameters
[0.857s] Level 1:colcon.colcon_core.package_discovery:discover_packages(colcon_meta) discover
[0.857s] Level 1:colcon.colcon_core.package_discovery:discover_packages(recursive) discover
[0.857s] INFO:colcon.colcon_core.package_discovery:Crawling recursively for packages in '/workspaces/codespace/ros2/project/local_mapping'
[0.857s] Level 1:colcon.colcon_core.package_identification:_identify(.) by extensions ['ignore', 'ignore_ament_install']
[0.857s] Level 1:colcon.colcon_core.package_identification:_identify(.) by extension 'ignore'
[0.857s] Level 1:colcon.colcon_core.package_identification:_identify(.) by extension 'ignore_ament_install'
[0.857s] Level 1:colcon.colcon_core.package_identification:_identify(.) by extensions ['colcon_pkg']
[0.857s] Level 1:colcon.colcon_core.package_identification:_identify(.) by extension 'colcon_pkg'
[0.857s] Level 1:colcon.colcon_core.package_identification:_identify(.) by extensions ['colcon_meta']
[0.857s] Level 1:colcon.colcon_core.package_identification:_identify(.) by extension 'colcon_meta'
[0.857s] Level 1:colcon.colcon_core.package_identification:_identify(.) by extensions ['ros']
[0.857s] Level 1:colcon.colcon_core.package_identification:_identify(.) by extension 'ros'
[0.865s] Level 1:colcon.colcon_core.package_identification:_identify(.) by extensions ['cmake', 'python']
[0.865s] Level 1:colcon.colcon_core.package_identification:_identify(.) by extension 'cmake'
[0.865s] Level 1:colcon.colcon_core.package_identification:_identify(.) by extension 'python'
[0.866s] Level 1:colcon.colcon_core.package_identification:_identify(.) by extensions ['python_setup_py']
[0.866s] Level 1:colcon.colcon_core.package_identification:_identify(.) by extension 'python_setup_py'
[0.866s] Level 1:colcon.colcon_core.package_identification:_identify(build) by extensions ['ignore', 'ignore_ament_install']
[0.866s] Level 1:colcon.colcon_core.package_identification:_identify(build) by extension 'ignore'
[0.866s] Level 1:colcon.colcon_core.package_identification:_identify(build) ignored
[0.866s] Level 1:colcon.colcon_core.package_identification:_identify(install) by extensions ['ignore', 'ignore_ament_install']
[0.866s] Level 1:colcon.colcon_core.package_identification:_identify(install) by extension 'ignore'
[0.866s] Level 1:colcon.colcon_core.package_identification:_identify(install) ignored
[0.866s] Level 1:colcon.colcon_core.package_identification:_identify(log) by extensions ['ignore', 'ignore_ament_install']
[0.866s] Level 1:colcon.colcon_core.package_identification:_identify(log) by extension 'ignore'
[0.866s] Level 1:colcon.colcon_core.package_identification:_identify(log) ignored
[0.866s] Level 1:colcon.colcon_core.package_identification:_identify(src) by extensions ['ignore', 'ignore_ament_install']
[0.867s] Level 1:colcon.colcon_core.package_identification:_identify(src) by extension 'ignore'
[0.867s] Level 1:colcon.colcon_core.package_identification:_identify(src) by extension 'ignore_ament_install'
[0.867s] Level 1:colcon.colcon_core.package_identification:_identify(src) by extensions ['colcon_pkg']
[0.867s] Level 1:colcon.colcon_core.package_identification:_identify(src) by extension 'colcon_pkg'
[0.867s] Level 1:colcon.colcon_core.package_identification:_identify(src) by extensions ['colcon_meta']
[0.867s] Level 1:colcon.colcon_core.package_identification:_identify(src) by extension 'colcon_meta'
[0.867s] Level 1:colcon.colcon_core.package_identification:_identify(src) by extensions ['ros']
[0.867s] Level 1:colcon.colcon_core.package_identification:_identify(src) by extension 'ros'
[0.867s] Level 1:colcon.colcon_core.package_identification:_identify(src) by extensions ['cmake', 'python']
[0.867s] Level 1:colcon.colcon_core.package_identification:_identify(src) by extension 'cmake'
[0.867s] Level 1:colcon.colcon_core.package_identification:_identify(src) by extension 'python'
[0.867s] Level 1:colcon.colcon_core.package_identification:_identify(src) by extensions ['python_setup_py']
[0.867s] Level 1:colcon.colcon_core.package_identification:_identify(src) by extension 'python_setup_py'
[0.867s] Level 1:colcon.colcon_core.package_identification:_identify(src/full_matching) by extensions ['ignore', 'ignore_ament_install']
[0.867s] Level 1:colcon.colcon_core.package_identification:_identify(src/full_matching) by extension 'ignore'
[0.867s] Level 1:colcon.colcon_core.package_identification:_identify(src/full_matching) by extension 'ignore_ament_install'
[0.868s] Level 1:colcon.colcon_core.package_identification:_identify(src/full_matching) by extensions ['colcon_pkg']
[0.868s] Level 1:colcon.colcon_core.package_identification:_identify(src/full_matching) by extension 'colcon_pkg'
[0.868s] Level 1:colcon.colcon_core.package_identification:_identify(src/full_matching) by extensions ['colcon_meta']
[0.868s] Level 1:colcon.colcon_core.package_identification:_identify(src/full_matching) by extension 'colcon_meta'
[0.868s] Level 1:colcon.colcon_core.package_identification:_identify(src/full_matching) by extensions ['ros']
[0.868s] Level 1:colcon.colcon_core.package_identification:_identify(src/full_matching) by extension 'ros'
[0.870s] DEBUG:colcon.colcon_core.package_identification:Package 'src/full_matching' with type 'ros.ament_cmake' and name 'full_matching'
[0.870s] Level 1:colcon.colcon_core.package_identification:_identify(src/gradient_mapping) by extensions ['ignore', 'ignore_ament_install']
[0.870s] Level 1:colcon.colcon_core.package_identification:_identify(src/gradient_mapping) by extension 'ignore'
[0.870s] Level 1:colcon.colcon_core.package_identification:_identify(src/gradient_mapping) by extension 'ignore_ament_install'
[0.870s] Level 1:colcon.colcon_core.package_identification:_identify(src/gradient_mapping) by extensions ['colcon_pkg']
[0.870s] Level 1:colcon.colcon_core.package_identification:_identify(src/gradient_mapping) by extension 'colcon_pkg'
[0.870s] Level 1:colcon.colcon_core.package_identification:_identify(src/gradient_mapping) by extensions ['colcon_meta']
[0.870s] Level 1:colcon.colcon_core.package_identification:_identify(src/gradient_mapping) by extension 'colcon_meta'
[0.870s] Level 1:colcon.colcon_core.package_identification:_identify(src/gradient_mapping) by extensions ['ros']
[0.870s] Level 1:colcon.colcon_core.package_identification:_identify(src/gradient_mapping) by extension 'ros'
[0.871s] DEBUG:colcon.colcon_core.package_identification:Package 'src/gradient_mapping' with type 'ros.ament_cmake' and name 'gradient_mapping'
[0.871s] Level 1:colcon.colcon_core.package_identification:_identify(src/messages) by extensions ['ignore', 'ignore_ament_install']
[0.871s] Level 1:colcon.colcon_core.package_identification:_identify(src/messages) by extension 'ignore'
[0.871s] Level 1:colcon.colcon_core.package_identification:_identify(src/messages) by extension 'ignore_ament_install'
[0.871s] Level 1:colcon.colcon_core.package_identification:_identify(src/messages) by extensions ['colcon_pkg']
[0.871s] Level 1:colcon.colcon_core.package_identification:_identify(src/messages) by extension 'colcon_pkg'
[0.871s] Level 1:colcon.colcon_core.package_identification:_identify(src/messages) by extensions ['colcon_meta']
[0.871s] Level 1:colcon.colcon_core.package_identification:_identify(src/messages) by extension 'colcon_meta'
[0.871s] Level 1:colcon.colcon_core.package_identification:_identify(src/messages) by extensions ['ros']
[0.871s] Level 1:colcon.colcon_core.package_identification:_identify(src/messages) by extension 'ros'
[0.872s] DEBUG:colcon.colcon_core.package_identification:Package 'src/messages' with type 'ros.ament_cmake' and name 'messages'
[0.872s] Level 1:colcon.colcon_core.package_discovery:discover_packages(recursive) using defaults
[0.872s] Level 1:colcon.colcon_core.package_discovery:discover_packages(ignore) discover
[0.872s] Level 1:colcon.colcon_core.package_discovery:discover_packages(ignore) using defaults
[0.872s] Level 1:colcon.colcon_core.package_discovery:discover_packages(path) discover
[0.872s] Level 1:colcon.colcon_core.package_discovery:discover_packages(path) using defaults
[0.925s] Level 5:colcon.colcon_core.verb:set package 'full_matching' build argument 'cmake_args' from command line to 'None'
[0.925s] Level 5:colcon.colcon_core.verb:set package 'full_matching' build argument 'cmake_target' from command line to 'None'
[0.925s] Level 5:colcon.colcon_core.verb:set package 'full_matching' build argument 'cmake_target_skip_unavailable' from command line to 'False'
[0.925s] Level 5:colcon.colcon_core.verb:set package 'full_matching' build argument 'cmake_clean_cache' from command line to 'False'
[0.925s] Level 5:colcon.colcon_core.verb:set package 'full_matching' build argument 'cmake_clean_first' from command line to 'False'
[0.925s] Level 5:colcon.colcon_core.verb:set package 'full_matching' build argument 'cmake_force_configure' from command line to 'False'
[0.925s] Level 5:colcon.colcon_core.verb:set package 'full_matching' build argument 'ament_cmake_args' from command line to 'None'
[0.925s] Level 5:colcon.colcon_core.verb:set package 'full_matching' build argument 'catkin_cmake_args' from command line to 'None'
[0.925s] Level 5:colcon.colcon_core.verb:set package 'full_matching' build argument 'catkin_skip_building_tests' from command line to 'False'
[0.925s] DEBUG:colcon.colcon_core.verb:Building package 'full_matching' with the following arguments: {'ament_cmake_args': None, 'build_base': '/workspaces/codespace/ros2/project/local_mapping/build/full_matching', 'catkin_cmake_args': None, 'catkin_skip_building_tests': False, 'cmake_args': None, 'cmake_clean_cache': False, 'cmake_clean_first': False, 'cmake_force_configure': False, 'cmake_target': None, 'cmake_target_skip_unavailable': False, 'install_base': '/workspaces/codespace/ros2/project/local_mapping/install/full_matching', 'merge_install': False, 'path': '/workspaces/codespace/ros2/project/local_mapping/src/full_matching', 'symlink_install': True, 'test_result_base': None}
[0.935s] Level 5:colcon.colcon_core.verb:set package 'messages' build argument 'cmake_args' from command line to 'None'
[0.935s] Level 5:colcon.colcon_core.verb:set package 'messages' build argument 'cmake_target' from command line to 'None'
[0.935s] Level 5:colcon.colcon_core.verb:set package 'messages' build argument 'cmake_target_skip_unavailable' from command line to 'False'
[0.935s] Level 5:colcon.colcon_core.verb:set package 'messages' build argument 'cmake_clean_cache' from command line to 'False'
[0.935s] Level 5:colcon.colcon_core.verb:set package 'messages' build argument 'cmake_clean_first' from command line to 'False'
[0.935s] Level 5:colcon.colcon_core.verb:set package 'messages' build argument 'cmake_force_configure' from command line to 'False'
[0.935s] Level 5:colcon.colcon_core.verb:set package 'messages' build argument 'ament_cmake_args' from command line to 'None'
[0.935s] Level 5:colcon.colcon_core.verb:set package 'messages' build argument 'catkin_cmake_args' from command line to 'None'
[0.935s] Level 5:colcon.colcon_core.verb:set package 'messages' build argument 'catkin_skip_building_tests' from command line to 'False'
[0.935s] DEBUG:colcon.colcon_core.verb:Building package 'messages' with the following arguments: {'ament_cmake_args': None, 'build_base': '/workspaces/codespace/ros2/project/local_mapping/build/messages', 'catkin_cmake_args': None, 'catkin_skip_building_tests': False, 'cmake_args': None, 'cmake_clean_cache': False, 'cmake_clean_first': False, 'cmake_force_configure': False, 'cmake_target': None, 'cmake_target_skip_unavailable': False, 'install_base': '/workspaces/codespace/ros2/project/local_mapping/install/messages', 'merge_install': False, 'path': '/workspaces/codespace/ros2/project/local_mapping/src/messages', 'symlink_install': True, 'test_result_base': None}
[0.944s] Level 5:colcon.colcon_core.verb:set package 'gradient_mapping' build argument 'cmake_args' from command line to 'None'
[0.944s] Level 5:colcon.colcon_core.verb:set package 'gradient_mapping' build argument 'cmake_target' from command line to 'None'
[0.944s] Level 5:colcon.colcon_core.verb:set package 'gradient_mapping' build argument 'cmake_target_skip_unavailable' from command line to 'False'
[0.944s] Level 5:colcon.colcon_core.verb:set package 'gradient_mapping' build argument 'cmake_clean_cache' from command line to 'False'
[0.944s] Level 5:colcon.colcon_core.verb:set package 'gradient_mapping' build argument 'cmake_clean_first' from command line to 'False'
[0.944s] Level 5:colcon.colcon_core.verb:set package 'gradient_mapping' build argument 'cmake_force_configure' from command line to 'False'
[0.944s] Level 5:colcon.colcon_core.verb:set package 'gradient_mapping' build argument 'ament_cmake_args' from command line to 'None'
[0.944s] Level 5:colcon.colcon_core.verb:set package 'gradient_mapping' build argument 'catkin_cmake_args' from command line to 'None'
[0.945s] Level 5:colcon.colcon_core.verb:set package 'gradient_mapping' build argument 'catkin_skip_building_tests' from command line to 'False'
[0.945s] DEBUG:colcon.colcon_core.verb:Building package 'gradient_mapping' with the following arguments: {'ament_cmake_args': None, 'build_base': '/workspaces/codespace/ros2/project/local_mapping/build/gradient_mapping', 'catkin_cmake_args': None, 'catkin_skip_building_tests': False, 'cmake_args': None, 'cmake_clean_cache': False, 'cmake_clean_first': False, 'cmake_force_configure': False, 'cmake_target': None, 'cmake_target_skip_unavailable': False, 'install_base': '/workspaces/codespace/ros2/project/local_mapping/install/gradient_mapping', 'merge_install': False, 'path': '/workspaces/codespace/ros2/project/local_mapping/src/gradient_mapping', 'symlink_install': True, 'test_result_base': None}
[0.954s] INFO:colcon.colcon_core.executor:Executing jobs using 'parallel' executor
[0.965s] DEBUG:colcon.colcon_parallel_executor.executor.parallel:run_until_complete
[0.965s] INFO:colcon.colcon_ros.task.ament_cmake.build:Building ROS package in '/workspaces/codespace/ros2/project/local_mapping/src/messages' with build type 'ament_cmake'
[0.965s] INFO:colcon.colcon_cmake.task.cmake.build:Building CMake package in '/workspaces/codespace/ros2/project/local_mapping/src/messages'
[0.977s] INFO:colcon.colcon_core.plugin_system:Skipping extension 'colcon_core.shell.bat': Not used on non-Windows systems
[0.977s] INFO:colcon.colcon_core.shell:Skip shell extension 'powershell' for command environment: Not usable outside of PowerShell
[0.977s] DEBUG:colcon.colcon_core.shell:Skip shell extension 'dsv' for command environment
[1.009s] INFO:colcon.colcon_ros.task.ament_cmake.build:Building ROS package in '/workspaces/codespace/ros2/project/local_mapping/src/full_matching' with build type 'ament_cmake'
[1.009s] INFO:colcon.colcon_cmake.task.cmake.build:Building CMake package in '/workspaces/codespace/ros2/project/local_mapping/src/full_matching'
[1.019s] INFO:colcon.colcon_core.shell:Skip shell extension 'powershell' for command environment: Not usable outside of PowerShell
[1.019s] DEBUG:colcon.colcon_core.shell:Skip shell extension 'dsv' for command environment
[1.054s] DEBUG:colcon.colcon_core.event_handler.log_command:Invoking command in '/workspaces/codespace/ros2/project/local_mapping/build/messages': CMAKE_PREFIX_PATH=${CMAKE_PREFIX_PATH}:/opt/ros/humble /usr/bin/cmake --build /workspaces/codespace/ros2/project/local_mapping/build/messages -- -j16 -l16
[1.057s] DEBUG:colcon.colcon_core.event_handler.log_command:Invoking command in '/workspaces/codespace/ros2/project/local_mapping/build/full_matching': CMAKE_PREFIX_PATH=${CMAKE_PREFIX_PATH}:/opt/ros/humble /usr/bin/cmake --build /workspaces/codespace/ros2/project/local_mapping/build/full_matching -- -j16 -l16
[1.092s] DEBUG:colcon.colcon_core.event_handler.log_command:Invoked command in '/workspaces/codespace/ros2/project/local_mapping/build/full_matching' returned '0': CMAKE_PREFIX_PATH=${CMAKE_PREFIX_PATH}:/opt/ros/humble /usr/bin/cmake --build /workspaces/codespace/ros2/project/local_mapping/build/full_matching -- -j16 -l16
[1.123s] DEBUG:colcon.colcon_core.event_handler.log_command:Invoking command in '/workspaces/codespace/ros2/project/local_mapping/build/full_matching': CMAKE_PREFIX_PATH=${CMAKE_PREFIX_PATH}:/opt/ros/humble /usr/bin/cmake --install /workspaces/codespace/ros2/project/local_mapping/build/full_matching
[1.142s] Level 1:colcon.colcon_core.environment:create_environment_scripts_only(full_matching)
[1.143s] DEBUG:colcon.colcon_core.event_handler.log_command:Invoked command in '/workspaces/codespace/ros2/project/local_mapping/build/full_matching' returned '0': CMAKE_PREFIX_PATH=${CMAKE_PREFIX_PATH}:/opt/ros/humble /usr/bin/cmake --install /workspaces/codespace/ros2/project/local_mapping/build/full_matching
[1.155s] Level 1:colcon.colcon_core.environment:checking '/workspaces/codespace/ros2/project/local_mapping/install/full_matching' for CMake module files
[1.155s] Level 1:colcon.colcon_core.environment:checking '/workspaces/codespace/ros2/project/local_mapping/install/full_matching' for CMake config files
[1.155s] Level 1:colcon.colcon_core.shell:create_environment_hook('full_matching', 'cmake_prefix_path')
[1.166s] INFO:colcon.colcon_core.shell:Creating environment hook '/workspaces/codespace/ros2/project/local_mapping/install/full_matching/share/full_matching/hook/cmake_prefix_path.ps1'
[1.166s] INFO:colcon.colcon_core.shell:Creating environment descriptor '/workspaces/codespace/ros2/project/local_mapping/install/full_matching/share/full_matching/hook/cmake_prefix_path.dsv'
[1.167s] INFO:colcon.colcon_core.shell:Creating environment hook '/workspaces/codespace/ros2/project/local_mapping/install/full_matching/share/full_matching/hook/cmake_prefix_path.sh'
[1.167s] Level 1:colcon.colcon_core.environment:checking '/workspaces/codespace/ros2/project/local_mapping/install/full_matching/bin'
[1.167s] Level 1:colcon.colcon_core.environment:checking '/workspaces/codespace/ros2/project/local_mapping/install/full_matching/lib/pkgconfig/full_matching.pc'
[1.169s] Level 1:colcon.colcon_core.environment:checking '/workspaces/codespace/ros2/project/local_mapping/install/full_matching/lib/python3.10/site-packages'
[1.169s] Level 1:colcon.colcon_core.environment:checking '/workspaces/codespace/ros2/project/local_mapping/install/full_matching/bin'
[1.180s] INFO:colcon.colcon_core.shell:Creating package script '/workspaces/codespace/ros2/project/local_mapping/install/full_matching/share/full_matching/package.ps1'
[1.180s] INFO:colcon.colcon_core.shell:Creating package descriptor '/workspaces/codespace/ros2/project/local_mapping/install/full_matching/share/full_matching/package.dsv'
[1.181s] INFO:colcon.colcon_core.shell:Creating package script '/workspaces/codespace/ros2/project/local_mapping/install/full_matching/share/full_matching/package.sh'
[1.181s] INFO:colcon.colcon_core.shell:Creating package script '/workspaces/codespace/ros2/project/local_mapping/install/full_matching/share/full_matching/package.bash'
[1.182s] INFO:colcon.colcon_core.shell:Creating package script '/workspaces/codespace/ros2/project/local_mapping/install/full_matching/share/full_matching/package.zsh'
[1.182s] Level 1:colcon.colcon_core.environment:create_file_with_runtime_dependencies(/workspaces/codespace/ros2/project/local_mapping/install/full_matching/share/colcon-core/packages/full_matching)
[1.213s] Level 1:colcon.colcon_core.environment:create_environment_scripts_only(full_matching)
[1.222s] Level 1:colcon.colcon_core.environment:checking '/workspaces/codespace/ros2/project/local_mapping/install/full_matching' for CMake module files
[1.223s] Level 1:colcon.colcon_core.environment:checking '/workspaces/codespace/ros2/project/local_mapping/install/full_matching' for CMake config files
[1.223s] Level 1:colcon.colcon_core.shell:create_environment_hook('full_matching', 'cmake_prefix_path')
[1.232s] INFO:colcon.colcon_core.shell:Creating environment hook '/workspaces/codespace/ros2/project/local_mapping/install/full_matching/share/full_matching/hook/cmake_prefix_path.ps1'
[1.233s] INFO:colcon.colcon_core.shell:Creating environment descriptor '/workspaces/codespace/ros2/project/local_mapping/install/full_matching/share/full_matching/hook/cmake_prefix_path.dsv'
[1.233s] INFO:colcon.colcon_core.shell:Creating environment hook '/workspaces/codespace/ros2/project/local_mapping/install/full_matching/share/full_matching/hook/cmake_prefix_path.sh'
[1.234s] Level 1:colcon.colcon_core.environment:checking '/workspaces/codespace/ros2/project/local_mapping/install/full_matching/bin'
[1.234s] Level 1:colcon.colcon_core.environment:checking '/workspaces/codespace/ros2/project/local_mapping/install/full_matching/lib/pkgconfig/full_matching.pc'
[1.234s] Level 1:colcon.colcon_core.environment:checking '/workspaces/codespace/ros2/project/local_mapping/install/full_matching/lib/python3.10/site-packages'
[1.234s] Level 1:colcon.colcon_core.environment:checking '/workspaces/codespace/ros2/project/local_mapping/install/full_matching/bin'
[1.243s] INFO:colcon.colcon_core.shell:Creating package script '/workspaces/codespace/ros2/project/local_mapping/install/full_matching/share/full_matching/package.ps1'
[1.244s] INFO:colcon.colcon_core.shell:Creating package descriptor '/workspaces/codespace/ros2/project/local_mapping/install/full_matching/share/full_matching/package.dsv'
[1.244s] INFO:colcon.colcon_core.shell:Creating package script '/workspaces/codespace/ros2/project/local_mapping/install/full_matching/share/full_matching/package.sh'
[1.244s] INFO:colcon.colcon_core.shell:Creating package script '/workspaces/codespace/ros2/project/local_mapping/install/full_matching/share/full_matching/package.bash'
[1.245s] INFO:colcon.colcon_core.shell:Creating package script '/workspaces/codespace/ros2/project/local_mapping/install/full_matching/share/full_matching/package.zsh'
[1.245s] Level 1:colcon.colcon_core.environment:create_file_with_runtime_dependencies(/workspaces/codespace/ros2/project/local_mapping/install/full_matching/share/colcon-core/packages/full_matching)
[1.327s] DEBUG:colcon.colcon_core.event_handler.log_command:Invoked command in '/workspaces/codespace/ros2/project/local_mapping/build/messages' returned '0': CMAKE_PREFIX_PATH=${CMAKE_PREFIX_PATH}:/opt/ros/humble /usr/bin/cmake --build /workspaces/codespace/ros2/project/local_mapping/build/messages -- -j16 -l16
[1.408s] DEBUG:colcon.colcon_core.event_handler.log_command:Invoking command in '/workspaces/codespace/ros2/project/local_mapping/build/messages': CMAKE_PREFIX_PATH=${CMAKE_PREFIX_PATH}:/opt/ros/humble /usr/bin/cmake --install /workspaces/codespace/ros2/project/local_mapping/build/messages
[1.471s] Level 1:colcon.colcon_core.environment:create_environment_scripts_only(messages)
[1.471s] DEBUG:colcon.colcon_core.event_handler.log_command:Invoked command in '/workspaces/codespace/ros2/project/local_mapping/build/messages' returned '0': CMAKE_PREFIX_PATH=${CMAKE_PREFIX_PATH}:/opt/ros/humble /usr/bin/cmake --install /workspaces/codespace/ros2/project/local_mapping/build/messages
[1.481s] Level 1:colcon.colcon_core.environment:checking '/workspaces/codespace/ros2/project/local_mapping/install/messages' for CMake module files
[1.482s] Level 1:colcon.colcon_core.environment:checking '/workspaces/codespace/ros2/project/local_mapping/install/messages' for CMake config files
[1.483s] Level 1:colcon.colcon_core.shell:create_environment_hook('messages', 'cmake_prefix_path')
[1.492s] INFO:colcon.colcon_core.shell:Creating environment hook '/workspaces/codespace/ros2/project/local_mapping/install/messages/share/messages/hook/cmake_prefix_path.ps1'
[1.493s] INFO:colcon.colcon_core.shell:Creating environment descriptor '/workspaces/codespace/ros2/project/local_mapping/install/messages/share/messages/hook/cmake_prefix_path.dsv'
[1.493s] INFO:colcon.colcon_core.shell:Creating environment hook '/workspaces/codespace/ros2/project/local_mapping/install/messages/share/messages/hook/cmake_prefix_path.sh'
[1.493s] Level 1:colcon.colcon_core.environment:checking '/workspaces/codespace/ros2/project/local_mapping/install/messages/lib'
[1.494s] Level 1:colcon.colcon_core.shell:create_environment_hook('messages', 'ld_library_path_lib')
[1.504s] INFO:colcon.colcon_core.shell:Creating environment hook '/workspaces/codespace/ros2/project/local_mapping/install/messages/share/messages/hook/ld_library_path_lib.ps1'
[1.504s] INFO:colcon.colcon_core.shell:Creating environment descriptor '/workspaces/codespace/ros2/project/local_mapping/install/messages/share/messages/hook/ld_library_path_lib.dsv'
[1.504s] INFO:colcon.colcon_core.shell:Creating environment hook '/workspaces/codespace/ros2/project/local_mapping/install/messages/share/messages/hook/ld_library_path_lib.sh'
[1.505s] Level 1:colcon.colcon_core.environment:checking '/workspaces/codespace/ros2/project/local_mapping/install/messages/bin'
[1.505s] Level 1:colcon.colcon_core.environment:checking '/workspaces/codespace/ros2/project/local_mapping/install/messages/lib/pkgconfig/messages.pc'
[1.505s] Level 1:colcon.colcon_core.environment:checking '/workspaces/codespace/ros2/project/local_mapping/install/messages/lib/python3.10/site-packages'
[1.505s] Level 1:colcon.colcon_core.environment:checking '/workspaces/codespace/ros2/project/local_mapping/install/messages/bin'
[1.515s] INFO:colcon.colcon_core.shell:Creating package script '/workspaces/codespace/ros2/project/local_mapping/install/messages/share/messages/package.ps1'
[1.516s] INFO:colcon.colcon_core.shell:Creating package descriptor '/workspaces/codespace/ros2/project/local_mapping/install/messages/share/messages/package.dsv'
[1.516s] INFO:colcon.colcon_core.shell:Creating package script '/workspaces/codespace/ros2/project/local_mapping/install/messages/share/messages/package.sh'
[1.516s] INFO:colcon.colcon_core.shell:Creating package script '/workspaces/codespace/ros2/project/local_mapping/install/messages/share/messages/package.bash'
[1.516s] INFO:colcon.colcon_core.shell:Creating package script '/workspaces/codespace/ros2/project/local_mapping/install/messages/share/messages/package.zsh'
[1.517s] Level 1:colcon.colcon_core.environment:create_file_with_runtime_dependencies(/workspaces/codespace/ros2/project/local_mapping/install/messages/share/colcon-core/packages/messages)
[1.610s] Level 1:colcon.colcon_core.environment:create_environment_scripts_only(messages)
[1.620s] Level 1:colcon.colcon_core.environment:checking '/workspaces/codespace/ros2/project/local_mapping/install/messages' for CMake module files
[1.620s] Level 1:colcon.colcon_core.environment:checking '/workspaces/codespace/ros2/project/local_mapping/install/messages' for CMake config files
[1.621s] Level 1:colcon.colcon_core.shell:create_environment_hook('messages', 'cmake_prefix_path')
[1.630s] INFO:colcon.colcon_core.shell:Creating environment hook '/workspaces/codespace/ros2/project/local_mapping/install/messages/share/messages/hook/cmake_prefix_path.ps1'
[1.630s] INFO:colcon.colcon_core.shell:Creating environment descriptor '/workspaces/codespace/ros2/project/local_mapping/install/messages/share/messages/hook/cmake_prefix_path.dsv'
[1.631s] INFO:colcon.colcon_core.shell:Creating environment hook '/workspaces/codespace/ros2/project/local_mapping/install/messages/share/messages/hook/cmake_prefix_path.sh'
[1.631s] Level 1:colcon.colcon_core.environment:checking '/workspaces/codespace/ros2/project/local_mapping/install/messages/lib'
[1.631s] Level 1:colcon.colcon_core.shell:create_environment_hook('messages', 'ld_library_path_lib')
[1.640s] INFO:colcon.colcon_core.shell:Creating environment hook '/workspaces/codespace/ros2/project/local_mapping/install/messages/share/messages/hook/ld_library_path_lib.ps1'
[1.641s] INFO:colcon.colcon_core.shell:Creating environment descriptor '/workspaces/codespace/ros2/project/local_mapping/install/messages/share/messages/hook/ld_library_path_lib.dsv'
[1.641s] INFO:colcon.colcon_core.shell:Creating environment hook '/workspaces/codespace/ros2/project/local_mapping/install/messages/share/messages/hook/ld_library_path_lib.sh'
[1.641s] Level 1:colcon.colcon_core.environment:checking '/workspaces/codespace/ros2/project/local_mapping/install/messages/bin'
[1.641s] Level 1:colcon.colcon_core.environment:checking '/workspaces/codespace/ros2/project/local_mapping/install/messages/lib/pkgconfig/messages.pc'
[1.641s] Level 1:colcon.colcon_core.environment:checking '/workspaces/codespace/ros2/project/local_mapping/install/messages/lib/python3.10/site-packages'
[1.642s] Level 1:colcon.colcon_core.environment:checking '/workspaces/codespace/ros2/project/local_mapping/install/messages/bin'
[1.651s] INFO:colcon.colcon_core.shell:Creating package script '/workspaces/codespace/ros2/project/local_mapping/install/messages/share/messages/package.ps1'
[1.651s] INFO:colcon.colcon_core.shell:Creating package descriptor '/workspaces/codespace/ros2/project/local_mapping/install/messages/share/messages/package.dsv'
[1.652s] INFO:colcon.colcon_core.shell:Creating package script '/workspaces/codespace/ros2/project/local_mapping/install/messages/share/messages/package.sh'
[1.652s] INFO:colcon.colcon_core.shell:Creating package script '/workspaces/codespace/ros2/project/local_mapping/install/messages/share/messages/package.bash'
[1.652s] INFO:colcon.colcon_core.shell:Creating package script '/workspaces/codespace/ros2/project/local_mapping/install/messages/share/messages/package.zsh'
[1.653s] Level 1:colcon.colcon_core.environment:create_file_with_runtime_dependencies(/workspaces/codespace/ros2/project/local_mapping/install/messages/share/colcon-core/packages/messages)
[1.653s] INFO:colcon.colcon_ros.task.ament_cmake.build:Building ROS package in '/workspaces/codespace/ros2/project/local_mapping/src/gradient_mapping' with build type 'ament_cmake'
[1.653s] INFO:colcon.colcon_cmake.task.cmake.build:Building CMake package in '/workspaces/codespace/ros2/project/local_mapping/src/gradient_mapping'
[1.663s] INFO:colcon.colcon_core.shell:Skip shell extension 'powershell' for command environment: Not usable outside of PowerShell
[1.663s] DEBUG:colcon.colcon_core.shell:Skip shell extension 'dsv' for command environment
[1.702s] DEBUG:colcon.colcon_core.event_handler.log_command:Invoking command in '/workspaces/codespace/ros2/project/local_mapping/build/gradient_mapping': AMENT_PREFIX_PATH=/workspaces/codespace/ros2/project/local_mapping/install/messages:${AMENT_PREFIX_PATH} CMAKE_PREFIX_PATH=/workspaces/codespace/ros2/project/local_mapping/install/messages:/workspaces/codespace/ros2/project/local_mapping/install/gradient_mapping:/workspaces/codespace/ros2/project/local_mapping/install/full_matching:/opt/ros/humble LD_LIBRARY_PATH=/workspaces/codespace/ros2/project/local_mapping/install/messages/lib:${LD_LIBRARY_PATH} PYTHONPATH=/workspaces/codespace/ros2/project/local_mapping/install/messages/local/lib/python3.10/dist-packages:${PYTHONPATH} /usr/bin/cmake --build /workspaces/codespace/ros2/project/local_mapping/build/gradient_mapping -- -j16 -l16
[4.926s] DEBUG:colcon.colcon_core.event_handler.log_command:Invoked command in '/workspaces/codespace/ros2/project/local_mapping/build/gradient_mapping' returned '0': AMENT_PREFIX_PATH=/workspaces/codespace/ros2/project/local_mapping/install/messages:${AMENT_PREFIX_PATH} CMAKE_PREFIX_PATH=/workspaces/codespace/ros2/project/local_mapping/install/messages:/workspaces/codespace/ros2/project/local_mapping/install/gradient_mapping:/workspaces/codespace/ros2/project/local_mapping/install/full_matching:/opt/ros/humble LD_LIBRARY_PATH=/workspaces/codespace/ros2/project/local_mapping/install/messages/lib:${LD_LIBRARY_PATH} PYTHONPATH=/workspaces/codespace/ros2/project/local_mapping/install/messages/local/lib/python3.10/dist-packages:${PYTHONPATH} /usr/bin/cmake --build /workspaces/codespace/ros2/project/local_mapping/build/gradient_mapping -- -j16 -l16
[4.953s] DEBUG:colcon.colcon_core.event_handler.log_command:Invoking command in '/workspaces/codespace/ros2/project/local_mapping/build/gradient_mapping': AMENT_PREFIX_PATH=/workspaces/codespace/ros2/project/local_mapping/install/messages:${AMENT_PREFIX_PATH} CMAKE_PREFIX_PATH=/workspaces/codespace/ros2/project/local_mapping/install/messages:/workspaces/codespace/ros2/project/local_mapping/install/gradient_mapping:/workspaces/codespace/ros2/project/local_mapping/install/full_matching:/opt/ros/humble LD_LIBRARY_PATH=/workspaces/codespace/ros2/project/local_mapping/install/messages/lib:${LD_LIBRARY_PATH} PYTHONPATH=/workspaces/codespace/ros2/project/local_mapping/install/messages/local/lib/python3.10/dist-packages:${PYTHONPATH} /usr/bin/cmake --install /workspaces/codespace/ros2/project/local_mapping/build/gradient_mapping
[4.983s] Level 1:colcon.colcon_core.environment:create_environment_scripts_only(gradient_mapping)
[4.983s] DEBUG:colcon.colcon_core.event_handler.log_command:Invoked command in '/workspaces/codespace/ros2/project/local_mapping/build/gradient_mapping' returned '0': AMENT_PREFIX_PATH=/workspaces/codespace/ros2/project/local_mapping/install/messages:${AMENT_PREFIX_PATH} CMAKE_PREFIX_PATH=/workspaces/codespace/ros2/project/local_mapping/install/messages:/workspaces/codespace/ros2/project/local_mapping/install/gradient_mapping:/workspaces/codespace/ros2/project/local_mapping/install/full_matching:/opt/ros/humble LD_LIBRARY_PATH=/workspaces/codespace/ros2/project/local_mapping/install/messages/lib:${LD_LIBRARY_PATH} PYTHONPATH=/workspaces/codespace/ros2/project/local_mapping/install/messages/local/lib/python3.10/dist-packages:${PYTHONPATH} /usr/bin/cmake --install /workspaces/codespace/ros2/project/local_mapping/build/gradient_mapping
[4.993s] Level 1:colcon.colcon_core.environment:checking '/workspaces/codespace/ros2/project/local_mapping/install/gradient_mapping' for CMake module files
[4.993s] Level 1:colcon.colcon_core.environment:checking '/workspaces/codespace/ros2/project/local_mapping/install/gradient_mapping' for CMake config files
[4.994s] Level 1:colcon.colcon_core.shell:create_environment_hook('gradient_mapping', 'cmake_prefix_path')
[5.003s] INFO:colcon.colcon_core.shell:Creating environment hook '/workspaces/codespace/ros2/project/local_mapping/install/gradient_mapping/share/gradient_mapping/hook/cmake_prefix_path.ps1'
[5.004s] INFO:colcon.colcon_core.shell:Creating environment descriptor '/workspaces/codespace/ros2/project/local_mapping/install/gradient_mapping/share/gradient_mapping/hook/cmake_prefix_path.dsv'
[5.004s] INFO:colcon.colcon_core.shell:Creating environment hook '/workspaces/codespace/ros2/project/local_mapping/install/gradient_mapping/share/gradient_mapping/hook/cmake_prefix_path.sh'
[5.004s] Level 1:colcon.colcon_core.environment:checking '/workspaces/codespace/ros2/project/local_mapping/install/gradient_mapping/lib'
[5.004s] Level 1:colcon.colcon_core.shell:create_environment_hook('gradient_mapping', 'ld_library_path_lib')
[5.014s] INFO:colcon.colcon_core.shell:Creating environment hook '/workspaces/codespace/ros2/project/local_mapping/install/gradient_mapping/share/gradient_mapping/hook/ld_library_path_lib.ps1'
[5.014s] INFO:colcon.colcon_core.shell:Creating environment descriptor '/workspaces/codespace/ros2/project/local_mapping/install/gradient_mapping/share/gradient_mapping/hook/ld_library_path_lib.dsv'
[5.014s] INFO:colcon.colcon_core.shell:Creating environment hook '/workspaces/codespace/ros2/project/local_mapping/install/gradient_mapping/share/gradient_mapping/hook/ld_library_path_lib.sh'
[5.014s] Level 1:colcon.colcon_core.environment:checking '/workspaces/codespace/ros2/project/local_mapping/install/gradient_mapping/bin'
[5.015s] Level 1:colcon.colcon_core.environment:checking '/workspaces/codespace/ros2/project/local_mapping/install/gradient_mapping/lib/pkgconfig/gradient_mapping.pc'
[5.015s] Level 1:colcon.colcon_core.environment:checking '/workspaces/codespace/ros2/project/local_mapping/install/gradient_mapping/lib/python3.10/site-packages'
[5.015s] Level 1:colcon.colcon_core.environment:checking '/workspaces/codespace/ros2/project/local_mapping/install/gradient_mapping/bin'
[5.024s] INFO:colcon.colcon_core.shell:Creating package script '/workspaces/codespace/ros2/project/local_mapping/install/gradient_mapping/share/gradient_mapping/package.ps1'
[5.025s] INFO:colcon.colcon_core.shell:Creating package descriptor '/workspaces/codespace/ros2/project/local_mapping/install/gradient_mapping/share/gradient_mapping/package.dsv'
[5.025s] INFO:colcon.colcon_core.shell:Creating package script '/workspaces/codespace/ros2/project/local_mapping/install/gradient_mapping/share/gradient_mapping/package.sh'
[5.025s] INFO:colcon.colcon_core.shell:Creating package script '/workspaces/codespace/ros2/project/local_mapping/install/gradient_mapping/share/gradient_mapping/package.bash'
[5.025s] INFO:colcon.colcon_core.shell:Creating package script '/workspaces/codespace/ros2/project/local_mapping/install/gradient_mapping/share/gradient_mapping/package.zsh'
[5.026s] Level 1:colcon.colcon_core.environment:create_file_with_runtime_dependencies(/workspaces/codespace/ros2/project/local_mapping/install/gradient_mapping/share/colcon-core/packages/gradient_mapping)
[5.062s] Level 1:colcon.colcon_core.environment:create_environment_scripts_only(gradient_mapping)
[5.071s] Level 1:colcon.colcon_core.environment:checking '/workspaces/codespace/ros2/project/local_mapping/install/gradient_mapping' for CMake module files
[5.072s] Level 1:colcon.colcon_core.environment:checking '/workspaces/codespace/ros2/project/local_mapping/install/gradient_mapping' for CMake config files
[5.073s] Level 1:colcon.colcon_core.shell:create_environment_hook('gradient_mapping', 'cmake_prefix_path')
[5.082s] INFO:colcon.colcon_core.shell:Creating environment hook '/workspaces/codespace/ros2/project/local_mapping/install/gradient_mapping/share/gradient_mapping/hook/cmake_prefix_path.ps1'
[5.083s] INFO:colcon.colcon_core.shell:Creating environment descriptor '/workspaces/codespace/ros2/project/local_mapping/install/gradient_mapping/share/gradient_mapping/hook/cmake_prefix_path.dsv'
[5.083s] INFO:colcon.colcon_core.shell:Creating environment hook '/workspaces/codespace/ros2/project/local_mapping/install/gradient_mapping/share/gradient_mapping/hook/cmake_prefix_path.sh'
[5.083s] Level 1:colcon.colcon_core.environment:checking '/workspaces/codespace/ros2/project/local_mapping/install/gradient_mapping/lib'
[5.083s] Level 1:colcon.colcon_core.shell:create_environment_hook('gradient_mapping', 'ld_library_path_lib')
[5.093s] INFO:colcon.colcon_core.shell:Creating environment hook '/workspaces/codespace/ros2/project/local_mapping/install/gradient_mapping/share/gradient_mapping/hook/ld_library_path_lib.ps1'
[5.093s] INFO:colcon.colcon_core.shell:Creating environment descriptor '/workspaces/codespace/ros2/project/local_mapping/install/gradient_mapping/share/gradient_mapping/hook/ld_library_path_lib.dsv'
[5.094s] INFO:colcon.colcon_core.shell:Creating environment hook '/workspaces/codespace/ros2/project/local_mapping/install/gradient_mapping/share/gradient_mapping/hook/ld_library_path_lib.sh'
[5.094s] Level 1:colcon.colcon_core.environment:checking '/workspaces/codespace/ros2/project/local_mapping/install/gradient_mapping/bin'
[5.094s] Level 1:colcon.colcon_core.environment:checking '/workspaces/codespace/ros2/project/local_mapping/install/gradient_mapping/lib/pkgconfig/gradient_mapping.pc'
[5.094s] Level 1:colcon.colcon_core.environment:checking '/workspaces/codespace/ros2/project/local_mapping/install/gradient_mapping/lib/python3.10/site-packages'
[5.094s] Level 1:colcon.colcon_core.environment:checking '/workspaces/codespace/ros2/project/local_mapping/install/gradient_mapping/bin'
[5.104s] INFO:colcon.colcon_core.shell:Creating package script '/workspaces/codespace/ros2/project/local_mapping/install/gradient_mapping/share/gradient_mapping/package.ps1'
[5.104s] INFO:colcon.colcon_core.shell:Creating package descriptor '/workspaces/codespace/ros2/project/local_mapping/install/gradient_mapping/share/gradient_mapping/package.dsv'
[5.105s] INFO:colcon.colcon_core.shell:Creating package script '/workspaces/codespace/ros2/project/local_mapping/install/gradient_mapping/share/gradient_mapping/package.sh'
[5.105s] INFO:colcon.colcon_core.shell:Creating package script '/workspaces/codespace/ros2/project/local_mapping/install/gradient_mapping/share/gradient_mapping/package.bash'
[5.105s] INFO:colcon.colcon_core.shell:Creating package script '/workspaces/codespace/ros2/project/local_mapping/install/gradient_mapping/share/gradient_mapping/package.zsh'
[5.105s] Level 1:colcon.colcon_core.environment:create_file_with_runtime_dependencies(/workspaces/codespace/ros2/project/local_mapping/install/gradient_mapping/share/colcon-core/packages/gradient_mapping)
[5.106s] DEBUG:colcon.colcon_parallel_executor.executor.parallel:closing loop
[5.106s] DEBUG:colcon.colcon_parallel_executor.executor.parallel:loop closed
[5.106s] DEBUG:colcon.colcon_parallel_executor.executor.parallel:run_until_complete finished with '0'
[5.106s] DEBUG:colcon.colcon_core.event_reactor:joining thread
[5.122s] INFO:colcon.colcon_core.plugin_system:Skipping extension 'colcon_notification.desktop_notification.notify_send': Could not find 'notify-send'
[5.122s] INFO:colcon.colcon_core.plugin_system:Skipping extension 'colcon_notification.desktop_notification.terminal_notifier': Not used on non-Darwin systems
[5.122s] INFO:colcon.colcon_core.plugin_system:Skipping extension 'colcon_notification.desktop_notification.win32': Not used on non-Windows systems
[5.122s] INFO:colcon.colcon_notification.desktop_notification:Sending desktop notification using 'notify2'
[5.126s] DEBUG:colcon.colcon_notification.desktop_notification.notify2:Failed to initialize notify2: org.freedesktop.DBus.Error.Spawn.ExecFailed: /usr/bin/dbus-launch terminated abnormally without any error message
[5.126s] DEBUG:colcon.colcon_core.event_reactor:joined thread
[5.147s] INFO:colcon.colcon_core.shell:Creating prefix script '/workspaces/codespace/ros2/project/local_mapping/install/local_setup.ps1'
[5.148s] INFO:colcon.colcon_core.shell:Creating prefix util module '/workspaces/codespace/ros2/project/local_mapping/install/_local_setup_util_ps1.py'
[5.149s] INFO:colcon.colcon_core.shell:Creating prefix chain script '/workspaces/codespace/ros2/project/local_mapping/install/setup.ps1'
[5.159s] INFO:colcon.colcon_core.shell:Creating prefix script '/workspaces/codespace/ros2/project/local_mapping/install/local_setup.sh'
[5.159s] INFO:colcon.colcon_core.shell:Creating prefix util module '/workspaces/codespace/ros2/project/local_mapping/install/_local_setup_util_sh.py'
[5.160s] INFO:colcon.colcon_core.shell:Creating prefix chain script '/workspaces/codespace/ros2/project/local_mapping/install/setup.sh'
[5.169s] INFO:colcon.colcon_core.shell:Creating prefix script '/workspaces/codespace/ros2/project/local_mapping/install/local_setup.bash'
[5.170s] INFO:colcon.colcon_core.shell:Creating prefix chain script '/workspaces/codespace/ros2/project/local_mapping/install/setup.bash'
[5.179s] INFO:colcon.colcon_core.shell:Creating prefix script '/workspaces/codespace/ros2/project/local_mapping/install/local_setup.zsh'
[5.180s] INFO:colcon.colcon_core.shell:Creating prefix chain script '/workspaces/codespace/ros2/project/local_mapping/install/setup.zsh'
