[ 50%] [32mBuilding CXX object CMakeFiles/client_main.dir/main.cpp.o[0m
[100%] [32m[1mLinking CXX executable client_main[0m
[100%] Built target client_main
-- Install configuration: ""
-- Execute custom install script
-- Symlinking: /workspaces/codespace/ros2/project/tutorial/install/examples_rclcpp_minimal_client/lib/examples_rclcpp_minimal_client/client_main
-- Symlinking: /workspaces/codespace/ros2/project/tutorial/install/examples_rclcpp_minimal_client/share/ament_index/resource_index/package_run_dependencies/examples_rclcpp_minimal_client
-- Symlinking: /workspaces/codespace/ros2/project/tutorial/install/examples_rclcpp_minimal_client/share/ament_index/resource_index/parent_prefix_path/examples_rclcpp_minimal_client
-- Symlinking: /workspaces/codespace/ros2/project/tutorial/install/examples_rclcpp_minimal_client/share/examples_rclcpp_minimal_client/environment/ament_prefix_path.sh
-- Symlinking: /workspaces/codespace/ros2/project/tutorial/install/examples_rclcpp_minimal_client/share/examples_rclcpp_minimal_client/environment/ament_prefix_path.dsv
-- Symlinking: /workspaces/codespace/ros2/project/tutorial/install/examples_rclcpp_minimal_client/share/examples_rclcpp_minimal_client/environment/path.sh
-- Symlinking: /workspaces/codespace/ros2/project/tutorial/install/examples_rclcpp_minimal_client/share/examples_rclcpp_minimal_client/environment/path.dsv
-- Symlinking: /workspaces/codespace/ros2/project/tutorial/install/examples_rclcpp_minimal_client/share/examples_rclcpp_minimal_client/local_setup.bash
-- Symlinking: /workspaces/codespace/ros2/project/tutorial/install/examples_rclcpp_minimal_client/share/examples_rclcpp_minimal_client/local_setup.sh
-- Symlinking: /workspaces/codespace/ros2/project/tutorial/install/examples_rclcpp_minimal_client/share/examples_rclcpp_minimal_client/local_setup.zsh
-- Symlinking: /workspaces/codespace/ros2/project/tutorial/install/examples_rclcpp_minimal_client/share/examples_rclcpp_minimal_client/local_setup.dsv
-- Symlinking: /workspaces/codespace/ros2/project/tutorial/install/examples_rclcpp_minimal_client/share/examples_rclcpp_minimal_client/package.dsv
-- Symlinking: /workspaces/codespace/ros2/project/tutorial/install/examples_rclcpp_minimal_client/share/ament_index/resource_index/packages/examples_rclcpp_minimal_client
-- Symlinking: /workspaces/codespace/ros2/project/tutorial/install/examples_rclcpp_minimal_client/share/examples_rclcpp_minimal_client/cmake/examples_rclcpp_minimal_clientConfig.cmake
-- Symlinking: /workspaces/codespace/ros2/project/tutorial/install/examples_rclcpp_minimal_client/share/examples_rclcpp_minimal_client/cmake/examples_rclcpp_minimal_clientConfig-version.cmake
-- Symlinking: /workspaces/codespace/ros2/project/tutorial/install/examples_rclcpp_minimal_client/share/examples_rclcpp_minimal_client/package.xml
