[0.061s] Invoking command in '/workspaces/codespace/ros2/project/local_mapping/build/gradient_mapping': CMAKE_PREFIX_PATH=${CMAKE_PREFIX_PATH}:/opt/ros/humble /usr/bin/cmake --build /workspaces/codespace/ros2/project/local_mapping/build/gradient_mapping -- -j16 -l16
[0.095s] -- Found ament_cmake_auto: 1.3.8 (/opt/ros/humble/share/ament_cmake_auto/cmake)
[0.195s] -- Override CMake install command with custom implementation using symlinks instead of copying resources
[0.279s] -- Found rosidl_generator_c: 3.1.5 (/opt/ros/humble/share/rosidl_generator_c/cmake)
[0.281s] -- Found rosidl_adapter: 3.1.5 (/opt/ros/humble/share/rosidl_adapter/cmake)
[0.287s] -- Found rosidl_generator_cpp: 3.1.5 (/opt/ros/humble/share/rosidl_generator_cpp/cmake)
[0.295s] -- Using all available rosidl_typesupport_c: rosidl_typesupport_fastrtps_c;rosidl_typesupport_introspection_c
[0.308s] -- Using all available rosidl_typesupport_cpp: rosidl_typesupport_fastrtps_cpp;rosidl_typesupport_introspection_cpp
[0.354s] -- Found rmw_implementation_cmake: 6.1.1 (/opt/ros/humble/share/rmw_implementation_cmake/cmake)
[0.355s] -- Found rmw_fastrtps_cpp: 6.2.6 (/opt/ros/humble/share/rmw_fastrtps_cpp/cmake)
[0.483s] -- Using RMW implementation 'rmw_fastrtps_cpp' as default
[1.013s] -- Configuring done
[1.024s] -- Generating done
[1.026s] -- Build files have been written to: /workspaces/codespace/ros2/project/local_mapping/build/gradient_mapping
[1.054s] [35m[1mConsolidate compiler generated dependencies of target gradient_mapping[0m
[1.091s] [ 50%] [32mBuilding CXX object CMakeFiles/gradient_mapping.dir/src/main.cpp.o[0m
[11.864s] [100%] [32m[1mLinking CXX executable gradient_mapping[0m
[11.974s] /usr/bin/ld: CMakeFiles/gradient_mapping.dir/src/main.cpp.o: in function `void pcl::transformPointCloud<pcl::PointXYZ, float>(pcl::PointCloud<pcl::PointXYZ> const&, pcl::PointCloud<pcl::PointXYZ>&, Eigen::Matrix<float, 4, 4, 0, 4, 4> const&, bool)':
[11.974s] main.cpp:(.text._ZN3pcl19transformPointCloudINS_8PointXYZEfEEvRKNS_10PointCloudIT_EERS4_RKN5Eigen6MatrixIT0_Li4ELi4ELi0ELi4ELi4EEEb[_ZN3pcl19transformPointCloudINS_8PointXYZEfEEvRKNS_10PointCloudIT_EERS4_RKN5Eigen6MatrixIT0_Li4ELi4ELi0ELi4ELi4EEEb]+0x39b): undefined reference to `pcl::console::print(pcl::console::VERBOSITY_LEVEL, char const*, ...)'
[11.987s] collect2: error: ld returned 1 exit status
[11.989s] gmake[2]: *** [CMakeFiles/gradient_mapping.dir/build.make:167: gradient_mapping] Error 1
[11.989s] gmake[1]: *** [CMakeFiles/Makefile2:137: CMakeFiles/gradient_mapping.dir/all] Error 2
[11.990s] gmake: *** [Makefile:146: all] Error 2
[11.992s] Invoked command in '/workspaces/codespace/ros2/project/local_mapping/build/gradient_mapping' returned '2': CMAKE_PREFIX_PATH=${CMAKE_PREFIX_PATH}:/opt/ros/humble /usr/bin/cmake --build /workspaces/codespace/ros2/project/local_mapping/build/gradient_mapping -- -j16 -l16
