[0.838s] DEBUG:colcon:Command line arguments: ['/usr/bin/colcon', 'build', '--symlink-install', '--event-handlers', 'console_direct+', '--parallel-workers', '1', '--cmake-clean-first']
[0.838s] DEBUG:colcon:Parsed command line arguments: Namespace(log_base=None, log_level=None, verb_name='build', build_base='build', install_base='install', merge_install=False, symlink_install=True, test_result_base=None, continue_on_error=False, executor='parallel', parallel_workers=1, event_handlers=['console_direct+'], ignore_user_meta=False, metas=['./colcon.meta'], base_paths=['.'], packages_ignore=None, packages_ignore_regex=None, paths=None, packages_up_to=None, packages_up_to_regex=None, packages_above=None, packages_above_and_dependencies=None, packages_above_depth=None, packages_select_by_dep=None, packages_skip_by_dep=None, packages_skip_up_to=None, packages_select_build_failed=False, packages_skip_build_finished=False, packages_select_test_failures=False, packages_skip_test_passed=False, packages_select=None, packages_skip=None, packages_select_regex=None, packages_skip_regex=None, packages_start=None, packages_end=None, cmake_args=None, cmake_target=None, cmake_target_skip_unavailable=False, cmake_clean_cache=False, cmake_clean_first=True, cmake_force_configure=False, ament_cmake_args=None, catkin_cmake_args=None, catkin_skip_building_tests=False, mixin_files=None, mixin=None, verb_parser=<colcon_mixin.mixin.mixin_argument.MixinArgumentDecorator object at 0x706aace54bb0>, verb_extension=<colcon_core.verb.build.BuildVerb object at 0x706aace55d20>, main=<bound method BuildVerb.main of <colcon_core.verb.build.BuildVerb object at 0x706aace55d20>>, mixin_verb=('build',))
[0.872s] Level 1:colcon.colcon_core.package_discovery:discover_packages(colcon_meta) check parameters
[0.873s] INFO:colcon.colcon_metadata.package_discovery.colcon_meta:Using configuration from '/root/.colcon/metadata/default/Gazebo.meta'
[0.873s] INFO:colcon.colcon_metadata.package_discovery.colcon_meta:Using configuration from '/root/.colcon/metadata/default/fastrtps.meta'
[0.873s] Level 1:colcon.colcon_core.package_discovery:discover_packages(recursive) check parameters
[0.873s] Level 1:colcon.colcon_core.package_discovery:discover_packages(ignore) check parameters
[0.873s] Level 1:colcon.colcon_core.package_discovery:discover_packages(path) check parameters
[0.873s] Level 1:colcon.colcon_core.package_discovery:discover_packages(colcon_meta) discover
[0.873s] Level 1:colcon.colcon_core.package_discovery:discover_packages(recursive) discover
[0.873s] INFO:colcon.colcon_core.package_discovery:Crawling recursively for packages in '/workspaces/codespace/ros2/project/local_mapping'
[0.873s] Level 1:colcon.colcon_core.package_identification:_identify(.) by extensions ['ignore', 'ignore_ament_install']
[0.874s] Level 1:colcon.colcon_core.package_identification:_identify(.) by extension 'ignore'
[0.874s] Level 1:colcon.colcon_core.package_identification:_identify(.) by extension 'ignore_ament_install'
[0.874s] Level 1:colcon.colcon_core.package_identification:_identify(.) by extensions ['colcon_pkg']
[0.874s] Level 1:colcon.colcon_core.package_identification:_identify(.) by extension 'colcon_pkg'
[0.874s] Level 1:colcon.colcon_core.package_identification:_identify(.) by extensions ['colcon_meta']
[0.874s] Level 1:colcon.colcon_core.package_identification:_identify(.) by extension 'colcon_meta'
[0.874s] Level 1:colcon.colcon_core.package_identification:_identify(.) by extensions ['ros']
[0.874s] Level 1:colcon.colcon_core.package_identification:_identify(.) by extension 'ros'
[0.882s] Level 1:colcon.colcon_core.package_identification:_identify(.) by extensions ['cmake', 'python']
[0.882s] Level 1:colcon.colcon_core.package_identification:_identify(.) by extension 'cmake'
[0.882s] Level 1:colcon.colcon_core.package_identification:_identify(.) by extension 'python'
[0.883s] Level 1:colcon.colcon_core.package_identification:_identify(.) by extensions ['python_setup_py']
[0.883s] Level 1:colcon.colcon_core.package_identification:_identify(.) by extension 'python_setup_py'
[0.883s] Level 1:colcon.colcon_core.package_identification:_identify(build) by extensions ['ignore', 'ignore_ament_install']
[0.883s] Level 1:colcon.colcon_core.package_identification:_identify(build) by extension 'ignore'
[0.883s] Level 1:colcon.colcon_core.package_identification:_identify(build) ignored
[0.883s] Level 1:colcon.colcon_core.package_identification:_identify(install) by extensions ['ignore', 'ignore_ament_install']
[0.883s] Level 1:colcon.colcon_core.package_identification:_identify(install) by extension 'ignore'
[0.883s] Level 1:colcon.colcon_core.package_identification:_identify(install) ignored
[0.883s] Level 1:colcon.colcon_core.package_identification:_identify(log) by extensions ['ignore', 'ignore_ament_install']
[0.883s] Level 1:colcon.colcon_core.package_identification:_identify(log) by extension 'ignore'
[0.883s] Level 1:colcon.colcon_core.package_identification:_identify(log) ignored
[0.883s] Level 1:colcon.colcon_core.package_identification:_identify(src) by extensions ['ignore', 'ignore_ament_install']
[0.883s] Level 1:colcon.colcon_core.package_identification:_identify(src) by extension 'ignore'
[0.884s] Level 1:colcon.colcon_core.package_identification:_identify(src) by extension 'ignore_ament_install'
[0.884s] Level 1:colcon.colcon_core.package_identification:_identify(src) by extensions ['colcon_pkg']
[0.884s] Level 1:colcon.colcon_core.package_identification:_identify(src) by extension 'colcon_pkg'
[0.884s] Level 1:colcon.colcon_core.package_identification:_identify(src) by extensions ['colcon_meta']
[0.884s] Level 1:colcon.colcon_core.package_identification:_identify(src) by extension 'colcon_meta'
[0.884s] Level 1:colcon.colcon_core.package_identification:_identify(src) by extensions ['ros']
[0.884s] Level 1:colcon.colcon_core.package_identification:_identify(src) by extension 'ros'
[0.884s] Level 1:colcon.colcon_core.package_identification:_identify(src) by extensions ['cmake', 'python']
[0.884s] Level 1:colcon.colcon_core.package_identification:_identify(src) by extension 'cmake'
[0.884s] Level 1:colcon.colcon_core.package_identification:_identify(src) by extension 'python'
[0.884s] Level 1:colcon.colcon_core.package_identification:_identify(src) by extensions ['python_setup_py']
[0.884s] Level 1:colcon.colcon_core.package_identification:_identify(src) by extension 'python_setup_py'
[0.884s] Level 1:colcon.colcon_core.package_identification:_identify(src/full_matching) by extensions ['ignore', 'ignore_ament_install']
[0.884s] Level 1:colcon.colcon_core.package_identification:_identify(src/full_matching) by extension 'ignore'
[0.884s] Level 1:colcon.colcon_core.package_identification:_identify(src/full_matching) by extension 'ignore_ament_install'
[0.884s] Level 1:colcon.colcon_core.package_identification:_identify(src/full_matching) by extensions ['colcon_pkg']
[0.884s] Level 1:colcon.colcon_core.package_identification:_identify(src/full_matching) by extension 'colcon_pkg'
[0.884s] Level 1:colcon.colcon_core.package_identification:_identify(src/full_matching) by extensions ['colcon_meta']
[0.884s] Level 1:colcon.colcon_core.package_identification:_identify(src/full_matching) by extension 'colcon_meta'
[0.884s] Level 1:colcon.colcon_core.package_identification:_identify(src/full_matching) by extensions ['ros']
[0.884s] Level 1:colcon.colcon_core.package_identification:_identify(src/full_matching) by extension 'ros'
[0.886s] DEBUG:colcon.colcon_core.package_identification:Package 'src/full_matching' with type 'ros.ament_cmake' and name 'full_matching'
[0.886s] Level 1:colcon.colcon_core.package_identification:_identify(src/gradient_mapping) by extensions ['ignore', 'ignore_ament_install']
[0.886s] Level 1:colcon.colcon_core.package_identification:_identify(src/gradient_mapping) by extension 'ignore'
[0.886s] Level 1:colcon.colcon_core.package_identification:_identify(src/gradient_mapping) by extension 'ignore_ament_install'
[0.886s] Level 1:colcon.colcon_core.package_identification:_identify(src/gradient_mapping) by extensions ['colcon_pkg']
[0.886s] Level 1:colcon.colcon_core.package_identification:_identify(src/gradient_mapping) by extension 'colcon_pkg'
[0.886s] Level 1:colcon.colcon_core.package_identification:_identify(src/gradient_mapping) by extensions ['colcon_meta']
[0.886s] Level 1:colcon.colcon_core.package_identification:_identify(src/gradient_mapping) by extension 'colcon_meta'
[0.887s] Level 1:colcon.colcon_core.package_identification:_identify(src/gradient_mapping) by extensions ['ros']
[0.887s] Level 1:colcon.colcon_core.package_identification:_identify(src/gradient_mapping) by extension 'ros'
[0.887s] DEBUG:colcon.colcon_core.package_identification:Package 'src/gradient_mapping' with type 'ros.ament_cmake' and name 'gradient_mapping'
[0.887s] Level 1:colcon.colcon_core.package_identification:_identify(src/messages) by extensions ['ignore', 'ignore_ament_install']
[0.887s] Level 1:colcon.colcon_core.package_identification:_identify(src/messages) by extension 'ignore'
[0.887s] Level 1:colcon.colcon_core.package_identification:_identify(src/messages) by extension 'ignore_ament_install'
[0.887s] Level 1:colcon.colcon_core.package_identification:_identify(src/messages) by extensions ['colcon_pkg']
[0.887s] Level 1:colcon.colcon_core.package_identification:_identify(src/messages) by extension 'colcon_pkg'
[0.887s] Level 1:colcon.colcon_core.package_identification:_identify(src/messages) by extensions ['colcon_meta']
[0.888s] Level 1:colcon.colcon_core.package_identification:_identify(src/messages) by extension 'colcon_meta'
[0.888s] Level 1:colcon.colcon_core.package_identification:_identify(src/messages) by extensions ['ros']
[0.888s] Level 1:colcon.colcon_core.package_identification:_identify(src/messages) by extension 'ros'
[0.888s] DEBUG:colcon.colcon_core.package_identification:Package 'src/messages' with type 'ros.ament_cmake' and name 'messages'
[0.888s] Level 1:colcon.colcon_core.package_discovery:discover_packages(recursive) using defaults
[0.888s] Level 1:colcon.colcon_core.package_discovery:discover_packages(ignore) discover
[0.888s] Level 1:colcon.colcon_core.package_discovery:discover_packages(ignore) using defaults
[0.888s] Level 1:colcon.colcon_core.package_discovery:discover_packages(path) discover
[0.888s] Level 1:colcon.colcon_core.package_discovery:discover_packages(path) using defaults
[0.942s] Level 5:colcon.colcon_core.verb:set package 'full_matching' build argument 'cmake_args' from command line to 'None'
[0.942s] Level 5:colcon.colcon_core.verb:set package 'full_matching' build argument 'cmake_target' from command line to 'None'
[0.942s] Level 5:colcon.colcon_core.verb:set package 'full_matching' build argument 'cmake_target_skip_unavailable' from command line to 'False'
[0.942s] Level 5:colcon.colcon_core.verb:set package 'full_matching' build argument 'cmake_clean_cache' from command line to 'False'
[0.942s] Level 5:colcon.colcon_core.verb:set package 'full_matching' build argument 'cmake_clean_first' from command line to 'True'
[0.942s] Level 5:colcon.colcon_core.verb:set package 'full_matching' build argument 'cmake_force_configure' from command line to 'False'
[0.942s] Level 5:colcon.colcon_core.verb:set package 'full_matching' build argument 'ament_cmake_args' from command line to 'None'
[0.942s] Level 5:colcon.colcon_core.verb:set package 'full_matching' build argument 'catkin_cmake_args' from command line to 'None'
[0.942s] Level 5:colcon.colcon_core.verb:set package 'full_matching' build argument 'catkin_skip_building_tests' from command line to 'False'
[0.942s] DEBUG:colcon.colcon_core.verb:Building package 'full_matching' with the following arguments: {'ament_cmake_args': None, 'build_base': '/workspaces/codespace/ros2/project/local_mapping/build/full_matching', 'catkin_cmake_args': None, 'catkin_skip_building_tests': False, 'cmake_args': None, 'cmake_clean_cache': False, 'cmake_clean_first': True, 'cmake_force_configure': False, 'cmake_target': None, 'cmake_target_skip_unavailable': False, 'install_base': '/workspaces/codespace/ros2/project/local_mapping/install/full_matching', 'merge_install': False, 'path': '/workspaces/codespace/ros2/project/local_mapping/src/full_matching', 'symlink_install': True, 'test_result_base': None}
[0.952s] Level 5:colcon.colcon_core.verb:set package 'gradient_mapping' build argument 'cmake_args' from command line to 'None'
[0.952s] Level 5:colcon.colcon_core.verb:set package 'gradient_mapping' build argument 'cmake_target' from command line to 'None'
[0.952s] Level 5:colcon.colcon_core.verb:set package 'gradient_mapping' build argument 'cmake_target_skip_unavailable' from command line to 'False'
[0.952s] Level 5:colcon.colcon_core.verb:set package 'gradient_mapping' build argument 'cmake_clean_cache' from command line to 'False'
[0.952s] Level 5:colcon.colcon_core.verb:set package 'gradient_mapping' build argument 'cmake_clean_first' from command line to 'True'
[0.952s] Level 5:colcon.colcon_core.verb:set package 'gradient_mapping' build argument 'cmake_force_configure' from command line to 'False'
[0.952s] Level 5:colcon.colcon_core.verb:set package 'gradient_mapping' build argument 'ament_cmake_args' from command line to 'None'
[0.952s] Level 5:colcon.colcon_core.verb:set package 'gradient_mapping' build argument 'catkin_cmake_args' from command line to 'None'
[0.952s] Level 5:colcon.colcon_core.verb:set package 'gradient_mapping' build argument 'catkin_skip_building_tests' from command line to 'False'
[0.952s] DEBUG:colcon.colcon_core.verb:Building package 'gradient_mapping' with the following arguments: {'ament_cmake_args': None, 'build_base': '/workspaces/codespace/ros2/project/local_mapping/build/gradient_mapping', 'catkin_cmake_args': None, 'catkin_skip_building_tests': False, 'cmake_args': None, 'cmake_clean_cache': False, 'cmake_clean_first': True, 'cmake_force_configure': False, 'cmake_target': None, 'cmake_target_skip_unavailable': False, 'install_base': '/workspaces/codespace/ros2/project/local_mapping/install/gradient_mapping', 'merge_install': False, 'path': '/workspaces/codespace/ros2/project/local_mapping/src/gradient_mapping', 'symlink_install': True, 'test_result_base': None}
[0.962s] Level 5:colcon.colcon_core.verb:set package 'messages' build argument 'cmake_args' from command line to 'None'
[0.962s] Level 5:colcon.colcon_core.verb:set package 'messages' build argument 'cmake_target' from command line to 'None'
[0.962s] Level 5:colcon.colcon_core.verb:set package 'messages' build argument 'cmake_target_skip_unavailable' from command line to 'False'
[0.962s] Level 5:colcon.colcon_core.verb:set package 'messages' build argument 'cmake_clean_cache' from command line to 'False'
[0.962s] Level 5:colcon.colcon_core.verb:set package 'messages' build argument 'cmake_clean_first' from command line to 'True'
[0.962s] Level 5:colcon.colcon_core.verb:set package 'messages' build argument 'cmake_force_configure' from command line to 'False'
[0.962s] Level 5:colcon.colcon_core.verb:set package 'messages' build argument 'ament_cmake_args' from command line to 'None'
[0.962s] Level 5:colcon.colcon_core.verb:set package 'messages' build argument 'catkin_cmake_args' from command line to 'None'
[0.962s] Level 5:colcon.colcon_core.verb:set package 'messages' build argument 'catkin_skip_building_tests' from command line to 'False'
[0.962s] DEBUG:colcon.colcon_core.verb:Building package 'messages' with the following arguments: {'ament_cmake_args': None, 'build_base': '/workspaces/codespace/ros2/project/local_mapping/build/messages', 'catkin_cmake_args': None, 'catkin_skip_building_tests': False, 'cmake_args': None, 'cmake_clean_cache': False, 'cmake_clean_first': True, 'cmake_force_configure': False, 'cmake_target': None, 'cmake_target_skip_unavailable': False, 'install_base': '/workspaces/codespace/ros2/project/local_mapping/install/messages', 'merge_install': False, 'path': '/workspaces/codespace/ros2/project/local_mapping/src/messages', 'symlink_install': True, 'test_result_base': None}
[0.972s] INFO:colcon.colcon_core.executor:Executing jobs using 'parallel' executor
[0.982s] DEBUG:colcon.colcon_parallel_executor.executor.parallel:run_until_complete
[0.983s] INFO:colcon.colcon_ros.task.ament_cmake.build:Building ROS package in '/workspaces/codespace/ros2/project/local_mapping/src/full_matching' with build type 'ament_cmake'
[0.983s] INFO:colcon.colcon_cmake.task.cmake.build:Building CMake package in '/workspaces/codespace/ros2/project/local_mapping/src/full_matching'
[0.994s] INFO:colcon.colcon_core.plugin_system:Skipping extension 'colcon_core.shell.bat': Not used on non-Windows systems
[0.994s] INFO:colcon.colcon_core.shell:Skip shell extension 'powershell' for command environment: Not usable outside of PowerShell
[0.994s] DEBUG:colcon.colcon_core.shell:Skip shell extension 'dsv' for command environment
[1.042s] DEBUG:colcon.colcon_core.event_handler.log_command:Invoking command in '/workspaces/codespace/ros2/project/local_mapping/build/full_matching': CMAKE_PREFIX_PATH=${CMAKE_PREFIX_PATH}:/opt/ros/humble /usr/bin/cmake --build /workspaces/codespace/ros2/project/local_mapping/build/full_matching --clean-first
[1.130s] DEBUG:colcon.colcon_core.event_handler.log_command:Invoked command in '/workspaces/codespace/ros2/project/local_mapping/build/full_matching' returned '0': CMAKE_PREFIX_PATH=${CMAKE_PREFIX_PATH}:/opt/ros/humble /usr/bin/cmake --build /workspaces/codespace/ros2/project/local_mapping/build/full_matching --clean-first
[1.175s] DEBUG:colcon.colcon_core.event_handler.log_command:Invoking command in '/workspaces/codespace/ros2/project/local_mapping/build/full_matching': CMAKE_PREFIX_PATH=${CMAKE_PREFIX_PATH}:/opt/ros/humble /usr/bin/cmake --install /workspaces/codespace/ros2/project/local_mapping/build/full_matching
[1.196s] Level 1:colcon.colcon_core.environment:create_environment_scripts_only(full_matching)
[1.197s] DEBUG:colcon.colcon_core.event_handler.log_command:Invoked command in '/workspaces/codespace/ros2/project/local_mapping/build/full_matching' returned '0': CMAKE_PREFIX_PATH=${CMAKE_PREFIX_PATH}:/opt/ros/humble /usr/bin/cmake --install /workspaces/codespace/ros2/project/local_mapping/build/full_matching
[1.208s] Level 1:colcon.colcon_core.environment:checking '/workspaces/codespace/ros2/project/local_mapping/install/full_matching' for CMake module files
[1.209s] Level 1:colcon.colcon_core.environment:checking '/workspaces/codespace/ros2/project/local_mapping/install/full_matching' for CMake config files
[1.209s] Level 1:colcon.colcon_core.shell:create_environment_hook('full_matching', 'cmake_prefix_path')
[1.219s] INFO:colcon.colcon_core.shell:Creating environment hook '/workspaces/codespace/ros2/project/local_mapping/install/full_matching/share/full_matching/hook/cmake_prefix_path.ps1'
[1.219s] INFO:colcon.colcon_core.shell:Creating environment descriptor '/workspaces/codespace/ros2/project/local_mapping/install/full_matching/share/full_matching/hook/cmake_prefix_path.dsv'
[1.220s] INFO:colcon.colcon_core.shell:Creating environment hook '/workspaces/codespace/ros2/project/local_mapping/install/full_matching/share/full_matching/hook/cmake_prefix_path.sh'
[1.220s] Level 1:colcon.colcon_core.environment:checking '/workspaces/codespace/ros2/project/local_mapping/install/full_matching/bin'
[1.220s] Level 1:colcon.colcon_core.environment:checking '/workspaces/codespace/ros2/project/local_mapping/install/full_matching/lib/pkgconfig/full_matching.pc'
[1.222s] Level 1:colcon.colcon_core.environment:checking '/workspaces/codespace/ros2/project/local_mapping/install/full_matching/lib/python3.10/site-packages'
[1.222s] Level 1:colcon.colcon_core.environment:checking '/workspaces/codespace/ros2/project/local_mapping/install/full_matching/bin'
[1.232s] INFO:colcon.colcon_core.shell:Creating package script '/workspaces/codespace/ros2/project/local_mapping/install/full_matching/share/full_matching/package.ps1'
[1.233s] INFO:colcon.colcon_core.shell:Creating package descriptor '/workspaces/codespace/ros2/project/local_mapping/install/full_matching/share/full_matching/package.dsv'
[1.233s] INFO:colcon.colcon_core.shell:Creating package script '/workspaces/codespace/ros2/project/local_mapping/install/full_matching/share/full_matching/package.sh'
[1.234s] INFO:colcon.colcon_core.shell:Creating package script '/workspaces/codespace/ros2/project/local_mapping/install/full_matching/share/full_matching/package.bash'
[1.234s] INFO:colcon.colcon_core.shell:Creating package script '/workspaces/codespace/ros2/project/local_mapping/install/full_matching/share/full_matching/package.zsh'
[1.234s] Level 1:colcon.colcon_core.environment:create_file_with_runtime_dependencies(/workspaces/codespace/ros2/project/local_mapping/install/full_matching/share/colcon-core/packages/full_matching)
[1.277s] Level 1:colcon.colcon_core.environment:create_environment_scripts_only(full_matching)
[1.287s] Level 1:colcon.colcon_core.environment:checking '/workspaces/codespace/ros2/project/local_mapping/install/full_matching' for CMake module files
[1.287s] Level 1:colcon.colcon_core.environment:checking '/workspaces/codespace/ros2/project/local_mapping/install/full_matching' for CMake config files
[1.288s] Level 1:colcon.colcon_core.shell:create_environment_hook('full_matching', 'cmake_prefix_path')
[1.297s] INFO:colcon.colcon_core.shell:Creating environment hook '/workspaces/codespace/ros2/project/local_mapping/install/full_matching/share/full_matching/hook/cmake_prefix_path.ps1'
[1.298s] INFO:colcon.colcon_core.shell:Creating environment descriptor '/workspaces/codespace/ros2/project/local_mapping/install/full_matching/share/full_matching/hook/cmake_prefix_path.dsv'
[1.298s] INFO:colcon.colcon_core.shell:Creating environment hook '/workspaces/codespace/ros2/project/local_mapping/install/full_matching/share/full_matching/hook/cmake_prefix_path.sh'
[1.299s] Level 1:colcon.colcon_core.environment:checking '/workspaces/codespace/ros2/project/local_mapping/install/full_matching/bin'
[1.299s] Level 1:colcon.colcon_core.environment:checking '/workspaces/codespace/ros2/project/local_mapping/install/full_matching/lib/pkgconfig/full_matching.pc'
[1.299s] Level 1:colcon.colcon_core.environment:checking '/workspaces/codespace/ros2/project/local_mapping/install/full_matching/lib/python3.10/site-packages'
[1.299s] Level 1:colcon.colcon_core.environment:checking '/workspaces/codespace/ros2/project/local_mapping/install/full_matching/bin'
[1.309s] INFO:colcon.colcon_core.shell:Creating package script '/workspaces/codespace/ros2/project/local_mapping/install/full_matching/share/full_matching/package.ps1'
[1.309s] INFO:colcon.colcon_core.shell:Creating package descriptor '/workspaces/codespace/ros2/project/local_mapping/install/full_matching/share/full_matching/package.dsv'
[1.309s] INFO:colcon.colcon_core.shell:Creating package script '/workspaces/codespace/ros2/project/local_mapping/install/full_matching/share/full_matching/package.sh'
[1.310s] INFO:colcon.colcon_core.shell:Creating package script '/workspaces/codespace/ros2/project/local_mapping/install/full_matching/share/full_matching/package.bash'
[1.310s] INFO:colcon.colcon_core.shell:Creating package script '/workspaces/codespace/ros2/project/local_mapping/install/full_matching/share/full_matching/package.zsh'
[1.310s] Level 1:colcon.colcon_core.environment:create_file_with_runtime_dependencies(/workspaces/codespace/ros2/project/local_mapping/install/full_matching/share/colcon-core/packages/full_matching)
[1.311s] INFO:colcon.colcon_ros.task.ament_cmake.build:Building ROS package in '/workspaces/codespace/ros2/project/local_mapping/src/gradient_mapping' with build type 'ament_cmake'
[1.311s] INFO:colcon.colcon_cmake.task.cmake.build:Building CMake package in '/workspaces/codespace/ros2/project/local_mapping/src/gradient_mapping'
[1.321s] INFO:colcon.colcon_core.shell:Skip shell extension 'powershell' for command environment: Not usable outside of PowerShell
[1.321s] DEBUG:colcon.colcon_core.shell:Skip shell extension 'dsv' for command environment
[1.368s] DEBUG:colcon.colcon_core.event_handler.log_command:Invoking command in '/workspaces/codespace/ros2/project/local_mapping/build/gradient_mapping': CMAKE_PREFIX_PATH=${CMAKE_PREFIX_PATH}:/opt/ros/humble /usr/bin/cmake --build /workspaces/codespace/ros2/project/local_mapping/build/gradient_mapping --clean-first
[13.405s] DEBUG:colcon.colcon_core.event_handler.log_command:Invoked command in '/workspaces/codespace/ros2/project/local_mapping/build/gradient_mapping' returned '2': CMAKE_PREFIX_PATH=${CMAKE_PREFIX_PATH}:/opt/ros/humble /usr/bin/cmake --build /workspaces/codespace/ros2/project/local_mapping/build/gradient_mapping --clean-first
[13.454s] Level 1:colcon.colcon_core.environment:create_environment_scripts_only(gradient_mapping)
[13.464s] Level 1:colcon.colcon_core.environment:checking '/workspaces/codespace/ros2/project/local_mapping/install/gradient_mapping' for CMake module files
[13.465s] Level 1:colcon.colcon_core.environment:checking '/workspaces/codespace/ros2/project/local_mapping/install/gradient_mapping' for CMake config files
[13.465s] Level 1:colcon.colcon_core.shell:create_environment_hook('gradient_mapping', 'cmake_prefix_path')
[13.475s] INFO:colcon.colcon_core.shell:Creating environment hook '/workspaces/codespace/ros2/project/local_mapping/install/gradient_mapping/share/gradient_mapping/hook/cmake_prefix_path.ps1'
[13.475s] INFO:colcon.colcon_core.shell:Creating environment descriptor '/workspaces/codespace/ros2/project/local_mapping/install/gradient_mapping/share/gradient_mapping/hook/cmake_prefix_path.dsv'
[13.475s] INFO:colcon.colcon_core.shell:Creating environment hook '/workspaces/codespace/ros2/project/local_mapping/install/gradient_mapping/share/gradient_mapping/hook/cmake_prefix_path.sh'
[13.476s] Level 1:colcon.colcon_core.environment:checking '/workspaces/codespace/ros2/project/local_mapping/install/gradient_mapping/lib'
[13.476s] Level 1:colcon.colcon_core.shell:create_environment_hook('gradient_mapping', 'ld_library_path_lib')
[13.485s] INFO:colcon.colcon_core.shell:Creating environment hook '/workspaces/codespace/ros2/project/local_mapping/install/gradient_mapping/share/gradient_mapping/hook/ld_library_path_lib.ps1'
[13.486s] INFO:colcon.colcon_core.shell:Creating environment descriptor '/workspaces/codespace/ros2/project/local_mapping/install/gradient_mapping/share/gradient_mapping/hook/ld_library_path_lib.dsv'
[13.486s] INFO:colcon.colcon_core.shell:Creating environment hook '/workspaces/codespace/ros2/project/local_mapping/install/gradient_mapping/share/gradient_mapping/hook/ld_library_path_lib.sh'
[13.486s] Level 1:colcon.colcon_core.environment:checking '/workspaces/codespace/ros2/project/local_mapping/install/gradient_mapping/bin'
[13.486s] Level 1:colcon.colcon_core.environment:checking '/workspaces/codespace/ros2/project/local_mapping/install/gradient_mapping/lib/pkgconfig/gradient_mapping.pc'
[13.487s] Level 1:colcon.colcon_core.environment:checking '/workspaces/codespace/ros2/project/local_mapping/install/gradient_mapping/lib/python3.10/site-packages'
[13.487s] Level 1:colcon.colcon_core.environment:checking '/workspaces/codespace/ros2/project/local_mapping/install/gradient_mapping/bin'
[13.496s] INFO:colcon.colcon_core.shell:Creating package script '/workspaces/codespace/ros2/project/local_mapping/install/gradient_mapping/share/gradient_mapping/package.ps1'
[13.496s] INFO:colcon.colcon_core.shell:Creating package descriptor '/workspaces/codespace/ros2/project/local_mapping/install/gradient_mapping/share/gradient_mapping/package.dsv'
[13.497s] INFO:colcon.colcon_core.shell:Creating package script '/workspaces/codespace/ros2/project/local_mapping/install/gradient_mapping/share/gradient_mapping/package.sh'
[13.497s] INFO:colcon.colcon_core.shell:Creating package script '/workspaces/codespace/ros2/project/local_mapping/install/gradient_mapping/share/gradient_mapping/package.bash'
[13.498s] INFO:colcon.colcon_core.shell:Creating package script '/workspaces/codespace/ros2/project/local_mapping/install/gradient_mapping/share/gradient_mapping/package.zsh'
[13.498s] Level 1:colcon.colcon_core.environment:create_file_with_runtime_dependencies(/workspaces/codespace/ros2/project/local_mapping/install/gradient_mapping/share/colcon-core/packages/gradient_mapping)
[13.508s] DEBUG:colcon.colcon_parallel_executor.executor.parallel:closing loop
[13.508s] DEBUG:colcon.colcon_parallel_executor.executor.parallel:loop closed
[13.508s] DEBUG:colcon.colcon_parallel_executor.executor.parallel:run_until_complete finished with '2'
[13.509s] DEBUG:colcon.colcon_core.event_reactor:joining thread
[13.523s] INFO:colcon.colcon_core.plugin_system:Skipping extension 'colcon_notification.desktop_notification.notify_send': Could not find 'notify-send'
[13.523s] INFO:colcon.colcon_core.plugin_system:Skipping extension 'colcon_notification.desktop_notification.terminal_notifier': Not used on non-Darwin systems
[13.523s] INFO:colcon.colcon_core.plugin_system:Skipping extension 'colcon_notification.desktop_notification.win32': Not used on non-Windows systems
[13.523s] INFO:colcon.colcon_notification.desktop_notification:Sending desktop notification using 'notify2'
[13.525s] DEBUG:colcon.colcon_notification.desktop_notification.notify2:Failed to initialize notify2: org.freedesktop.DBus.Error.Spawn.ExecFailed: /usr/bin/dbus-launch terminated abnormally without any error message
[13.525s] DEBUG:colcon.colcon_core.event_reactor:joined thread
[13.536s] INFO:colcon.colcon_core.shell:Creating prefix script '/workspaces/codespace/ros2/project/local_mapping/install/local_setup.ps1'
[13.537s] INFO:colcon.colcon_core.shell:Creating prefix util module '/workspaces/codespace/ros2/project/local_mapping/install/_local_setup_util_ps1.py'
[13.538s] INFO:colcon.colcon_core.shell:Creating prefix chain script '/workspaces/codespace/ros2/project/local_mapping/install/setup.ps1'
[13.548s] INFO:colcon.colcon_core.shell:Creating prefix script '/workspaces/codespace/ros2/project/local_mapping/install/local_setup.sh'
[13.549s] INFO:colcon.colcon_core.shell:Creating prefix util module '/workspaces/codespace/ros2/project/local_mapping/install/_local_setup_util_sh.py'
[13.549s] INFO:colcon.colcon_core.shell:Creating prefix chain script '/workspaces/codespace/ros2/project/local_mapping/install/setup.sh'
[13.560s] INFO:colcon.colcon_core.shell:Creating prefix script '/workspaces/codespace/ros2/project/local_mapping/install/local_setup.bash'
[13.560s] INFO:colcon.colcon_core.shell:Creating prefix chain script '/workspaces/codespace/ros2/project/local_mapping/install/setup.bash'
[13.571s] INFO:colcon.colcon_core.shell:Creating prefix script '/workspaces/codespace/ros2/project/local_mapping/install/local_setup.zsh'
[13.571s] INFO:colcon.colcon_core.shell:Creating prefix chain script '/workspaces/codespace/ros2/project/local_mapping/install/setup.zsh'
