[0.899s] DEBUG:colcon:Command line arguments: ['/usr/bin/colcon', 'build', '--symlink-install', '--parallel-workers', '12']
[0.899s] DEBUG:colcon:Parsed command line arguments: Namespace(log_base=None, log_level=None, verb_name='build', build_base='build', install_base='install', merge_install=False, symlink_install=True, test_result_base=None, continue_on_error=False, executor='parallel', parallel_workers=12, event_handlers=None, ignore_user_meta=False, metas=['./colcon.meta'], base_paths=['.'], packages_ignore=None, packages_ignore_regex=None, paths=None, packages_up_to=None, packages_up_to_regex=None, packages_above=None, packages_above_and_dependencies=None, packages_above_depth=None, packages_select_by_dep=None, packages_skip_by_dep=None, packages_skip_up_to=None, packages_select_build_failed=False, packages_skip_build_finished=False, packages_select_test_failures=False, packages_skip_test_passed=False, packages_select=None, packages_skip=None, packages_select_regex=None, packages_skip_regex=None, packages_start=None, packages_end=None, cmake_args=None, cmake_target=None, cmake_target_skip_unavailable=False, cmake_clean_cache=False, cmake_clean_first=False, cmake_force_configure=False, ament_cmake_args=None, catkin_cmake_args=None, catkin_skip_building_tests=False, mixin_files=None, mixin=None, verb_parser=<colcon_mixin.mixin.mixin_argument.MixinArgumentDecorator object at 0x7f694350cca0>, verb_extension=<colcon_core.verb.build.BuildVerb object at 0x7f69434f3af0>, main=<bound method BuildVerb.main of <colcon_core.verb.build.BuildVerb object at 0x7f69434f3af0>>, mixin_verb=('build',))
[0.937s] Level 1:colcon.colcon_core.package_discovery:discover_packages(colcon_meta) check parameters
[0.938s] INFO:colcon.colcon_metadata.package_discovery.colcon_meta:Using configuration from '/root/.colcon/metadata/default/Gazebo.meta'
[0.938s] INFO:colcon.colcon_metadata.package_discovery.colcon_meta:Using configuration from '/root/.colcon/metadata/default/fastrtps.meta'
[0.938s] Level 1:colcon.colcon_core.package_discovery:discover_packages(recursive) check parameters
[0.938s] Level 1:colcon.colcon_core.package_discovery:discover_packages(ignore) check parameters
[0.939s] Level 1:colcon.colcon_core.package_discovery:discover_packages(path) check parameters
[0.939s] Level 1:colcon.colcon_core.package_discovery:discover_packages(colcon_meta) discover
[0.939s] Level 1:colcon.colcon_core.package_discovery:discover_packages(recursive) discover
[0.939s] INFO:colcon.colcon_core.package_discovery:Crawling recursively for packages in '/workspaces/codespace/ros2/project/local_mapping'
[0.939s] Level 1:colcon.colcon_core.package_identification:_identify(.) by extensions ['ignore', 'ignore_ament_install']
[0.939s] Level 1:colcon.colcon_core.package_identification:_identify(.) by extension 'ignore'
[0.939s] Level 1:colcon.colcon_core.package_identification:_identify(.) by extension 'ignore_ament_install'
[0.939s] Level 1:colcon.colcon_core.package_identification:_identify(.) by extensions ['colcon_pkg']
[0.939s] Level 1:colcon.colcon_core.package_identification:_identify(.) by extension 'colcon_pkg'
[0.939s] Level 1:colcon.colcon_core.package_identification:_identify(.) by extensions ['colcon_meta']
[0.939s] Level 1:colcon.colcon_core.package_identification:_identify(.) by extension 'colcon_meta'
[0.939s] Level 1:colcon.colcon_core.package_identification:_identify(.) by extensions ['ros']
[0.939s] Level 1:colcon.colcon_core.package_identification:_identify(.) by extension 'ros'
[0.949s] Level 1:colcon.colcon_core.package_identification:_identify(.) by extensions ['cmake', 'python']
[0.949s] Level 1:colcon.colcon_core.package_identification:_identify(.) by extension 'cmake'
[0.949s] Level 1:colcon.colcon_core.package_identification:_identify(.) by extension 'python'
[0.949s] Level 1:colcon.colcon_core.package_identification:_identify(.) by extensions ['python_setup_py']
[0.949s] Level 1:colcon.colcon_core.package_identification:_identify(.) by extension 'python_setup_py'
[0.949s] Level 1:colcon.colcon_core.package_identification:_identify(build) by extensions ['ignore', 'ignore_ament_install']
[0.949s] Level 1:colcon.colcon_core.package_identification:_identify(build) by extension 'ignore'
[0.949s] Level 1:colcon.colcon_core.package_identification:_identify(build) ignored
[0.949s] Level 1:colcon.colcon_core.package_identification:_identify(install) by extensions ['ignore', 'ignore_ament_install']
[0.949s] Level 1:colcon.colcon_core.package_identification:_identify(install) by extension 'ignore'
[0.950s] Level 1:colcon.colcon_core.package_identification:_identify(install) ignored
[0.950s] Level 1:colcon.colcon_core.package_identification:_identify(log) by extensions ['ignore', 'ignore_ament_install']
[0.950s] Level 1:colcon.colcon_core.package_identification:_identify(log) by extension 'ignore'
[0.950s] Level 1:colcon.colcon_core.package_identification:_identify(log) ignored
[0.950s] Level 1:colcon.colcon_core.package_identification:_identify(src) by extensions ['ignore', 'ignore_ament_install']
[0.950s] Level 1:colcon.colcon_core.package_identification:_identify(src) by extension 'ignore'
[0.950s] Level 1:colcon.colcon_core.package_identification:_identify(src) by extension 'ignore_ament_install'
[0.950s] Level 1:colcon.colcon_core.package_identification:_identify(src) by extensions ['colcon_pkg']
[0.950s] Level 1:colcon.colcon_core.package_identification:_identify(src) by extension 'colcon_pkg'
[0.950s] Level 1:colcon.colcon_core.package_identification:_identify(src) by extensions ['colcon_meta']
[0.950s] Level 1:colcon.colcon_core.package_identification:_identify(src) by extension 'colcon_meta'
[0.950s] Level 1:colcon.colcon_core.package_identification:_identify(src) by extensions ['ros']
[0.950s] Level 1:colcon.colcon_core.package_identification:_identify(src) by extension 'ros'
[0.950s] Level 1:colcon.colcon_core.package_identification:_identify(src) by extensions ['cmake', 'python']
[0.950s] Level 1:colcon.colcon_core.package_identification:_identify(src) by extension 'cmake'
[0.950s] Level 1:colcon.colcon_core.package_identification:_identify(src) by extension 'python'
[0.950s] Level 1:colcon.colcon_core.package_identification:_identify(src) by extensions ['python_setup_py']
[0.950s] Level 1:colcon.colcon_core.package_identification:_identify(src) by extension 'python_setup_py'
[0.950s] Level 1:colcon.colcon_core.package_identification:_identify(src/full_matching) by extensions ['ignore', 'ignore_ament_install']
[0.950s] Level 1:colcon.colcon_core.package_identification:_identify(src/full_matching) by extension 'ignore'
[0.951s] Level 1:colcon.colcon_core.package_identification:_identify(src/full_matching) by extension 'ignore_ament_install'
[0.951s] Level 1:colcon.colcon_core.package_identification:_identify(src/full_matching) by extensions ['colcon_pkg']
[0.951s] Level 1:colcon.colcon_core.package_identification:_identify(src/full_matching) by extension 'colcon_pkg'
[0.951s] Level 1:colcon.colcon_core.package_identification:_identify(src/full_matching) by extensions ['colcon_meta']
[0.951s] Level 1:colcon.colcon_core.package_identification:_identify(src/full_matching) by extension 'colcon_meta'
[0.951s] Level 1:colcon.colcon_core.package_identification:_identify(src/full_matching) by extensions ['ros']
[0.951s] Level 1:colcon.colcon_core.package_identification:_identify(src/full_matching) by extension 'ros'
[0.953s] DEBUG:colcon.colcon_core.package_identification:Package 'src/full_matching' with type 'ros.ament_cmake' and name 'full_matching'
[0.953s] Level 1:colcon.colcon_core.package_identification:_identify(src/gradient_mapping) by extensions ['ignore', 'ignore_ament_install']
[0.953s] Level 1:colcon.colcon_core.package_identification:_identify(src/gradient_mapping) by extension 'ignore'
[0.953s] Level 1:colcon.colcon_core.package_identification:_identify(src/gradient_mapping) by extension 'ignore_ament_install'
[0.953s] Level 1:colcon.colcon_core.package_identification:_identify(src/gradient_mapping) by extensions ['colcon_pkg']
[0.953s] Level 1:colcon.colcon_core.package_identification:_identify(src/gradient_mapping) by extension 'colcon_pkg'
[0.953s] Level 1:colcon.colcon_core.package_identification:_identify(src/gradient_mapping) by extensions ['colcon_meta']
[0.953s] Level 1:colcon.colcon_core.package_identification:_identify(src/gradient_mapping) by extension 'colcon_meta'
[0.953s] Level 1:colcon.colcon_core.package_identification:_identify(src/gradient_mapping) by extensions ['ros']
[0.953s] Level 1:colcon.colcon_core.package_identification:_identify(src/gradient_mapping) by extension 'ros'
[0.954s] DEBUG:colcon.colcon_core.package_identification:Package 'src/gradient_mapping' with type 'ros.ament_cmake' and name 'gradient_mapping'
[0.954s] Level 1:colcon.colcon_core.package_discovery:discover_packages(recursive) using defaults
[0.954s] Level 1:colcon.colcon_core.package_discovery:discover_packages(ignore) discover
[0.954s] Level 1:colcon.colcon_core.package_discovery:discover_packages(ignore) using defaults
[0.954s] Level 1:colcon.colcon_core.package_discovery:discover_packages(path) discover
[0.954s] Level 1:colcon.colcon_core.package_discovery:discover_packages(path) using defaults
[1.011s] Level 5:colcon.colcon_core.verb:set package 'full_matching' build argument 'cmake_args' from command line to 'None'
[1.011s] Level 5:colcon.colcon_core.verb:set package 'full_matching' build argument 'cmake_target' from command line to 'None'
[1.011s] Level 5:colcon.colcon_core.verb:set package 'full_matching' build argument 'cmake_target_skip_unavailable' from command line to 'False'
[1.011s] Level 5:colcon.colcon_core.verb:set package 'full_matching' build argument 'cmake_clean_cache' from command line to 'False'
[1.011s] Level 5:colcon.colcon_core.verb:set package 'full_matching' build argument 'cmake_clean_first' from command line to 'False'
[1.011s] Level 5:colcon.colcon_core.verb:set package 'full_matching' build argument 'cmake_force_configure' from command line to 'False'
[1.011s] Level 5:colcon.colcon_core.verb:set package 'full_matching' build argument 'ament_cmake_args' from command line to 'None'
[1.011s] Level 5:colcon.colcon_core.verb:set package 'full_matching' build argument 'catkin_cmake_args' from command line to 'None'
[1.011s] Level 5:colcon.colcon_core.verb:set package 'full_matching' build argument 'catkin_skip_building_tests' from command line to 'False'
[1.011s] DEBUG:colcon.colcon_core.verb:Building package 'full_matching' with the following arguments: {'ament_cmake_args': None, 'build_base': '/workspaces/codespace/ros2/project/local_mapping/build/full_matching', 'catkin_cmake_args': None, 'catkin_skip_building_tests': False, 'cmake_args': None, 'cmake_clean_cache': False, 'cmake_clean_first': False, 'cmake_force_configure': False, 'cmake_target': None, 'cmake_target_skip_unavailable': False, 'install_base': '/workspaces/codespace/ros2/project/local_mapping/install/full_matching', 'merge_install': False, 'path': '/workspaces/codespace/ros2/project/local_mapping/src/full_matching', 'symlink_install': True, 'test_result_base': None}
[1.021s] Level 5:colcon.colcon_core.verb:set package 'gradient_mapping' build argument 'cmake_args' from command line to 'None'
[1.021s] Level 5:colcon.colcon_core.verb:set package 'gradient_mapping' build argument 'cmake_target' from command line to 'None'
[1.021s] Level 5:colcon.colcon_core.verb:set package 'gradient_mapping' build argument 'cmake_target_skip_unavailable' from command line to 'False'
[1.021s] Level 5:colcon.colcon_core.verb:set package 'gradient_mapping' build argument 'cmake_clean_cache' from command line to 'False'
[1.021s] Level 5:colcon.colcon_core.verb:set package 'gradient_mapping' build argument 'cmake_clean_first' from command line to 'False'
[1.021s] Level 5:colcon.colcon_core.verb:set package 'gradient_mapping' build argument 'cmake_force_configure' from command line to 'False'
[1.021s] Level 5:colcon.colcon_core.verb:set package 'gradient_mapping' build argument 'ament_cmake_args' from command line to 'None'
[1.021s] Level 5:colcon.colcon_core.verb:set package 'gradient_mapping' build argument 'catkin_cmake_args' from command line to 'None'
[1.021s] Level 5:colcon.colcon_core.verb:set package 'gradient_mapping' build argument 'catkin_skip_building_tests' from command line to 'False'
[1.021s] DEBUG:colcon.colcon_core.verb:Building package 'gradient_mapping' with the following arguments: {'ament_cmake_args': None, 'build_base': '/workspaces/codespace/ros2/project/local_mapping/build/gradient_mapping', 'catkin_cmake_args': None, 'catkin_skip_building_tests': False, 'cmake_args': None, 'cmake_clean_cache': False, 'cmake_clean_first': False, 'cmake_force_configure': False, 'cmake_target': None, 'cmake_target_skip_unavailable': False, 'install_base': '/workspaces/codespace/ros2/project/local_mapping/install/gradient_mapping', 'merge_install': False, 'path': '/workspaces/codespace/ros2/project/local_mapping/src/gradient_mapping', 'symlink_install': True, 'test_result_base': None}
[1.031s] INFO:colcon.colcon_core.executor:Executing jobs using 'parallel' executor
[1.042s] DEBUG:colcon.colcon_parallel_executor.executor.parallel:run_until_complete
[1.042s] INFO:colcon.colcon_ros.task.ament_cmake.build:Building ROS package in '/workspaces/codespace/ros2/project/local_mapping/src/full_matching' with build type 'ament_cmake'
[1.042s] INFO:colcon.colcon_cmake.task.cmake.build:Building CMake package in '/workspaces/codespace/ros2/project/local_mapping/src/full_matching'
[1.054s] INFO:colcon.colcon_core.plugin_system:Skipping extension 'colcon_core.shell.bat': Not used on non-Windows systems
[1.054s] INFO:colcon.colcon_core.shell:Skip shell extension 'powershell' for command environment: Not usable outside of PowerShell
[1.054s] DEBUG:colcon.colcon_core.shell:Skip shell extension 'dsv' for command environment
[1.087s] INFO:colcon.colcon_ros.task.ament_cmake.build:Building ROS package in '/workspaces/codespace/ros2/project/local_mapping/src/gradient_mapping' with build type 'ament_cmake'
[1.087s] INFO:colcon.colcon_cmake.task.cmake.build:Building CMake package in '/workspaces/codespace/ros2/project/local_mapping/src/gradient_mapping'
[1.098s] INFO:colcon.colcon_core.shell:Skip shell extension 'powershell' for command environment: Not usable outside of PowerShell
[1.098s] DEBUG:colcon.colcon_core.shell:Skip shell extension 'dsv' for command environment
[1.134s] DEBUG:colcon.colcon_core.event_handler.log_command:Invoking command in '/workspaces/codespace/ros2/project/local_mapping/build/full_matching': CMAKE_PREFIX_PATH=${CMAKE_PREFIX_PATH}:/opt/ros/humble /usr/bin/cmake --build /workspaces/codespace/ros2/project/local_mapping/build/full_matching -- -j16 -l16
[1.137s] DEBUG:colcon.colcon_core.event_handler.log_command:Invoking command in '/workspaces/codespace/ros2/project/local_mapping/build/gradient_mapping': CMAKE_PREFIX_PATH=${CMAKE_PREFIX_PATH}:/opt/ros/humble /usr/bin/cmake --build /workspaces/codespace/ros2/project/local_mapping/build/gradient_mapping -- -j16 -l16
[1.178s] DEBUG:colcon.colcon_core.event_handler.log_command:Invoked command in '/workspaces/codespace/ros2/project/local_mapping/build/full_matching' returned '0': CMAKE_PREFIX_PATH=${CMAKE_PREFIX_PATH}:/opt/ros/humble /usr/bin/cmake --build /workspaces/codespace/ros2/project/local_mapping/build/full_matching -- -j16 -l16
[1.210s] DEBUG:colcon.colcon_core.event_handler.log_command:Invoking command in '/workspaces/codespace/ros2/project/local_mapping/build/full_matching': CMAKE_PREFIX_PATH=${CMAKE_PREFIX_PATH}:/opt/ros/humble /usr/bin/cmake --install /workspaces/codespace/ros2/project/local_mapping/build/full_matching
[1.231s] Level 1:colcon.colcon_core.environment:create_environment_scripts_only(full_matching)
[1.232s] DEBUG:colcon.colcon_core.event_handler.log_command:Invoked command in '/workspaces/codespace/ros2/project/local_mapping/build/full_matching' returned '0': CMAKE_PREFIX_PATH=${CMAKE_PREFIX_PATH}:/opt/ros/humble /usr/bin/cmake --install /workspaces/codespace/ros2/project/local_mapping/build/full_matching
[1.246s] Level 1:colcon.colcon_core.environment:checking '/workspaces/codespace/ros2/project/local_mapping/install/full_matching' for CMake module files
[1.247s] Level 1:colcon.colcon_core.environment:checking '/workspaces/codespace/ros2/project/local_mapping/install/full_matching' for CMake config files
[1.248s] Level 1:colcon.colcon_core.shell:create_environment_hook('full_matching', 'cmake_prefix_path')
[1.260s] INFO:colcon.colcon_core.shell:Creating environment hook '/workspaces/codespace/ros2/project/local_mapping/install/full_matching/share/full_matching/hook/cmake_prefix_path.ps1'
[1.261s] INFO:colcon.colcon_core.shell:Creating environment descriptor '/workspaces/codespace/ros2/project/local_mapping/install/full_matching/share/full_matching/hook/cmake_prefix_path.dsv'
[1.261s] INFO:colcon.colcon_core.shell:Creating environment hook '/workspaces/codespace/ros2/project/local_mapping/install/full_matching/share/full_matching/hook/cmake_prefix_path.sh'
[1.262s] Level 1:colcon.colcon_core.environment:checking '/workspaces/codespace/ros2/project/local_mapping/install/full_matching/bin'
[1.262s] Level 1:colcon.colcon_core.environment:checking '/workspaces/codespace/ros2/project/local_mapping/install/full_matching/lib/pkgconfig/full_matching.pc'
[1.264s] Level 1:colcon.colcon_core.environment:checking '/workspaces/codespace/ros2/project/local_mapping/install/full_matching/lib/python3.10/site-packages'
[1.264s] Level 1:colcon.colcon_core.environment:checking '/workspaces/codespace/ros2/project/local_mapping/install/full_matching/bin'
[1.277s] INFO:colcon.colcon_core.shell:Creating package script '/workspaces/codespace/ros2/project/local_mapping/install/full_matching/share/full_matching/package.ps1'
[1.278s] INFO:colcon.colcon_core.shell:Creating package descriptor '/workspaces/codespace/ros2/project/local_mapping/install/full_matching/share/full_matching/package.dsv'
[1.278s] INFO:colcon.colcon_core.shell:Creating package script '/workspaces/codespace/ros2/project/local_mapping/install/full_matching/share/full_matching/package.sh'
[1.279s] INFO:colcon.colcon_core.shell:Creating package script '/workspaces/codespace/ros2/project/local_mapping/install/full_matching/share/full_matching/package.bash'
[1.279s] INFO:colcon.colcon_core.shell:Creating package script '/workspaces/codespace/ros2/project/local_mapping/install/full_matching/share/full_matching/package.zsh'
[1.280s] Level 1:colcon.colcon_core.environment:create_file_with_runtime_dependencies(/workspaces/codespace/ros2/project/local_mapping/install/full_matching/share/colcon-core/packages/full_matching)
[1.313s] Level 1:colcon.colcon_core.environment:create_environment_scripts_only(full_matching)
[1.323s] Level 1:colcon.colcon_core.environment:checking '/workspaces/codespace/ros2/project/local_mapping/install/full_matching' for CMake module files
[1.324s] Level 1:colcon.colcon_core.environment:checking '/workspaces/codespace/ros2/project/local_mapping/install/full_matching' for CMake config files
[1.324s] Level 1:colcon.colcon_core.shell:create_environment_hook('full_matching', 'cmake_prefix_path')
[1.334s] INFO:colcon.colcon_core.shell:Creating environment hook '/workspaces/codespace/ros2/project/local_mapping/install/full_matching/share/full_matching/hook/cmake_prefix_path.ps1'
[1.334s] INFO:colcon.colcon_core.shell:Creating environment descriptor '/workspaces/codespace/ros2/project/local_mapping/install/full_matching/share/full_matching/hook/cmake_prefix_path.dsv'
[1.335s] INFO:colcon.colcon_core.shell:Creating environment hook '/workspaces/codespace/ros2/project/local_mapping/install/full_matching/share/full_matching/hook/cmake_prefix_path.sh'
[1.335s] Level 1:colcon.colcon_core.environment:checking '/workspaces/codespace/ros2/project/local_mapping/install/full_matching/bin'
[1.335s] Level 1:colcon.colcon_core.environment:checking '/workspaces/codespace/ros2/project/local_mapping/install/full_matching/lib/pkgconfig/full_matching.pc'
[1.336s] Level 1:colcon.colcon_core.environment:checking '/workspaces/codespace/ros2/project/local_mapping/install/full_matching/lib/python3.10/site-packages'
[1.336s] Level 1:colcon.colcon_core.environment:checking '/workspaces/codespace/ros2/project/local_mapping/install/full_matching/bin'
[1.346s] INFO:colcon.colcon_core.shell:Creating package script '/workspaces/codespace/ros2/project/local_mapping/install/full_matching/share/full_matching/package.ps1'
[1.346s] INFO:colcon.colcon_core.shell:Creating package descriptor '/workspaces/codespace/ros2/project/local_mapping/install/full_matching/share/full_matching/package.dsv'
[1.347s] INFO:colcon.colcon_core.shell:Creating package script '/workspaces/codespace/ros2/project/local_mapping/install/full_matching/share/full_matching/package.sh'
[1.347s] INFO:colcon.colcon_core.shell:Creating package script '/workspaces/codespace/ros2/project/local_mapping/install/full_matching/share/full_matching/package.bash'
[1.347s] INFO:colcon.colcon_core.shell:Creating package script '/workspaces/codespace/ros2/project/local_mapping/install/full_matching/share/full_matching/package.zsh'
[1.348s] Level 1:colcon.colcon_core.environment:create_file_with_runtime_dependencies(/workspaces/codespace/ros2/project/local_mapping/install/full_matching/share/colcon-core/packages/full_matching)
[5.188s] DEBUG:colcon.colcon_core.event_handler.log_command:Invoked command in '/workspaces/codespace/ros2/project/local_mapping/build/gradient_mapping' returned '2': CMAKE_PREFIX_PATH=${CMAKE_PREFIX_PATH}:/opt/ros/humble /usr/bin/cmake --build /workspaces/codespace/ros2/project/local_mapping/build/gradient_mapping -- -j16 -l16
[5.284s] Level 1:colcon.colcon_core.environment:create_environment_scripts_only(gradient_mapping)
[5.294s] Level 1:colcon.colcon_core.environment:checking '/workspaces/codespace/ros2/project/local_mapping/install/gradient_mapping' for CMake module files
[5.295s] Level 1:colcon.colcon_core.environment:checking '/workspaces/codespace/ros2/project/local_mapping/install/gradient_mapping' for CMake config files
[5.296s] Level 1:colcon.colcon_core.shell:create_environment_hook('gradient_mapping', 'cmake_prefix_path')
[5.306s] INFO:colcon.colcon_core.shell:Creating environment hook '/workspaces/codespace/ros2/project/local_mapping/install/gradient_mapping/share/gradient_mapping/hook/cmake_prefix_path.ps1'
[5.306s] INFO:colcon.colcon_core.shell:Creating environment descriptor '/workspaces/codespace/ros2/project/local_mapping/install/gradient_mapping/share/gradient_mapping/hook/cmake_prefix_path.dsv'
[5.306s] INFO:colcon.colcon_core.shell:Creating environment hook '/workspaces/codespace/ros2/project/local_mapping/install/gradient_mapping/share/gradient_mapping/hook/cmake_prefix_path.sh'
[5.307s] Level 1:colcon.colcon_core.environment:checking '/workspaces/codespace/ros2/project/local_mapping/install/gradient_mapping/lib'
[5.307s] Level 1:colcon.colcon_core.shell:create_environment_hook('gradient_mapping', 'ld_library_path_lib')
[5.318s] INFO:colcon.colcon_core.shell:Creating environment hook '/workspaces/codespace/ros2/project/local_mapping/install/gradient_mapping/share/gradient_mapping/hook/ld_library_path_lib.ps1'
[5.318s] INFO:colcon.colcon_core.shell:Creating environment descriptor '/workspaces/codespace/ros2/project/local_mapping/install/gradient_mapping/share/gradient_mapping/hook/ld_library_path_lib.dsv'
[5.318s] INFO:colcon.colcon_core.shell:Creating environment hook '/workspaces/codespace/ros2/project/local_mapping/install/gradient_mapping/share/gradient_mapping/hook/ld_library_path_lib.sh'
[5.319s] Level 1:colcon.colcon_core.environment:checking '/workspaces/codespace/ros2/project/local_mapping/install/gradient_mapping/bin'
[5.319s] Level 1:colcon.colcon_core.environment:checking '/workspaces/codespace/ros2/project/local_mapping/install/gradient_mapping/lib/pkgconfig/gradient_mapping.pc'
[5.319s] Level 1:colcon.colcon_core.environment:checking '/workspaces/codespace/ros2/project/local_mapping/install/gradient_mapping/lib/python3.10/site-packages'
[5.319s] Level 1:colcon.colcon_core.environment:checking '/workspaces/codespace/ros2/project/local_mapping/install/gradient_mapping/bin'
[5.329s] INFO:colcon.colcon_core.shell:Creating package script '/workspaces/codespace/ros2/project/local_mapping/install/gradient_mapping/share/gradient_mapping/package.ps1'
[5.329s] INFO:colcon.colcon_core.shell:Creating package descriptor '/workspaces/codespace/ros2/project/local_mapping/install/gradient_mapping/share/gradient_mapping/package.dsv'
[5.330s] INFO:colcon.colcon_core.shell:Creating package script '/workspaces/codespace/ros2/project/local_mapping/install/gradient_mapping/share/gradient_mapping/package.sh'
[5.330s] INFO:colcon.colcon_core.shell:Creating package script '/workspaces/codespace/ros2/project/local_mapping/install/gradient_mapping/share/gradient_mapping/package.bash'
[5.331s] INFO:colcon.colcon_core.shell:Creating package script '/workspaces/codespace/ros2/project/local_mapping/install/gradient_mapping/share/gradient_mapping/package.zsh'
[5.331s] Level 1:colcon.colcon_core.environment:create_file_with_runtime_dependencies(/workspaces/codespace/ros2/project/local_mapping/install/gradient_mapping/share/colcon-core/packages/gradient_mapping)
[5.341s] DEBUG:colcon.colcon_parallel_executor.executor.parallel:closing loop
[5.341s] DEBUG:colcon.colcon_parallel_executor.executor.parallel:loop closed
[5.342s] DEBUG:colcon.colcon_parallel_executor.executor.parallel:run_until_complete finished with '2'
[5.342s] DEBUG:colcon.colcon_core.event_reactor:joining thread
[5.366s] INFO:colcon.colcon_core.plugin_system:Skipping extension 'colcon_notification.desktop_notification.notify_send': Could not find 'notify-send'
[5.366s] INFO:colcon.colcon_core.plugin_system:Skipping extension 'colcon_notification.desktop_notification.terminal_notifier': Not used on non-Darwin systems
[5.366s] INFO:colcon.colcon_core.plugin_system:Skipping extension 'colcon_notification.desktop_notification.win32': Not used on non-Windows systems
[5.366s] INFO:colcon.colcon_notification.desktop_notification:Sending desktop notification using 'notify2'
[5.369s] DEBUG:colcon.colcon_notification.desktop_notification.notify2:Failed to initialize notify2: org.freedesktop.DBus.Error.Spawn.ExecFailed: /usr/bin/dbus-launch terminated abnormally without any error message
[5.370s] DEBUG:colcon.colcon_core.event_reactor:joined thread
[5.382s] INFO:colcon.colcon_core.shell:Creating prefix script '/workspaces/codespace/ros2/project/local_mapping/install/local_setup.ps1'
[5.382s] INFO:colcon.colcon_core.shell:Creating prefix util module '/workspaces/codespace/ros2/project/local_mapping/install/_local_setup_util_ps1.py'
[5.383s] INFO:colcon.colcon_core.shell:Creating prefix chain script '/workspaces/codespace/ros2/project/local_mapping/install/setup.ps1'
[5.394s] INFO:colcon.colcon_core.shell:Creating prefix script '/workspaces/codespace/ros2/project/local_mapping/install/local_setup.sh'
[5.395s] INFO:colcon.colcon_core.shell:Creating prefix util module '/workspaces/codespace/ros2/project/local_mapping/install/_local_setup_util_sh.py'
[5.395s] INFO:colcon.colcon_core.shell:Creating prefix chain script '/workspaces/codespace/ros2/project/local_mapping/install/setup.sh'
[5.406s] INFO:colcon.colcon_core.shell:Creating prefix script '/workspaces/codespace/ros2/project/local_mapping/install/local_setup.bash'
[5.407s] INFO:colcon.colcon_core.shell:Creating prefix chain script '/workspaces/codespace/ros2/project/local_mapping/install/setup.bash'
[5.417s] INFO:colcon.colcon_core.shell:Creating prefix script '/workspaces/codespace/ros2/project/local_mapping/install/local_setup.zsh'
[5.418s] INFO:colcon.colcon_core.shell:Creating prefix chain script '/workspaces/codespace/ros2/project/local_mapping/install/setup.zsh'
