[1.088s] Invoking command in '/workspaces/codespace/ros2/project/tutorial/build/examples_rclpy_minimal_service': PYTHONPATH=/workspaces/codespace/ros2/project/tutorial/build/examples_rclpy_minimal_service/prefix_override:/workspaces/codespace/ros2/project/tutorial/install/examples_rclpy_minimal_service/lib/python3.10/site-packages: /usr/bin/python3 setup.py develop --editable --build-directory /workspaces/codespace/ros2/project/tutorial/build/examples_rclpy_minimal_service/build --no-deps install_data
[1.571s] running develop
[1.572s] /usr/lib/python3/dist-packages/setuptools/command/easy_install.py:158: EasyInstallDeprecationWarning: easy_install command is deprecated. Use build and pip and other standards-based tools.
[1.572s]   warnings.warn(
[1.576s] /usr/lib/python3/dist-packages/setuptools/command/install.py:34: SetuptoolsDeprecationWarning: setup.py install is deprecated. Use build and pip and other standards-based tools.
[1.576s]   warnings.warn(
[1.654s] running egg_info
[1.655s] creating examples_rclpy_minimal_service.egg-info
[1.655s] writing examples_rclpy_minimal_service.egg-info/PKG-INFO
[1.655s] writing dependency_links to examples_rclpy_minimal_service.egg-info/dependency_links.txt
[1.656s] writing entry points to examples_rclpy_minimal_service.egg-info/entry_points.txt
[1.656s] writing requirements to examples_rclpy_minimal_service.egg-info/requires.txt
[1.656s] writing top-level names to examples_rclpy_minimal_service.egg-info/top_level.txt
[1.657s] writing manifest file 'examples_rclpy_minimal_service.egg-info/SOURCES.txt'
[1.660s] reading manifest file 'examples_rclpy_minimal_service.egg-info/SOURCES.txt'
[1.661s] writing manifest file 'examples_rclpy_minimal_service.egg-info/SOURCES.txt'
[1.663s] running build_ext
[1.663s] Creating /workspaces/codespace/ros2/project/tutorial/install/examples_rclpy_minimal_service/lib/python3.10/site-packages/examples-rclpy-minimal-service.egg-link (link to .)
[1.665s] Installing service script to /workspaces/codespace/ros2/project/tutorial/install/examples_rclpy_minimal_service/lib/examples_rclpy_minimal_service
[1.665s] Installing service_member_function script to /workspaces/codespace/ros2/project/tutorial/install/examples_rclpy_minimal_service/lib/examples_rclpy_minimal_service
[1.666s] 
[1.666s] Installed /workspaces/codespace/ros2/project/tutorial/build/examples_rclpy_minimal_service
[1.666s] running install_data
[1.667s] creating /workspaces/codespace/ros2/project/tutorial/install/examples_rclpy_minimal_service/share/ament_index
[1.667s] creating /workspaces/codespace/ros2/project/tutorial/install/examples_rclpy_minimal_service/share/ament_index/resource_index
[1.667s] creating /workspaces/codespace/ros2/project/tutorial/install/examples_rclpy_minimal_service/share/ament_index/resource_index/packages
[1.667s] copying resource/examples_rclpy_minimal_service -> /workspaces/codespace/ros2/project/tutorial/install/examples_rclpy_minimal_service/share/ament_index/resource_index/packages
[1.668s] copying package.xml -> /workspaces/codespace/ros2/project/tutorial/install/examples_rclpy_minimal_service/share/examples_rclpy_minimal_service
[1.903s] Invoked command in '/workspaces/codespace/ros2/project/tutorial/build/examples_rclpy_minimal_service' returned '0': PYTHONPATH=/workspaces/codespace/ros2/project/tutorial/build/examples_rclpy_minimal_service/prefix_override:/workspaces/codespace/ros2/project/tutorial/install/examples_rclpy_minimal_service/lib/python3.10/site-packages: /usr/bin/python3 setup.py develop --editable --build-directory /workspaces/codespace/ros2/project/tutorial/build/examples_rclpy_minimal_service/build --no-deps install_data
