[0.038s] Invoking command in '/workspaces/codespace/ros2/project/local_mapping/build/gradient_mapping': CMAKE_PREFIX_PATH=/opt/ros/humble /usr/bin/cmake --build /workspaces/codespace/ros2/project/local_mapping/build/gradient_mapping -- -j16 -l16
[0.060s] -- Found ament_cmake: 1.3.8 (/opt/ros/humble/share/ament_cmake/cmake)
[0.164s] -- Override CMake install command with custom implementation using symlinks instead of copying resources
[0.170s] -- Found rclcpp: 16.0.8 (/opt/ros/humble/share/rclcpp/cmake)
[0.196s] -- Found rosidl_generator_c: 3.1.5 (/opt/ros/humble/share/rosidl_generator_c/cmake)
[0.198s] -- Found rosidl_adapter: 3.1.5 (/opt/ros/humble/share/rosidl_adapter/cmake)
[0.203s] -- Found rosidl_generator_cpp: 3.1.5 (/opt/ros/humble/share/rosidl_generator_cpp/cmake)
[0.212s] -- Using all available rosidl_typesupport_c: rosidl_typesupport_fastrtps_c;rosidl_typesupport_introspection_c
[0.224s] -- Using all available rosidl_typesupport_cpp: rosidl_typesupport_fastrtps_cpp;rosidl_typesupport_introspection_cpp
[0.268s] -- Found rmw_implementation_cmake: 6.1.1 (/opt/ros/humble/share/rmw_implementation_cmake/cmake)
[0.269s] -- Found rmw_fastrtps_cpp: 6.2.6 (/opt/ros/humble/share/rmw_fastrtps_cpp/cmake)
[0.388s] -- Using RMW implementation 'rmw_fastrtps_cpp' as default
[0.516s] -- Found geometry_msgs: 4.2.3 (/opt/ros/humble/share/geometry_msgs/cmake)
[0.551s] -- Found rosidl_default_generators: 1.2.0 (/opt/ros/humble/share/rosidl_default_generators/cmake)
[0.764s] -- Found ament_cmake_ros: 0.10.0 (/opt/ros/humble/share/ament_cmake_ros/cmake)
[1.084s] -- Using all available rosidl_typesupport_c: rosidl_typesupport_fastrtps_c;rosidl_typesupport_introspection_c
[1.210s] -- Using all available rosidl_typesupport_cpp: rosidl_typesupport_fastrtps_cpp;rosidl_typesupport_introspection_cpp
[1.229s] -- Found python_cmake_module: 0.10.0 (/opt/ros/humble/share/python_cmake_module/cmake)
[1.246s] -- Using PYTHON_EXECUTABLE: /usr/bin/python3
[1.246s] -- Using PYTHON_INCLUDE_DIRS: /usr/include/python3.10
[1.247s] -- Using PYTHON_LIBRARIES: /usr/lib/x86_64-linux-gnu/libpython3.10.so
[1.275s] -- Found ament_lint_auto: 0.12.10 (/opt/ros/humble/share/ament_lint_auto/cmake)
[1.286s] -- Added test 'cppcheck' to perform static code analysis on C / C++ code
[1.286s] -- Configured cppcheck include dirs: 
[1.286s] -- Configured cppcheck exclude dirs and/or files: 
[1.287s] -- Added test 'lint_cmake' to check CMake code style
[1.288s] -- Added test 'uncrustify' to check C / C++ code style
[1.288s] -- Configured uncrustify additional arguments: 
[1.288s] -- Added test 'xmllint' to check XML markup files
[1.290s] -- Configuring done
[1.329s] -- Generating done
[1.332s] -- Build files have been written to: /workspaces/codespace/ros2/project/local_mapping/build/gradient_mapping
[1.358s] [35m[1mConsolidate compiler generated dependencies of target run[0m
[1.359s] [35m[1mConsolidate compiler generated dependencies of target gradient_mapping__rosidl_generator_c[0m
[1.368s] [  2%] Built target gradient_mapping__cpp
[1.368s] [  4%] [32mBuilding CXX object CMakeFiles/run.dir/src/main.cpp.o[0m
[1.370s] [ 14%] Built target gradient_mapping__rosidl_generator_c
[1.377s] [ 14%] Built target ament_cmake_python_symlink_gradient_mapping
[1.378s] [35m[1mConsolidate compiler generated dependencies of target gradient_mapping__rosidl_typesupport_cpp[0m
[1.378s] [35m[1mConsolidate compiler generated dependencies of target gradient_mapping__rosidl_typesupport_fastrtps_cpp[0m
[1.378s] [35m[1mConsolidate compiler generated dependencies of target gradient_mapping__rosidl_typesupport_introspection_cpp[0m
[1.381s] [35m[1mConsolidate compiler generated dependencies of target gradient_mapping__rosidl_typesupport_c[0m
[1.381s] [35m[1mConsolidate compiler generated dependencies of target gradient_mapping__rosidl_typesupport_introspection_c[0m
[1.381s] [35m[1mConsolidate compiler generated dependencies of target gradient_mapping__rosidl_typesupport_fastrtps_c[0m
[1.393s] [ 43%] Built target gradient_mapping__rosidl_typesupport_cpp
[1.393s] [ 43%] Built target gradient_mapping__rosidl_typesupport_fastrtps_cpp
[1.393s] [ 43%] Built target gradient_mapping__rosidl_typesupport_c
[1.394s] [ 53%] Built target gradient_mapping__rosidl_typesupport_introspection_cpp
[1.395s] [ 63%] Built target gradient_mapping__rosidl_typesupport_introspection_c
[1.395s] [ 73%] Built target gradient_mapping__rosidl_typesupport_fastrtps_c
[1.415s] [ 73%] Built target gradient_mapping
[1.436s] [ 75%] Built target gradient_mapping__py
[1.446s] [35m[1mConsolidate compiler generated dependencies of target gradient_mapping__rosidl_generator_py[0m
[1.462s] [ 82%] Built target gradient_mapping__rosidl_generator_py
[1.472s] [35m[1mConsolidate compiler generated dependencies of target gradient_mapping__rosidl_typesupport_introspection_c__pyext[0m
[1.472s] [35m[1mConsolidate compiler generated dependencies of target gradient_mapping__rosidl_typesupport_fastrtps_c__pyext[0m
[1.472s] [35m[1mConsolidate compiler generated dependencies of target gradient_mapping__rosidl_typesupport_c__pyext[0m
[1.486s] [ 92%] Built target gradient_mapping__rosidl_typesupport_introspection_c__pyext
[1.487s] [ 92%] Built target gradient_mapping__rosidl_typesupport_c__pyext
[1.487s] [ 97%] Built target gradient_mapping__rosidl_typesupport_fastrtps_c__pyext
[1.551s] running egg_info
[1.551s] writing gradient_mapping.egg-info/PKG-INFO
[1.551s] writing dependency_links to gradient_mapping.egg-info/dependency_links.txt
[1.552s] writing top-level names to gradient_mapping.egg-info/top_level.txt
[1.554s] reading manifest file 'gradient_mapping.egg-info/SOURCES.txt'
[1.554s] writing manifest file 'gradient_mapping.egg-info/SOURCES.txt'
[1.575s] [ 97%] Built target ament_cmake_python_build_gradient_mapping_egg
[3.477s] [100%] [32m[1mLinking CXX executable run[0m
[3.556s] [100%] Built target run
[3.568s] Invoked command in '/workspaces/codespace/ros2/project/local_mapping/build/gradient_mapping' returned '0': CMAKE_PREFIX_PATH=/opt/ros/humble /usr/bin/cmake --build /workspaces/codespace/ros2/project/local_mapping/build/gradient_mapping -- -j16 -l16
[3.650s] Invoking command in '/workspaces/codespace/ros2/project/local_mapping/build/gradient_mapping': CMAKE_PREFIX_PATH=/opt/ros/humble /usr/bin/cmake --install /workspaces/codespace/ros2/project/local_mapping/build/gradient_mapping
[3.657s] -- Install configuration: ""
[3.657s] -- Execute custom install script
[3.657s] -- Up-to-date symlink: /workspaces/codespace/ros2/project/local_mapping/install/gradient_mapping/share/ament_index/resource_index/rosidl_interfaces/gradient_mapping
[3.658s] -- Up-to-date symlink: /workspaces/codespace/ros2/project/local_mapping/install/gradient_mapping/include/gradient_mapping/gradient_mapping/msg/custom_msg.h
[3.658s] -- Up-to-date symlink: /workspaces/codespace/ros2/project/local_mapping/install/gradient_mapping/include/gradient_mapping/gradient_mapping/msg/custom_point.h
[3.658s] -- Up-to-date symlink: /workspaces/codespace/ros2/project/local_mapping/install/gradient_mapping/include/gradient_mapping/gradient_mapping/msg/detail/custom_msg__functions.h
[3.658s] -- Up-to-date symlink: /workspaces/codespace/ros2/project/local_mapping/install/gradient_mapping/include/gradient_mapping/gradient_mapping/msg/detail/custom_msg__struct.h
[3.658s] -- Up-to-date symlink: /workspaces/codespace/ros2/project/local_mapping/install/gradient_mapping/include/gradient_mapping/gradient_mapping/msg/detail/custom_msg__type_support.h
[3.658s] -- Up-to-date symlink: /workspaces/codespace/ros2/project/local_mapping/install/gradient_mapping/include/gradient_mapping/gradient_mapping/msg/detail/custom_point__functions.h
[3.659s] -- Up-to-date symlink: /workspaces/codespace/ros2/project/local_mapping/install/gradient_mapping/include/gradient_mapping/gradient_mapping/msg/detail/custom_point__struct.h
[3.659s] -- Up-to-date symlink: /workspaces/codespace/ros2/project/local_mapping/install/gradient_mapping/include/gradient_mapping/gradient_mapping/msg/detail/custom_point__type_support.h
[3.659s] -- Up-to-date symlink: /workspaces/codespace/ros2/project/local_mapping/install/gradient_mapping/include/gradient_mapping/gradient_mapping/msg/rosidl_generator_c__visibility_control.h
[3.659s] -- Up-to-date symlink: /workspaces/codespace/ros2/project/local_mapping/install/gradient_mapping/share/gradient_mapping/environment/library_path.sh
[3.659s] -- Up-to-date symlink: /workspaces/codespace/ros2/project/local_mapping/install/gradient_mapping/share/gradient_mapping/environment/library_path.dsv
[3.659s] -- Up-to-date symlink: /workspaces/codespace/ros2/project/local_mapping/install/gradient_mapping/include/gradient_mapping/gradient_mapping/msg/detail/custom_msg__rosidl_typesupport_fastrtps_c.h
[3.660s] -- Up-to-date symlink: /workspaces/codespace/ros2/project/local_mapping/install/gradient_mapping/include/gradient_mapping/gradient_mapping/msg/detail/custom_point__rosidl_typesupport_fastrtps_c.h
[3.660s] -- Up-to-date symlink: /workspaces/codespace/ros2/project/local_mapping/install/gradient_mapping/include/gradient_mapping/gradient_mapping/msg/rosidl_typesupport_fastrtps_c__visibility_control.h
[3.660s] -- Up-to-date symlink: /workspaces/codespace/ros2/project/local_mapping/install/gradient_mapping/include/gradient_mapping/gradient_mapping/msg/custom_msg.hpp
[3.660s] -- Up-to-date symlink: /workspaces/codespace/ros2/project/local_mapping/install/gradient_mapping/include/gradient_mapping/gradient_mapping/msg/custom_point.hpp
[3.660s] -- Up-to-date symlink: /workspaces/codespace/ros2/project/local_mapping/install/gradient_mapping/include/gradient_mapping/gradient_mapping/msg/detail/custom_msg__builder.hpp
[3.660s] -- Up-to-date symlink: /workspaces/codespace/ros2/project/local_mapping/install/gradient_mapping/include/gradient_mapping/gradient_mapping/msg/detail/custom_msg__struct.hpp
[3.660s] -- Up-to-date symlink: /workspaces/codespace/ros2/project/local_mapping/install/gradient_mapping/include/gradient_mapping/gradient_mapping/msg/detail/custom_msg__traits.hpp
[3.661s] -- Up-to-date symlink: /workspaces/codespace/ros2/project/local_mapping/install/gradient_mapping/include/gradient_mapping/gradient_mapping/msg/detail/custom_point__builder.hpp
[3.661s] -- Up-to-date symlink: /workspaces/codespace/ros2/project/local_mapping/install/gradient_mapping/include/gradient_mapping/gradient_mapping/msg/detail/custom_point__struct.hpp
[3.661s] -- Up-to-date symlink: /workspaces/codespace/ros2/project/local_mapping/install/gradient_mapping/include/gradient_mapping/gradient_mapping/msg/detail/custom_point__traits.hpp
[3.661s] -- Up-to-date symlink: /workspaces/codespace/ros2/project/local_mapping/install/gradient_mapping/include/gradient_mapping/gradient_mapping/msg/detail/custom_msg__rosidl_typesupport_fastrtps_cpp.hpp
[3.661s] -- Up-to-date symlink: /workspaces/codespace/ros2/project/local_mapping/install/gradient_mapping/include/gradient_mapping/gradient_mapping/msg/detail/custom_point__rosidl_typesupport_fastrtps_cpp.hpp
[3.661s] -- Up-to-date symlink: /workspaces/codespace/ros2/project/local_mapping/install/gradient_mapping/include/gradient_mapping/gradient_mapping/msg/rosidl_typesupport_fastrtps_cpp__visibility_control.h
[3.662s] -- Up-to-date symlink: /workspaces/codespace/ros2/project/local_mapping/install/gradient_mapping/include/gradient_mapping/gradient_mapping/msg/detail/custom_msg__rosidl_typesupport_introspection_c.h
[3.662s] -- Up-to-date symlink: /workspaces/codespace/ros2/project/local_mapping/install/gradient_mapping/include/gradient_mapping/gradient_mapping/msg/detail/custom_point__rosidl_typesupport_introspection_c.h
[3.662s] -- Up-to-date symlink: /workspaces/codespace/ros2/project/local_mapping/install/gradient_mapping/include/gradient_mapping/gradient_mapping/msg/rosidl_typesupport_introspection_c__visibility_control.h
[3.662s] -- Up-to-date symlink: /workspaces/codespace/ros2/project/local_mapping/install/gradient_mapping/include/gradient_mapping/gradient_mapping/msg/detail/custom_msg__rosidl_typesupport_introspection_cpp.hpp
[3.662s] -- Up-to-date symlink: /workspaces/codespace/ros2/project/local_mapping/install/gradient_mapping/include/gradient_mapping/gradient_mapping/msg/detail/custom_point__rosidl_typesupport_introspection_cpp.hpp
[3.663s] -- Up-to-date symlink: /workspaces/codespace/ros2/project/local_mapping/install/gradient_mapping/share/gradient_mapping/environment/pythonpath.sh
[3.663s] -- Up-to-date symlink: /workspaces/codespace/ros2/project/local_mapping/install/gradient_mapping/share/gradient_mapping/environment/pythonpath.dsv
[3.663s] -- Up-to-date symlink: /workspaces/codespace/ros2/project/local_mapping/install/gradient_mapping/local/lib/python3.10/dist-packages/gradient_mapping-0.0.0-py3.10.egg-info/PKG-INFO
[3.663s] -- Up-to-date symlink: /workspaces/codespace/ros2/project/local_mapping/install/gradient_mapping/local/lib/python3.10/dist-packages/gradient_mapping-0.0.0-py3.10.egg-info/SOURCES.txt
[3.663s] -- Up-to-date symlink: /workspaces/codespace/ros2/project/local_mapping/install/gradient_mapping/local/lib/python3.10/dist-packages/gradient_mapping-0.0.0-py3.10.egg-info/dependency_links.txt
[3.663s] -- Up-to-date symlink: /workspaces/codespace/ros2/project/local_mapping/install/gradient_mapping/local/lib/python3.10/dist-packages/gradient_mapping-0.0.0-py3.10.egg-info/top_level.txt
[3.664s] -- Up-to-date symlink: /workspaces/codespace/ros2/project/local_mapping/install/gradient_mapping/local/lib/python3.10/dist-packages/gradient_mapping/__init__.py
[3.664s] -- Up-to-date symlink: /workspaces/codespace/ros2/project/local_mapping/install/gradient_mapping/local/lib/python3.10/dist-packages/gradient_mapping/_gradient_mapping_s.ep.rosidl_typesupport_c.c
[3.664s] -- Up-to-date symlink: /workspaces/codespace/ros2/project/local_mapping/install/gradient_mapping/local/lib/python3.10/dist-packages/gradient_mapping/_gradient_mapping_s.ep.rosidl_typesupport_fastrtps_c.c
[3.664s] -- Up-to-date symlink: /workspaces/codespace/ros2/project/local_mapping/install/gradient_mapping/local/lib/python3.10/dist-packages/gradient_mapping/_gradient_mapping_s.ep.rosidl_typesupport_introspection_c.c
[3.664s] -- Up-to-date symlink: /workspaces/codespace/ros2/project/local_mapping/install/gradient_mapping/local/lib/python3.10/dist-packages/gradient_mapping/gradient_mapping_s__rosidl_typesupport_c.cpython-310-x86_64-linux-gnu.so
[3.664s] -- Up-to-date symlink: /workspaces/codespace/ros2/project/local_mapping/install/gradient_mapping/local/lib/python3.10/dist-packages/gradient_mapping/gradient_mapping_s__rosidl_typesupport_fastrtps_c.cpython-310-x86_64-linux-gnu.so
[3.664s] -- Up-to-date symlink: /workspaces/codespace/ros2/project/local_mapping/install/gradient_mapping/local/lib/python3.10/dist-packages/gradient_mapping/gradient_mapping_s__rosidl_typesupport_introspection_c.cpython-310-x86_64-linux-gnu.so
[3.665s] -- Up-to-date symlink: /workspaces/codespace/ros2/project/local_mapping/install/gradient_mapping/local/lib/python3.10/dist-packages/gradient_mapping/libgradient_mapping__rosidl_generator_py.so
[3.665s] -- Up-to-date symlink: /workspaces/codespace/ros2/project/local_mapping/install/gradient_mapping/local/lib/python3.10/dist-packages/gradient_mapping/msg/__init__.py
[3.665s] -- Up-to-date symlink: /workspaces/codespace/ros2/project/local_mapping/install/gradient_mapping/local/lib/python3.10/dist-packages/gradient_mapping/msg/_custom_msg.py
[3.665s] -- Up-to-date symlink: /workspaces/codespace/ros2/project/local_mapping/install/gradient_mapping/local/lib/python3.10/dist-packages/gradient_mapping/msg/_custom_msg_s.c
[3.665s] -- Up-to-date symlink: /workspaces/codespace/ros2/project/local_mapping/install/gradient_mapping/local/lib/python3.10/dist-packages/gradient_mapping/msg/_custom_point.py
[3.665s] -- Up-to-date symlink: /workspaces/codespace/ros2/project/local_mapping/install/gradient_mapping/local/lib/python3.10/dist-packages/gradient_mapping/msg/_custom_point_s.c
[3.665s] -- Up-to-date symlink: /workspaces/codespace/ros2/project/local_mapping/install/gradient_mapping/local/lib/python3.10/dist-packages/gradient_mapping/gradient_mapping_s__rosidl_typesupport_fastrtps_c.cpython-310-x86_64-linux-gnu.so
[3.666s] -- Up-to-date symlink: /workspaces/codespace/ros2/project/local_mapping/install/gradient_mapping/local/lib/python3.10/dist-packages/gradient_mapping/gradient_mapping_s__rosidl_typesupport_introspection_c.cpython-310-x86_64-linux-gnu.so
[3.666s] -- Up-to-date symlink: /workspaces/codespace/ros2/project/local_mapping/install/gradient_mapping/local/lib/python3.10/dist-packages/gradient_mapping/gradient_mapping_s__rosidl_typesupport_c.cpython-310-x86_64-linux-gnu.so
[3.666s] -- Up-to-date symlink: /workspaces/codespace/ros2/project/local_mapping/install/gradient_mapping/share/gradient_mapping/msg/CustomPoint.idl
[3.666s] -- Up-to-date symlink: /workspaces/codespace/ros2/project/local_mapping/install/gradient_mapping/share/gradient_mapping/msg/CustomMsg.idl
[3.666s] -- Up-to-date symlink: /workspaces/codespace/ros2/project/local_mapping/install/gradient_mapping/share/gradient_mapping/msg/CustomPoint.msg
[3.666s] -- Up-to-date symlink: /workspaces/codespace/ros2/project/local_mapping/install/gradient_mapping/share/gradient_mapping/msg/CustomMsg.msg
[3.667s] -- Up-to-date symlink: /workspaces/codespace/ros2/project/local_mapping/install/gradient_mapping/lib/gradient_mapping/run
[3.667s] -- Up-to-date symlink: /workspaces/codespace/ros2/project/local_mapping/install/gradient_mapping/share/ament_index/resource_index/package_run_dependencies/gradient_mapping
[3.667s] -- Up-to-date symlink: /workspaces/codespace/ros2/project/local_mapping/install/gradient_mapping/share/ament_index/resource_index/parent_prefix_path/gradient_mapping
[3.667s] -- Up-to-date symlink: /workspaces/codespace/ros2/project/local_mapping/install/gradient_mapping/share/gradient_mapping/environment/ament_prefix_path.sh
[3.667s] -- Up-to-date symlink: /workspaces/codespace/ros2/project/local_mapping/install/gradient_mapping/share/gradient_mapping/environment/ament_prefix_path.dsv
[3.667s] -- Up-to-date symlink: /workspaces/codespace/ros2/project/local_mapping/install/gradient_mapping/share/gradient_mapping/environment/path.sh
[3.667s] -- Up-to-date symlink: /workspaces/codespace/ros2/project/local_mapping/install/gradient_mapping/share/gradient_mapping/environment/path.dsv
[3.667s] -- Up-to-date symlink: /workspaces/codespace/ros2/project/local_mapping/install/gradient_mapping/share/gradient_mapping/local_setup.bash
[3.668s] -- Up-to-date symlink: /workspaces/codespace/ros2/project/local_mapping/install/gradient_mapping/share/gradient_mapping/local_setup.sh
[3.668s] -- Up-to-date symlink: /workspaces/codespace/ros2/project/local_mapping/install/gradient_mapping/share/gradient_mapping/local_setup.zsh
[3.668s] -- Up-to-date symlink: /workspaces/codespace/ros2/project/local_mapping/install/gradient_mapping/share/gradient_mapping/local_setup.dsv
[3.668s] -- Symlinking: /workspaces/codespace/ros2/project/local_mapping/install/gradient_mapping/share/gradient_mapping/package.dsv
[3.677s] -- Up-to-date symlink: /workspaces/codespace/ros2/project/local_mapping/install/gradient_mapping/share/ament_index/resource_index/packages/gradient_mapping
[3.677s] -- Up-to-date symlink: /workspaces/codespace/ros2/project/local_mapping/install/gradient_mapping/share/gradient_mapping/cmake/rosidl_cmake-extras.cmake
[3.677s] -- Up-to-date symlink: /workspaces/codespace/ros2/project/local_mapping/install/gradient_mapping/share/gradient_mapping/cmake/ament_cmake_export_dependencies-extras.cmake
[3.677s] -- Up-to-date symlink: /workspaces/codespace/ros2/project/local_mapping/install/gradient_mapping/share/gradient_mapping/cmake/ament_cmake_export_include_directories-extras.cmake
[3.677s] -- Up-to-date symlink: /workspaces/codespace/ros2/project/local_mapping/install/gradient_mapping/share/gradient_mapping/cmake/ament_cmake_export_libraries-extras.cmake
[3.678s] -- Up-to-date symlink: /workspaces/codespace/ros2/project/local_mapping/install/gradient_mapping/share/gradient_mapping/cmake/ament_cmake_export_targets-extras.cmake
[3.678s] -- Up-to-date symlink: /workspaces/codespace/ros2/project/local_mapping/install/gradient_mapping/share/gradient_mapping/cmake/rosidl_cmake_export_typesupport_targets-extras.cmake
[3.678s] -- Up-to-date symlink: /workspaces/codespace/ros2/project/local_mapping/install/gradient_mapping/share/gradient_mapping/cmake/rosidl_cmake_export_typesupport_libraries-extras.cmake
[3.678s] -- Up-to-date symlink: /workspaces/codespace/ros2/project/local_mapping/install/gradient_mapping/share/gradient_mapping/cmake/gradient_mappingConfig.cmake
[3.678s] -- Up-to-date symlink: /workspaces/codespace/ros2/project/local_mapping/install/gradient_mapping/share/gradient_mapping/cmake/gradient_mappingConfig-version.cmake
[3.678s] -- Up-to-date symlink: /workspaces/codespace/ros2/project/local_mapping/install/gradient_mapping/share/gradient_mapping/package.xml
[3.678s] -- Up-to-date: /workspaces/codespace/ros2/project/local_mapping/install/gradient_mapping/lib/libgradient_mapping__rosidl_generator_c.so
[3.679s] -- Up-to-date: /workspaces/codespace/ros2/project/local_mapping/install/gradient_mapping/lib/libgradient_mapping__rosidl_typesupport_fastrtps_c.so
[3.679s] -- Up-to-date: /workspaces/codespace/ros2/project/local_mapping/install/gradient_mapping/lib/libgradient_mapping__rosidl_typesupport_fastrtps_cpp.so
[3.679s] -- Up-to-date: /workspaces/codespace/ros2/project/local_mapping/install/gradient_mapping/lib/libgradient_mapping__rosidl_typesupport_introspection_c.so
[3.680s] -- Up-to-date: /workspaces/codespace/ros2/project/local_mapping/install/gradient_mapping/lib/libgradient_mapping__rosidl_typesupport_c.so
[3.680s] -- Up-to-date: /workspaces/codespace/ros2/project/local_mapping/install/gradient_mapping/lib/libgradient_mapping__rosidl_typesupport_introspection_cpp.so
[3.680s] -- Up-to-date: /workspaces/codespace/ros2/project/local_mapping/install/gradient_mapping/lib/libgradient_mapping__rosidl_typesupport_cpp.so
[3.707s] Listing '/workspaces/codespace/ros2/project/local_mapping/install/gradient_mapping/local/lib/python3.10/dist-packages/gradient_mapping'...
[3.707s] Compiling '/workspaces/codespace/ros2/project/local_mapping/install/gradient_mapping/local/lib/python3.10/dist-packages/gradient_mapping/__init__.py'...
[3.707s] Listing '/workspaces/codespace/ros2/project/local_mapping/install/gradient_mapping/local/lib/python3.10/dist-packages/gradient_mapping/msg'...
[3.711s] -- Up-to-date: /workspaces/codespace/ros2/project/local_mapping/install/gradient_mapping/lib/libgradient_mapping__rosidl_generator_py.so
[3.711s] -- Up-to-date: /workspaces/codespace/ros2/project/local_mapping/install/gradient_mapping/share/gradient_mapping/cmake/export_gradient_mapping__rosidl_generator_cExport.cmake
[3.711s] -- Up-to-date: /workspaces/codespace/ros2/project/local_mapping/install/gradient_mapping/share/gradient_mapping/cmake/export_gradient_mapping__rosidl_generator_cExport-noconfig.cmake
[3.711s] -- Up-to-date: /workspaces/codespace/ros2/project/local_mapping/install/gradient_mapping/share/gradient_mapping/cmake/export_gradient_mapping__rosidl_typesupport_fastrtps_cExport.cmake
[3.711s] -- Up-to-date: /workspaces/codespace/ros2/project/local_mapping/install/gradient_mapping/share/gradient_mapping/cmake/export_gradient_mapping__rosidl_typesupport_fastrtps_cExport-noconfig.cmake
[3.711s] -- Up-to-date: /workspaces/codespace/ros2/project/local_mapping/install/gradient_mapping/share/gradient_mapping/cmake/export_gradient_mapping__rosidl_generator_cppExport.cmake
[3.711s] -- Up-to-date: /workspaces/codespace/ros2/project/local_mapping/install/gradient_mapping/share/gradient_mapping/cmake/export_gradient_mapping__rosidl_typesupport_fastrtps_cppExport.cmake
[3.711s] -- Up-to-date: /workspaces/codespace/ros2/project/local_mapping/install/gradient_mapping/share/gradient_mapping/cmake/export_gradient_mapping__rosidl_typesupport_fastrtps_cppExport-noconfig.cmake
[3.711s] -- Up-to-date: /workspaces/codespace/ros2/project/local_mapping/install/gradient_mapping/share/gradient_mapping/cmake/gradient_mapping__rosidl_typesupport_introspection_cExport.cmake
[3.711s] -- Up-to-date: /workspaces/codespace/ros2/project/local_mapping/install/gradient_mapping/share/gradient_mapping/cmake/gradient_mapping__rosidl_typesupport_introspection_cExport-noconfig.cmake
[3.711s] -- Up-to-date: /workspaces/codespace/ros2/project/local_mapping/install/gradient_mapping/share/gradient_mapping/cmake/gradient_mapping__rosidl_typesupport_cExport.cmake
[3.712s] -- Up-to-date: /workspaces/codespace/ros2/project/local_mapping/install/gradient_mapping/share/gradient_mapping/cmake/gradient_mapping__rosidl_typesupport_cExport-noconfig.cmake
[3.712s] -- Up-to-date: /workspaces/codespace/ros2/project/local_mapping/install/gradient_mapping/share/gradient_mapping/cmake/gradient_mapping__rosidl_typesupport_introspection_cppExport.cmake
[3.712s] -- Up-to-date: /workspaces/codespace/ros2/project/local_mapping/install/gradient_mapping/share/gradient_mapping/cmake/gradient_mapping__rosidl_typesupport_introspection_cppExport-noconfig.cmake
[3.712s] -- Up-to-date: /workspaces/codespace/ros2/project/local_mapping/install/gradient_mapping/share/gradient_mapping/cmake/gradient_mapping__rosidl_typesupport_cppExport.cmake
[3.712s] -- Up-to-date: /workspaces/codespace/ros2/project/local_mapping/install/gradient_mapping/share/gradient_mapping/cmake/gradient_mapping__rosidl_typesupport_cppExport-noconfig.cmake
[3.712s] -- Up-to-date: /workspaces/codespace/ros2/project/local_mapping/install/gradient_mapping/share/gradient_mapping/cmake/export_gradient_mapping__rosidl_generator_pyExport.cmake
[3.712s] -- Up-to-date: /workspaces/codespace/ros2/project/local_mapping/install/gradient_mapping/share/gradient_mapping/cmake/export_gradient_mapping__rosidl_generator_pyExport-noconfig.cmake
[3.714s] Invoked command in '/workspaces/codespace/ros2/project/local_mapping/build/gradient_mapping' returned '0': CMAKE_PREFIX_PATH=/opt/ros/humble /usr/bin/cmake --install /workspaces/codespace/ros2/project/local_mapping/build/gradient_mapping
