[0.062s] Invoking command in '/workspaces/codespace/ros2/project/local_mapping/build/gradient_mapping': CMAKE_PREFIX_PATH=${CMAKE_PREFIX_PATH}:/opt/ros/humble /usr/bin/cmake --build /workspaces/codespace/ros2/project/local_mapping/build/gradient_mapping -- -j16 -l16
[0.115s] [35m[1mConsolidate compiler generated dependencies of target gradient_mapping[0m
[0.153s] [ 50%] [32mBuilding CXX object CMakeFiles/gradient_mapping.dir/src/main.cpp.o[0m
[10.455s] [100%] [32m[1mLinking CXX executable gradient_mapping[0m
[10.581s] [100%] Built target gradient_mapping
[10.592s] Invoked command in '/workspaces/codespace/ros2/project/local_mapping/build/gradient_mapping' returned '0': CMAKE_PREFIX_PATH=${CMAKE_PREFIX_PATH}:/opt/ros/humble /usr/bin/cmake --build /workspaces/codespace/ros2/project/local_mapping/build/gradient_mapping -- -j16 -l16
[10.629s] Invoking command in '/workspaces/codespace/ros2/project/local_mapping/build/gradient_mapping': CMAKE_PREFIX_PATH=${CMAKE_PREFIX_PATH}:/opt/ros/humble /usr/bin/cmake --install /workspaces/codespace/ros2/project/local_mapping/build/gradient_mapping
[10.636s] -- Install configuration: ""
[10.637s] -- Execute custom install script
[10.637s] -- Up-to-date symlink: /workspaces/codespace/ros2/project/local_mapping/install/gradient_mapping/include/gradient_mapping/rivz.hpp
[10.637s] -- Up-to-date symlink: /workspaces/codespace/ros2/project/local_mapping/install/gradient_mapping/include/gradient_mapping/transform.hpp
[10.637s] -- Up-to-date symlink: /workspaces/codespace/ros2/project/local_mapping/install/gradient_mapping/lib/gradient_mapping/gradient_mapping
[10.638s] -- Up-to-date symlink: /workspaces/codespace/ros2/project/local_mapping/install/gradient_mapping/share/ament_index/resource_index/package_run_dependencies/gradient_mapping
[10.638s] -- Up-to-date symlink: /workspaces/codespace/ros2/project/local_mapping/install/gradient_mapping/share/ament_index/resource_index/parent_prefix_path/gradient_mapping
[10.638s] -- Up-to-date symlink: /workspaces/codespace/ros2/project/local_mapping/install/gradient_mapping/share/gradient_mapping/environment/ament_prefix_path.sh
[10.638s] -- Up-to-date symlink: /workspaces/codespace/ros2/project/local_mapping/install/gradient_mapping/share/gradient_mapping/environment/ament_prefix_path.dsv
[10.638s] -- Up-to-date symlink: /workspaces/codespace/ros2/project/local_mapping/install/gradient_mapping/share/gradient_mapping/environment/path.sh
[10.638s] -- Up-to-date symlink: /workspaces/codespace/ros2/project/local_mapping/install/gradient_mapping/share/gradient_mapping/environment/path.dsv
[10.638s] -- Up-to-date symlink: /workspaces/codespace/ros2/project/local_mapping/install/gradient_mapping/share/gradient_mapping/local_setup.bash
[10.638s] -- Up-to-date symlink: /workspaces/codespace/ros2/project/local_mapping/install/gradient_mapping/share/gradient_mapping/local_setup.sh
[10.639s] -- Up-to-date symlink: /workspaces/codespace/ros2/project/local_mapping/install/gradient_mapping/share/gradient_mapping/local_setup.zsh
[10.639s] -- Up-to-date symlink: /workspaces/codespace/ros2/project/local_mapping/install/gradient_mapping/share/gradient_mapping/local_setup.dsv
[10.639s] -- Symlinking: /workspaces/codespace/ros2/project/local_mapping/install/gradient_mapping/share/gradient_mapping/package.dsv
[10.649s] -- Up-to-date symlink: /workspaces/codespace/ros2/project/local_mapping/install/gradient_mapping/share/ament_index/resource_index/packages/gradient_mapping
[10.649s] -- Up-to-date symlink: /workspaces/codespace/ros2/project/local_mapping/install/gradient_mapping/share/gradient_mapping/cmake/ament_cmake_export_dependencies-extras.cmake
[10.649s] -- Up-to-date symlink: /workspaces/codespace/ros2/project/local_mapping/install/gradient_mapping/share/gradient_mapping/cmake/ament_cmake_export_include_directories-extras.cmake
[10.649s] -- Up-to-date symlink: /workspaces/codespace/ros2/project/local_mapping/install/gradient_mapping/share/gradient_mapping/cmake/gradient_mappingConfig.cmake
[10.649s] -- Up-to-date symlink: /workspaces/codespace/ros2/project/local_mapping/install/gradient_mapping/share/gradient_mapping/cmake/gradient_mappingConfig-version.cmake
[10.649s] -- Up-to-date symlink: /workspaces/codespace/ros2/project/local_mapping/install/gradient_mapping/share/gradient_mapping/package.xml
[10.651s] Invoked command in '/workspaces/codespace/ros2/project/local_mapping/build/gradient_mapping' returned '0': CMAKE_PREFIX_PATH=${CMAKE_PREFIX_PATH}:/opt/ros/humble /usr/bin/cmake --install /workspaces/codespace/ros2/project/local_mapping/build/gradient_mapping
