[0.040s] Invoking command in '/workspaces/codespace/ros2/project/local_mapping/build/gradient_mapping': CMAKE_PREFIX_PATH=/opt/ros/humble /usr/bin/cmake --build /workspaces/codespace/ros2/project/local_mapping/build/gradient_mapping -- -j16 -l16
[0.058s] [0m-- GLOB mismatch![0m
[0.073s] -- Found ament_cmake_auto: 1.3.8 (/opt/ros/humble/share/ament_cmake_auto/cmake)
[0.170s] -- Override CMake install command with custom implementation using symlinks instead of copying resources
[0.264s] -- Found rosidl_generator_c: 3.1.5 (/opt/ros/humble/share/rosidl_generator_c/cmake)
[0.267s] -- Found rosidl_adapter: 3.1.5 (/opt/ros/humble/share/rosidl_adapter/cmake)
[0.275s] -- Found rosidl_generator_cpp: 3.1.5 (/opt/ros/humble/share/rosidl_generator_cpp/cmake)
[0.286s] -- Using all available rosidl_typesupport_c: rosidl_typesupport_fastrtps_c;rosidl_typesupport_introspection_c
[0.300s] -- Using all available rosidl_typesupport_cpp: rosidl_typesupport_fastrtps_cpp;rosidl_typesupport_introspection_cpp
[0.355s] -- Found rmw_implementation_cmake: 6.1.1 (/opt/ros/humble/share/rmw_implementation_cmake/cmake)
[0.357s] -- Found rmw_fastrtps_cpp: 6.2.6 (/opt/ros/humble/share/rmw_fastrtps_cpp/cmake)
[0.491s] -- Using RMW implementation 'rmw_fastrtps_cpp' as default
[1.050s] -- Configuring done
[1.066s] -- Generating done
[1.067s] -- Build files have been written to: /workspaces/codespace/ros2/project/local_mapping/build/gradient_mapping
[1.091s] [35m[1mConsolidate compiler generated dependencies of target gradient_mapping[0m
[1.115s] [ 33%] [32mBuilding CXX object CMakeFiles/gradient_mapping.dir/src/example.cpp.o[0m
[1.120s] [ 66%] [32mBuilding CXX object CMakeFiles/gradient_mapping.dir/src/main.cpp.o[0m
[11.443s] [100%] [32m[1mLinking CXX executable gradient_mapping[0m
[11.468s] /usr/bin/ld: CMakeFiles/gradient_mapping.dir/src/main.cpp.o: in function `main':
[11.468s] main.cpp:(.text.startup+0x30): multiple definition of `main'; CMakeFiles/gradient_mapping.dir/src/example.cpp.o:example.cpp:(.text.startup+0x0): first defined here
[11.587s] /usr/bin/ld: CMakeFiles/gradient_mapping.dir/src/example.cpp.o: in function `void pcl::transformPointCloud<pcl::PointXYZ, float>(pcl::PointCloud<pcl::PointXYZ> const&, pcl::PointCloud<pcl::PointXYZ>&, Eigen::Matrix<float, 4, 4, 0, 4, 4> const&, bool)':
[11.587s] example.cpp:(.text._ZN3pcl19transformPointCloudINS_8PointXYZEfEEvRKNS_10PointCloudIT_EERS4_RKN5Eigen6MatrixIT0_Li4ELi4ELi0ELi4ELi4EEEb[_ZN3pcl19transformPointCloudINS_8PointXYZEfEEvRKNS_10PointCloudIT_EERS4_RKN5Eigen6MatrixIT0_Li4ELi4ELi0ELi4ELi4EEEb]+0x39b): undefined reference to `pcl::console::print(pcl::console::VERBOSITY_LEVEL, char const*, ...)'
[11.601s] collect2: error: ld returned 1 exit status
[11.603s] gmake[2]: *** [CMakeFiles/gradient_mapping.dir/build.make:183: gradient_mapping] Error 1
[11.603s] gmake[1]: *** [CMakeFiles/Makefile2:137: CMakeFiles/gradient_mapping.dir/all] Error 2
[11.604s] gmake: *** [Makefile:146: all] Error 2
[11.606s] Invoked command in '/workspaces/codespace/ros2/project/local_mapping/build/gradient_mapping' returned '2': CMAKE_PREFIX_PATH=/opt/ros/humble /usr/bin/cmake --build /workspaces/codespace/ros2/project/local_mapping/build/gradient_mapping -- -j16 -l16
