running develop
running egg_info
creating examples_rclpy_minimal_action_client.egg-info
writing examples_rclpy_minimal_action_client.egg-info/PKG-INFO
writing dependency_links to examples_rclpy_minimal_action_client.egg-info/dependency_links.txt
writing entry points to examples_rclpy_minimal_action_client.egg-info/entry_points.txt
writing requirements to examples_rclpy_minimal_action_client.egg-info/requires.txt
writing top-level names to examples_rclpy_minimal_action_client.egg-info/top_level.txt
writing manifest file 'examples_rclpy_minimal_action_client.egg-info/SOURCES.txt'
reading manifest file 'examples_rclpy_minimal_action_client.egg-info/SOURCES.txt'
writing manifest file 'examples_rclpy_minimal_action_client.egg-info/SOURCES.txt'
running build_ext
Creating /workspaces/codespace/ros2/project/tutorial/install/examples_rclpy_minimal_action_client/lib/python3.10/site-packages/examples-rclpy-minimal-action-client.egg-link (link to .)
Installing client script to /workspaces/codespace/ros2/project/tutorial/install/examples_rclpy_minimal_action_client/lib/examples_rclpy_minimal_action_client
Installing client_asyncio script to /workspaces/codespace/ros2/project/tutorial/install/examples_rclpy_minimal_action_client/lib/examples_rclpy_minimal_action_client
Installing client_cancel script to /workspaces/codespace/ros2/project/tutorial/install/examples_rclpy_minimal_action_client/lib/examples_rclpy_minimal_action_client
Installing client_not_composable script to /workspaces/codespace/ros2/project/tutorial/install/examples_rclpy_minimal_action_client/lib/examples_rclpy_minimal_action_client

Installed /workspaces/codespace/ros2/project/tutorial/build/examples_rclpy_minimal_action_client
running install_data
creating /workspaces/codespace/ros2/project/tutorial/install/examples_rclpy_minimal_action_client/share/ament_index
creating /workspaces/codespace/ros2/project/tutorial/install/examples_rclpy_minimal_action_client/share/ament_index/resource_index
creating /workspaces/codespace/ros2/project/tutorial/install/examples_rclpy_minimal_action_client/share/ament_index/resource_index/packages
copying resource/examples_rclpy_minimal_action_client -> /workspaces/codespace/ros2/project/tutorial/install/examples_rclpy_minimal_action_client/share/ament_index/resource_index/packages
copying package.xml -> /workspaces/codespace/ros2/project/tutorial/install/examples_rclpy_minimal_action_client/share/examples_rclpy_minimal_action_client
/usr/lib/python3/dist-packages/setuptools/command/easy_install.py:158: EasyInstallDeprecationWarning: easy_install command is deprecated. Use build and pip and other standards-based tools.
  warnings.warn(
/usr/lib/python3/dist-packages/setuptools/command/install.py:34: SetuptoolsDeprecationWarning: setup.py install is deprecated. Use build and pip and other standards-based tools.
  warnings.warn(
