/usr/bin/gmake  -f CMakeFiles/Makefile2 clean
gmake[1]: Entering directory '/workspaces/codespace/ros2/project/local_mapping/build/full_matching'
/usr/bin/gmake  -f CMakeFiles/uninstall.dir/build.make CMakeFiles/uninstall.dir/clean
gmake[2]: Entering directory '/workspaces/codespace/ros2/project/local_mapping/build/full_matching'
/usr/bin/cmake -P CMakeFiles/uninstall.dir/cmake_clean.cmake
gmake[2]: Leaving directory '/workspaces/codespace/ros2/project/local_mapping/build/full_matching'
/usr/bin/gmake  -f CMakeFiles/full_matching_uninstall.dir/build.make CMakeFiles/full_matching_uninstall.dir/clean
gmake[2]: Entering directory '/workspaces/codespace/ros2/project/local_mapping/build/full_matching'
/usr/bin/cmake -P CMakeFiles/full_matching_uninstall.dir/cmake_clean.cmake
gmake[2]: Leaving directory '/workspaces/codespace/ros2/project/local_mapping/build/full_matching'
gmake[1]: Leaving directory '/workspaces/codespace/ros2/project/local_mapping/build/full_matching'
/usr/bin/cmake -S/workspaces/codespace/ros2/project/local_mapping/src/full_matching -B/workspaces/codespace/ros2/project/local_mapping/build/full_matching --check-build-system CMakeFiles/Makefile.cmake 0
/usr/bin/cmake -E cmake_progress_start /workspaces/codespace/ros2/project/local_mapping/build/full_matching/CMakeFiles /workspaces/codespace/ros2/project/local_mapping/build/full_matching//CMakeFiles/progress.marks
/usr/bin/gmake  -f CMakeFiles/Makefile2 all
gmake[1]: Entering directory '/workspaces/codespace/ros2/project/local_mapping/build/full_matching'
gmake[1]: Nothing to be done for 'all'.
gmake[1]: Leaving directory '/workspaces/codespace/ros2/project/local_mapping/build/full_matching'
/usr/bin/cmake -E cmake_progress_start /workspaces/codespace/ros2/project/local_mapping/build/full_matching/CMakeFiles 0
-- Install configuration: ""
-- Execute custom install script
-- Up-to-date symlink: /workspaces/codespace/ros2/project/local_mapping/install/full_matching/share/ament_index/resource_index/package_run_dependencies/full_matching
-- Up-to-date symlink: /workspaces/codespace/ros2/project/local_mapping/install/full_matching/share/ament_index/resource_index/parent_prefix_path/full_matching
-- Up-to-date symlink: /workspaces/codespace/ros2/project/local_mapping/install/full_matching/share/full_matching/environment/ament_prefix_path.sh
-- Up-to-date symlink: /workspaces/codespace/ros2/project/local_mapping/install/full_matching/share/full_matching/environment/ament_prefix_path.dsv
-- Up-to-date symlink: /workspaces/codespace/ros2/project/local_mapping/install/full_matching/share/full_matching/environment/path.sh
-- Up-to-date symlink: /workspaces/codespace/ros2/project/local_mapping/install/full_matching/share/full_matching/environment/path.dsv
-- Up-to-date symlink: /workspaces/codespace/ros2/project/local_mapping/install/full_matching/share/full_matching/local_setup.bash
-- Up-to-date symlink: /workspaces/codespace/ros2/project/local_mapping/install/full_matching/share/full_matching/local_setup.sh
-- Up-to-date symlink: /workspaces/codespace/ros2/project/local_mapping/install/full_matching/share/full_matching/local_setup.zsh
-- Up-to-date symlink: /workspaces/codespace/ros2/project/local_mapping/install/full_matching/share/full_matching/local_setup.dsv
-- Symlinking: /workspaces/codespace/ros2/project/local_mapping/install/full_matching/share/full_matching/package.dsv
-- Up-to-date symlink: /workspaces/codespace/ros2/project/local_mapping/install/full_matching/share/ament_index/resource_index/packages/full_matching
-- Up-to-date symlink: /workspaces/codespace/ros2/project/local_mapping/install/full_matching/share/full_matching/cmake/full_matchingConfig.cmake
-- Up-to-date symlink: /workspaces/codespace/ros2/project/local_mapping/install/full_matching/share/full_matching/cmake/full_matchingConfig-version.cmake
-- Up-to-date symlink: /workspaces/codespace/ros2/project/local_mapping/install/full_matching/share/full_matching/package.xml
