[0.056s] Invoking command in '/workspaces/codespace/ros2/project/local_mapping/build/messages': CMAKE_PREFIX_PATH=${CMAKE_PREFIX_PATH}:/opt/ros/humble /usr/bin/cmake --build /workspaces/codespace/ros2/project/local_mapping/build/messages -- -j16 -l16
[0.077s] -- Found ament_cmake: 1.3.8 (/opt/ros/humble/share/ament_cmake/cmake)
[0.174s] -- Override CMake install command with custom implementation using symlinks instead of copying resources
[0.182s] -- Found builtin_interfaces: 1.2.1 (/opt/ros/humble/share/builtin_interfaces/cmake)
[0.203s] -- Found rosidl_generator_c: 3.1.5 (/opt/ros/humble/share/rosidl_generator_c/cmake)
[0.205s] -- Found rosidl_adapter: 3.1.5 (/opt/ros/humble/share/rosidl_adapter/cmake)
[0.210s] -- Found rosidl_generator_cpp: 3.1.5 (/opt/ros/humble/share/rosidl_generator_cpp/cmake)
[0.219s] -- Using all available rosidl_typesupport_c: rosidl_typesupport_fastrtps_c;rosidl_typesupport_introspection_c
[0.232s] -- Using all available rosidl_typesupport_cpp: rosidl_typesupport_fastrtps_cpp;rosidl_typesupport_introspection_cpp
[0.243s] -- Found lifecycle_msgs: 1.2.1 (/opt/ros/humble/share/lifecycle_msgs/cmake)
[0.256s] -- Found rosidl_default_generators: 1.2.0 (/opt/ros/humble/share/rosidl_default_generators/cmake)
[0.263s] -- Found geometry_msgs: 4.2.3 (/opt/ros/humble/share/geometry_msgs/cmake)
[0.569s] -- Found ament_cmake_cppcheck: 0.12.10 (/opt/ros/humble/share/ament_cmake_cppcheck/cmake)
[0.570s] -- Found ament_cmake_cpplint: 0.12.10 (/opt/ros/humble/share/ament_cmake_cpplint/cmake)
[0.570s] -- Found ament_cmake_uncrustify: 0.12.10 (/opt/ros/humble/share/ament_cmake_uncrustify/cmake)
[0.571s] -- Found ament_cmake_ros: 0.10.0 (/opt/ros/humble/share/ament_cmake_ros/cmake)
[0.907s] -- Using all available rosidl_typesupport_c: rosidl_typesupport_fastrtps_c;rosidl_typesupport_introspection_c
[1.043s] -- Using all available rosidl_typesupport_cpp: rosidl_typesupport_fastrtps_cpp;rosidl_typesupport_introspection_cpp
[1.063s] -- Found python_cmake_module: 0.10.0 (/opt/ros/humble/share/python_cmake_module/cmake)
[1.081s] -- Using PYTHON_EXECUTABLE: /usr/bin/python3
[1.081s] -- Using PYTHON_INCLUDE_DIRS: /usr/include/python3.10
[1.081s] -- Using PYTHON_LIBRARIES: /usr/lib/x86_64-linux-gnu/libpython3.10.so
[1.115s] -- Found ament_cmake_flake8: 0.12.10 (/opt/ros/humble/share/ament_cmake_flake8/cmake)
[1.115s] -- Found ament_cmake_pep257: 0.12.10 (/opt/ros/humble/share/ament_cmake_pep257/cmake)
[1.124s] -- Configuring done
[1.160s] -- Generating done
[1.163s] -- Build files have been written to: /workspaces/codespace/ros2/project/local_mapping/build/messages
[1.188s] [35m[1mConsolidate compiler generated dependencies of target messages__rosidl_generator_c[0m
[1.198s] [  2%] Built target messages__cpp
[1.199s] [  5%] [32mBuilding C object CMakeFiles/messages__rosidl_generator_c.dir/rosidl_generator_c/messages/msg/detail/custom_point__functions.c.o[0m
[1.199s] [  7%] [32mBuilding C object CMakeFiles/messages__rosidl_generator_c.dir/rosidl_generator_c/messages/msg/detail/custom_msg__functions.c.o[0m
[1.206s] [  7%] Built target ament_cmake_python_symlink_messages
[1.208s] [35m[1mConsolidate compiler generated dependencies of target messages__rosidl_typesupport_cpp[0m
[1.208s] [35m[1mConsolidate compiler generated dependencies of target messages__rosidl_typesupport_fastrtps_cpp[0m
[1.208s] [35m[1mConsolidate compiler generated dependencies of target messages__rosidl_typesupport_introspection_cpp[0m
[1.222s] [ 17%] [32mBuilding CXX object CMakeFiles/messages__rosidl_typesupport_introspection_cpp.dir/rosidl_typesupport_introspection_cpp/messages/msg/detail/custom_point__type_support.cpp.o[0m
[1.222s] [ 17%] [32mBuilding CXX object CMakeFiles/messages__rosidl_typesupport_fastrtps_cpp.dir/rosidl_typesupport_fastrtps_cpp/messages/msg/detail/dds_fastrtps/custom_point__type_support.cpp.o[0m
[1.222s] [ 17%] [32mBuilding CXX object CMakeFiles/messages__rosidl_typesupport_cpp.dir/rosidl_typesupport_cpp/messages/msg/custom_msg__type_support.cpp.o[0m
[1.222s] [ 17%] [32mBuilding CXX object CMakeFiles/messages__rosidl_typesupport_cpp.dir/rosidl_typesupport_cpp/messages/msg/custom_point__type_support.cpp.o[0m
[1.222s] [ 20%] [32mBuilding CXX object CMakeFiles/messages__rosidl_typesupport_introspection_cpp.dir/rosidl_typesupport_introspection_cpp/messages/msg/detail/custom_msg__type_support.cpp.o[0m
[1.224s] [ 23%] [32mBuilding CXX object CMakeFiles/messages__rosidl_typesupport_fastrtps_cpp.dir/rosidl_typesupport_fastrtps_cpp/messages/msg/detail/dds_fastrtps/custom_msg__type_support.cpp.o[0m
[1.251s] [ 25%] [32m[1mLinking C shared library libmessages__rosidl_generator_c.so[0m
[1.286s] [ 28%] Built target messages__rosidl_generator_c
[1.299s] [ 35%] [34m[1mGenerating C type support dispatch for ROS interfaces[0m
[1.300s] [ 35%] [34m[1mGenerating C introspection for ROS interfaces[0m
[1.300s] [ 35%] [34m[1mGenerating C type support for eProsima Fast-RTPS[0m
[1.497s] running egg_info
[1.498s] writing messages.egg-info/PKG-INFO
[1.498s] writing dependency_links to messages.egg-info/dependency_links.txt
[1.498s] writing top-level names to messages.egg-info/top_level.txt
[1.502s] reading manifest file 'messages.egg-info/SOURCES.txt'
[1.503s] writing manifest file 'messages.egg-info/SOURCES.txt'
[1.537s] [ 35%] Built target ament_cmake_python_build_messages_egg
[1.563s] [ 38%] [32m[1mLinking CXX shared library libmessages__rosidl_typesupport_cpp.so[0m
[1.604s] [ 41%] Built target messages__rosidl_typesupport_cpp
[1.632s] [ 43%] [32m[1mLinking CXX shared library libmessages__rosidl_typesupport_fastrtps_cpp.so[0m
[1.660s] [ 46%] [32m[1mLinking CXX shared library libmessages__rosidl_typesupport_introspection_cpp.so[0m
[1.699s] [ 48%] [32mBuilding C object CMakeFiles/messages__rosidl_typesupport_introspection_c.dir/rosidl_typesupport_introspection_c/messages/msg/detail/custom_msg__type_support.c.o[0m
[1.699s] [ 51%] [32mBuilding C object CMakeFiles/messages__rosidl_typesupport_introspection_c.dir/rosidl_typesupport_introspection_c/messages/msg/detail/custom_point__type_support.c.o[0m
[1.707s] [ 53%] Built target messages__rosidl_typesupport_fastrtps_cpp
[1.717s] [ 58%] [32mBuilding CXX object CMakeFiles/messages__rosidl_typesupport_fastrtps_c.dir/rosidl_typesupport_fastrtps_c/messages/msg/detail/custom_msg__type_support_c.cpp.o[0m
[1.717s] [ 58%] [32mBuilding CXX object CMakeFiles/messages__rosidl_typesupport_fastrtps_c.dir/rosidl_typesupport_fastrtps_c/messages/msg/detail/custom_point__type_support_c.cpp.o[0m
[1.733s] [ 61%] Built target messages__rosidl_typesupport_introspection_cpp
[1.739s] [ 64%] [32m[1mLinking C shared library libmessages__rosidl_typesupport_introspection_c.so[0m
[1.767s] [ 69%] [32mBuilding CXX object CMakeFiles/messages__rosidl_typesupport_c.dir/rosidl_typesupport_c/messages/msg/custom_msg__type_support.cpp.o[0m
[1.768s] [ 69%] [32mBuilding CXX object CMakeFiles/messages__rosidl_typesupport_c.dir/rosidl_typesupport_c/messages/msg/custom_point__type_support.cpp.o[0m
[1.772s] [ 69%] Built target messages__rosidl_typesupport_introspection_c
[1.797s] [ 71%] [32m[1mLinking CXX shared library libmessages__rosidl_typesupport_c.so[0m
[1.837s] [ 71%] Built target messages__rosidl_typesupport_c
[1.999s] [ 74%] [32m[1mLinking CXX shared library libmessages__rosidl_typesupport_fastrtps_c.so[0m
[2.068s] [ 74%] Built target messages__rosidl_typesupport_fastrtps_c
[2.088s] [ 74%] Built target messages
[2.108s] [ 76%] [34m[1mGenerating Python code for ROS interfaces[0m
[2.587s] [ 76%] Built target messages__py
[2.607s] [ 82%] [32mBuilding C object CMakeFiles/messages__rosidl_generator_py.dir/rosidl_generator_py/messages/msg/_custom_point_s.c.o[0m
[2.607s] [ 82%] [32mBuilding C object CMakeFiles/messages__rosidl_generator_py.dir/rosidl_generator_py/messages/msg/_custom_msg_s.c.o[0m
[2.700s] [ 84%] [32m[1mLinking C shared library rosidl_generator_py/messages/libmessages__rosidl_generator_py.so[0m
[2.740s] [ 84%] Built target messages__rosidl_generator_py
[2.760s] [ 92%] [32mBuilding C object CMakeFiles/messages__rosidl_typesupport_introspection_c__pyext.dir/rosidl_generator_py/messages/_messages_s.ep.rosidl_typesupport_introspection_c.c.o[0m
[2.760s] [ 92%] [32mBuilding C object CMakeFiles/messages__rosidl_typesupport_c__pyext.dir/rosidl_generator_py/messages/_messages_s.ep.rosidl_typesupport_c.c.o[0m
[2.761s] [ 92%] [32mBuilding C object CMakeFiles/messages__rosidl_typesupport_fastrtps_c__pyext.dir/rosidl_generator_py/messages/_messages_s.ep.rosidl_typesupport_fastrtps_c.c.o[0m
[2.854s] [100%] [32m[1mLinking C shared library rosidl_generator_py/messages/messages_s__rosidl_typesupport_fastrtps_c.cpython-310-x86_64-linux-gnu.so[0m
[2.854s] [100%] [32m[1mLinking C shared library rosidl_generator_py/messages/messages_s__rosidl_typesupport_c.cpython-310-x86_64-linux-gnu.so[0m
[2.854s] [100%] [32m[1mLinking C shared library rosidl_generator_py/messages/messages_s__rosidl_typesupport_introspection_c.cpython-310-x86_64-linux-gnu.so[0m
[2.895s] [100%] Built target messages__rosidl_typesupport_c__pyext
[2.895s] [100%] Built target messages__rosidl_typesupport_introspection_c__pyext
[2.895s] [100%] Built target messages__rosidl_typesupport_fastrtps_c__pyext
[2.907s] Invoked command in '/workspaces/codespace/ros2/project/local_mapping/build/messages' returned '0': CMAKE_PREFIX_PATH=${CMAKE_PREFIX_PATH}:/opt/ros/humble /usr/bin/cmake --build /workspaces/codespace/ros2/project/local_mapping/build/messages -- -j16 -l16
[2.992s] Invoking command in '/workspaces/codespace/ros2/project/local_mapping/build/messages': CMAKE_PREFIX_PATH=${CMAKE_PREFIX_PATH}:/opt/ros/humble /usr/bin/cmake --install /workspaces/codespace/ros2/project/local_mapping/build/messages
[2.999s] -- Install configuration: ""
[3.000s] -- Execute custom install script
[3.000s] -- Symlinking: /workspaces/codespace/ros2/project/local_mapping/install/messages/share/ament_index/resource_index/rosidl_interfaces/messages
[3.009s] -- Symlinking: /workspaces/codespace/ros2/project/local_mapping/install/messages/include/messages/messages/msg/custom_msg.h
[3.018s] -- Symlinking: /workspaces/codespace/ros2/project/local_mapping/install/messages/include/messages/messages/msg/custom_point.h
[3.027s] -- Symlinking: /workspaces/codespace/ros2/project/local_mapping/install/messages/include/messages/messages/msg/detail/custom_msg__functions.h
[3.036s] -- Symlinking: /workspaces/codespace/ros2/project/local_mapping/install/messages/include/messages/messages/msg/detail/custom_msg__struct.h
[3.045s] -- Symlinking: /workspaces/codespace/ros2/project/local_mapping/install/messages/include/messages/messages/msg/detail/custom_msg__type_support.h
[3.053s] -- Symlinking: /workspaces/codespace/ros2/project/local_mapping/install/messages/include/messages/messages/msg/detail/custom_point__functions.h
[3.062s] -- Symlinking: /workspaces/codespace/ros2/project/local_mapping/install/messages/include/messages/messages/msg/detail/custom_point__struct.h
[3.070s] -- Symlinking: /workspaces/codespace/ros2/project/local_mapping/install/messages/include/messages/messages/msg/detail/custom_point__type_support.h
[3.079s] -- Symlinking: /workspaces/codespace/ros2/project/local_mapping/install/messages/include/messages/messages/msg/rosidl_generator_c__visibility_control.h
[3.087s] -- Symlinking: /workspaces/codespace/ros2/project/local_mapping/install/messages/share/messages/environment/library_path.sh
[3.096s] -- Symlinking: /workspaces/codespace/ros2/project/local_mapping/install/messages/share/messages/environment/library_path.dsv
[3.104s] -- Symlinking: /workspaces/codespace/ros2/project/local_mapping/install/messages/include/messages/messages/msg/detail/custom_msg__rosidl_typesupport_fastrtps_c.h
[3.112s] -- Symlinking: /workspaces/codespace/ros2/project/local_mapping/install/messages/include/messages/messages/msg/detail/custom_point__rosidl_typesupport_fastrtps_c.h
[3.119s] -- Symlinking: /workspaces/codespace/ros2/project/local_mapping/install/messages/include/messages/messages/msg/rosidl_typesupport_fastrtps_c__visibility_control.h
[3.129s] -- Symlinking: /workspaces/codespace/ros2/project/local_mapping/install/messages/include/messages/messages/msg/custom_msg.hpp
[3.137s] -- Symlinking: /workspaces/codespace/ros2/project/local_mapping/install/messages/include/messages/messages/msg/custom_point.hpp
[3.146s] -- Symlinking: /workspaces/codespace/ros2/project/local_mapping/install/messages/include/messages/messages/msg/detail/custom_msg__builder.hpp
[3.155s] -- Symlinking: /workspaces/codespace/ros2/project/local_mapping/install/messages/include/messages/messages/msg/detail/custom_msg__struct.hpp
[3.163s] -- Symlinking: /workspaces/codespace/ros2/project/local_mapping/install/messages/include/messages/messages/msg/detail/custom_msg__traits.hpp
[3.171s] -- Symlinking: /workspaces/codespace/ros2/project/local_mapping/install/messages/include/messages/messages/msg/detail/custom_point__builder.hpp
[3.179s] -- Symlinking: /workspaces/codespace/ros2/project/local_mapping/install/messages/include/messages/messages/msg/detail/custom_point__struct.hpp
[3.187s] -- Symlinking: /workspaces/codespace/ros2/project/local_mapping/install/messages/include/messages/messages/msg/detail/custom_point__traits.hpp
[3.196s] -- Symlinking: /workspaces/codespace/ros2/project/local_mapping/install/messages/include/messages/messages/msg/detail/custom_msg__rosidl_typesupport_fastrtps_cpp.hpp
[3.203s] -- Symlinking: /workspaces/codespace/ros2/project/local_mapping/install/messages/include/messages/messages/msg/detail/custom_point__rosidl_typesupport_fastrtps_cpp.hpp
[3.212s] -- Symlinking: /workspaces/codespace/ros2/project/local_mapping/install/messages/include/messages/messages/msg/rosidl_typesupport_fastrtps_cpp__visibility_control.h
[3.219s] -- Symlinking: /workspaces/codespace/ros2/project/local_mapping/install/messages/include/messages/messages/msg/detail/custom_msg__rosidl_typesupport_introspection_c.h
[3.228s] -- Symlinking: /workspaces/codespace/ros2/project/local_mapping/install/messages/include/messages/messages/msg/detail/custom_point__rosidl_typesupport_introspection_c.h
[3.237s] -- Symlinking: /workspaces/codespace/ros2/project/local_mapping/install/messages/include/messages/messages/msg/rosidl_typesupport_introspection_c__visibility_control.h
[3.246s] -- Symlinking: /workspaces/codespace/ros2/project/local_mapping/install/messages/include/messages/messages/msg/detail/custom_msg__rosidl_typesupport_introspection_cpp.hpp
[3.254s] -- Symlinking: /workspaces/codespace/ros2/project/local_mapping/install/messages/include/messages/messages/msg/detail/custom_point__rosidl_typesupport_introspection_cpp.hpp
[3.262s] -- Symlinking: /workspaces/codespace/ros2/project/local_mapping/install/messages/share/messages/environment/pythonpath.sh
[3.270s] -- Symlinking: /workspaces/codespace/ros2/project/local_mapping/install/messages/share/messages/environment/pythonpath.dsv
[3.279s] -- Symlinking: /workspaces/codespace/ros2/project/local_mapping/install/messages/local/lib/python3.10/dist-packages/messages-0.0.0-py3.10.egg-info/PKG-INFO
[3.287s] -- Symlinking: /workspaces/codespace/ros2/project/local_mapping/install/messages/local/lib/python3.10/dist-packages/messages-0.0.0-py3.10.egg-info/SOURCES.txt
[3.295s] -- Symlinking: /workspaces/codespace/ros2/project/local_mapping/install/messages/local/lib/python3.10/dist-packages/messages-0.0.0-py3.10.egg-info/dependency_links.txt
[3.302s] -- Symlinking: /workspaces/codespace/ros2/project/local_mapping/install/messages/local/lib/python3.10/dist-packages/messages-0.0.0-py3.10.egg-info/top_level.txt
[3.311s] -- Symlinking: /workspaces/codespace/ros2/project/local_mapping/install/messages/local/lib/python3.10/dist-packages/messages/__init__.py
[3.318s] -- Symlinking: /workspaces/codespace/ros2/project/local_mapping/install/messages/local/lib/python3.10/dist-packages/messages/_messages_s.ep.rosidl_typesupport_c.c
[3.327s] -- Symlinking: /workspaces/codespace/ros2/project/local_mapping/install/messages/local/lib/python3.10/dist-packages/messages/_messages_s.ep.rosidl_typesupport_fastrtps_c.c
[3.336s] -- Symlinking: /workspaces/codespace/ros2/project/local_mapping/install/messages/local/lib/python3.10/dist-packages/messages/_messages_s.ep.rosidl_typesupport_introspection_c.c
[3.344s] -- Symlinking: /workspaces/codespace/ros2/project/local_mapping/install/messages/local/lib/python3.10/dist-packages/messages/libmessages__rosidl_generator_py.so
[3.352s] -- Symlinking: /workspaces/codespace/ros2/project/local_mapping/install/messages/local/lib/python3.10/dist-packages/messages/messages_s__rosidl_typesupport_c.cpython-310-x86_64-linux-gnu.so
[3.360s] -- Symlinking: /workspaces/codespace/ros2/project/local_mapping/install/messages/local/lib/python3.10/dist-packages/messages/messages_s__rosidl_typesupport_fastrtps_c.cpython-310-x86_64-linux-gnu.so
[3.368s] -- Symlinking: /workspaces/codespace/ros2/project/local_mapping/install/messages/local/lib/python3.10/dist-packages/messages/messages_s__rosidl_typesupport_introspection_c.cpython-310-x86_64-linux-gnu.so
[3.376s] -- Symlinking: /workspaces/codespace/ros2/project/local_mapping/install/messages/local/lib/python3.10/dist-packages/messages/msg/__init__.py
[3.384s] -- Symlinking: /workspaces/codespace/ros2/project/local_mapping/install/messages/local/lib/python3.10/dist-packages/messages/msg/_custom_msg.py
[3.391s] -- Symlinking: /workspaces/codespace/ros2/project/local_mapping/install/messages/local/lib/python3.10/dist-packages/messages/msg/_custom_msg_s.c
[3.399s] -- Symlinking: /workspaces/codespace/ros2/project/local_mapping/install/messages/local/lib/python3.10/dist-packages/messages/msg/_custom_point.py
[3.407s] -- Symlinking: /workspaces/codespace/ros2/project/local_mapping/install/messages/local/lib/python3.10/dist-packages/messages/msg/_custom_point_s.c
[3.415s] -- Up-to-date symlink: /workspaces/codespace/ros2/project/local_mapping/install/messages/local/lib/python3.10/dist-packages/messages/messages_s__rosidl_typesupport_fastrtps_c.cpython-310-x86_64-linux-gnu.so
[3.415s] -- Up-to-date symlink: /workspaces/codespace/ros2/project/local_mapping/install/messages/local/lib/python3.10/dist-packages/messages/messages_s__rosidl_typesupport_introspection_c.cpython-310-x86_64-linux-gnu.so
[3.415s] -- Up-to-date symlink: /workspaces/codespace/ros2/project/local_mapping/install/messages/local/lib/python3.10/dist-packages/messages/messages_s__rosidl_typesupport_c.cpython-310-x86_64-linux-gnu.so
[3.415s] -- Symlinking: /workspaces/codespace/ros2/project/local_mapping/install/messages/share/messages/msg/CustomPoint.idl
[3.424s] -- Symlinking: /workspaces/codespace/ros2/project/local_mapping/install/messages/share/messages/msg/CustomMsg.idl
[3.433s] -- Symlinking: /workspaces/codespace/ros2/project/local_mapping/install/messages/share/messages/msg/CustomPoint.msg
[3.441s] -- Symlinking: /workspaces/codespace/ros2/project/local_mapping/install/messages/share/messages/msg/CustomMsg.msg
[3.450s] -- Symlinking: /workspaces/codespace/ros2/project/local_mapping/install/messages/share/ament_index/resource_index/package_run_dependencies/messages
[3.458s] -- Symlinking: /workspaces/codespace/ros2/project/local_mapping/install/messages/share/ament_index/resource_index/parent_prefix_path/messages
[3.467s] -- Symlinking: /workspaces/codespace/ros2/project/local_mapping/install/messages/share/messages/environment/ament_prefix_path.sh
[3.475s] -- Symlinking: /workspaces/codespace/ros2/project/local_mapping/install/messages/share/messages/environment/ament_prefix_path.dsv
[3.483s] -- Symlinking: /workspaces/codespace/ros2/project/local_mapping/install/messages/share/messages/environment/path.sh
[3.491s] -- Symlinking: /workspaces/codespace/ros2/project/local_mapping/install/messages/share/messages/environment/path.dsv
[3.499s] -- Symlinking: /workspaces/codespace/ros2/project/local_mapping/install/messages/share/messages/local_setup.bash
[3.507s] -- Symlinking: /workspaces/codespace/ros2/project/local_mapping/install/messages/share/messages/local_setup.sh
[3.515s] -- Symlinking: /workspaces/codespace/ros2/project/local_mapping/install/messages/share/messages/local_setup.zsh
[3.523s] -- Symlinking: /workspaces/codespace/ros2/project/local_mapping/install/messages/share/messages/local_setup.dsv
[3.532s] -- Symlinking: /workspaces/codespace/ros2/project/local_mapping/install/messages/share/messages/package.dsv
[3.541s] -- Symlinking: /workspaces/codespace/ros2/project/local_mapping/install/messages/share/ament_index/resource_index/packages/messages
[3.549s] -- Symlinking: /workspaces/codespace/ros2/project/local_mapping/install/messages/share/messages/cmake/rosidl_cmake-extras.cmake
[3.558s] -- Symlinking: /workspaces/codespace/ros2/project/local_mapping/install/messages/share/messages/cmake/ament_cmake_export_dependencies-extras.cmake
[3.567s] -- Symlinking: /workspaces/codespace/ros2/project/local_mapping/install/messages/share/messages/cmake/ament_cmake_export_include_directories-extras.cmake
[3.575s] -- Symlinking: /workspaces/codespace/ros2/project/local_mapping/install/messages/share/messages/cmake/ament_cmake_export_libraries-extras.cmake
[3.583s] -- Symlinking: /workspaces/codespace/ros2/project/local_mapping/install/messages/share/messages/cmake/ament_cmake_export_targets-extras.cmake
[3.592s] -- Symlinking: /workspaces/codespace/ros2/project/local_mapping/install/messages/share/messages/cmake/rosidl_cmake_export_typesupport_targets-extras.cmake
[3.599s] -- Symlinking: /workspaces/codespace/ros2/project/local_mapping/install/messages/share/messages/cmake/rosidl_cmake_export_typesupport_libraries-extras.cmake
[3.607s] -- Symlinking: /workspaces/codespace/ros2/project/local_mapping/install/messages/share/messages/cmake/messagesConfig.cmake
[3.615s] -- Symlinking: /workspaces/codespace/ros2/project/local_mapping/install/messages/share/messages/cmake/messagesConfig-version.cmake
[3.623s] -- Symlinking: /workspaces/codespace/ros2/project/local_mapping/install/messages/share/messages/package.xml
[3.632s] -- Installing: /workspaces/codespace/ros2/project/local_mapping/install/messages/lib/libmessages__rosidl_generator_c.so
[3.632s] -- Set runtime path of "/workspaces/codespace/ros2/project/local_mapping/install/messages/lib/libmessages__rosidl_generator_c.so" to ""
[3.633s] -- Installing: /workspaces/codespace/ros2/project/local_mapping/install/messages/lib/libmessages__rosidl_typesupport_fastrtps_c.so
[3.633s] -- Set runtime path of "/workspaces/codespace/ros2/project/local_mapping/install/messages/lib/libmessages__rosidl_typesupport_fastrtps_c.so" to ""
[3.633s] -- Installing: /workspaces/codespace/ros2/project/local_mapping/install/messages/lib/libmessages__rosidl_typesupport_fastrtps_cpp.so
[3.634s] -- Set runtime path of "/workspaces/codespace/ros2/project/local_mapping/install/messages/lib/libmessages__rosidl_typesupport_fastrtps_cpp.so" to ""
[3.634s] -- Installing: /workspaces/codespace/ros2/project/local_mapping/install/messages/lib/libmessages__rosidl_typesupport_introspection_c.so
[3.634s] -- Set runtime path of "/workspaces/codespace/ros2/project/local_mapping/install/messages/lib/libmessages__rosidl_typesupport_introspection_c.so" to ""
[3.634s] -- Installing: /workspaces/codespace/ros2/project/local_mapping/install/messages/lib/libmessages__rosidl_typesupport_c.so
[3.634s] -- Set runtime path of "/workspaces/codespace/ros2/project/local_mapping/install/messages/lib/libmessages__rosidl_typesupport_c.so" to ""
[3.634s] -- Installing: /workspaces/codespace/ros2/project/local_mapping/install/messages/lib/libmessages__rosidl_typesupport_introspection_cpp.so
[3.635s] -- Set runtime path of "/workspaces/codespace/ros2/project/local_mapping/install/messages/lib/libmessages__rosidl_typesupport_introspection_cpp.so" to ""
[3.635s] -- Installing: /workspaces/codespace/ros2/project/local_mapping/install/messages/lib/libmessages__rosidl_typesupport_cpp.so
[3.635s] -- Set runtime path of "/workspaces/codespace/ros2/project/local_mapping/install/messages/lib/libmessages__rosidl_typesupport_cpp.so" to ""
[3.663s] Listing '/workspaces/codespace/ros2/project/local_mapping/install/messages/local/lib/python3.10/dist-packages/messages'...
[3.663s] Compiling '/workspaces/codespace/ros2/project/local_mapping/install/messages/local/lib/python3.10/dist-packages/messages/__init__.py'...
[3.663s] Listing '/workspaces/codespace/ros2/project/local_mapping/install/messages/local/lib/python3.10/dist-packages/messages/msg'...
[3.664s] Compiling '/workspaces/codespace/ros2/project/local_mapping/install/messages/local/lib/python3.10/dist-packages/messages/msg/__init__.py'...
[3.664s] Compiling '/workspaces/codespace/ros2/project/local_mapping/install/messages/local/lib/python3.10/dist-packages/messages/msg/_custom_msg.py'...
[3.664s] Compiling '/workspaces/codespace/ros2/project/local_mapping/install/messages/local/lib/python3.10/dist-packages/messages/msg/_custom_point.py'...
[3.667s] -- Installing: /workspaces/codespace/ros2/project/local_mapping/install/messages/lib/libmessages__rosidl_generator_py.so
[3.667s] -- Set runtime path of "/workspaces/codespace/ros2/project/local_mapping/install/messages/lib/libmessages__rosidl_generator_py.so" to ""
[3.667s] -- Installing: /workspaces/codespace/ros2/project/local_mapping/install/messages/share/messages/cmake/export_messages__rosidl_generator_cExport.cmake
[3.667s] -- Installing: /workspaces/codespace/ros2/project/local_mapping/install/messages/share/messages/cmake/export_messages__rosidl_generator_cExport-noconfig.cmake
[3.667s] -- Installing: /workspaces/codespace/ros2/project/local_mapping/install/messages/share/messages/cmake/export_messages__rosidl_typesupport_fastrtps_cExport.cmake
[3.667s] -- Installing: /workspaces/codespace/ros2/project/local_mapping/install/messages/share/messages/cmake/export_messages__rosidl_typesupport_fastrtps_cExport-noconfig.cmake
[3.667s] -- Installing: /workspaces/codespace/ros2/project/local_mapping/install/messages/share/messages/cmake/export_messages__rosidl_generator_cppExport.cmake
[3.668s] -- Installing: /workspaces/codespace/ros2/project/local_mapping/install/messages/share/messages/cmake/export_messages__rosidl_typesupport_fastrtps_cppExport.cmake
[3.668s] -- Installing: /workspaces/codespace/ros2/project/local_mapping/install/messages/share/messages/cmake/export_messages__rosidl_typesupport_fastrtps_cppExport-noconfig.cmake
[3.668s] -- Installing: /workspaces/codespace/ros2/project/local_mapping/install/messages/share/messages/cmake/messages__rosidl_typesupport_introspection_cExport.cmake
[3.668s] -- Installing: /workspaces/codespace/ros2/project/local_mapping/install/messages/share/messages/cmake/messages__rosidl_typesupport_introspection_cExport-noconfig.cmake
[3.668s] -- Installing: /workspaces/codespace/ros2/project/local_mapping/install/messages/share/messages/cmake/messages__rosidl_typesupport_cExport.cmake
[3.668s] -- Installing: /workspaces/codespace/ros2/project/local_mapping/install/messages/share/messages/cmake/messages__rosidl_typesupport_cExport-noconfig.cmake
[3.669s] -- Installing: /workspaces/codespace/ros2/project/local_mapping/install/messages/share/messages/cmake/messages__rosidl_typesupport_introspection_cppExport.cmake
[3.669s] -- Installing: /workspaces/codespace/ros2/project/local_mapping/install/messages/share/messages/cmake/messages__rosidl_typesupport_introspection_cppExport-noconfig.cmake
[3.669s] -- Installing: /workspaces/codespace/ros2/project/local_mapping/install/messages/share/messages/cmake/messages__rosidl_typesupport_cppExport.cmake
[3.669s] -- Installing: /workspaces/codespace/ros2/project/local_mapping/install/messages/share/messages/cmake/messages__rosidl_typesupport_cppExport-noconfig.cmake
[3.669s] -- Installing: /workspaces/codespace/ros2/project/local_mapping/install/messages/share/messages/cmake/export_messages__rosidl_generator_pyExport.cmake
[3.669s] -- Installing: /workspaces/codespace/ros2/project/local_mapping/install/messages/share/messages/cmake/export_messages__rosidl_generator_pyExport-noconfig.cmake
[3.672s] Invoked command in '/workspaces/codespace/ros2/project/local_mapping/build/messages' returned '0': CMAKE_PREFIX_PATH=${CMAKE_PREFIX_PATH}:/opt/ros/humble /usr/bin/cmake --install /workspaces/codespace/ros2/project/local_mapping/build/messages
