[0.052s] Invoking command in '/workspaces/codespace/ros2/project/tutorial/build/hello_world': CMAKE_PREFIX_PATH=${CMAKE_PREFIX_PATH}:/opt/ros/humble:/workspaces/codespace/ros2/project/tutorial/install/launch_testing_examples:/workspaces/codespace/ros2/project/tutorial/install/examples_rclpy_pointcloud_publisher:/workspaces/codespace/ros2/project/tutorial/install/examples_rclpy_minimal_subscriber:/workspaces/codespace/ros2/project/tutorial/install/examples_rclpy_minimal_service:/workspaces/codespace/ros2/project/tutorial/install/examples_rclpy_minimal_publisher:/workspaces/codespace/ros2/project/tutorial/install/examples_rclpy_minimal_client:/workspaces/codespace/ros2/project/tutorial/install/examples_rclpy_minimal_action_server:/workspaces/codespace/ros2/project/tutorial/install/examples_rclpy_minimal_action_client:/workspaces/codespace/ros2/project/tutorial/install/examples_rclpy_guard_conditions:/workspaces/codespace/ros2/project/tutorial/install/examples_rclpy_executors /usr/bin/cmake /workspaces/codespace/ros2/project/tutorial/src/hello_world -DAMENT_CMAKE_SYMLINK_INSTALL=1 -DCMAKE_INSTALL_PREFIX=/workspaces/codespace/ros2/project/tutorial/install/hello_world
[0.145s] -- The C compiler identification is GNU 11.4.0
[0.194s] -- The CXX compiler identification is GNU 11.4.0
[0.203s] -- Detecting C compiler ABI info
[0.269s] -- Detecting C compiler ABI info - done
[0.274s] -- Check for working C compiler: /usr/bin/cc - skipped
[0.274s] -- Detecting C compile features
[0.275s] -- Detecting C compile features - done
[0.278s] -- Detecting CXX compiler ABI info
[0.351s] -- Detecting CXX compiler ABI info - done
[0.356s] -- Check for working CXX compiler: /usr/bin/c++ - skipped
[0.357s] -- Detecting CXX compile features
[0.357s] -- Detecting CXX compile features - done
[0.364s] -- Found ament_cmake: 1.3.8 (/opt/ros/humble/share/ament_cmake/cmake)
[0.521s] -- Found Python3: /usr/bin/python3 (found version "3.10.12") found components: Interpreter 
[0.586s] -- Override CMake install command with custom implementation using symlinks instead of copying resources
[0.646s] -- Found ament_lint_auto: 0.12.10 (/opt/ros/humble/share/ament_lint_auto/cmake)
[0.733s] -- Added test 'cppcheck' to perform static code analysis on C / C++ code
[0.734s] -- Configured cppcheck include dirs: 
[0.734s] -- Configured cppcheck exclude dirs and/or files: 
[0.734s] -- Added test 'lint_cmake' to check CMake code style
[0.736s] -- Added test 'uncrustify' to check C / C++ code style
[0.736s] -- Configured uncrustify additional arguments: 
[0.737s] -- Added test 'xmllint' to check XML markup files
[0.739s] -- Configuring done
[0.742s] -- Generating done
[0.743s] -- Build files have been written to: /workspaces/codespace/ros2/project/tutorial/build/hello_world
[0.746s] Invoked command in '/workspaces/codespace/ros2/project/tutorial/build/hello_world' returned '0': CMAKE_PREFIX_PATH=${CMAKE_PREFIX_PATH}:/opt/ros/humble:/workspaces/codespace/ros2/project/tutorial/install/launch_testing_examples:/workspaces/codespace/ros2/project/tutorial/install/examples_rclpy_pointcloud_publisher:/workspaces/codespace/ros2/project/tutorial/install/examples_rclpy_minimal_subscriber:/workspaces/codespace/ros2/project/tutorial/install/examples_rclpy_minimal_service:/workspaces/codespace/ros2/project/tutorial/install/examples_rclpy_minimal_publisher:/workspaces/codespace/ros2/project/tutorial/install/examples_rclpy_minimal_client:/workspaces/codespace/ros2/project/tutorial/install/examples_rclpy_minimal_action_server:/workspaces/codespace/ros2/project/tutorial/install/examples_rclpy_minimal_action_client:/workspaces/codespace/ros2/project/tutorial/install/examples_rclpy_guard_conditions:/workspaces/codespace/ros2/project/tutorial/install/examples_rclpy_executors /usr/bin/cmake /workspaces/codespace/ros2/project/tutorial/src/hello_world -DAMENT_CMAKE_SYMLINK_INSTALL=1 -DCMAKE_INSTALL_PREFIX=/workspaces/codespace/ros2/project/tutorial/install/hello_world
[0.748s] Invoking command in '/workspaces/codespace/ros2/project/tutorial/build/hello_world': CMAKE_PREFIX_PATH=${CMAKE_PREFIX_PATH}:/opt/ros/humble:/workspaces/codespace/ros2/project/tutorial/install/launch_testing_examples:/workspaces/codespace/ros2/project/tutorial/install/examples_rclpy_pointcloud_publisher:/workspaces/codespace/ros2/project/tutorial/install/examples_rclpy_minimal_subscriber:/workspaces/codespace/ros2/project/tutorial/install/examples_rclpy_minimal_service:/workspaces/codespace/ros2/project/tutorial/install/examples_rclpy_minimal_publisher:/workspaces/codespace/ros2/project/tutorial/install/examples_rclpy_minimal_client:/workspaces/codespace/ros2/project/tutorial/install/examples_rclpy_minimal_action_server:/workspaces/codespace/ros2/project/tutorial/install/examples_rclpy_minimal_action_client:/workspaces/codespace/ros2/project/tutorial/install/examples_rclpy_guard_conditions:/workspaces/codespace/ros2/project/tutorial/install/examples_rclpy_executors /usr/bin/cmake --build /workspaces/codespace/ros2/project/tutorial/build/hello_world -- -j16 -l16
[0.784s] Invoked command in '/workspaces/codespace/ros2/project/tutorial/build/hello_world' returned '0': CMAKE_PREFIX_PATH=${CMAKE_PREFIX_PATH}:/opt/ros/humble:/workspaces/codespace/ros2/project/tutorial/install/launch_testing_examples:/workspaces/codespace/ros2/project/tutorial/install/examples_rclpy_pointcloud_publisher:/workspaces/codespace/ros2/project/tutorial/install/examples_rclpy_minimal_subscriber:/workspaces/codespace/ros2/project/tutorial/install/examples_rclpy_minimal_service:/workspaces/codespace/ros2/project/tutorial/install/examples_rclpy_minimal_publisher:/workspaces/codespace/ros2/project/tutorial/install/examples_rclpy_minimal_client:/workspaces/codespace/ros2/project/tutorial/install/examples_rclpy_minimal_action_server:/workspaces/codespace/ros2/project/tutorial/install/examples_rclpy_minimal_action_client:/workspaces/codespace/ros2/project/tutorial/install/examples_rclpy_guard_conditions:/workspaces/codespace/ros2/project/tutorial/install/examples_rclpy_executors /usr/bin/cmake --build /workspaces/codespace/ros2/project/tutorial/build/hello_world -- -j16 -l16
[0.818s] Invoking command in '/workspaces/codespace/ros2/project/tutorial/build/hello_world': CMAKE_PREFIX_PATH=${CMAKE_PREFIX_PATH}:/opt/ros/humble:/workspaces/codespace/ros2/project/tutorial/install/launch_testing_examples:/workspaces/codespace/ros2/project/tutorial/install/examples_rclpy_pointcloud_publisher:/workspaces/codespace/ros2/project/tutorial/install/examples_rclpy_minimal_subscriber:/workspaces/codespace/ros2/project/tutorial/install/examples_rclpy_minimal_service:/workspaces/codespace/ros2/project/tutorial/install/examples_rclpy_minimal_publisher:/workspaces/codespace/ros2/project/tutorial/install/examples_rclpy_minimal_client:/workspaces/codespace/ros2/project/tutorial/install/examples_rclpy_minimal_action_server:/workspaces/codespace/ros2/project/tutorial/install/examples_rclpy_minimal_action_client:/workspaces/codespace/ros2/project/tutorial/install/examples_rclpy_guard_conditions:/workspaces/codespace/ros2/project/tutorial/install/examples_rclpy_executors /usr/bin/cmake --install /workspaces/codespace/ros2/project/tutorial/build/hello_world
[0.825s] -- Install configuration: ""
[0.825s] -- Execute custom install script
[0.826s] -- Symlinking: /workspaces/codespace/ros2/project/tutorial/install/hello_world/share/ament_index/resource_index/package_run_dependencies/hello_world
[0.834s] -- Symlinking: /workspaces/codespace/ros2/project/tutorial/install/hello_world/share/ament_index/resource_index/parent_prefix_path/hello_world
[0.843s] -- Symlinking: /workspaces/codespace/ros2/project/tutorial/install/hello_world/share/hello_world/environment/ament_prefix_path.sh
[0.851s] -- Symlinking: /workspaces/codespace/ros2/project/tutorial/install/hello_world/share/hello_world/environment/ament_prefix_path.dsv
[0.859s] -- Symlinking: /workspaces/codespace/ros2/project/tutorial/install/hello_world/share/hello_world/environment/path.sh
[0.867s] -- Symlinking: /workspaces/codespace/ros2/project/tutorial/install/hello_world/share/hello_world/environment/path.dsv
[0.875s] -- Symlinking: /workspaces/codespace/ros2/project/tutorial/install/hello_world/share/hello_world/local_setup.bash
[0.883s] -- Symlinking: /workspaces/codespace/ros2/project/tutorial/install/hello_world/share/hello_world/local_setup.sh
[0.892s] -- Symlinking: /workspaces/codespace/ros2/project/tutorial/install/hello_world/share/hello_world/local_setup.zsh
[0.901s] -- Symlinking: /workspaces/codespace/ros2/project/tutorial/install/hello_world/share/hello_world/local_setup.dsv
[0.911s] -- Symlinking: /workspaces/codespace/ros2/project/tutorial/install/hello_world/share/hello_world/package.dsv
[0.919s] -- Symlinking: /workspaces/codespace/ros2/project/tutorial/install/hello_world/share/ament_index/resource_index/packages/hello_world
[0.929s] -- Symlinking: /workspaces/codespace/ros2/project/tutorial/install/hello_world/share/hello_world/cmake/hello_worldConfig.cmake
[0.937s] -- Symlinking: /workspaces/codespace/ros2/project/tutorial/install/hello_world/share/hello_world/cmake/hello_worldConfig-version.cmake
[0.946s] -- Symlinking: /workspaces/codespace/ros2/project/tutorial/install/hello_world/share/hello_world/package.xml
[0.956s] Invoked command in '/workspaces/codespace/ros2/project/tutorial/build/hello_world' returned '0': CMAKE_PREFIX_PATH=${CMAKE_PREFIX_PATH}:/opt/ros/humble:/workspaces/codespace/ros2/project/tutorial/install/launch_testing_examples:/workspaces/codespace/ros2/project/tutorial/install/examples_rclpy_pointcloud_publisher:/workspaces/codespace/ros2/project/tutorial/install/examples_rclpy_minimal_subscriber:/workspaces/codespace/ros2/project/tutorial/install/examples_rclpy_minimal_service:/workspaces/codespace/ros2/project/tutorial/install/examples_rclpy_minimal_publisher:/workspaces/codespace/ros2/project/tutorial/install/examples_rclpy_minimal_client:/workspaces/codespace/ros2/project/tutorial/install/examples_rclpy_minimal_action_server:/workspaces/codespace/ros2/project/tutorial/install/examples_rclpy_minimal_action_client:/workspaces/codespace/ros2/project/tutorial/install/examples_rclpy_guard_conditions:/workspaces/codespace/ros2/project/tutorial/install/examples_rclpy_executors /usr/bin/cmake --install /workspaces/codespace/ros2/project/tutorial/build/hello_world
