In file included from [01m[K/opt/ros/humble/include/rclcpp/rclcpp/logging.hpp:24[m[K,
                 from [01m[K/opt/ros/humble/include/rclcpp/rclcpp/client.hpp:40[m[K,
                 from [01m[K/opt/ros/humble/include/rclcpp/rclcpp/callback_group.hpp:24[m[K,
                 from [01m[K/opt/ros/humble/include/rclcpp/rclcpp/any_executable.hpp:20[m[K,
                 from [01m[K/opt/ros/humble/include/rclcpp/rclcpp/memory_strategy.hpp:25[m[K,
                 from [01m[K/opt/ros/humble/include/rclcpp/rclcpp/memory_strategies.hpp:18[m[K,
                 from [01m[K/opt/ros/humble/include/rclcpp/rclcpp/executor_options.hpp:20[m[K,
                 from [01m[K/opt/ros/humble/include/rclcpp/rclcpp/executor.hpp:37[m[K,
                 from [01m[K/opt/ros/humble/include/rclcpp/rclcpp/executors/multi_threaded_executor.hpp:25[m[K,
                 from [01m[K/opt/ros/humble/include/rclcpp/rclcpp/executors.hpp:21[m[K,
                 from [01m[K/opt/ros/humble/include/rclcpp/rclcpp/rclcpp.hpp:155[m[K,
                 from [01m[K/workspaces/codespace/ros2/project/local_mapping/src/gradient_mapping/src/main.cpp:4[m[K:
[01m[K/workspaces/codespace/ros2/project/local_mapping/src/gradient_mapping/src/main.cpp:[m[K In member function ‘[01m[Kvoid GradientMapping::topic_callback(const MessageType&) const[m[K’:
[01m[K/workspaces/codespace/ros2/project/local_mapping/src/gradient_mapping/src/main.cpp:33:41:[m[K [01;35m[Kwarning: [m[Kformat ‘[01m[K%zu[m[K’ expects argument of type ‘[01m[Ksize_t[m[K’, but argument 6 has type ‘[01m[Kint[m[K’ [[01;35m[K]8;;https://gcc.gnu.org/onlinedocs/gcc/Warning-Options.html#index-Wformat=-Wformat=]8;;[m[K]
   33 |         RCLCPP_INFO(this->get_logger(), [01;35m[K"time_offset: '%zu', points: '%zu'"[m[K, msg.timebase, [32m[Ksize[m[K);
      |                                         [01;35m[K^~~~~~~~~~~~~~~~~~~~~~~~~~~~~~~~~~~[m[K                [32m[K~~~~[m[K
      |                                                                                            [32m[K|[m[K
      |                                                                                            [32m[Kint[m[K
[01m[K/workspaces/codespace/ros2/project/local_mapping/src/gradient_mapping/src/main.cpp:33:73:[m[K [01;36m[Knote: [m[Kformat string is defined here
   33 |         RCLCPP_INFO(this->get_logger(), "time_offset: '%zu', points: '[01;36m[K%zu[m[K'", msg.timebase, size);
      |                                                                       [01;36m[K~~^[m[K
      |                                                                         [01;36m[K|[m[K
      |                                                                         [01;36m[Klong unsigned int[m[K
      |                                                                       [32m[K%u[m[K
