[0.062s] Invoking command in '/workspaces/codespace/ros2/project/local_mapping/build/gradient_mapping': CMAKE_PREFIX_PATH=${CMAKE_PREFIX_PATH}:/opt/ros/humble /usr/bin/cmake --build /workspaces/codespace/ros2/project/local_mapping/build/gradient_mapping -- -j16 -l16
[0.137s] [ 50%] [32mBuilding CXX object CMakeFiles/gradient_mapping.dir/src/main.cpp.o[0m
[4.288s] In file included from [01m[K/opt/ros/humble/include/rclcpp/rclcpp/logging.hpp:24[m[K,
[4.288s]                  from [01m[K/opt/ros/humble/include/rclcpp/rclcpp/client.hpp:40[m[K,
[4.288s]                  from [01m[K/opt/ros/humble/include/rclcpp/rclcpp/callback_group.hpp:24[m[K,
[4.288s]                  from [01m[K/opt/ros/humble/include/rclcpp/rclcpp/any_executable.hpp:20[m[K,
[4.288s]                  from [01m[K/opt/ros/humble/include/rclcpp/rclcpp/memory_strategy.hpp:25[m[K,
[4.288s]                  from [01m[K/opt/ros/humble/include/rclcpp/rclcpp/memory_strategies.hpp:18[m[K,
[4.289s]                  from [01m[K/opt/ros/humble/include/rclcpp/rclcpp/executor_options.hpp:20[m[K,
[4.289s]                  from [01m[K/opt/ros/humble/include/rclcpp/rclcpp/executor.hpp:37[m[K,
[4.289s]                  from [01m[K/opt/ros/humble/include/rclcpp/rclcpp/executors/multi_threaded_executor.hpp:25[m[K,
[4.289s]                  from [01m[K/opt/ros/humble/include/rclcpp/rclcpp/executors.hpp:21[m[K,
[4.289s]                  from [01m[K/opt/ros/humble/include/rclcpp/rclcpp/rclcpp.hpp:155[m[K,
[4.289s]                  from [01m[K/workspaces/codespace/ros2/project/local_mapping/src/gradient_mapping/src/main.cpp:4[m[K:
[4.289s] [01m[K/workspaces/codespace/ros2/project/local_mapping/src/gradient_mapping/src/main.cpp:[m[K In member function ‘[01m[Kvoid GradientMapping::topic_callback(const MessageType&) const[m[K’:
[4.289s] [01m[K/workspaces/codespace/ros2/project/local_mapping/src/gradient_mapping/src/main.cpp:33:41:[m[K [01;35m[Kwarning: [m[Kformat ‘[01m[K%zu[m[K’ expects argument of type ‘[01m[Ksize_t[m[K’, but argument 6 has type ‘[01m[Kint[m[K’ [[01;35m[K]8;;https://gcc.gnu.org/onlinedocs/gcc/Warning-Options.html#index-Wformat=-Wformat=]8;;[m[K]
[4.289s]    33 |         RCLCPP_INFO(this->get_logger(), [01;35m[K"time_offset: '%zu', points: '%zu'"[m[K, msg.timebase, [32m[Ksize[m[K);
[4.289s]       |                                         [01;35m[K^~~~~~~~~~~~~~~~~~~~~~~~~~~~~~~~~~~[m[K                [32m[K~~~~[m[K
[4.289s]       |                                                                                            [32m[K|[m[K
[4.289s]       |                                                                                            [32m[Kint[m[K
[4.289s] [01m[K/workspaces/codespace/ros2/project/local_mapping/src/gradient_mapping/src/main.cpp:33:73:[m[K [01;36m[Knote: [m[Kformat string is defined here
[4.289s]    33 |         RCLCPP_INFO(this->get_logger(), "time_offset: '%zu', points: '[01;36m[K%zu[m[K'", msg.timebase, size);
[4.290s]       |                                                                       [01;36m[K~~^[m[K
[4.290s]       |                                                                         [01;36m[K|[m[K
[4.290s]       |                                                                         [01;36m[Klong unsigned int[m[K
[4.290s]       |                                                                       [32m[K%u[m[K
[10.573s] [100%] [32m[1mLinking CXX executable gradient_mapping[0m
[10.701s] [100%] Built target gradient_mapping
[10.712s] Invoked command in '/workspaces/codespace/ros2/project/local_mapping/build/gradient_mapping' returned '0': CMAKE_PREFIX_PATH=${CMAKE_PREFIX_PATH}:/opt/ros/humble /usr/bin/cmake --build /workspaces/codespace/ros2/project/local_mapping/build/gradient_mapping -- -j16 -l16
[10.751s] Invoking command in '/workspaces/codespace/ros2/project/local_mapping/build/gradient_mapping': CMAKE_PREFIX_PATH=${CMAKE_PREFIX_PATH}:/opt/ros/humble /usr/bin/cmake --install /workspaces/codespace/ros2/project/local_mapping/build/gradient_mapping
[10.758s] -- Install configuration: ""
[10.758s] -- Execute custom install script
[10.758s] -- Up-to-date symlink: /workspaces/codespace/ros2/project/local_mapping/install/gradient_mapping/include/gradient_mapping/rivz.hpp
[10.759s] -- Up-to-date symlink: /workspaces/codespace/ros2/project/local_mapping/install/gradient_mapping/include/gradient_mapping/transform.hpp
[10.759s] -- Up-to-date symlink: /workspaces/codespace/ros2/project/local_mapping/install/gradient_mapping/lib/gradient_mapping/gradient_mapping
[10.759s] -- Up-to-date symlink: /workspaces/codespace/ros2/project/local_mapping/install/gradient_mapping/share/ament_index/resource_index/package_run_dependencies/gradient_mapping
[10.759s] -- Up-to-date symlink: /workspaces/codespace/ros2/project/local_mapping/install/gradient_mapping/share/ament_index/resource_index/parent_prefix_path/gradient_mapping
[10.759s] -- Up-to-date symlink: /workspaces/codespace/ros2/project/local_mapping/install/gradient_mapping/share/gradient_mapping/environment/ament_prefix_path.sh
[10.759s] -- Up-to-date symlink: /workspaces/codespace/ros2/project/local_mapping/install/gradient_mapping/share/gradient_mapping/environment/ament_prefix_path.dsv
[10.760s] -- Up-to-date symlink: /workspaces/codespace/ros2/project/local_mapping/install/gradient_mapping/share/gradient_mapping/environment/path.sh
[10.760s] -- Up-to-date symlink: /workspaces/codespace/ros2/project/local_mapping/install/gradient_mapping/share/gradient_mapping/environment/path.dsv
[10.760s] -- Up-to-date symlink: /workspaces/codespace/ros2/project/local_mapping/install/gradient_mapping/share/gradient_mapping/local_setup.bash
[10.760s] -- Up-to-date symlink: /workspaces/codespace/ros2/project/local_mapping/install/gradient_mapping/share/gradient_mapping/local_setup.sh
[10.760s] -- Up-to-date symlink: /workspaces/codespace/ros2/project/local_mapping/install/gradient_mapping/share/gradient_mapping/local_setup.zsh
[10.761s] -- Up-to-date symlink: /workspaces/codespace/ros2/project/local_mapping/install/gradient_mapping/share/gradient_mapping/local_setup.dsv
[10.761s] -- Symlinking: /workspaces/codespace/ros2/project/local_mapping/install/gradient_mapping/share/gradient_mapping/package.dsv
[10.770s] -- Up-to-date symlink: /workspaces/codespace/ros2/project/local_mapping/install/gradient_mapping/share/ament_index/resource_index/packages/gradient_mapping
[10.770s] -- Up-to-date symlink: /workspaces/codespace/ros2/project/local_mapping/install/gradient_mapping/share/gradient_mapping/cmake/ament_cmake_export_dependencies-extras.cmake
[10.770s] -- Up-to-date symlink: /workspaces/codespace/ros2/project/local_mapping/install/gradient_mapping/share/gradient_mapping/cmake/ament_cmake_export_include_directories-extras.cmake
[10.770s] -- Up-to-date symlink: /workspaces/codespace/ros2/project/local_mapping/install/gradient_mapping/share/gradient_mapping/cmake/gradient_mappingConfig.cmake
[10.771s] -- Up-to-date symlink: /workspaces/codespace/ros2/project/local_mapping/install/gradient_mapping/share/gradient_mapping/cmake/gradient_mappingConfig-version.cmake
[10.771s] -- Up-to-date symlink: /workspaces/codespace/ros2/project/local_mapping/install/gradient_mapping/share/gradient_mapping/package.xml
[10.773s] Invoked command in '/workspaces/codespace/ros2/project/local_mapping/build/gradient_mapping' returned '0': CMAKE_PREFIX_PATH=${CMAKE_PREFIX_PATH}:/opt/ros/humble /usr/bin/cmake --install /workspaces/codespace/ros2/project/local_mapping/build/gradient_mapping
