[  7%] Built target messages__cpp
[ 12%] Built target messages__rosidl_generator_c
[ 12%] Built target ament_cmake_python_symlink_messages
[ 41%] Built target messages__rosidl_typesupport_introspection_c
[ 43%] Built target messages__rosidl_typesupport_c
[ 46%] Built target messages__rosidl_typesupport_fastrtps_cpp
[ 53%] Built target messages__rosidl_typesupport_cpp
[ 64%] Built target messages__rosidl_typesupport_fastrtps_c
[ 74%] Built target messages__rosidl_typesupport_introspection_cpp
[ 74%] Built target messages
[ 76%] Built target messages__py
[ 84%] Built target messages__rosidl_generator_py
[ 94%] Built target messages__rosidl_typesupport_fastrtps_c__pyext
[ 94%] Built target messages__rosidl_typesupport_c__pyext
[100%] Built target messages__rosidl_typesupport_introspection_c__pyext
running egg_info
writing messages.egg-info/PKG-INFO
writing dependency_links to messages.egg-info/dependency_links.txt
writing top-level names to messages.egg-info/top_level.txt
reading manifest file 'messages.egg-info/SOURCES.txt'
writing manifest file 'messages.egg-info/SOURCES.txt'
[100%] Built target ament_cmake_python_build_messages_egg
-- Install configuration: ""
-- Execute custom install script
-- Up-to-date symlink: /workspaces/codespace/ros2/project/local_mapping/install/messages/share/ament_index/resource_index/rosidl_interfaces/messages
-- Up-to-date symlink: /workspaces/codespace/ros2/project/local_mapping/install/messages/include/messages/messages/msg/custom_msg.h
-- Up-to-date symlink: /workspaces/codespace/ros2/project/local_mapping/install/messages/include/messages/messages/msg/custom_point.h
-- Up-to-date symlink: /workspaces/codespace/ros2/project/local_mapping/install/messages/include/messages/messages/msg/detail/custom_msg__functions.h
-- Up-to-date symlink: /workspaces/codespace/ros2/project/local_mapping/install/messages/include/messages/messages/msg/detail/custom_msg__struct.h
-- Up-to-date symlink: /workspaces/codespace/ros2/project/local_mapping/install/messages/include/messages/messages/msg/detail/custom_msg__type_support.h
-- Up-to-date symlink: /workspaces/codespace/ros2/project/local_mapping/install/messages/include/messages/messages/msg/detail/custom_point__functions.h
-- Up-to-date symlink: /workspaces/codespace/ros2/project/local_mapping/install/messages/include/messages/messages/msg/detail/custom_point__struct.h
-- Up-to-date symlink: /workspaces/codespace/ros2/project/local_mapping/install/messages/include/messages/messages/msg/detail/custom_point__type_support.h
-- Up-to-date symlink: /workspaces/codespace/ros2/project/local_mapping/install/messages/include/messages/messages/msg/rosidl_generator_c__visibility_control.h
-- Up-to-date symlink: /workspaces/codespace/ros2/project/local_mapping/install/messages/share/messages/environment/library_path.sh
-- Up-to-date symlink: /workspaces/codespace/ros2/project/local_mapping/install/messages/share/messages/environment/library_path.dsv
-- Up-to-date symlink: /workspaces/codespace/ros2/project/local_mapping/install/messages/include/messages/messages/msg/detail/custom_msg__rosidl_typesupport_fastrtps_c.h
-- Up-to-date symlink: /workspaces/codespace/ros2/project/local_mapping/install/messages/include/messages/messages/msg/detail/custom_point__rosidl_typesupport_fastrtps_c.h
-- Up-to-date symlink: /workspaces/codespace/ros2/project/local_mapping/install/messages/include/messages/messages/msg/rosidl_typesupport_fastrtps_c__visibility_control.h
-- Up-to-date symlink: /workspaces/codespace/ros2/project/local_mapping/install/messages/include/messages/messages/msg/custom_msg.hpp
-- Up-to-date symlink: /workspaces/codespace/ros2/project/local_mapping/install/messages/include/messages/messages/msg/custom_point.hpp
-- Up-to-date symlink: /workspaces/codespace/ros2/project/local_mapping/install/messages/include/messages/messages/msg/detail/custom_msg__builder.hpp
-- Up-to-date symlink: /workspaces/codespace/ros2/project/local_mapping/install/messages/include/messages/messages/msg/detail/custom_msg__struct.hpp
-- Up-to-date symlink: /workspaces/codespace/ros2/project/local_mapping/install/messages/include/messages/messages/msg/detail/custom_msg__traits.hpp
-- Up-to-date symlink: /workspaces/codespace/ros2/project/local_mapping/install/messages/include/messages/messages/msg/detail/custom_point__builder.hpp
-- Up-to-date symlink: /workspaces/codespace/ros2/project/local_mapping/install/messages/include/messages/messages/msg/detail/custom_point__struct.hpp
-- Up-to-date symlink: /workspaces/codespace/ros2/project/local_mapping/install/messages/include/messages/messages/msg/detail/custom_point__traits.hpp
-- Up-to-date symlink: /workspaces/codespace/ros2/project/local_mapping/install/messages/include/messages/messages/msg/detail/custom_msg__rosidl_typesupport_fastrtps_cpp.hpp
-- Up-to-date symlink: /workspaces/codespace/ros2/project/local_mapping/install/messages/include/messages/messages/msg/detail/custom_point__rosidl_typesupport_fastrtps_cpp.hpp
-- Up-to-date symlink: /workspaces/codespace/ros2/project/local_mapping/install/messages/include/messages/messages/msg/rosidl_typesupport_fastrtps_cpp__visibility_control.h
-- Up-to-date symlink: /workspaces/codespace/ros2/project/local_mapping/install/messages/include/messages/messages/msg/detail/custom_msg__rosidl_typesupport_introspection_c.h
-- Up-to-date symlink: /workspaces/codespace/ros2/project/local_mapping/install/messages/include/messages/messages/msg/detail/custom_point__rosidl_typesupport_introspection_c.h
-- Up-to-date symlink: /workspaces/codespace/ros2/project/local_mapping/install/messages/include/messages/messages/msg/rosidl_typesupport_introspection_c__visibility_control.h
-- Up-to-date symlink: /workspaces/codespace/ros2/project/local_mapping/install/messages/include/messages/messages/msg/detail/custom_msg__rosidl_typesupport_introspection_cpp.hpp
-- Up-to-date symlink: /workspaces/codespace/ros2/project/local_mapping/install/messages/include/messages/messages/msg/detail/custom_point__rosidl_typesupport_introspection_cpp.hpp
-- Up-to-date symlink: /workspaces/codespace/ros2/project/local_mapping/install/messages/share/messages/environment/pythonpath.sh
-- Up-to-date symlink: /workspaces/codespace/ros2/project/local_mapping/install/messages/share/messages/environment/pythonpath.dsv
-- Up-to-date symlink: /workspaces/codespace/ros2/project/local_mapping/install/messages/local/lib/python3.10/dist-packages/messages-0.0.0-py3.10.egg-info/PKG-INFO
-- Up-to-date symlink: /workspaces/codespace/ros2/project/local_mapping/install/messages/local/lib/python3.10/dist-packages/messages-0.0.0-py3.10.egg-info/SOURCES.txt
-- Up-to-date symlink: /workspaces/codespace/ros2/project/local_mapping/install/messages/local/lib/python3.10/dist-packages/messages-0.0.0-py3.10.egg-info/dependency_links.txt
-- Up-to-date symlink: /workspaces/codespace/ros2/project/local_mapping/install/messages/local/lib/python3.10/dist-packages/messages-0.0.0-py3.10.egg-info/top_level.txt
-- Up-to-date symlink: /workspaces/codespace/ros2/project/local_mapping/install/messages/local/lib/python3.10/dist-packages/messages/__init__.py
-- Up-to-date symlink: /workspaces/codespace/ros2/project/local_mapping/install/messages/local/lib/python3.10/dist-packages/messages/_messages_s.ep.rosidl_typesupport_c.c
-- Up-to-date symlink: /workspaces/codespace/ros2/project/local_mapping/install/messages/local/lib/python3.10/dist-packages/messages/_messages_s.ep.rosidl_typesupport_fastrtps_c.c
-- Up-to-date symlink: /workspaces/codespace/ros2/project/local_mapping/install/messages/local/lib/python3.10/dist-packages/messages/_messages_s.ep.rosidl_typesupport_introspection_c.c
-- Up-to-date symlink: /workspaces/codespace/ros2/project/local_mapping/install/messages/local/lib/python3.10/dist-packages/messages/libmessages__rosidl_generator_py.so
-- Up-to-date symlink: /workspaces/codespace/ros2/project/local_mapping/install/messages/local/lib/python3.10/dist-packages/messages/messages_s__rosidl_typesupport_c.cpython-310-x86_64-linux-gnu.so
-- Up-to-date symlink: /workspaces/codespace/ros2/project/local_mapping/install/messages/local/lib/python3.10/dist-packages/messages/messages_s__rosidl_typesupport_fastrtps_c.cpython-310-x86_64-linux-gnu.so
-- Up-to-date symlink: /workspaces/codespace/ros2/project/local_mapping/install/messages/local/lib/python3.10/dist-packages/messages/messages_s__rosidl_typesupport_introspection_c.cpython-310-x86_64-linux-gnu.so
-- Up-to-date symlink: /workspaces/codespace/ros2/project/local_mapping/install/messages/local/lib/python3.10/dist-packages/messages/msg/__init__.py
-- Up-to-date symlink: /workspaces/codespace/ros2/project/local_mapping/install/messages/local/lib/python3.10/dist-packages/messages/msg/_custom_msg.py
-- Up-to-date symlink: /workspaces/codespace/ros2/project/local_mapping/install/messages/local/lib/python3.10/dist-packages/messages/msg/_custom_msg_s.c
-- Up-to-date symlink: /workspaces/codespace/ros2/project/local_mapping/install/messages/local/lib/python3.10/dist-packages/messages/msg/_custom_point.py
-- Up-to-date symlink: /workspaces/codespace/ros2/project/local_mapping/install/messages/local/lib/python3.10/dist-packages/messages/msg/_custom_point_s.c
-- Up-to-date symlink: /workspaces/codespace/ros2/project/local_mapping/install/messages/local/lib/python3.10/dist-packages/messages/messages_s__rosidl_typesupport_fastrtps_c.cpython-310-x86_64-linux-gnu.so
-- Up-to-date symlink: /workspaces/codespace/ros2/project/local_mapping/install/messages/local/lib/python3.10/dist-packages/messages/messages_s__rosidl_typesupport_introspection_c.cpython-310-x86_64-linux-gnu.so
-- Up-to-date symlink: /workspaces/codespace/ros2/project/local_mapping/install/messages/local/lib/python3.10/dist-packages/messages/messages_s__rosidl_typesupport_c.cpython-310-x86_64-linux-gnu.so
-- Up-to-date symlink: /workspaces/codespace/ros2/project/local_mapping/install/messages/share/messages/msg/CustomPoint.idl
-- Up-to-date symlink: /workspaces/codespace/ros2/project/local_mapping/install/messages/share/messages/msg/CustomMsg.idl
-- Up-to-date symlink: /workspaces/codespace/ros2/project/local_mapping/install/messages/share/messages/msg/CustomPoint.msg
-- Up-to-date symlink: /workspaces/codespace/ros2/project/local_mapping/install/messages/share/messages/msg/CustomMsg.msg
-- Up-to-date symlink: /workspaces/codespace/ros2/project/local_mapping/install/messages/share/ament_index/resource_index/package_run_dependencies/messages
-- Up-to-date symlink: /workspaces/codespace/ros2/project/local_mapping/install/messages/share/ament_index/resource_index/parent_prefix_path/messages
-- Up-to-date symlink: /workspaces/codespace/ros2/project/local_mapping/install/messages/share/messages/environment/ament_prefix_path.sh
-- Up-to-date symlink: /workspaces/codespace/ros2/project/local_mapping/install/messages/share/messages/environment/ament_prefix_path.dsv
-- Up-to-date symlink: /workspaces/codespace/ros2/project/local_mapping/install/messages/share/messages/environment/path.sh
-- Up-to-date symlink: /workspaces/codespace/ros2/project/local_mapping/install/messages/share/messages/environment/path.dsv
-- Up-to-date symlink: /workspaces/codespace/ros2/project/local_mapping/install/messages/share/messages/local_setup.bash
-- Up-to-date symlink: /workspaces/codespace/ros2/project/local_mapping/install/messages/share/messages/local_setup.sh
-- Up-to-date symlink: /workspaces/codespace/ros2/project/local_mapping/install/messages/share/messages/local_setup.zsh
-- Up-to-date symlink: /workspaces/codespace/ros2/project/local_mapping/install/messages/share/messages/local_setup.dsv
-- Symlinking: /workspaces/codespace/ros2/project/local_mapping/install/messages/share/messages/package.dsv
-- Up-to-date symlink: /workspaces/codespace/ros2/project/local_mapping/install/messages/share/ament_index/resource_index/packages/messages
-- Up-to-date symlink: /workspaces/codespace/ros2/project/local_mapping/install/messages/share/messages/cmake/rosidl_cmake-extras.cmake
-- Up-to-date symlink: /workspaces/codespace/ros2/project/local_mapping/install/messages/share/messages/cmake/ament_cmake_export_dependencies-extras.cmake
-- Up-to-date symlink: /workspaces/codespace/ros2/project/local_mapping/install/messages/share/messages/cmake/ament_cmake_export_include_directories-extras.cmake
-- Up-to-date symlink: /workspaces/codespace/ros2/project/local_mapping/install/messages/share/messages/cmake/ament_cmake_export_libraries-extras.cmake
-- Up-to-date symlink: /workspaces/codespace/ros2/project/local_mapping/install/messages/share/messages/cmake/ament_cmake_export_targets-extras.cmake
-- Up-to-date symlink: /workspaces/codespace/ros2/project/local_mapping/install/messages/share/messages/cmake/rosidl_cmake_export_typesupport_targets-extras.cmake
-- Up-to-date symlink: /workspaces/codespace/ros2/project/local_mapping/install/messages/share/messages/cmake/rosidl_cmake_export_typesupport_libraries-extras.cmake
-- Up-to-date symlink: /workspaces/codespace/ros2/project/local_mapping/install/messages/share/messages/cmake/messagesConfig.cmake
-- Up-to-date symlink: /workspaces/codespace/ros2/project/local_mapping/install/messages/share/messages/cmake/messagesConfig-version.cmake
-- Up-to-date symlink: /workspaces/codespace/ros2/project/local_mapping/install/messages/share/messages/package.xml
-- Up-to-date: /workspaces/codespace/ros2/project/local_mapping/install/messages/lib/libmessages__rosidl_generator_c.so
-- Up-to-date: /workspaces/codespace/ros2/project/local_mapping/install/messages/lib/libmessages__rosidl_typesupport_fastrtps_c.so
-- Up-to-date: /workspaces/codespace/ros2/project/local_mapping/install/messages/lib/libmessages__rosidl_typesupport_fastrtps_cpp.so
-- Up-to-date: /workspaces/codespace/ros2/project/local_mapping/install/messages/lib/libmessages__rosidl_typesupport_introspection_c.so
-- Up-to-date: /workspaces/codespace/ros2/project/local_mapping/install/messages/lib/libmessages__rosidl_typesupport_c.so
-- Up-to-date: /workspaces/codespace/ros2/project/local_mapping/install/messages/lib/libmessages__rosidl_typesupport_introspection_cpp.so
-- Up-to-date: /workspaces/codespace/ros2/project/local_mapping/install/messages/lib/libmessages__rosidl_typesupport_cpp.so
Listing '/workspaces/codespace/ros2/project/local_mapping/install/messages/local/lib/python3.10/dist-packages/messages'...
Listing '/workspaces/codespace/ros2/project/local_mapping/install/messages/local/lib/python3.10/dist-packages/messages/msg'...
-- Up-to-date: /workspaces/codespace/ros2/project/local_mapping/install/messages/lib/libmessages__rosidl_generator_py.so
-- Up-to-date: /workspaces/codespace/ros2/project/local_mapping/install/messages/share/messages/cmake/export_messages__rosidl_generator_cExport.cmake
-- Up-to-date: /workspaces/codespace/ros2/project/local_mapping/install/messages/share/messages/cmake/export_messages__rosidl_generator_cExport-noconfig.cmake
-- Up-to-date: /workspaces/codespace/ros2/project/local_mapping/install/messages/share/messages/cmake/export_messages__rosidl_typesupport_fastrtps_cExport.cmake
-- Up-to-date: /workspaces/codespace/ros2/project/local_mapping/install/messages/share/messages/cmake/export_messages__rosidl_typesupport_fastrtps_cExport-noconfig.cmake
-- Up-to-date: /workspaces/codespace/ros2/project/local_mapping/install/messages/share/messages/cmake/export_messages__rosidl_generator_cppExport.cmake
-- Up-to-date: /workspaces/codespace/ros2/project/local_mapping/install/messages/share/messages/cmake/export_messages__rosidl_typesupport_fastrtps_cppExport.cmake
-- Up-to-date: /workspaces/codespace/ros2/project/local_mapping/install/messages/share/messages/cmake/export_messages__rosidl_typesupport_fastrtps_cppExport-noconfig.cmake
-- Up-to-date: /workspaces/codespace/ros2/project/local_mapping/install/messages/share/messages/cmake/messages__rosidl_typesupport_introspection_cExport.cmake
-- Up-to-date: /workspaces/codespace/ros2/project/local_mapping/install/messages/share/messages/cmake/messages__rosidl_typesupport_introspection_cExport-noconfig.cmake
-- Up-to-date: /workspaces/codespace/ros2/project/local_mapping/install/messages/share/messages/cmake/messages__rosidl_typesupport_cExport.cmake
-- Up-to-date: /workspaces/codespace/ros2/project/local_mapping/install/messages/share/messages/cmake/messages__rosidl_typesupport_cExport-noconfig.cmake
-- Up-to-date: /workspaces/codespace/ros2/project/local_mapping/install/messages/share/messages/cmake/messages__rosidl_typesupport_introspection_cppExport.cmake
-- Up-to-date: /workspaces/codespace/ros2/project/local_mapping/install/messages/share/messages/cmake/messages__rosidl_typesupport_introspection_cppExport-noconfig.cmake
-- Up-to-date: /workspaces/codespace/ros2/project/local_mapping/install/messages/share/messages/cmake/messages__rosidl_typesupport_cppExport.cmake
-- Up-to-date: /workspaces/codespace/ros2/project/local_mapping/install/messages/share/messages/cmake/messages__rosidl_typesupport_cppExport-noconfig.cmake
-- Up-to-date: /workspaces/codespace/ros2/project/local_mapping/install/messages/share/messages/cmake/export_messages__rosidl_generator_pyExport.cmake
-- Up-to-date: /workspaces/codespace/ros2/project/local_mapping/install/messages/share/messages/cmake/export_messages__rosidl_generator_pyExport-noconfig.cmake
