[0.060s] Invoking command in '/workspaces/codespace/ros2/project/local_mapping/build/messages': CMAKE_PREFIX_PATH=${CMAKE_PREFIX_PATH}:/opt/ros/humble /usr/bin/cmake --build /workspaces/codespace/ros2/project/local_mapping/build/messages -- -j16 -l16
[0.109s] [  7%] Built target messages__cpp
[0.109s] [ 12%] Built target messages__rosidl_generator_c
[0.119s] [ 12%] Built target ament_cmake_python_symlink_messages
[0.134s] [ 41%] Built target messages__rosidl_typesupport_introspection_c
[0.134s] [ 43%] Built target messages__rosidl_typesupport_c
[0.134s] [ 46%] Built target messages__rosidl_typesupport_fastrtps_cpp
[0.135s] [ 53%] Built target messages__rosidl_typesupport_cpp
[0.135s] [ 64%] Built target messages__rosidl_typesupport_fastrtps_c
[0.135s] [ 74%] Built target messages__rosidl_typesupport_introspection_cpp
[0.158s] [ 74%] Built target messages
[0.186s] [ 76%] Built target messages__py
[0.210s] [ 84%] Built target messages__rosidl_generator_py
[0.234s] [ 94%] Built target messages__rosidl_typesupport_fastrtps_c__pyext
[0.234s] [ 94%] Built target messages__rosidl_typesupport_c__pyext
[0.235s] [100%] Built target messages__rosidl_typesupport_introspection_c__pyext
[0.310s] running egg_info
[0.311s] writing messages.egg-info/PKG-INFO
[0.311s] writing dependency_links to messages.egg-info/dependency_links.txt
[0.311s] writing top-level names to messages.egg-info/top_level.txt
[0.314s] reading manifest file 'messages.egg-info/SOURCES.txt'
[0.314s] writing manifest file 'messages.egg-info/SOURCES.txt'
[0.339s] [100%] Built target ament_cmake_python_build_messages_egg
[0.351s] Invoked command in '/workspaces/codespace/ros2/project/local_mapping/build/messages' returned '0': CMAKE_PREFIX_PATH=${CMAKE_PREFIX_PATH}:/opt/ros/humble /usr/bin/cmake --build /workspaces/codespace/ros2/project/local_mapping/build/messages -- -j16 -l16
[0.443s] Invoking command in '/workspaces/codespace/ros2/project/local_mapping/build/messages': CMAKE_PREFIX_PATH=${CMAKE_PREFIX_PATH}:/opt/ros/humble /usr/bin/cmake --install /workspaces/codespace/ros2/project/local_mapping/build/messages
[0.451s] -- Install configuration: ""
[0.451s] -- Execute custom install script
[0.452s] -- Up-to-date symlink: /workspaces/codespace/ros2/project/local_mapping/install/messages/share/ament_index/resource_index/rosidl_interfaces/messages
[0.452s] -- Up-to-date symlink: /workspaces/codespace/ros2/project/local_mapping/install/messages/include/messages/messages/msg/custom_msg.h
[0.452s] -- Up-to-date symlink: /workspaces/codespace/ros2/project/local_mapping/install/messages/include/messages/messages/msg/custom_point.h
[0.453s] -- Up-to-date symlink: /workspaces/codespace/ros2/project/local_mapping/install/messages/include/messages/messages/msg/detail/custom_msg__functions.h
[0.453s] -- Up-to-date symlink: /workspaces/codespace/ros2/project/local_mapping/install/messages/include/messages/messages/msg/detail/custom_msg__struct.h
[0.453s] -- Up-to-date symlink: /workspaces/codespace/ros2/project/local_mapping/install/messages/include/messages/messages/msg/detail/custom_msg__type_support.h
[0.453s] -- Up-to-date symlink: /workspaces/codespace/ros2/project/local_mapping/install/messages/include/messages/messages/msg/detail/custom_point__functions.h
[0.453s] -- Up-to-date symlink: /workspaces/codespace/ros2/project/local_mapping/install/messages/include/messages/messages/msg/detail/custom_point__struct.h
[0.454s] -- Up-to-date symlink: /workspaces/codespace/ros2/project/local_mapping/install/messages/include/messages/messages/msg/detail/custom_point__type_support.h
[0.454s] -- Up-to-date symlink: /workspaces/codespace/ros2/project/local_mapping/install/messages/include/messages/messages/msg/rosidl_generator_c__visibility_control.h
[0.454s] -- Up-to-date symlink: /workspaces/codespace/ros2/project/local_mapping/install/messages/share/messages/environment/library_path.sh
[0.454s] -- Up-to-date symlink: /workspaces/codespace/ros2/project/local_mapping/install/messages/share/messages/environment/library_path.dsv
[0.455s] -- Up-to-date symlink: /workspaces/codespace/ros2/project/local_mapping/install/messages/include/messages/messages/msg/detail/custom_msg__rosidl_typesupport_fastrtps_c.h
[0.455s] -- Up-to-date symlink: /workspaces/codespace/ros2/project/local_mapping/install/messages/include/messages/messages/msg/detail/custom_point__rosidl_typesupport_fastrtps_c.h
[0.455s] -- Up-to-date symlink: /workspaces/codespace/ros2/project/local_mapping/install/messages/include/messages/messages/msg/rosidl_typesupport_fastrtps_c__visibility_control.h
[0.455s] -- Up-to-date symlink: /workspaces/codespace/ros2/project/local_mapping/install/messages/include/messages/messages/msg/custom_msg.hpp
[0.455s] -- Up-to-date symlink: /workspaces/codespace/ros2/project/local_mapping/install/messages/include/messages/messages/msg/custom_point.hpp
[0.456s] -- Up-to-date symlink: /workspaces/codespace/ros2/project/local_mapping/install/messages/include/messages/messages/msg/detail/custom_msg__builder.hpp
[0.456s] -- Up-to-date symlink: /workspaces/codespace/ros2/project/local_mapping/install/messages/include/messages/messages/msg/detail/custom_msg__struct.hpp
[0.456s] -- Up-to-date symlink: /workspaces/codespace/ros2/project/local_mapping/install/messages/include/messages/messages/msg/detail/custom_msg__traits.hpp
[0.456s] -- Up-to-date symlink: /workspaces/codespace/ros2/project/local_mapping/install/messages/include/messages/messages/msg/detail/custom_point__builder.hpp
[0.456s] -- Up-to-date symlink: /workspaces/codespace/ros2/project/local_mapping/install/messages/include/messages/messages/msg/detail/custom_point__struct.hpp
[0.456s] -- Up-to-date symlink: /workspaces/codespace/ros2/project/local_mapping/install/messages/include/messages/messages/msg/detail/custom_point__traits.hpp
[0.457s] -- Up-to-date symlink: /workspaces/codespace/ros2/project/local_mapping/install/messages/include/messages/messages/msg/detail/custom_msg__rosidl_typesupport_fastrtps_cpp.hpp
[0.457s] -- Up-to-date symlink: /workspaces/codespace/ros2/project/local_mapping/install/messages/include/messages/messages/msg/detail/custom_point__rosidl_typesupport_fastrtps_cpp.hpp
[0.457s] -- Up-to-date symlink: /workspaces/codespace/ros2/project/local_mapping/install/messages/include/messages/messages/msg/rosidl_typesupport_fastrtps_cpp__visibility_control.h
[0.458s] -- Up-to-date symlink: /workspaces/codespace/ros2/project/local_mapping/install/messages/include/messages/messages/msg/detail/custom_msg__rosidl_typesupport_introspection_c.h
[0.458s] -- Up-to-date symlink: /workspaces/codespace/ros2/project/local_mapping/install/messages/include/messages/messages/msg/detail/custom_point__rosidl_typesupport_introspection_c.h
[0.458s] -- Up-to-date symlink: /workspaces/codespace/ros2/project/local_mapping/install/messages/include/messages/messages/msg/rosidl_typesupport_introspection_c__visibility_control.h
[0.458s] -- Up-to-date symlink: /workspaces/codespace/ros2/project/local_mapping/install/messages/include/messages/messages/msg/detail/custom_msg__rosidl_typesupport_introspection_cpp.hpp
[0.459s] -- Up-to-date symlink: /workspaces/codespace/ros2/project/local_mapping/install/messages/include/messages/messages/msg/detail/custom_point__rosidl_typesupport_introspection_cpp.hpp
[0.459s] -- Up-to-date symlink: /workspaces/codespace/ros2/project/local_mapping/install/messages/share/messages/environment/pythonpath.sh
[0.459s] -- Up-to-date symlink: /workspaces/codespace/ros2/project/local_mapping/install/messages/share/messages/environment/pythonpath.dsv
[0.459s] -- Up-to-date symlink: /workspaces/codespace/ros2/project/local_mapping/install/messages/local/lib/python3.10/dist-packages/messages-0.0.0-py3.10.egg-info/PKG-INFO
[0.460s] -- Up-to-date symlink: /workspaces/codespace/ros2/project/local_mapping/install/messages/local/lib/python3.10/dist-packages/messages-0.0.0-py3.10.egg-info/SOURCES.txt
[0.460s] -- Up-to-date symlink: /workspaces/codespace/ros2/project/local_mapping/install/messages/local/lib/python3.10/dist-packages/messages-0.0.0-py3.10.egg-info/dependency_links.txt
[0.460s] -- Up-to-date symlink: /workspaces/codespace/ros2/project/local_mapping/install/messages/local/lib/python3.10/dist-packages/messages-0.0.0-py3.10.egg-info/top_level.txt
[0.461s] -- Up-to-date symlink: /workspaces/codespace/ros2/project/local_mapping/install/messages/local/lib/python3.10/dist-packages/messages/__init__.py
[0.461s] -- Up-to-date symlink: /workspaces/codespace/ros2/project/local_mapping/install/messages/local/lib/python3.10/dist-packages/messages/_messages_s.ep.rosidl_typesupport_c.c
[0.461s] -- Up-to-date symlink: /workspaces/codespace/ros2/project/local_mapping/install/messages/local/lib/python3.10/dist-packages/messages/_messages_s.ep.rosidl_typesupport_fastrtps_c.c
[0.461s] -- Up-to-date symlink: /workspaces/codespace/ros2/project/local_mapping/install/messages/local/lib/python3.10/dist-packages/messages/_messages_s.ep.rosidl_typesupport_introspection_c.c
[0.461s] -- Up-to-date symlink: /workspaces/codespace/ros2/project/local_mapping/install/messages/local/lib/python3.10/dist-packages/messages/libmessages__rosidl_generator_py.so
[0.461s] -- Up-to-date symlink: /workspaces/codespace/ros2/project/local_mapping/install/messages/local/lib/python3.10/dist-packages/messages/messages_s__rosidl_typesupport_c.cpython-310-x86_64-linux-gnu.so
[0.462s] -- Up-to-date symlink: /workspaces/codespace/ros2/project/local_mapping/install/messages/local/lib/python3.10/dist-packages/messages/messages_s__rosidl_typesupport_fastrtps_c.cpython-310-x86_64-linux-gnu.so
[0.462s] -- Up-to-date symlink: /workspaces/codespace/ros2/project/local_mapping/install/messages/local/lib/python3.10/dist-packages/messages/messages_s__rosidl_typesupport_introspection_c.cpython-310-x86_64-linux-gnu.so
[0.462s] -- Up-to-date symlink: /workspaces/codespace/ros2/project/local_mapping/install/messages/local/lib/python3.10/dist-packages/messages/msg/__init__.py
[0.462s] -- Up-to-date symlink: /workspaces/codespace/ros2/project/local_mapping/install/messages/local/lib/python3.10/dist-packages/messages/msg/_custom_msg.py
[0.462s] -- Up-to-date symlink: /workspaces/codespace/ros2/project/local_mapping/install/messages/local/lib/python3.10/dist-packages/messages/msg/_custom_msg_s.c
[0.462s] -- Up-to-date symlink: /workspaces/codespace/ros2/project/local_mapping/install/messages/local/lib/python3.10/dist-packages/messages/msg/_custom_point.py
[0.462s] -- Up-to-date symlink: /workspaces/codespace/ros2/project/local_mapping/install/messages/local/lib/python3.10/dist-packages/messages/msg/_custom_point_s.c
[0.463s] -- Up-to-date symlink: /workspaces/codespace/ros2/project/local_mapping/install/messages/local/lib/python3.10/dist-packages/messages/messages_s__rosidl_typesupport_fastrtps_c.cpython-310-x86_64-linux-gnu.so
[0.463s] -- Up-to-date symlink: /workspaces/codespace/ros2/project/local_mapping/install/messages/local/lib/python3.10/dist-packages/messages/messages_s__rosidl_typesupport_introspection_c.cpython-310-x86_64-linux-gnu.so
[0.463s] -- Up-to-date symlink: /workspaces/codespace/ros2/project/local_mapping/install/messages/local/lib/python3.10/dist-packages/messages/messages_s__rosidl_typesupport_c.cpython-310-x86_64-linux-gnu.so
[0.464s] -- Up-to-date symlink: /workspaces/codespace/ros2/project/local_mapping/install/messages/share/messages/msg/CustomPoint.idl
[0.464s] -- Up-to-date symlink: /workspaces/codespace/ros2/project/local_mapping/install/messages/share/messages/msg/CustomMsg.idl
[0.464s] -- Up-to-date symlink: /workspaces/codespace/ros2/project/local_mapping/install/messages/share/messages/msg/CustomPoint.msg
[0.464s] -- Up-to-date symlink: /workspaces/codespace/ros2/project/local_mapping/install/messages/share/messages/msg/CustomMsg.msg
[0.464s] -- Up-to-date symlink: /workspaces/codespace/ros2/project/local_mapping/install/messages/share/ament_index/resource_index/package_run_dependencies/messages
[0.465s] -- Up-to-date symlink: /workspaces/codespace/ros2/project/local_mapping/install/messages/share/ament_index/resource_index/parent_prefix_path/messages
[0.465s] -- Up-to-date symlink: /workspaces/codespace/ros2/project/local_mapping/install/messages/share/messages/environment/ament_prefix_path.sh
[0.465s] -- Up-to-date symlink: /workspaces/codespace/ros2/project/local_mapping/install/messages/share/messages/environment/ament_prefix_path.dsv
[0.465s] -- Up-to-date symlink: /workspaces/codespace/ros2/project/local_mapping/install/messages/share/messages/environment/path.sh
[0.465s] -- Up-to-date symlink: /workspaces/codespace/ros2/project/local_mapping/install/messages/share/messages/environment/path.dsv
[0.465s] -- Up-to-date symlink: /workspaces/codespace/ros2/project/local_mapping/install/messages/share/messages/local_setup.bash
[0.466s] -- Up-to-date symlink: /workspaces/codespace/ros2/project/local_mapping/install/messages/share/messages/local_setup.sh
[0.466s] -- Up-to-date symlink: /workspaces/codespace/ros2/project/local_mapping/install/messages/share/messages/local_setup.zsh
[0.466s] -- Up-to-date symlink: /workspaces/codespace/ros2/project/local_mapping/install/messages/share/messages/local_setup.dsv
[0.466s] -- Symlinking: /workspaces/codespace/ros2/project/local_mapping/install/messages/share/messages/package.dsv
[0.477s] -- Up-to-date symlink: /workspaces/codespace/ros2/project/local_mapping/install/messages/share/ament_index/resource_index/packages/messages
[0.477s] -- Up-to-date symlink: /workspaces/codespace/ros2/project/local_mapping/install/messages/share/messages/cmake/rosidl_cmake-extras.cmake
[0.477s] -- Up-to-date symlink: /workspaces/codespace/ros2/project/local_mapping/install/messages/share/messages/cmake/ament_cmake_export_dependencies-extras.cmake
[0.477s] -- Up-to-date symlink: /workspaces/codespace/ros2/project/local_mapping/install/messages/share/messages/cmake/ament_cmake_export_include_directories-extras.cmake
[0.477s] -- Up-to-date symlink: /workspaces/codespace/ros2/project/local_mapping/install/messages/share/messages/cmake/ament_cmake_export_libraries-extras.cmake
[0.478s] -- Up-to-date symlink: /workspaces/codespace/ros2/project/local_mapping/install/messages/share/messages/cmake/ament_cmake_export_targets-extras.cmake
[0.478s] -- Up-to-date symlink: /workspaces/codespace/ros2/project/local_mapping/install/messages/share/messages/cmake/rosidl_cmake_export_typesupport_targets-extras.cmake
[0.478s] -- Up-to-date symlink: /workspaces/codespace/ros2/project/local_mapping/install/messages/share/messages/cmake/rosidl_cmake_export_typesupport_libraries-extras.cmake
[0.478s] -- Up-to-date symlink: /workspaces/codespace/ros2/project/local_mapping/install/messages/share/messages/cmake/messagesConfig.cmake
[0.478s] -- Up-to-date symlink: /workspaces/codespace/ros2/project/local_mapping/install/messages/share/messages/cmake/messagesConfig-version.cmake
[0.478s] -- Up-to-date symlink: /workspaces/codespace/ros2/project/local_mapping/install/messages/share/messages/package.xml
[0.479s] -- Up-to-date: /workspaces/codespace/ros2/project/local_mapping/install/messages/lib/libmessages__rosidl_generator_c.so
[0.479s] -- Up-to-date: /workspaces/codespace/ros2/project/local_mapping/install/messages/lib/libmessages__rosidl_typesupport_fastrtps_c.so
[0.479s] -- Up-to-date: /workspaces/codespace/ros2/project/local_mapping/install/messages/lib/libmessages__rosidl_typesupport_fastrtps_cpp.so
[0.480s] -- Up-to-date: /workspaces/codespace/ros2/project/local_mapping/install/messages/lib/libmessages__rosidl_typesupport_introspection_c.so
[0.480s] -- Up-to-date: /workspaces/codespace/ros2/project/local_mapping/install/messages/lib/libmessages__rosidl_typesupport_c.so
[0.481s] -- Up-to-date: /workspaces/codespace/ros2/project/local_mapping/install/messages/lib/libmessages__rosidl_typesupport_introspection_cpp.so
[0.481s] -- Up-to-date: /workspaces/codespace/ros2/project/local_mapping/install/messages/lib/libmessages__rosidl_typesupport_cpp.so
[0.509s] Listing '/workspaces/codespace/ros2/project/local_mapping/install/messages/local/lib/python3.10/dist-packages/messages'...
[0.509s] Listing '/workspaces/codespace/ros2/project/local_mapping/install/messages/local/lib/python3.10/dist-packages/messages/msg'...
[0.512s] -- Up-to-date: /workspaces/codespace/ros2/project/local_mapping/install/messages/lib/libmessages__rosidl_generator_py.so
[0.513s] -- Up-to-date: /workspaces/codespace/ros2/project/local_mapping/install/messages/share/messages/cmake/export_messages__rosidl_generator_cExport.cmake
[0.513s] -- Up-to-date: /workspaces/codespace/ros2/project/local_mapping/install/messages/share/messages/cmake/export_messages__rosidl_generator_cExport-noconfig.cmake
[0.513s] -- Up-to-date: /workspaces/codespace/ros2/project/local_mapping/install/messages/share/messages/cmake/export_messages__rosidl_typesupport_fastrtps_cExport.cmake
[0.513s] -- Up-to-date: /workspaces/codespace/ros2/project/local_mapping/install/messages/share/messages/cmake/export_messages__rosidl_typesupport_fastrtps_cExport-noconfig.cmake
[0.513s] -- Up-to-date: /workspaces/codespace/ros2/project/local_mapping/install/messages/share/messages/cmake/export_messages__rosidl_generator_cppExport.cmake
[0.513s] -- Up-to-date: /workspaces/codespace/ros2/project/local_mapping/install/messages/share/messages/cmake/export_messages__rosidl_typesupport_fastrtps_cppExport.cmake
[0.513s] -- Up-to-date: /workspaces/codespace/ros2/project/local_mapping/install/messages/share/messages/cmake/export_messages__rosidl_typesupport_fastrtps_cppExport-noconfig.cmake
[0.513s] -- Up-to-date: /workspaces/codespace/ros2/project/local_mapping/install/messages/share/messages/cmake/messages__rosidl_typesupport_introspection_cExport.cmake
[0.513s] -- Up-to-date: /workspaces/codespace/ros2/project/local_mapping/install/messages/share/messages/cmake/messages__rosidl_typesupport_introspection_cExport-noconfig.cmake
[0.513s] -- Up-to-date: /workspaces/codespace/ros2/project/local_mapping/install/messages/share/messages/cmake/messages__rosidl_typesupport_cExport.cmake
[0.514s] -- Up-to-date: /workspaces/codespace/ros2/project/local_mapping/install/messages/share/messages/cmake/messages__rosidl_typesupport_cExport-noconfig.cmake
[0.514s] -- Up-to-date: /workspaces/codespace/ros2/project/local_mapping/install/messages/share/messages/cmake/messages__rosidl_typesupport_introspection_cppExport.cmake
[0.514s] -- Up-to-date: /workspaces/codespace/ros2/project/local_mapping/install/messages/share/messages/cmake/messages__rosidl_typesupport_introspection_cppExport-noconfig.cmake
[0.514s] -- Up-to-date: /workspaces/codespace/ros2/project/local_mapping/install/messages/share/messages/cmake/messages__rosidl_typesupport_cppExport.cmake
[0.514s] -- Up-to-date: /workspaces/codespace/ros2/project/local_mapping/install/messages/share/messages/cmake/messages__rosidl_typesupport_cppExport-noconfig.cmake
[0.514s] -- Up-to-date: /workspaces/codespace/ros2/project/local_mapping/install/messages/share/messages/cmake/export_messages__rosidl_generator_pyExport.cmake
[0.514s] -- Up-to-date: /workspaces/codespace/ros2/project/local_mapping/install/messages/share/messages/cmake/export_messages__rosidl_generator_pyExport-noconfig.cmake
[0.517s] Invoked command in '/workspaces/codespace/ros2/project/local_mapping/build/messages' returned '0': CMAKE_PREFIX_PATH=${CMAKE_PREFIX_PATH}:/opt/ros/humble /usr/bin/cmake --install /workspaces/codespace/ros2/project/local_mapping/build/messages
