[0.060s] Invoking command in '/workspaces/codespace/ros2/project/local_mapping/build/gradient_mapping': CMAKE_PREFIX_PATH=${CMAKE_PREFIX_PATH}:/opt/ros/humble /usr/bin/cmake --build /workspaces/codespace/ros2/project/local_mapping/build/gradient_mapping -- -j16 -l16
[0.095s] -- Found ament_cmake_auto: 1.3.8 (/opt/ros/humble/share/ament_cmake_auto/cmake)
[0.192s] -- Override CMake install command with custom implementation using symlinks instead of copying resources
[0.274s] -- Found rosidl_generator_c: 3.1.5 (/opt/ros/humble/share/rosidl_generator_c/cmake)
[0.276s] -- Found rosidl_adapter: 3.1.5 (/opt/ros/humble/share/rosidl_adapter/cmake)
[0.281s] -- Found rosidl_generator_cpp: 3.1.5 (/opt/ros/humble/share/rosidl_generator_cpp/cmake)
[0.290s] -- Using all available rosidl_typesupport_c: rosidl_typesupport_fastrtps_c;rosidl_typesupport_introspection_c
[0.302s] -- Using all available rosidl_typesupport_cpp: rosidl_typesupport_fastrtps_cpp;rosidl_typesupport_introspection_cpp
[0.362s] -- Found rmw_implementation_cmake: 6.1.1 (/opt/ros/humble/share/rmw_implementation_cmake/cmake)
[0.363s] -- Found rmw_fastrtps_cpp: 6.2.6 (/opt/ros/humble/share/rmw_fastrtps_cpp/cmake)
[0.496s] -- Using RMW implementation 'rmw_fastrtps_cpp' as default
[1.059s] -- Eigen found (include: /usr/include/eigen3, version: 3.4.0)
[1.091s] -- FLANN found (include: /usr/include, lib: /usr/lib/x86_64-linux-gnu/libflann_cpp.so)
[1.345s] -- OpenNI found (version: 1.5.4.0, include: /usr/include/ni, lib: /usr/lib/libOpenNI.so;libusb::libusb)
[1.351s] -- OpenNI2 found (version: 2.2.0.33, include: /usr/include/openni2, lib: /usr/lib/x86_64-linux-gnu/libOpenNI2.so;libusb::libusb)
[1.352s] [0m** WARNING ** io features related to pcap will be disabled[0m
[1.483s] -- Eigen found (include: /usr/include/eigen3, version: 3.4.0)
[1.490s] -- OpenNI found (version: 1.5.4.0, include: /usr/include/ni, lib: /usr/lib/libOpenNI.so;libusb::libusb)
[1.495s] -- OpenNI2 found (version: 2.2.0.33, include: /usr/include/openni2, lib: /usr/lib/x86_64-linux-gnu/libOpenNI2.so;libusb::libusb)
[1.624s] -- Found Qhull version 8.0.2
[1.757s] -- OpenNI found (version: 1.5.4.0, include: /usr/include/ni, lib: /usr/lib/libOpenNI.so;libusb::libusb)
[1.884s] -- looking for PCL_COMMON
[1.884s] -- looking for PCL_KDTREE
[1.884s] -- looking for PCL_OCTREE
[1.885s] -- looking for PCL_SEARCH
[1.885s] -- looking for PCL_SAMPLE_CONSENSUS
[1.885s] -- looking for PCL_FILTERS
[1.885s] -- looking for PCL_2D
[1.885s] -- looking for PCL_GEOMETRY
[1.886s] -- looking for PCL_IO
[1.886s] -- looking for PCL_FEATURES
[1.886s] -- looking for PCL_ML
[1.886s] -- looking for PCL_SEGMENTATION
[1.887s] -- looking for PCL_VISUALIZATION
[1.887s] -- looking for PCL_SURFACE
[1.887s] -- looking for PCL_REGISTRATION
[1.888s] -- looking for PCL_KEYPOINTS
[1.888s] -- looking for PCL_TRACKING
[1.888s] -- looking for PCL_RECOGNITION
[1.889s] -- looking for PCL_STEREO
[1.889s] -- looking for PCL_APPS
[1.890s] -- looking for PCL_IN_HAND_SCANNER
[1.890s] -- looking for PCL_MODELER
[1.890s] -- looking for PCL_POINT_CLOUD_EDITOR
[1.890s] -- looking for PCL_OUTOFCORE
[1.890s] -- looking for PCL_PEOPLE
[1.898s] -- Configuring done
[1.948s] -- Generating done
[1.950s] -- Build files have been written to: /workspaces/codespace/ros2/project/local_mapping/build/gradient_mapping
[1.982s] [35m[1mConsolidate compiler generated dependencies of target gradient_mapping[0m
[2.023s] [ 50%] [32mBuilding CXX object CMakeFiles/gradient_mapping.dir/src/main.cpp.o[0m
[6.617s] [100%] [32m[1mLinking CXX executable gradient_mapping[0m
[6.638s] /usr/bin/ld: cannot find -lpublic: No such file or directory
[7.536s] collect2: error: ld returned 1 exit status
[7.538s] gmake[2]: *** [CMakeFiles/gradient_mapping.dir/build.make:249: gradient_mapping] Error 1
[7.538s] gmake[1]: *** [CMakeFiles/Makefile2:137: CMakeFiles/gradient_mapping.dir/all] Error 2
[7.538s] gmake: *** [Makefile:146: all] Error 2
[7.541s] Invoked command in '/workspaces/codespace/ros2/project/local_mapping/build/gradient_mapping' returned '2': CMAKE_PREFIX_PATH=${CMAKE_PREFIX_PATH}:/opt/ros/humble /usr/bin/cmake --build /workspaces/codespace/ros2/project/local_mapping/build/gradient_mapping -- -j16 -l16
