[0.854s] DEBUG:colcon:Command line arguments: ['/usr/bin/colcon', 'build', '--symlink-install', '--parallel-workers', '12']
[0.854s] DEBUG:colcon:Parsed command line arguments: Namespace(log_base=None, log_level=None, verb_name='build', build_base='build', install_base='install', merge_install=False, symlink_install=True, test_result_base=None, continue_on_error=False, executor='parallel', parallel_workers=12, event_handlers=None, ignore_user_meta=False, metas=['./colcon.meta'], base_paths=['.'], packages_ignore=None, packages_ignore_regex=None, paths=None, packages_up_to=None, packages_up_to_regex=None, packages_above=None, packages_above_and_dependencies=None, packages_above_depth=None, packages_select_by_dep=None, packages_skip_by_dep=None, packages_skip_up_to=None, packages_select_build_failed=False, packages_skip_build_finished=False, packages_select_test_failures=False, packages_skip_test_passed=False, packages_select=None, packages_skip=None, packages_select_regex=None, packages_skip_regex=None, packages_start=None, packages_end=None, cmake_args=None, cmake_target=None, cmake_target_skip_unavailable=False, cmake_clean_cache=False, cmake_clean_first=False, cmake_force_configure=False, ament_cmake_args=None, catkin_cmake_args=None, catkin_skip_building_tests=False, mixin_files=None, mixin=None, verb_parser=<colcon_mixin.mixin.mixin_argument.MixinArgumentDecorator object at 0x7f55a4a86890>, verb_extension=<colcon_core.verb.build.BuildVerb object at 0x7f55a4a6f5b0>, main=<bound method BuildVerb.main of <colcon_core.verb.build.BuildVerb object at 0x7f55a4a6f5b0>>, mixin_verb=('build',))
[0.889s] Level 1:colcon.colcon_core.package_discovery:discover_packages(colcon_meta) check parameters
[0.890s] INFO:colcon.colcon_metadata.package_discovery.colcon_meta:Using configuration from '/root/.colcon/metadata/default/Gazebo.meta'
[0.890s] INFO:colcon.colcon_metadata.package_discovery.colcon_meta:Using configuration from '/root/.colcon/metadata/default/fastrtps.meta'
[0.890s] Level 1:colcon.colcon_core.package_discovery:discover_packages(recursive) check parameters
[0.890s] Level 1:colcon.colcon_core.package_discovery:discover_packages(ignore) check parameters
[0.890s] Level 1:colcon.colcon_core.package_discovery:discover_packages(path) check parameters
[0.890s] Level 1:colcon.colcon_core.package_discovery:discover_packages(colcon_meta) discover
[0.891s] Level 1:colcon.colcon_core.package_discovery:discover_packages(recursive) discover
[0.891s] INFO:colcon.colcon_core.package_discovery:Crawling recursively for packages in '/workspaces/codespace/ros2/project/local_mapping'
[0.891s] Level 1:colcon.colcon_core.package_identification:_identify(.) by extensions ['ignore', 'ignore_ament_install']
[0.891s] Level 1:colcon.colcon_core.package_identification:_identify(.) by extension 'ignore'
[0.891s] Level 1:colcon.colcon_core.package_identification:_identify(.) by extension 'ignore_ament_install'
[0.891s] Level 1:colcon.colcon_core.package_identification:_identify(.) by extensions ['colcon_pkg']
[0.891s] Level 1:colcon.colcon_core.package_identification:_identify(.) by extension 'colcon_pkg'
[0.891s] Level 1:colcon.colcon_core.package_identification:_identify(.) by extensions ['colcon_meta']
[0.891s] Level 1:colcon.colcon_core.package_identification:_identify(.) by extension 'colcon_meta'
[0.891s] Level 1:colcon.colcon_core.package_identification:_identify(.) by extensions ['ros']
[0.891s] Level 1:colcon.colcon_core.package_identification:_identify(.) by extension 'ros'
[0.900s] Level 1:colcon.colcon_core.package_identification:_identify(.) by extensions ['cmake', 'python']
[0.900s] Level 1:colcon.colcon_core.package_identification:_identify(.) by extension 'cmake'
[0.901s] Level 1:colcon.colcon_core.package_identification:_identify(.) by extension 'python'
[0.901s] Level 1:colcon.colcon_core.package_identification:_identify(.) by extensions ['python_setup_py']
[0.901s] Level 1:colcon.colcon_core.package_identification:_identify(.) by extension 'python_setup_py'
[0.901s] Level 1:colcon.colcon_core.package_identification:_identify(build) by extensions ['ignore', 'ignore_ament_install']
[0.901s] Level 1:colcon.colcon_core.package_identification:_identify(build) by extension 'ignore'
[0.901s] Level 1:colcon.colcon_core.package_identification:_identify(build) ignored
[0.901s] Level 1:colcon.colcon_core.package_identification:_identify(install) by extensions ['ignore', 'ignore_ament_install']
[0.901s] Level 1:colcon.colcon_core.package_identification:_identify(install) by extension 'ignore'
[0.901s] Level 1:colcon.colcon_core.package_identification:_identify(install) ignored
[0.901s] Level 1:colcon.colcon_core.package_identification:_identify(log) by extensions ['ignore', 'ignore_ament_install']
[0.901s] Level 1:colcon.colcon_core.package_identification:_identify(log) by extension 'ignore'
[0.901s] Level 1:colcon.colcon_core.package_identification:_identify(log) ignored
[0.901s] Level 1:colcon.colcon_core.package_identification:_identify(src) by extensions ['ignore', 'ignore_ament_install']
[0.901s] Level 1:colcon.colcon_core.package_identification:_identify(src) by extension 'ignore'
[0.901s] Level 1:colcon.colcon_core.package_identification:_identify(src) by extension 'ignore_ament_install'
[0.902s] Level 1:colcon.colcon_core.package_identification:_identify(src) by extensions ['colcon_pkg']
[0.902s] Level 1:colcon.colcon_core.package_identification:_identify(src) by extension 'colcon_pkg'
[0.902s] Level 1:colcon.colcon_core.package_identification:_identify(src) by extensions ['colcon_meta']
[0.902s] Level 1:colcon.colcon_core.package_identification:_identify(src) by extension 'colcon_meta'
[0.902s] Level 1:colcon.colcon_core.package_identification:_identify(src) by extensions ['ros']
[0.902s] Level 1:colcon.colcon_core.package_identification:_identify(src) by extension 'ros'
[0.902s] Level 1:colcon.colcon_core.package_identification:_identify(src) by extensions ['cmake', 'python']
[0.902s] Level 1:colcon.colcon_core.package_identification:_identify(src) by extension 'cmake'
[0.902s] Level 1:colcon.colcon_core.package_identification:_identify(src) by extension 'python'
[0.902s] Level 1:colcon.colcon_core.package_identification:_identify(src) by extensions ['python_setup_py']
[0.902s] Level 1:colcon.colcon_core.package_identification:_identify(src) by extension 'python_setup_py'
[0.902s] Level 1:colcon.colcon_core.package_identification:_identify(src/full_matching) by extensions ['ignore', 'ignore_ament_install']
[0.902s] Level 1:colcon.colcon_core.package_identification:_identify(src/full_matching) by extension 'ignore'
[0.902s] Level 1:colcon.colcon_core.package_identification:_identify(src/full_matching) by extension 'ignore_ament_install'
[0.902s] Level 1:colcon.colcon_core.package_identification:_identify(src/full_matching) by extensions ['colcon_pkg']
[0.902s] Level 1:colcon.colcon_core.package_identification:_identify(src/full_matching) by extension 'colcon_pkg'
[0.902s] Level 1:colcon.colcon_core.package_identification:_identify(src/full_matching) by extensions ['colcon_meta']
[0.902s] Level 1:colcon.colcon_core.package_identification:_identify(src/full_matching) by extension 'colcon_meta'
[0.902s] Level 1:colcon.colcon_core.package_identification:_identify(src/full_matching) by extensions ['ros']
[0.902s] Level 1:colcon.colcon_core.package_identification:_identify(src/full_matching) by extension 'ros'
[0.904s] DEBUG:colcon.colcon_core.package_identification:Package 'src/full_matching' with type 'ros.ament_cmake' and name 'full_matching'
[0.904s] Level 1:colcon.colcon_core.package_identification:_identify(src/gradient_mapping) by extensions ['ignore', 'ignore_ament_install']
[0.904s] Level 1:colcon.colcon_core.package_identification:_identify(src/gradient_mapping) by extension 'ignore'
[0.904s] Level 1:colcon.colcon_core.package_identification:_identify(src/gradient_mapping) by extension 'ignore_ament_install'
[0.904s] Level 1:colcon.colcon_core.package_identification:_identify(src/gradient_mapping) by extensions ['colcon_pkg']
[0.904s] Level 1:colcon.colcon_core.package_identification:_identify(src/gradient_mapping) by extension 'colcon_pkg'
[0.904s] Level 1:colcon.colcon_core.package_identification:_identify(src/gradient_mapping) by extensions ['colcon_meta']
[0.904s] Level 1:colcon.colcon_core.package_identification:_identify(src/gradient_mapping) by extension 'colcon_meta'
[0.904s] Level 1:colcon.colcon_core.package_identification:_identify(src/gradient_mapping) by extensions ['ros']
[0.905s] Level 1:colcon.colcon_core.package_identification:_identify(src/gradient_mapping) by extension 'ros'
[0.905s] DEBUG:colcon.colcon_core.package_identification:Package 'src/gradient_mapping' with type 'ros.ament_cmake' and name 'gradient_mapping'
[0.905s] Level 1:colcon.colcon_core.package_discovery:discover_packages(recursive) using defaults
[0.905s] Level 1:colcon.colcon_core.package_discovery:discover_packages(ignore) discover
[0.905s] Level 1:colcon.colcon_core.package_discovery:discover_packages(ignore) using defaults
[0.905s] Level 1:colcon.colcon_core.package_discovery:discover_packages(path) discover
[0.905s] Level 1:colcon.colcon_core.package_discovery:discover_packages(path) using defaults
[0.960s] Level 5:colcon.colcon_core.verb:set package 'full_matching' build argument 'cmake_args' from command line to 'None'
[0.960s] Level 5:colcon.colcon_core.verb:set package 'full_matching' build argument 'cmake_target' from command line to 'None'
[0.960s] Level 5:colcon.colcon_core.verb:set package 'full_matching' build argument 'cmake_target_skip_unavailable' from command line to 'False'
[0.960s] Level 5:colcon.colcon_core.verb:set package 'full_matching' build argument 'cmake_clean_cache' from command line to 'False'
[0.960s] Level 5:colcon.colcon_core.verb:set package 'full_matching' build argument 'cmake_clean_first' from command line to 'False'
[0.960s] Level 5:colcon.colcon_core.verb:set package 'full_matching' build argument 'cmake_force_configure' from command line to 'False'
[0.960s] Level 5:colcon.colcon_core.verb:set package 'full_matching' build argument 'ament_cmake_args' from command line to 'None'
[0.960s] Level 5:colcon.colcon_core.verb:set package 'full_matching' build argument 'catkin_cmake_args' from command line to 'None'
[0.960s] Level 5:colcon.colcon_core.verb:set package 'full_matching' build argument 'catkin_skip_building_tests' from command line to 'False'
[0.960s] DEBUG:colcon.colcon_core.verb:Building package 'full_matching' with the following arguments: {'ament_cmake_args': None, 'build_base': '/workspaces/codespace/ros2/project/local_mapping/build/full_matching', 'catkin_cmake_args': None, 'catkin_skip_building_tests': False, 'cmake_args': None, 'cmake_clean_cache': False, 'cmake_clean_first': False, 'cmake_force_configure': False, 'cmake_target': None, 'cmake_target_skip_unavailable': False, 'install_base': '/workspaces/codespace/ros2/project/local_mapping/install/full_matching', 'merge_install': False, 'path': '/workspaces/codespace/ros2/project/local_mapping/src/full_matching', 'symlink_install': True, 'test_result_base': None}
[0.970s] Level 5:colcon.colcon_core.verb:set package 'gradient_mapping' build argument 'cmake_args' from command line to 'None'
[0.970s] Level 5:colcon.colcon_core.verb:set package 'gradient_mapping' build argument 'cmake_target' from command line to 'None'
[0.970s] Level 5:colcon.colcon_core.verb:set package 'gradient_mapping' build argument 'cmake_target_skip_unavailable' from command line to 'False'
[0.970s] Level 5:colcon.colcon_core.verb:set package 'gradient_mapping' build argument 'cmake_clean_cache' from command line to 'False'
[0.970s] Level 5:colcon.colcon_core.verb:set package 'gradient_mapping' build argument 'cmake_clean_first' from command line to 'False'
[0.970s] Level 5:colcon.colcon_core.verb:set package 'gradient_mapping' build argument 'cmake_force_configure' from command line to 'False'
[0.970s] Level 5:colcon.colcon_core.verb:set package 'gradient_mapping' build argument 'ament_cmake_args' from command line to 'None'
[0.970s] Level 5:colcon.colcon_core.verb:set package 'gradient_mapping' build argument 'catkin_cmake_args' from command line to 'None'
[0.970s] Level 5:colcon.colcon_core.verb:set package 'gradient_mapping' build argument 'catkin_skip_building_tests' from command line to 'False'
[0.970s] DEBUG:colcon.colcon_core.verb:Building package 'gradient_mapping' with the following arguments: {'ament_cmake_args': None, 'build_base': '/workspaces/codespace/ros2/project/local_mapping/build/gradient_mapping', 'catkin_cmake_args': None, 'catkin_skip_building_tests': False, 'cmake_args': None, 'cmake_clean_cache': False, 'cmake_clean_first': False, 'cmake_force_configure': False, 'cmake_target': None, 'cmake_target_skip_unavailable': False, 'install_base': '/workspaces/codespace/ros2/project/local_mapping/install/gradient_mapping', 'merge_install': False, 'path': '/workspaces/codespace/ros2/project/local_mapping/src/gradient_mapping', 'symlink_install': True, 'test_result_base': None}
[0.980s] INFO:colcon.colcon_core.executor:Executing jobs using 'parallel' executor
[0.991s] DEBUG:colcon.colcon_parallel_executor.executor.parallel:run_until_complete
[0.991s] INFO:colcon.colcon_ros.task.ament_cmake.build:Building ROS package in '/workspaces/codespace/ros2/project/local_mapping/src/full_matching' with build type 'ament_cmake'
[0.991s] INFO:colcon.colcon_cmake.task.cmake.build:Building CMake package in '/workspaces/codespace/ros2/project/local_mapping/src/full_matching'
[1.002s] INFO:colcon.colcon_core.plugin_system:Skipping extension 'colcon_core.shell.bat': Not used on non-Windows systems
[1.003s] INFO:colcon.colcon_core.shell:Skip shell extension 'powershell' for command environment: Not usable outside of PowerShell
[1.003s] DEBUG:colcon.colcon_core.shell:Skip shell extension 'dsv' for command environment
[1.026s] INFO:colcon.colcon_ros.task.ament_cmake.build:Building ROS package in '/workspaces/codespace/ros2/project/local_mapping/src/gradient_mapping' with build type 'ament_cmake'
[1.026s] INFO:colcon.colcon_cmake.task.cmake.build:Building CMake package in '/workspaces/codespace/ros2/project/local_mapping/src/gradient_mapping'
[1.036s] INFO:colcon.colcon_core.shell:Skip shell extension 'powershell' for command environment: Not usable outside of PowerShell
[1.036s] DEBUG:colcon.colcon_core.shell:Skip shell extension 'dsv' for command environment
[1.063s] DEBUG:colcon.colcon_core.event_handler.log_command:Invoking command in '/workspaces/codespace/ros2/project/local_mapping/build/full_matching': CMAKE_PREFIX_PATH=/opt/ros/humble /usr/bin/cmake --build /workspaces/codespace/ros2/project/local_mapping/build/full_matching -- -j16 -l16
[1.066s] DEBUG:colcon.colcon_core.event_handler.log_command:Invoking command in '/workspaces/codespace/ros2/project/local_mapping/build/gradient_mapping': CMAKE_PREFIX_PATH=/opt/ros/humble /usr/bin/cmake --build /workspaces/codespace/ros2/project/local_mapping/build/gradient_mapping -- -j16 -l16
[1.101s] DEBUG:colcon.colcon_core.event_handler.log_command:Invoked command in '/workspaces/codespace/ros2/project/local_mapping/build/full_matching' returned '0': CMAKE_PREFIX_PATH=/opt/ros/humble /usr/bin/cmake --build /workspaces/codespace/ros2/project/local_mapping/build/full_matching -- -j16 -l16
[1.133s] DEBUG:colcon.colcon_core.event_handler.log_command:Invoking command in '/workspaces/codespace/ros2/project/local_mapping/build/full_matching': CMAKE_PREFIX_PATH=/opt/ros/humble /usr/bin/cmake --install /workspaces/codespace/ros2/project/local_mapping/build/full_matching
[1.153s] Level 1:colcon.colcon_core.environment:create_environment_scripts_only(full_matching)
[1.154s] DEBUG:colcon.colcon_core.event_handler.log_command:Invoked command in '/workspaces/codespace/ros2/project/local_mapping/build/full_matching' returned '0': CMAKE_PREFIX_PATH=/opt/ros/humble /usr/bin/cmake --install /workspaces/codespace/ros2/project/local_mapping/build/full_matching
[1.166s] Level 1:colcon.colcon_core.environment:checking '/workspaces/codespace/ros2/project/local_mapping/install/full_matching' for CMake module files
[1.167s] Level 1:colcon.colcon_core.environment:checking '/workspaces/codespace/ros2/project/local_mapping/install/full_matching' for CMake config files
[1.167s] Level 1:colcon.colcon_core.shell:create_environment_hook('full_matching', 'cmake_prefix_path')
[1.178s] INFO:colcon.colcon_core.shell:Creating environment hook '/workspaces/codespace/ros2/project/local_mapping/install/full_matching/share/full_matching/hook/cmake_prefix_path.ps1'
[1.178s] INFO:colcon.colcon_core.shell:Creating environment descriptor '/workspaces/codespace/ros2/project/local_mapping/install/full_matching/share/full_matching/hook/cmake_prefix_path.dsv'
[1.179s] INFO:colcon.colcon_core.shell:Creating environment hook '/workspaces/codespace/ros2/project/local_mapping/install/full_matching/share/full_matching/hook/cmake_prefix_path.sh'
[1.179s] Level 1:colcon.colcon_core.environment:checking '/workspaces/codespace/ros2/project/local_mapping/install/full_matching/bin'
[1.179s] Level 1:colcon.colcon_core.environment:checking '/workspaces/codespace/ros2/project/local_mapping/install/full_matching/lib/pkgconfig/full_matching.pc'
[1.181s] Level 1:colcon.colcon_core.environment:checking '/workspaces/codespace/ros2/project/local_mapping/install/full_matching/lib/python3.10/site-packages'
[1.181s] Level 1:colcon.colcon_core.environment:checking '/workspaces/codespace/ros2/project/local_mapping/install/full_matching/bin'
[1.192s] INFO:colcon.colcon_core.shell:Creating package script '/workspaces/codespace/ros2/project/local_mapping/install/full_matching/share/full_matching/package.ps1'
[1.193s] INFO:colcon.colcon_core.shell:Creating package descriptor '/workspaces/codespace/ros2/project/local_mapping/install/full_matching/share/full_matching/package.dsv'
[1.194s] INFO:colcon.colcon_core.shell:Creating package script '/workspaces/codespace/ros2/project/local_mapping/install/full_matching/share/full_matching/package.sh'
[1.194s] INFO:colcon.colcon_core.shell:Creating package script '/workspaces/codespace/ros2/project/local_mapping/install/full_matching/share/full_matching/package.bash'
[1.195s] INFO:colcon.colcon_core.shell:Creating package script '/workspaces/codespace/ros2/project/local_mapping/install/full_matching/share/full_matching/package.zsh'
[1.195s] Level 1:colcon.colcon_core.environment:create_file_with_runtime_dependencies(/workspaces/codespace/ros2/project/local_mapping/install/full_matching/share/colcon-core/packages/full_matching)
[1.226s] Level 1:colcon.colcon_core.environment:create_environment_scripts_only(full_matching)
[1.236s] Level 1:colcon.colcon_core.environment:checking '/workspaces/codespace/ros2/project/local_mapping/install/full_matching' for CMake module files
[1.236s] Level 1:colcon.colcon_core.environment:checking '/workspaces/codespace/ros2/project/local_mapping/install/full_matching' for CMake config files
[1.236s] Level 1:colcon.colcon_core.shell:create_environment_hook('full_matching', 'cmake_prefix_path')
[1.246s] INFO:colcon.colcon_core.shell:Creating environment hook '/workspaces/codespace/ros2/project/local_mapping/install/full_matching/share/full_matching/hook/cmake_prefix_path.ps1'
[1.247s] INFO:colcon.colcon_core.shell:Creating environment descriptor '/workspaces/codespace/ros2/project/local_mapping/install/full_matching/share/full_matching/hook/cmake_prefix_path.dsv'
[1.247s] INFO:colcon.colcon_core.shell:Creating environment hook '/workspaces/codespace/ros2/project/local_mapping/install/full_matching/share/full_matching/hook/cmake_prefix_path.sh'
[1.248s] Level 1:colcon.colcon_core.environment:checking '/workspaces/codespace/ros2/project/local_mapping/install/full_matching/bin'
[1.248s] Level 1:colcon.colcon_core.environment:checking '/workspaces/codespace/ros2/project/local_mapping/install/full_matching/lib/pkgconfig/full_matching.pc'
[1.248s] Level 1:colcon.colcon_core.environment:checking '/workspaces/codespace/ros2/project/local_mapping/install/full_matching/lib/python3.10/site-packages'
[1.248s] Level 1:colcon.colcon_core.environment:checking '/workspaces/codespace/ros2/project/local_mapping/install/full_matching/bin'
[1.258s] INFO:colcon.colcon_core.shell:Creating package script '/workspaces/codespace/ros2/project/local_mapping/install/full_matching/share/full_matching/package.ps1'
[1.259s] INFO:colcon.colcon_core.shell:Creating package descriptor '/workspaces/codespace/ros2/project/local_mapping/install/full_matching/share/full_matching/package.dsv'
[1.259s] INFO:colcon.colcon_core.shell:Creating package script '/workspaces/codespace/ros2/project/local_mapping/install/full_matching/share/full_matching/package.sh'
[1.259s] INFO:colcon.colcon_core.shell:Creating package script '/workspaces/codespace/ros2/project/local_mapping/install/full_matching/share/full_matching/package.bash'
[1.260s] INFO:colcon.colcon_core.shell:Creating package script '/workspaces/codespace/ros2/project/local_mapping/install/full_matching/share/full_matching/package.zsh'
[1.260s] Level 1:colcon.colcon_core.environment:create_file_with_runtime_dependencies(/workspaces/codespace/ros2/project/local_mapping/install/full_matching/share/colcon-core/packages/full_matching)
[4.962s] DEBUG:colcon.colcon_core.event_handler.log_command:Invoked command in '/workspaces/codespace/ros2/project/local_mapping/build/gradient_mapping' returned '0': CMAKE_PREFIX_PATH=/opt/ros/humble /usr/bin/cmake --build /workspaces/codespace/ros2/project/local_mapping/build/gradient_mapping -- -j16 -l16
[5.045s] DEBUG:colcon.colcon_core.event_handler.log_command:Invoking command in '/workspaces/codespace/ros2/project/local_mapping/build/gradient_mapping': CMAKE_PREFIX_PATH=/opt/ros/humble /usr/bin/cmake --install /workspaces/codespace/ros2/project/local_mapping/build/gradient_mapping
[5.115s] Level 1:colcon.colcon_core.environment:create_environment_scripts_only(gradient_mapping)
[5.115s] DEBUG:colcon.colcon_core.event_handler.log_command:Invoked command in '/workspaces/codespace/ros2/project/local_mapping/build/gradient_mapping' returned '0': CMAKE_PREFIX_PATH=/opt/ros/humble /usr/bin/cmake --install /workspaces/codespace/ros2/project/local_mapping/build/gradient_mapping
[5.125s] Level 1:colcon.colcon_core.environment:checking '/workspaces/codespace/ros2/project/local_mapping/install/gradient_mapping' for CMake module files
[5.126s] Level 1:colcon.colcon_core.environment:checking '/workspaces/codespace/ros2/project/local_mapping/install/gradient_mapping' for CMake config files
[5.127s] Level 1:colcon.colcon_core.shell:create_environment_hook('gradient_mapping', 'cmake_prefix_path')
[5.137s] INFO:colcon.colcon_core.shell:Creating environment hook '/workspaces/codespace/ros2/project/local_mapping/install/gradient_mapping/share/gradient_mapping/hook/cmake_prefix_path.ps1'
[5.138s] INFO:colcon.colcon_core.shell:Creating environment descriptor '/workspaces/codespace/ros2/project/local_mapping/install/gradient_mapping/share/gradient_mapping/hook/cmake_prefix_path.dsv'
[5.138s] INFO:colcon.colcon_core.shell:Creating environment hook '/workspaces/codespace/ros2/project/local_mapping/install/gradient_mapping/share/gradient_mapping/hook/cmake_prefix_path.sh'
[5.138s] Level 1:colcon.colcon_core.environment:checking '/workspaces/codespace/ros2/project/local_mapping/install/gradient_mapping/lib'
[5.139s] Level 1:colcon.colcon_core.shell:create_environment_hook('gradient_mapping', 'ld_library_path_lib')
[5.149s] INFO:colcon.colcon_core.shell:Creating environment hook '/workspaces/codespace/ros2/project/local_mapping/install/gradient_mapping/share/gradient_mapping/hook/ld_library_path_lib.ps1'
[5.150s] INFO:colcon.colcon_core.shell:Creating environment descriptor '/workspaces/codespace/ros2/project/local_mapping/install/gradient_mapping/share/gradient_mapping/hook/ld_library_path_lib.dsv'
[5.150s] INFO:colcon.colcon_core.shell:Creating environment hook '/workspaces/codespace/ros2/project/local_mapping/install/gradient_mapping/share/gradient_mapping/hook/ld_library_path_lib.sh'
[5.150s] Level 1:colcon.colcon_core.environment:checking '/workspaces/codespace/ros2/project/local_mapping/install/gradient_mapping/bin'
[5.150s] Level 1:colcon.colcon_core.environment:checking '/workspaces/codespace/ros2/project/local_mapping/install/gradient_mapping/lib/pkgconfig/gradient_mapping.pc'
[5.151s] Level 1:colcon.colcon_core.environment:checking '/workspaces/codespace/ros2/project/local_mapping/install/gradient_mapping/lib/python3.10/site-packages'
[5.151s] Level 1:colcon.colcon_core.environment:checking '/workspaces/codespace/ros2/project/local_mapping/install/gradient_mapping/bin'
[5.161s] INFO:colcon.colcon_core.shell:Creating package script '/workspaces/codespace/ros2/project/local_mapping/install/gradient_mapping/share/gradient_mapping/package.ps1'
[5.162s] INFO:colcon.colcon_core.shell:Creating package descriptor '/workspaces/codespace/ros2/project/local_mapping/install/gradient_mapping/share/gradient_mapping/package.dsv'
[5.162s] INFO:colcon.colcon_core.shell:Creating package script '/workspaces/codespace/ros2/project/local_mapping/install/gradient_mapping/share/gradient_mapping/package.sh'
[5.163s] INFO:colcon.colcon_core.shell:Creating package script '/workspaces/codespace/ros2/project/local_mapping/install/gradient_mapping/share/gradient_mapping/package.bash'
[5.163s] INFO:colcon.colcon_core.shell:Creating package script '/workspaces/codespace/ros2/project/local_mapping/install/gradient_mapping/share/gradient_mapping/package.zsh'
[5.163s] Level 1:colcon.colcon_core.environment:create_file_with_runtime_dependencies(/workspaces/codespace/ros2/project/local_mapping/install/gradient_mapping/share/colcon-core/packages/gradient_mapping)
[5.255s] Level 1:colcon.colcon_core.environment:create_environment_scripts_only(gradient_mapping)
[5.265s] Level 1:colcon.colcon_core.environment:checking '/workspaces/codespace/ros2/project/local_mapping/install/gradient_mapping' for CMake module files
[5.266s] Level 1:colcon.colcon_core.environment:checking '/workspaces/codespace/ros2/project/local_mapping/install/gradient_mapping' for CMake config files
[5.267s] Level 1:colcon.colcon_core.shell:create_environment_hook('gradient_mapping', 'cmake_prefix_path')
[5.277s] INFO:colcon.colcon_core.shell:Creating environment hook '/workspaces/codespace/ros2/project/local_mapping/install/gradient_mapping/share/gradient_mapping/hook/cmake_prefix_path.ps1'
[5.277s] INFO:colcon.colcon_core.shell:Creating environment descriptor '/workspaces/codespace/ros2/project/local_mapping/install/gradient_mapping/share/gradient_mapping/hook/cmake_prefix_path.dsv'
[5.277s] INFO:colcon.colcon_core.shell:Creating environment hook '/workspaces/codespace/ros2/project/local_mapping/install/gradient_mapping/share/gradient_mapping/hook/cmake_prefix_path.sh'
[5.278s] Level 1:colcon.colcon_core.environment:checking '/workspaces/codespace/ros2/project/local_mapping/install/gradient_mapping/lib'
[5.278s] Level 1:colcon.colcon_core.shell:create_environment_hook('gradient_mapping', 'ld_library_path_lib')
[5.288s] INFO:colcon.colcon_core.shell:Creating environment hook '/workspaces/codespace/ros2/project/local_mapping/install/gradient_mapping/share/gradient_mapping/hook/ld_library_path_lib.ps1'
[5.289s] INFO:colcon.colcon_core.shell:Creating environment descriptor '/workspaces/codespace/ros2/project/local_mapping/install/gradient_mapping/share/gradient_mapping/hook/ld_library_path_lib.dsv'
[5.289s] INFO:colcon.colcon_core.shell:Creating environment hook '/workspaces/codespace/ros2/project/local_mapping/install/gradient_mapping/share/gradient_mapping/hook/ld_library_path_lib.sh'
[5.289s] Level 1:colcon.colcon_core.environment:checking '/workspaces/codespace/ros2/project/local_mapping/install/gradient_mapping/bin'
[5.289s] Level 1:colcon.colcon_core.environment:checking '/workspaces/codespace/ros2/project/local_mapping/install/gradient_mapping/lib/pkgconfig/gradient_mapping.pc'
[5.289s] Level 1:colcon.colcon_core.environment:checking '/workspaces/codespace/ros2/project/local_mapping/install/gradient_mapping/lib/python3.10/site-packages'
[5.290s] Level 1:colcon.colcon_core.environment:checking '/workspaces/codespace/ros2/project/local_mapping/install/gradient_mapping/bin'
[5.300s] INFO:colcon.colcon_core.shell:Creating package script '/workspaces/codespace/ros2/project/local_mapping/install/gradient_mapping/share/gradient_mapping/package.ps1'
[5.300s] INFO:colcon.colcon_core.shell:Creating package descriptor '/workspaces/codespace/ros2/project/local_mapping/install/gradient_mapping/share/gradient_mapping/package.dsv'
[5.301s] INFO:colcon.colcon_core.shell:Creating package script '/workspaces/codespace/ros2/project/local_mapping/install/gradient_mapping/share/gradient_mapping/package.sh'
[5.301s] INFO:colcon.colcon_core.shell:Creating package script '/workspaces/codespace/ros2/project/local_mapping/install/gradient_mapping/share/gradient_mapping/package.bash'
[5.302s] INFO:colcon.colcon_core.shell:Creating package script '/workspaces/codespace/ros2/project/local_mapping/install/gradient_mapping/share/gradient_mapping/package.zsh'
[5.302s] Level 1:colcon.colcon_core.environment:create_file_with_runtime_dependencies(/workspaces/codespace/ros2/project/local_mapping/install/gradient_mapping/share/colcon-core/packages/gradient_mapping)
[5.302s] DEBUG:colcon.colcon_parallel_executor.executor.parallel:closing loop
[5.302s] DEBUG:colcon.colcon_parallel_executor.executor.parallel:loop closed
[5.302s] DEBUG:colcon.colcon_parallel_executor.executor.parallel:run_until_complete finished with '0'
[5.303s] DEBUG:colcon.colcon_core.event_reactor:joining thread
[5.317s] INFO:colcon.colcon_core.plugin_system:Skipping extension 'colcon_notification.desktop_notification.notify_send': Could not find 'notify-send'
[5.317s] INFO:colcon.colcon_core.plugin_system:Skipping extension 'colcon_notification.desktop_notification.terminal_notifier': Not used on non-Darwin systems
[5.317s] INFO:colcon.colcon_core.plugin_system:Skipping extension 'colcon_notification.desktop_notification.win32': Not used on non-Windows systems
[5.317s] INFO:colcon.colcon_notification.desktop_notification:Sending desktop notification using 'notify2'
[5.320s] DEBUG:colcon.colcon_notification.desktop_notification.notify2:Failed to initialize notify2: org.freedesktop.DBus.Error.Spawn.ExecFailed: /usr/bin/dbus-launch terminated abnormally without any error message
[5.320s] DEBUG:colcon.colcon_core.event_reactor:joined thread
[5.337s] INFO:colcon.colcon_core.shell:Creating prefix script '/workspaces/codespace/ros2/project/local_mapping/install/local_setup.ps1'
[5.338s] INFO:colcon.colcon_core.shell:Creating prefix util module '/workspaces/codespace/ros2/project/local_mapping/install/_local_setup_util_ps1.py'
[5.340s] INFO:colcon.colcon_core.shell:Creating prefix chain script '/workspaces/codespace/ros2/project/local_mapping/install/setup.ps1'
[5.355s] INFO:colcon.colcon_core.shell:Creating prefix script '/workspaces/codespace/ros2/project/local_mapping/install/local_setup.sh'
[5.356s] INFO:colcon.colcon_core.shell:Creating prefix util module '/workspaces/codespace/ros2/project/local_mapping/install/_local_setup_util_sh.py'
[5.356s] INFO:colcon.colcon_core.shell:Creating prefix chain script '/workspaces/codespace/ros2/project/local_mapping/install/setup.sh'
[5.368s] INFO:colcon.colcon_core.shell:Creating prefix script '/workspaces/codespace/ros2/project/local_mapping/install/local_setup.bash'
[5.368s] INFO:colcon.colcon_core.shell:Creating prefix chain script '/workspaces/codespace/ros2/project/local_mapping/install/setup.bash'
[5.380s] INFO:colcon.colcon_core.shell:Creating prefix script '/workspaces/codespace/ros2/project/local_mapping/install/local_setup.zsh'
[5.380s] INFO:colcon.colcon_core.shell:Creating prefix chain script '/workspaces/codespace/ros2/project/local_mapping/install/setup.zsh'
