-- Found ament_cmake_auto: 1.3.8 (/opt/ros/humble/share/ament_cmake_auto/cmake)
-- Override CMake install command with custom implementation using symlinks instead of copying resources
-- Found rosidl_generator_c: 3.1.5 (/opt/ros/humble/share/rosidl_generator_c/cmake)
-- Found rosidl_adapter: 3.1.5 (/opt/ros/humble/share/rosidl_adapter/cmake)
-- Found rosidl_generator_cpp: 3.1.5 (/opt/ros/humble/share/rosidl_generator_cpp/cmake)
-- Using all available rosidl_typesupport_c: rosidl_typesupport_fastrtps_c;rosidl_typesupport_introspection_c
-- Using all available rosidl_typesupport_cpp: rosidl_typesupport_fastrtps_cpp;rosidl_typesupport_introspection_cpp
-- Found rmw_implementation_cmake: 6.1.1 (/opt/ros/humble/share/rmw_implementation_cmake/cmake)
-- Found rmw_fastrtps_cpp: 6.2.6 (/opt/ros/humble/share/rmw_fastrtps_cpp/cmake)
-- Using RMW implementation 'rmw_fastrtps_cpp' as default
-- Configuring done
-- Generating done
-- Build files have been written to: /workspaces/codespace/ros2/project/local_mapping/build/gradient_mapping
[35m[1mConsolidate compiler generated dependencies of target gradient_mapping[0m
[ 50%] [32mBuilding CXX object CMakeFiles/gradient_mapping.dir/src/main.cpp.o[0m
In file included from [01m[K/usr/include/pcl/common/common.h:47[m[K,
                 from [01m[K/workspaces/codespace/ros2/project/local_mapping/src/gradient_mapping/src/main.cpp:6[m[K:
[01m[K/usr/include/pcl/point_cloud.h:45:10:[m[K [01;31m[Kfatal error: [m[KEigen/StdVector: No such file or directory
   45 | #include [01;31m[K<Eigen/StdVector>[m[K
      |          [01;31m[K^~~~~~~~~~~~~~~~~[m[K
compilation terminated.
gmake[2]: *** [CMakeFiles/gradient_mapping.dir/build.make:76: CMakeFiles/gradient_mapping.dir/src/main.cpp.o] Error 1
gmake[1]: *** [CMakeFiles/Makefile2:137: CMakeFiles/gradient_mapping.dir/all] Error 2
gmake: *** [Makefile:146: all] Error 2
