[  2%] Built target gradient_mapping__cpp
[ 12%] Built target gradient_mapping__rosidl_generator_c
[ 14%] [32mBuilding CXX object CMakeFiles/run.dir/src/main.cpp.o[0m
[ 14%] Built target ament_cmake_python_symlink_gradient_mapping
[ 24%] Built target gradient_mapping__rosidl_typesupport_introspection_c
[ 43%] Built target gradient_mapping__rosidl_typesupport_c
[ 43%] Built target gradient_mapping__rosidl_typesupport_fastrtps_cpp
[ 53%] Built target gradient_mapping__rosidl_typesupport_introspection_cpp
[ 63%] Built target gradient_mapping__rosidl_typesupport_cpp
[ 73%] Built target gradient_mapping__rosidl_typesupport_fastrtps_c
[ 73%] Built target gradient_mapping
[ 75%] Built target gradient_mapping__py
[ 82%] Built target gradient_mapping__rosidl_generator_py
[ 97%] Built target gradient_mapping__rosidl_typesupport_fastrtps_c__pyext
[ 97%] Built target gradient_mapping__rosidl_typesupport_introspection_c__pyext
[ 97%] Built target gradient_mapping__rosidl_typesupport_c__pyext
running egg_info
writing gradient_mapping.egg-info/PKG-INFO
writing dependency_links to gradient_mapping.egg-info/dependency_links.txt
writing top-level names to gradient_mapping.egg-info/top_level.txt
reading manifest file 'gradient_mapping.egg-info/SOURCES.txt'
writing manifest file 'gradient_mapping.egg-info/SOURCES.txt'
[ 97%] Built target ament_cmake_python_build_gradient_mapping_egg
