[  2%] Built target gradient_mapping__cpp
[ 12%] Built target gradient_mapping__rosidl_generator_c
[ 14%] [32mBuilding CXX object CMakeFiles/run.dir/src/main.cpp.o[0m
[ 14%] Built target ament_cmake_python_symlink_gradient_mapping
[ 24%] Built target gradient_mapping__rosidl_typesupport_introspection_c
[ 43%] Built target gradient_mapping__rosidl_typesupport_c
[ 43%] Built target gradient_mapping__rosidl_typesupport_fastrtps_cpp
[ 53%] Built target gradient_mapping__rosidl_typesupport_introspection_cpp
[ 63%] Built target gradient_mapping__rosidl_typesupport_cpp
[ 73%] Built target gradient_mapping__rosidl_typesupport_fastrtps_c
[ 73%] Built target gradient_mapping
[ 75%] Built target gradient_mapping__py
[ 82%] Built target gradient_mapping__rosidl_generator_py
[ 97%] Built target gradient_mapping__rosidl_typesupport_fastrtps_c__pyext
[ 97%] Built target gradient_mapping__rosidl_typesupport_introspection_c__pyext
[ 97%] Built target gradient_mapping__rosidl_typesupport_c__pyext
running egg_info
writing gradient_mapping.egg-info/PKG-INFO
writing dependency_links to gradient_mapping.egg-info/dependency_links.txt
writing top-level names to gradient_mapping.egg-info/top_level.txt
reading manifest file 'gradient_mapping.egg-info/SOURCES.txt'
writing manifest file 'gradient_mapping.egg-info/SOURCES.txt'
[ 97%] Built target ament_cmake_python_build_gradient_mapping_egg
[01m[K/workspaces/codespace/ros2/project/local_mapping/src/gradient_mapping/src/main.cpp:[m[K In function ‘[01m[Kint main()[m[K’:
[01m[K/workspaces/codespace/ros2/project/local_mapping/src/gradient_mapping/src/main.cpp:8:14:[m[K [01;31m[Kerror: [m[K‘[01m[Kgradient_mapping[m[K’ has not been declared
    8 |     auto a = [01;31m[Kgradient_mapping[m[K::msg::CustomPoint;
      |              [01;31m[K^~~~~~~~~~~~~~~~[m[K
gmake[2]: *** [CMakeFiles/run.dir/build.make:76: CMakeFiles/run.dir/src/main.cpp.o] Error 1
gmake[1]: *** [CMakeFiles/Makefile2:592: CMakeFiles/run.dir/all] Error 2
gmake: *** [Makefile:146: all] Error 2
