[0.873s] DEBUG:colcon:Command line arguments: ['/usr/bin/colcon', 'build', '--symlink-install']
[0.873s] DEBUG:colcon:Parsed command line arguments: Namespace(log_base=None, log_level=None, verb_name='build', build_base='build', install_base='install', merge_install=False, symlink_install=True, test_result_base=None, continue_on_error=False, executor='parallel', parallel_workers=16, event_handlers=None, ignore_user_meta=False, metas=['./colcon.meta'], base_paths=['.'], packages_ignore=None, packages_ignore_regex=None, paths=None, packages_up_to=None, packages_up_to_regex=None, packages_above=None, packages_above_and_dependencies=None, packages_above_depth=None, packages_select_by_dep=None, packages_skip_by_dep=None, packages_skip_up_to=None, packages_select_build_failed=False, packages_skip_build_finished=False, packages_select_test_failures=False, packages_skip_test_passed=False, packages_select=None, packages_skip=None, packages_select_regex=None, packages_skip_regex=None, packages_start=None, packages_end=None, cmake_args=None, cmake_target=None, cmake_target_skip_unavailable=False, cmake_clean_cache=False, cmake_clean_first=False, cmake_force_configure=False, ament_cmake_args=None, catkin_cmake_args=None, catkin_skip_building_tests=False, mixin_files=None, mixin=None, verb_parser=<colcon_mixin.mixin.mixin_argument.MixinArgumentDecorator object at 0x7f1ce883b910>, verb_extension=<colcon_core.verb.build.BuildVerb object at 0x7f1ce8819720>, main=<bound method BuildVerb.main of <colcon_core.verb.build.BuildVerb object at 0x7f1ce8819720>>, mixin_verb=('build',))
[0.909s] Level 1:colcon.colcon_core.package_discovery:discover_packages(colcon_meta) check parameters
[0.909s] INFO:colcon.colcon_metadata.package_discovery.colcon_meta:Using configuration from '/root/.colcon/metadata/default/Gazebo.meta'
[0.910s] INFO:colcon.colcon_metadata.package_discovery.colcon_meta:Using configuration from '/root/.colcon/metadata/default/fastrtps.meta'
[0.910s] Level 1:colcon.colcon_core.package_discovery:discover_packages(recursive) check parameters
[0.910s] Level 1:colcon.colcon_core.package_discovery:discover_packages(ignore) check parameters
[0.910s] Level 1:colcon.colcon_core.package_discovery:discover_packages(path) check parameters
[0.910s] Level 1:colcon.colcon_core.package_discovery:discover_packages(colcon_meta) discover
[0.910s] Level 1:colcon.colcon_core.package_discovery:discover_packages(recursive) discover
[0.910s] INFO:colcon.colcon_core.package_discovery:Crawling recursively for packages in '/root/mapping'
[0.910s] Level 1:colcon.colcon_core.package_identification:_identify(.) by extensions ['ignore', 'ignore_ament_install']
[0.910s] Level 1:colcon.colcon_core.package_identification:_identify(.) by extension 'ignore'
[0.910s] Level 1:colcon.colcon_core.package_identification:_identify(.) by extension 'ignore_ament_install'
[0.910s] Level 1:colcon.colcon_core.package_identification:_identify(.) by extensions ['colcon_pkg']
[0.910s] Level 1:colcon.colcon_core.package_identification:_identify(.) by extension 'colcon_pkg'
[0.910s] Level 1:colcon.colcon_core.package_identification:_identify(.) by extensions ['colcon_meta']
[0.910s] Level 1:colcon.colcon_core.package_identification:_identify(.) by extension 'colcon_meta'
[0.910s] Level 1:colcon.colcon_core.package_identification:_identify(.) by extensions ['ros']
[0.910s] Level 1:colcon.colcon_core.package_identification:_identify(.) by extension 'ros'
[0.919s] Level 1:colcon.colcon_core.package_identification:_identify(.) by extensions ['cmake', 'python']
[0.919s] Level 1:colcon.colcon_core.package_identification:_identify(.) by extension 'cmake'
[0.919s] Level 1:colcon.colcon_core.package_identification:_identify(.) by extension 'python'
[0.919s] Level 1:colcon.colcon_core.package_identification:_identify(.) by extensions ['python_setup_py']
[0.919s] Level 1:colcon.colcon_core.package_identification:_identify(.) by extension 'python_setup_py'
[0.919s] Level 1:colcon.colcon_core.package_identification:_identify(build) by extensions ['ignore', 'ignore_ament_install']
[0.919s] Level 1:colcon.colcon_core.package_identification:_identify(build) by extension 'ignore'
[0.919s] Level 1:colcon.colcon_core.package_identification:_identify(build) ignored
[0.919s] Level 1:colcon.colcon_core.package_identification:_identify(install) by extensions ['ignore', 'ignore_ament_install']
[0.919s] Level 1:colcon.colcon_core.package_identification:_identify(install) by extension 'ignore'
[0.919s] Level 1:colcon.colcon_core.package_identification:_identify(install) ignored
[0.920s] Level 1:colcon.colcon_core.package_identification:_identify(log) by extensions ['ignore', 'ignore_ament_install']
[0.920s] Level 1:colcon.colcon_core.package_identification:_identify(log) by extension 'ignore'
[0.920s] Level 1:colcon.colcon_core.package_identification:_identify(log) ignored
[0.920s] Level 1:colcon.colcon_core.package_identification:_identify(src) by extensions ['ignore', 'ignore_ament_install']
[0.920s] Level 1:colcon.colcon_core.package_identification:_identify(src) by extension 'ignore'
[0.920s] Level 1:colcon.colcon_core.package_identification:_identify(src) by extension 'ignore_ament_install'
[0.920s] Level 1:colcon.colcon_core.package_identification:_identify(src) by extensions ['colcon_pkg']
[0.920s] Level 1:colcon.colcon_core.package_identification:_identify(src) by extension 'colcon_pkg'
[0.920s] Level 1:colcon.colcon_core.package_identification:_identify(src) by extensions ['colcon_meta']
[0.920s] Level 1:colcon.colcon_core.package_identification:_identify(src) by extension 'colcon_meta'
[0.920s] Level 1:colcon.colcon_core.package_identification:_identify(src) by extensions ['ros']
[0.920s] Level 1:colcon.colcon_core.package_identification:_identify(src) by extension 'ros'
[0.920s] Level 1:colcon.colcon_core.package_identification:_identify(src) by extensions ['cmake', 'python']
[0.920s] Level 1:colcon.colcon_core.package_identification:_identify(src) by extension 'cmake'
[0.920s] Level 1:colcon.colcon_core.package_identification:_identify(src) by extension 'python'
[0.920s] Level 1:colcon.colcon_core.package_identification:_identify(src) by extensions ['python_setup_py']
[0.920s] Level 1:colcon.colcon_core.package_identification:_identify(src) by extension 'python_setup_py'
[0.920s] Level 1:colcon.colcon_core.package_identification:_identify(src/FAST_LIO_ROS2) by extensions ['ignore', 'ignore_ament_install']
[0.920s] Level 1:colcon.colcon_core.package_identification:_identify(src/FAST_LIO_ROS2) by extension 'ignore'
[0.920s] Level 1:colcon.colcon_core.package_identification:_identify(src/FAST_LIO_ROS2) by extension 'ignore_ament_install'
[0.921s] Level 1:colcon.colcon_core.package_identification:_identify(src/FAST_LIO_ROS2) by extensions ['colcon_pkg']
[0.921s] Level 1:colcon.colcon_core.package_identification:_identify(src/FAST_LIO_ROS2) by extension 'colcon_pkg'
[0.921s] Level 1:colcon.colcon_core.package_identification:_identify(src/FAST_LIO_ROS2) by extensions ['colcon_meta']
[0.921s] Level 1:colcon.colcon_core.package_identification:_identify(src/FAST_LIO_ROS2) by extension 'colcon_meta'
[0.921s] Level 1:colcon.colcon_core.package_identification:_identify(src/FAST_LIO_ROS2) by extensions ['ros']
[0.921s] Level 1:colcon.colcon_core.package_identification:_identify(src/FAST_LIO_ROS2) by extension 'ros'
[0.923s] DEBUG:colcon.colcon_core.package_identification:Package 'src/FAST_LIO_ROS2' with type 'ros.ament_cmake' and name 'fast_lio'
[0.923s] Level 1:colcon.colcon_core.package_discovery:discover_packages(recursive) using defaults
[0.923s] Level 1:colcon.colcon_core.package_discovery:discover_packages(ignore) discover
[0.923s] Level 1:colcon.colcon_core.package_discovery:discover_packages(ignore) using defaults
[0.923s] Level 1:colcon.colcon_core.package_discovery:discover_packages(path) discover
[0.923s] Level 1:colcon.colcon_core.package_discovery:discover_packages(path) using defaults
[0.986s] Level 5:colcon.colcon_core.verb:set package 'fast_lio' build argument 'cmake_args' from command line to 'None'
[0.986s] Level 5:colcon.colcon_core.verb:set package 'fast_lio' build argument 'cmake_target' from command line to 'None'
[0.987s] Level 5:colcon.colcon_core.verb:set package 'fast_lio' build argument 'cmake_target_skip_unavailable' from command line to 'False'
[0.987s] Level 5:colcon.colcon_core.verb:set package 'fast_lio' build argument 'cmake_clean_cache' from command line to 'False'
[0.987s] Level 5:colcon.colcon_core.verb:set package 'fast_lio' build argument 'cmake_clean_first' from command line to 'False'
[0.987s] Level 5:colcon.colcon_core.verb:set package 'fast_lio' build argument 'cmake_force_configure' from command line to 'False'
[0.987s] Level 5:colcon.colcon_core.verb:set package 'fast_lio' build argument 'ament_cmake_args' from command line to 'None'
[0.987s] Level 5:colcon.colcon_core.verb:set package 'fast_lio' build argument 'catkin_cmake_args' from command line to 'None'
[0.987s] Level 5:colcon.colcon_core.verb:set package 'fast_lio' build argument 'catkin_skip_building_tests' from command line to 'False'
[0.987s] DEBUG:colcon.colcon_core.verb:Building package 'fast_lio' with the following arguments: {'ament_cmake_args': None, 'build_base': '/root/mapping/build/fast_lio', 'catkin_cmake_args': None, 'catkin_skip_building_tests': False, 'cmake_args': None, 'cmake_clean_cache': False, 'cmake_clean_first': False, 'cmake_force_configure': False, 'cmake_target': None, 'cmake_target_skip_unavailable': False, 'install_base': '/root/mapping/install/fast_lio', 'merge_install': False, 'path': '/root/mapping/src/FAST_LIO_ROS2', 'symlink_install': True, 'test_result_base': None}
[0.997s] INFO:colcon.colcon_core.executor:Executing jobs using 'parallel' executor
[1.007s] DEBUG:colcon.colcon_parallel_executor.executor.parallel:run_until_complete
[1.008s] INFO:colcon.colcon_ros.task.ament_cmake.build:Building ROS package in '/root/mapping/src/FAST_LIO_ROS2' with build type 'ament_cmake'
[1.008s] INFO:colcon.colcon_cmake.task.cmake.build:Building CMake package in '/root/mapping/src/FAST_LIO_ROS2'
[1.020s] INFO:colcon.colcon_core.plugin_system:Skipping extension 'colcon_core.shell.bat': Not used on non-Windows systems
[1.020s] INFO:colcon.colcon_core.shell:Skip shell extension 'powershell' for command environment: Not usable outside of PowerShell
[1.020s] DEBUG:colcon.colcon_core.shell:Skip shell extension 'dsv' for command environment
[1.031s] WARNING:colcon.colcon_ros.prefix_path.ament:The path '/root/mapping/install/fast_lio' in the environment variable AMENT_PREFIX_PATH doesn't exist
[1.031s] WARNING:colcon.colcon_ros.prefix_path.catkin:The path '/root/mapping/install/fast_lio' in the environment variable CMAKE_PREFIX_PATH doesn't exist
[1.069s] DEBUG:colcon.colcon_core.event_handler.log_command:Invoking command in '/root/mapping/build/fast_lio': CMAKE_PREFIX_PATH=${CMAKE_PREFIX_PATH}:/opt/ros/humble /usr/bin/cmake /root/mapping/src/FAST_LIO_ROS2 -DAMENT_CMAKE_SYMLINK_INSTALL=1 -DCMAKE_INSTALL_PREFIX=/root/mapping/install/fast_lio
[5.984s] DEBUG:colcon.colcon_core.event_handler.log_command:Invoked command in '/root/mapping/build/fast_lio' returned '0': CMAKE_PREFIX_PATH=${CMAKE_PREFIX_PATH}:/opt/ros/humble /usr/bin/cmake /root/mapping/src/FAST_LIO_ROS2 -DAMENT_CMAKE_SYMLINK_INSTALL=1 -DCMAKE_INSTALL_PREFIX=/root/mapping/install/fast_lio
[5.986s] DEBUG:colcon.colcon_core.event_handler.log_command:Invoking command in '/root/mapping/build/fast_lio': CMAKE_PREFIX_PATH=${CMAKE_PREFIX_PATH}:/opt/ros/humble /usr/bin/cmake --build /root/mapping/build/fast_lio -- -j16 -l16
[56.466s] DEBUG:colcon.colcon_core.event_handler.log_command:Invoked command in '/root/mapping/build/fast_lio' returned '0': CMAKE_PREFIX_PATH=${CMAKE_PREFIX_PATH}:/opt/ros/humble /usr/bin/cmake --build /root/mapping/build/fast_lio -- -j16 -l16
[56.552s] DEBUG:colcon.colcon_core.event_handler.log_command:Invoking command in '/root/mapping/build/fast_lio': CMAKE_PREFIX_PATH=${CMAKE_PREFIX_PATH}:/opt/ros/humble /usr/bin/cmake --install /root/mapping/build/fast_lio
[57.204s] Level 1:colcon.colcon_core.environment:create_environment_scripts_only(fast_lio)
[57.204s] DEBUG:colcon.colcon_core.event_handler.log_command:Invoked command in '/root/mapping/build/fast_lio' returned '0': CMAKE_PREFIX_PATH=${CMAKE_PREFIX_PATH}:/opt/ros/humble /usr/bin/cmake --install /root/mapping/build/fast_lio
[57.217s] Level 1:colcon.colcon_core.environment:checking '/root/mapping/install/fast_lio' for CMake module files
[57.218s] Level 1:colcon.colcon_core.environment:checking '/root/mapping/install/fast_lio' for CMake config files
[57.219s] Level 1:colcon.colcon_core.shell:create_environment_hook('fast_lio', 'cmake_prefix_path')
[57.229s] INFO:colcon.colcon_core.shell:Creating environment hook '/root/mapping/install/fast_lio/share/fast_lio/hook/cmake_prefix_path.ps1'
[57.229s] INFO:colcon.colcon_core.shell:Creating environment descriptor '/root/mapping/install/fast_lio/share/fast_lio/hook/cmake_prefix_path.dsv'
[57.229s] INFO:colcon.colcon_core.shell:Creating environment hook '/root/mapping/install/fast_lio/share/fast_lio/hook/cmake_prefix_path.sh'
[57.230s] Level 1:colcon.colcon_core.environment:checking '/root/mapping/install/fast_lio/lib'
[57.230s] Level 1:colcon.colcon_core.shell:create_environment_hook('fast_lio', 'ld_library_path_lib')
[57.240s] INFO:colcon.colcon_core.shell:Creating environment hook '/root/mapping/install/fast_lio/share/fast_lio/hook/ld_library_path_lib.ps1'
[57.240s] INFO:colcon.colcon_core.shell:Creating environment descriptor '/root/mapping/install/fast_lio/share/fast_lio/hook/ld_library_path_lib.dsv'
[57.240s] INFO:colcon.colcon_core.shell:Creating environment hook '/root/mapping/install/fast_lio/share/fast_lio/hook/ld_library_path_lib.sh'
[57.241s] Level 1:colcon.colcon_core.environment:checking '/root/mapping/install/fast_lio/bin'
[57.241s] Level 1:colcon.colcon_core.environment:checking '/root/mapping/install/fast_lio/lib/pkgconfig/fast_lio.pc'
[57.242s] Level 1:colcon.colcon_core.environment:checking '/root/mapping/install/fast_lio/lib/python3.10/site-packages'
[57.242s] Level 1:colcon.colcon_core.environment:checking '/root/mapping/install/fast_lio/bin'
[57.253s] INFO:colcon.colcon_core.shell:Creating package script '/root/mapping/install/fast_lio/share/fast_lio/package.ps1'
[57.253s] INFO:colcon.colcon_core.shell:Creating package descriptor '/root/mapping/install/fast_lio/share/fast_lio/package.dsv'
[57.254s] INFO:colcon.colcon_core.shell:Creating package script '/root/mapping/install/fast_lio/share/fast_lio/package.sh'
[57.254s] INFO:colcon.colcon_core.shell:Creating package script '/root/mapping/install/fast_lio/share/fast_lio/package.bash'
[57.255s] INFO:colcon.colcon_core.shell:Creating package script '/root/mapping/install/fast_lio/share/fast_lio/package.zsh'
[57.255s] Level 1:colcon.colcon_core.environment:create_file_with_runtime_dependencies(/root/mapping/install/fast_lio/share/colcon-core/packages/fast_lio)
[57.341s] Level 1:colcon.colcon_core.environment:create_environment_scripts_only(fast_lio)
[57.351s] Level 1:colcon.colcon_core.environment:checking '/root/mapping/install/fast_lio' for CMake module files
[57.352s] Level 1:colcon.colcon_core.environment:checking '/root/mapping/install/fast_lio' for CMake config files
[57.353s] Level 1:colcon.colcon_core.shell:create_environment_hook('fast_lio', 'cmake_prefix_path')
[57.363s] INFO:colcon.colcon_core.shell:Creating environment hook '/root/mapping/install/fast_lio/share/fast_lio/hook/cmake_prefix_path.ps1'
[57.363s] INFO:colcon.colcon_core.shell:Creating environment descriptor '/root/mapping/install/fast_lio/share/fast_lio/hook/cmake_prefix_path.dsv'
[57.364s] INFO:colcon.colcon_core.shell:Creating environment hook '/root/mapping/install/fast_lio/share/fast_lio/hook/cmake_prefix_path.sh'
[57.364s] Level 1:colcon.colcon_core.environment:checking '/root/mapping/install/fast_lio/lib'
[57.364s] Level 1:colcon.colcon_core.shell:create_environment_hook('fast_lio', 'ld_library_path_lib')
[57.374s] INFO:colcon.colcon_core.shell:Creating environment hook '/root/mapping/install/fast_lio/share/fast_lio/hook/ld_library_path_lib.ps1'
[57.375s] INFO:colcon.colcon_core.shell:Creating environment descriptor '/root/mapping/install/fast_lio/share/fast_lio/hook/ld_library_path_lib.dsv'
[57.375s] INFO:colcon.colcon_core.shell:Creating environment hook '/root/mapping/install/fast_lio/share/fast_lio/hook/ld_library_path_lib.sh'
[57.375s] Level 1:colcon.colcon_core.environment:checking '/root/mapping/install/fast_lio/bin'
[57.375s] Level 1:colcon.colcon_core.environment:checking '/root/mapping/install/fast_lio/lib/pkgconfig/fast_lio.pc'
[57.376s] Level 1:colcon.colcon_core.environment:checking '/root/mapping/install/fast_lio/lib/python3.10/site-packages'
[57.376s] Level 1:colcon.colcon_core.environment:checking '/root/mapping/install/fast_lio/bin'
[57.386s] INFO:colcon.colcon_core.shell:Creating package script '/root/mapping/install/fast_lio/share/fast_lio/package.ps1'
[57.386s] INFO:colcon.colcon_core.shell:Creating package descriptor '/root/mapping/install/fast_lio/share/fast_lio/package.dsv'
[57.387s] INFO:colcon.colcon_core.shell:Creating package script '/root/mapping/install/fast_lio/share/fast_lio/package.sh'
[57.387s] INFO:colcon.colcon_core.shell:Creating package script '/root/mapping/install/fast_lio/share/fast_lio/package.bash'
[57.387s] INFO:colcon.colcon_core.shell:Creating package script '/root/mapping/install/fast_lio/share/fast_lio/package.zsh'
[57.388s] Level 1:colcon.colcon_core.environment:create_file_with_runtime_dependencies(/root/mapping/install/fast_lio/share/colcon-core/packages/fast_lio)
[57.388s] DEBUG:colcon.colcon_parallel_executor.executor.parallel:closing loop
[57.388s] DEBUG:colcon.colcon_parallel_executor.executor.parallel:loop closed
[57.388s] DEBUG:colcon.colcon_parallel_executor.executor.parallel:run_until_complete finished with '0'
[57.388s] DEBUG:colcon.colcon_core.event_reactor:joining thread
[57.403s] INFO:colcon.colcon_core.plugin_system:Skipping extension 'colcon_notification.desktop_notification.notify_send': Could not find 'notify-send'
[57.403s] INFO:colcon.colcon_core.plugin_system:Skipping extension 'colcon_notification.desktop_notification.terminal_notifier': Not used on non-Darwin systems
[57.403s] INFO:colcon.colcon_core.plugin_system:Skipping extension 'colcon_notification.desktop_notification.win32': Not used on non-Windows systems
[57.403s] INFO:colcon.colcon_notification.desktop_notification:Sending desktop notification using 'notify2'
[57.406s] DEBUG:colcon.colcon_notification.desktop_notification.notify2:Failed to initialize notify2: org.freedesktop.DBus.Error.Spawn.ExecFailed: /usr/bin/dbus-launch terminated abnormally without any error message
[57.406s] DEBUG:colcon.colcon_core.event_reactor:joined thread
[57.418s] INFO:colcon.colcon_core.shell:Creating prefix script '/root/mapping/install/local_setup.ps1'
[57.418s] INFO:colcon.colcon_core.shell:Creating prefix util module '/root/mapping/install/_local_setup_util_ps1.py'
[57.419s] INFO:colcon.colcon_core.shell:Creating prefix chain script '/root/mapping/install/setup.ps1'
[57.431s] INFO:colcon.colcon_core.shell:Creating prefix script '/root/mapping/install/local_setup.sh'
[57.431s] INFO:colcon.colcon_core.shell:Creating prefix util module '/root/mapping/install/_local_setup_util_sh.py'
[57.431s] INFO:colcon.colcon_core.shell:Creating prefix chain script '/root/mapping/install/setup.sh'
[57.444s] INFO:colcon.colcon_core.shell:Creating prefix script '/root/mapping/install/local_setup.bash'
[57.445s] INFO:colcon.colcon_core.shell:Creating prefix chain script '/root/mapping/install/setup.bash'
[57.456s] INFO:colcon.colcon_core.shell:Creating prefix script '/root/mapping/install/local_setup.zsh'
[57.456s] INFO:colcon.colcon_core.shell:Creating prefix chain script '/root/mapping/install/setup.zsh'
