-- Found ament_cmake: 1.3.8 (/opt/ros/humble/share/ament_cmake/cmake)
-- Override CMake install command with custom implementation using symlinks instead of copying resources
-- Found rclcpp: 16.0.8 (/opt/ros/humble/share/rclcpp/cmake)
-- Found rosidl_generator_c: 3.1.5 (/opt/ros/humble/share/rosidl_generator_c/cmake)
-- Found rosidl_adapter: 3.1.5 (/opt/ros/humble/share/rosidl_adapter/cmake)
-- Found rosidl_generator_cpp: 3.1.5 (/opt/ros/humble/share/rosidl_generator_cpp/cmake)
-- Using all available rosidl_typesupport_c: rosidl_typesupport_fastrtps_c;rosidl_typesupport_introspection_c
-- Using all available rosidl_typesupport_cpp: rosidl_typesupport_fastrtps_cpp;rosidl_typesupport_introspection_cpp
-- Found rmw_implementation_cmake: 6.1.1 (/opt/ros/humble/share/rmw_implementation_cmake/cmake)
-- Found rmw_fastrtps_cpp: 6.2.6 (/opt/ros/humble/share/rmw_fastrtps_cpp/cmake)
-- Using RMW implementation 'rmw_fastrtps_cpp' as default
-- Found ament_lint_auto: 0.12.10 (/opt/ros/humble/share/ament_lint_auto/cmake)
-- Added test 'cppcheck' to perform static code analysis on C / C++ code
-- Configured cppcheck include dirs: 
-- Configured cppcheck exclude dirs and/or files: 
-- Added test 'lint_cmake' to check CMake code style
-- Added test 'uncrustify' to check C / C++ code style
-- Configured uncrustify additional arguments: 
-- Added test 'xmllint' to check XML markup files
-- Configuring done
-- Generating done
-- Build files have been written to: /workspaces/codespace/ros2/project/tutorial/build/hello_world
[35m[1mConsolidate compiler generated dependencies of target listener[0m
[35m[1mConsolidate compiler generated dependencies of target talker[0m
[ 50%] [32mBuilding CXX object CMakeFiles/talker.dir/src/publisher_member_function.cpp.o[0m
[ 50%] [32mBuilding CXX object CMakeFiles/listener.dir/src/subscriber_member_function.cpp.o[0m
[ 75%] [32m[1mLinking CXX executable talker[0m
[ 75%] Built target talker
[100%] [32m[1mLinking CXX executable listener[0m
[100%] Built target listener
-- Install configuration: ""
-- Execute custom install script
-- Up-to-date symlink: /workspaces/codespace/ros2/project/tutorial/install/hello_world/lib/hello_world/talker
-- Up-to-date symlink: /workspaces/codespace/ros2/project/tutorial/install/hello_world/lib/hello_world/listener
-- Up-to-date symlink: /workspaces/codespace/ros2/project/tutorial/install/hello_world/share/ament_index/resource_index/package_run_dependencies/hello_world
-- Up-to-date symlink: /workspaces/codespace/ros2/project/tutorial/install/hello_world/share/ament_index/resource_index/parent_prefix_path/hello_world
-- Up-to-date symlink: /workspaces/codespace/ros2/project/tutorial/install/hello_world/share/hello_world/environment/ament_prefix_path.sh
-- Up-to-date symlink: /workspaces/codespace/ros2/project/tutorial/install/hello_world/share/hello_world/environment/ament_prefix_path.dsv
-- Up-to-date symlink: /workspaces/codespace/ros2/project/tutorial/install/hello_world/share/hello_world/environment/path.sh
-- Up-to-date symlink: /workspaces/codespace/ros2/project/tutorial/install/hello_world/share/hello_world/environment/path.dsv
-- Up-to-date symlink: /workspaces/codespace/ros2/project/tutorial/install/hello_world/share/hello_world/local_setup.bash
-- Up-to-date symlink: /workspaces/codespace/ros2/project/tutorial/install/hello_world/share/hello_world/local_setup.sh
-- Up-to-date symlink: /workspaces/codespace/ros2/project/tutorial/install/hello_world/share/hello_world/local_setup.zsh
-- Up-to-date symlink: /workspaces/codespace/ros2/project/tutorial/install/hello_world/share/hello_world/local_setup.dsv
-- Symlinking: /workspaces/codespace/ros2/project/tutorial/install/hello_world/share/hello_world/package.dsv
-- Up-to-date symlink: /workspaces/codespace/ros2/project/tutorial/install/hello_world/share/ament_index/resource_index/packages/hello_world
-- Up-to-date symlink: /workspaces/codespace/ros2/project/tutorial/install/hello_world/share/hello_world/cmake/hello_worldConfig.cmake
-- Up-to-date symlink: /workspaces/codespace/ros2/project/tutorial/install/hello_world/share/hello_world/cmake/hello_worldConfig-version.cmake
-- Up-to-date symlink: /workspaces/codespace/ros2/project/tutorial/install/hello_world/share/hello_world/package.xml
