[1.820s] Invoking command in '/workspaces/codespace/ros2/project/tutorial/build/examples_rclpy_minimal_action_server': PYTHONPATH=/workspaces/codespace/ros2/project/tutorial/build/examples_rclpy_minimal_action_server/prefix_override:/workspaces/codespace/ros2/project/tutorial/install/examples_rclpy_minimal_action_server/lib/python3.10/site-packages:${PYTHONPATH} /usr/bin/python3 setup.py develop --editable --build-directory /workspaces/codespace/ros2/project/tutorial/build/examples_rclpy_minimal_action_server/build --no-deps install_data
[2.157s] running develop
[2.158s] /usr/lib/python3/dist-packages/setuptools/command/easy_install.py:158: EasyInstallDeprecationWarning: easy_install command is deprecated. Use build and pip and other standards-based tools.
[2.158s]   warnings.warn(
[2.160s] /usr/lib/python3/dist-packages/setuptools/command/install.py:34: SetuptoolsDeprecationWarning: setup.py install is deprecated. Use build and pip and other standards-based tools.
[2.161s]   warnings.warn(
[2.435s] running egg_info
[2.436s] creating examples_rclpy_minimal_action_server.egg-info
[2.436s] writing examples_rclpy_minimal_action_server.egg-info/PKG-INFO
[2.436s] writing dependency_links to examples_rclpy_minimal_action_server.egg-info/dependency_links.txt
[2.437s] writing entry points to examples_rclpy_minimal_action_server.egg-info/entry_points.txt
[2.437s] writing requirements to examples_rclpy_minimal_action_server.egg-info/requires.txt
[2.437s] writing top-level names to examples_rclpy_minimal_action_server.egg-info/top_level.txt
[2.437s] writing manifest file 'examples_rclpy_minimal_action_server.egg-info/SOURCES.txt'
[2.438s] reading manifest file 'examples_rclpy_minimal_action_server.egg-info/SOURCES.txt'
[2.440s] writing manifest file 'examples_rclpy_minimal_action_server.egg-info/SOURCES.txt'
[2.441s] running build_ext
[2.441s] Creating /workspaces/codespace/ros2/project/tutorial/install/examples_rclpy_minimal_action_server/lib/python3.10/site-packages/examples-rclpy-minimal-action-server.egg-link (link to .)
[2.445s] Installing server script to /workspaces/codespace/ros2/project/tutorial/install/examples_rclpy_minimal_action_server/lib/examples_rclpy_minimal_action_server
[2.445s] Installing server_defer script to /workspaces/codespace/ros2/project/tutorial/install/examples_rclpy_minimal_action_server/lib/examples_rclpy_minimal_action_server
[2.445s] Installing server_not_composable script to /workspaces/codespace/ros2/project/tutorial/install/examples_rclpy_minimal_action_server/lib/examples_rclpy_minimal_action_server
[2.454s] Installing server_queue_goals script to /workspaces/codespace/ros2/project/tutorial/install/examples_rclpy_minimal_action_server/lib/examples_rclpy_minimal_action_server
[2.454s] Installing server_single_goal script to /workspaces/codespace/ros2/project/tutorial/install/examples_rclpy_minimal_action_server/lib/examples_rclpy_minimal_action_server
[2.454s] 
[2.455s] Installed /workspaces/codespace/ros2/project/tutorial/build/examples_rclpy_minimal_action_server
[2.455s] running install_data
[2.455s] creating /workspaces/codespace/ros2/project/tutorial/install/examples_rclpy_minimal_action_server/share/ament_index
[2.456s] creating /workspaces/codespace/ros2/project/tutorial/install/examples_rclpy_minimal_action_server/share/ament_index/resource_index
[2.456s] creating /workspaces/codespace/ros2/project/tutorial/install/examples_rclpy_minimal_action_server/share/ament_index/resource_index/packages
[2.456s] copying resource/examples_rclpy_minimal_action_server -> /workspaces/codespace/ros2/project/tutorial/install/examples_rclpy_minimal_action_server/share/ament_index/resource_index/packages
[2.456s] copying package.xml -> /workspaces/codespace/ros2/project/tutorial/install/examples_rclpy_minimal_action_server/share/examples_rclpy_minimal_action_server
[3.368s] Invoked command in '/workspaces/codespace/ros2/project/tutorial/build/examples_rclpy_minimal_action_server' returned '0': PYTHONPATH=/workspaces/codespace/ros2/project/tutorial/build/examples_rclpy_minimal_action_server/prefix_override:/workspaces/codespace/ros2/project/tutorial/install/examples_rclpy_minimal_action_server/lib/python3.10/site-packages:${PYTHONPATH} /usr/bin/python3 setup.py develop --editable --build-directory /workspaces/codespace/ros2/project/tutorial/build/examples_rclpy_minimal_action_server/build --no-deps install_data
