[ 50%] [32mBuilding CXX object CMakeFiles/multithreaded_executor.dir/multithreaded_executor.cpp.o[0m
[100%] [32m[1mLinking CXX executable multithreaded_executor[0m
[100%] Built target multithreaded_executor
-- Install configuration: ""
-- Execute custom install script
-- Symlinking: /workspaces/codespace/ros2/project/tutorial/install/examples_rclcpp_multithreaded_executor/lib/examples_rclcpp_multithreaded_executor/multithreaded_executor
-- Symlinking: /workspaces/codespace/ros2/project/tutorial/install/examples_rclcpp_multithreaded_executor/share/ament_index/resource_index/package_run_dependencies/examples_rclcpp_multithreaded_executor
-- Symlinking: /workspaces/codespace/ros2/project/tutorial/install/examples_rclcpp_multithreaded_executor/share/ament_index/resource_index/parent_prefix_path/examples_rclcpp_multithreaded_executor
-- Symlinking: /workspaces/codespace/ros2/project/tutorial/install/examples_rclcpp_multithreaded_executor/share/examples_rclcpp_multithreaded_executor/environment/ament_prefix_path.sh
-- Symlinking: /workspaces/codespace/ros2/project/tutorial/install/examples_rclcpp_multithreaded_executor/share/examples_rclcpp_multithreaded_executor/environment/ament_prefix_path.dsv
-- Symlinking: /workspaces/codespace/ros2/project/tutorial/install/examples_rclcpp_multithreaded_executor/share/examples_rclcpp_multithreaded_executor/environment/path.sh
-- Symlinking: /workspaces/codespace/ros2/project/tutorial/install/examples_rclcpp_multithreaded_executor/share/examples_rclcpp_multithreaded_executor/environment/path.dsv
-- Symlinking: /workspaces/codespace/ros2/project/tutorial/install/examples_rclcpp_multithreaded_executor/share/examples_rclcpp_multithreaded_executor/local_setup.bash
-- Symlinking: /workspaces/codespace/ros2/project/tutorial/install/examples_rclcpp_multithreaded_executor/share/examples_rclcpp_multithreaded_executor/local_setup.sh
-- Symlinking: /workspaces/codespace/ros2/project/tutorial/install/examples_rclcpp_multithreaded_executor/share/examples_rclcpp_multithreaded_executor/local_setup.zsh
-- Symlinking: /workspaces/codespace/ros2/project/tutorial/install/examples_rclcpp_multithreaded_executor/share/examples_rclcpp_multithreaded_executor/local_setup.dsv
-- Symlinking: /workspaces/codespace/ros2/project/tutorial/install/examples_rclcpp_multithreaded_executor/share/examples_rclcpp_multithreaded_executor/package.dsv
-- Symlinking: /workspaces/codespace/ros2/project/tutorial/install/examples_rclcpp_multithreaded_executor/share/ament_index/resource_index/packages/examples_rclcpp_multithreaded_executor
-- Symlinking: /workspaces/codespace/ros2/project/tutorial/install/examples_rclcpp_multithreaded_executor/share/examples_rclcpp_multithreaded_executor/cmake/examples_rclcpp_multithreaded_executorConfig.cmake
-- Symlinking: /workspaces/codespace/ros2/project/tutorial/install/examples_rclcpp_multithreaded_executor/share/examples_rclcpp_multithreaded_executor/cmake/examples_rclcpp_multithreaded_executorConfig-version.cmake
-- Symlinking: /workspaces/codespace/ros2/project/tutorial/install/examples_rclcpp_multithreaded_executor/share/examples_rclcpp_multithreaded_executor/package.xml
