[0.099s] Invoking command in '/workspaces/codespace/ros2/project/tutorial/build/examples_rclcpp_multithreaded_executor': /usr/bin/cmake --build /workspaces/codespace/ros2/project/tutorial/build/examples_rclcpp_multithreaded_executor -- -j16 -l16
[0.359s] [ 50%] [32mBuilding CXX object CMakeFiles/multithreaded_executor.dir/multithreaded_executor.cpp.o[0m
[15.244s] [100%] [32m[1mLinking CXX executable multithreaded_executor[0m
[15.596s] [100%] Built target multithreaded_executor
[15.610s] Invoked command in '/workspaces/codespace/ros2/project/tutorial/build/examples_rclcpp_multithreaded_executor' returned '0': /usr/bin/cmake --build /workspaces/codespace/ros2/project/tutorial/build/examples_rclcpp_multithreaded_executor -- -j16 -l16
[15.653s] Invoking command in '/workspaces/codespace/ros2/project/tutorial/build/examples_rclcpp_multithreaded_executor': /usr/bin/cmake --install /workspaces/codespace/ros2/project/tutorial/build/examples_rclcpp_multithreaded_executor
[15.662s] -- Install configuration: ""
[15.663s] -- Execute custom install script
[15.663s] -- Symlinking: /workspaces/codespace/ros2/project/tutorial/install/examples_rclcpp_multithreaded_executor/lib/examples_rclcpp_multithreaded_executor/multithreaded_executor
[15.673s] -- Symlinking: /workspaces/codespace/ros2/project/tutorial/install/examples_rclcpp_multithreaded_executor/share/ament_index/resource_index/package_run_dependencies/examples_rclcpp_multithreaded_executor
[15.682s] -- Symlinking: /workspaces/codespace/ros2/project/tutorial/install/examples_rclcpp_multithreaded_executor/share/ament_index/resource_index/parent_prefix_path/examples_rclcpp_multithreaded_executor
[15.692s] -- Symlinking: /workspaces/codespace/ros2/project/tutorial/install/examples_rclcpp_multithreaded_executor/share/examples_rclcpp_multithreaded_executor/environment/ament_prefix_path.sh
[15.702s] -- Symlinking: /workspaces/codespace/ros2/project/tutorial/install/examples_rclcpp_multithreaded_executor/share/examples_rclcpp_multithreaded_executor/environment/ament_prefix_path.dsv
[15.712s] -- Symlinking: /workspaces/codespace/ros2/project/tutorial/install/examples_rclcpp_multithreaded_executor/share/examples_rclcpp_multithreaded_executor/environment/path.sh
[15.722s] -- Symlinking: /workspaces/codespace/ros2/project/tutorial/install/examples_rclcpp_multithreaded_executor/share/examples_rclcpp_multithreaded_executor/environment/path.dsv
[15.733s] -- Symlinking: /workspaces/codespace/ros2/project/tutorial/install/examples_rclcpp_multithreaded_executor/share/examples_rclcpp_multithreaded_executor/local_setup.bash
[15.743s] -- Symlinking: /workspaces/codespace/ros2/project/tutorial/install/examples_rclcpp_multithreaded_executor/share/examples_rclcpp_multithreaded_executor/local_setup.sh
[15.752s] -- Symlinking: /workspaces/codespace/ros2/project/tutorial/install/examples_rclcpp_multithreaded_executor/share/examples_rclcpp_multithreaded_executor/local_setup.zsh
[15.761s] -- Symlinking: /workspaces/codespace/ros2/project/tutorial/install/examples_rclcpp_multithreaded_executor/share/examples_rclcpp_multithreaded_executor/local_setup.dsv
[15.771s] -- Symlinking: /workspaces/codespace/ros2/project/tutorial/install/examples_rclcpp_multithreaded_executor/share/examples_rclcpp_multithreaded_executor/package.dsv
[15.780s] -- Symlinking: /workspaces/codespace/ros2/project/tutorial/install/examples_rclcpp_multithreaded_executor/share/ament_index/resource_index/packages/examples_rclcpp_multithreaded_executor
[15.789s] -- Symlinking: /workspaces/codespace/ros2/project/tutorial/install/examples_rclcpp_multithreaded_executor/share/examples_rclcpp_multithreaded_executor/cmake/examples_rclcpp_multithreaded_executorConfig.cmake
[15.799s] -- Symlinking: /workspaces/codespace/ros2/project/tutorial/install/examples_rclcpp_multithreaded_executor/share/examples_rclcpp_multithreaded_executor/cmake/examples_rclcpp_multithreaded_executorConfig-version.cmake
[15.811s] -- Symlinking: /workspaces/codespace/ros2/project/tutorial/install/examples_rclcpp_multithreaded_executor/share/examples_rclcpp_multithreaded_executor/package.xml
[15.827s] Invoked command in '/workspaces/codespace/ros2/project/tutorial/build/examples_rclcpp_multithreaded_executor' returned '0': /usr/bin/cmake --install /workspaces/codespace/ros2/project/tutorial/build/examples_rclcpp_multithreaded_executor
