[0.462s] Invoking command in '/workspaces/codespace/ros2/project/tutorial/build/examples_rclcpp_minimal_publisher': CMAKE_PREFIX_PATH=/opt/ros/humble /usr/bin/cmake /workspaces/codespace/ros2/project/tutorial/src/examples/rclcpp/topics/minimal_publisher -DAMENT_CMAKE_SYMLINK_INSTALL=1 -DCMAKE_INSTALL_PREFIX=/workspaces/codespace/ros2/project/tutorial/install/examples_rclcpp_minimal_publisher
[1.406s] -- The C compiler identification is GNU 11.4.0
[1.406s] -- The CXX compiler identification is GNU 11.4.0
[1.406s] -- Detecting C compiler ABI info
[1.406s] -- Detecting C compiler ABI info - done
[1.406s] -- Check for working C compiler: /usr/bin/cc - skipped
[1.406s] -- Detecting C compile features
[1.406s] -- Detecting C compile features - done
[1.406s] -- Detecting CXX compiler ABI info
[1.406s] -- Detecting CXX compiler ABI info - done
[1.406s] -- Check for working CXX compiler: /usr/bin/c++ - skipped
[1.406s] -- Detecting CXX compile features
[1.407s] -- Detecting CXX compile features - done
[1.407s] -- Found ament_cmake: 1.3.8 (/opt/ros/humble/share/ament_cmake/cmake)
[1.407s] -- Found Python3: /usr/bin/python3 (found version "3.10.12") found components: Interpreter 
[1.407s] -- Override CMake install command with custom implementation using symlinks instead of copying resources
[1.407s] -- Found rclcpp: 16.0.8 (/opt/ros/humble/share/rclcpp/cmake)
[1.407s] -- Found rosidl_generator_c: 3.1.5 (/opt/ros/humble/share/rosidl_generator_c/cmake)
[1.407s] -- Found rosidl_adapter: 3.1.5 (/opt/ros/humble/share/rosidl_adapter/cmake)
[1.407s] -- Found rosidl_generator_cpp: 3.1.5 (/opt/ros/humble/share/rosidl_generator_cpp/cmake)
[1.407s] -- Using all available rosidl_typesupport_c: rosidl_typesupport_fastrtps_c;rosidl_typesupport_introspection_c
[1.413s] -- Using all available rosidl_typesupport_cpp: rosidl_typesupport_fastrtps_cpp;rosidl_typesupport_introspection_cpp
[1.507s] -- Found rmw_implementation_cmake: 6.1.1 (/opt/ros/humble/share/rmw_implementation_cmake/cmake)
[1.511s] -- Found rmw_fastrtps_cpp: 6.2.6 (/opt/ros/humble/share/rmw_fastrtps_cpp/cmake)
[1.643s] -- Found OpenSSL: /usr/lib/x86_64-linux-gnu/libcrypto.so (found version "3.0.2")  
[1.680s] -- Found FastRTPS: /opt/ros/humble/include  
[1.748s] -- Using RMW implementation 'rmw_fastrtps_cpp' as default
[1.761s] -- Looking for pthread.h
[1.867s] -- Looking for pthread.h - found
[1.868s] -- Performing Test CMAKE_HAVE_LIBC_PTHREAD
[1.990s] -- Performing Test CMAKE_HAVE_LIBC_PTHREAD - Success
[1.991s] -- Found Threads: TRUE  
[2.233s] -- Found ament_lint_auto: 0.12.10 (/opt/ros/humble/share/ament_lint_auto/cmake)
[2.351s] -- Added test 'copyright' to check source files copyright and LICENSE
[2.353s] -- Added test 'cppcheck' to perform static code analysis on C / C++ code
[2.353s] -- Configured cppcheck include dirs: 
[2.353s] -- Configured cppcheck exclude dirs and/or files: 
[2.355s] -- Added test 'cpplint' to check C / C++ code against the Google style
[2.355s] -- Configured cpplint exclude dirs and/or files: 
[2.356s] -- Added test 'lint_cmake' to check CMake code style
[2.358s] -- Added test 'uncrustify' to check C / C++ code style
[2.358s] -- Configured uncrustify additional arguments: 
[2.359s] -- Added test 'xmllint' to check XML markup files
[2.361s] -- Configuring done
[2.407s] -- Generating done
[2.410s] -- Build files have been written to: /workspaces/codespace/ros2/project/tutorial/build/examples_rclcpp_minimal_publisher
[2.426s] Invoked command in '/workspaces/codespace/ros2/project/tutorial/build/examples_rclcpp_minimal_publisher' returned '0': CMAKE_PREFIX_PATH=/opt/ros/humble /usr/bin/cmake /workspaces/codespace/ros2/project/tutorial/src/examples/rclcpp/topics/minimal_publisher -DAMENT_CMAKE_SYMLINK_INSTALL=1 -DCMAKE_INSTALL_PREFIX=/workspaces/codespace/ros2/project/tutorial/install/examples_rclcpp_minimal_publisher
[2.426s] Invoking command in '/workspaces/codespace/ros2/project/tutorial/build/examples_rclcpp_minimal_publisher': CMAKE_PREFIX_PATH=/opt/ros/humble /usr/bin/cmake --build /workspaces/codespace/ros2/project/tutorial/build/examples_rclcpp_minimal_publisher -- -j16 -l16
[3.136s] [  8%] [32mBuilding CXX object CMakeFiles/publisher_member_function_with_type_adapter.dir/member_function_with_type_adapter.cpp.o[0m
[3.136s] [ 16%] [32mBuilding CXX object CMakeFiles/publisher_member_function.dir/member_function.cpp.o[0m
[3.136s] [ 25%] [32mBuilding CXX object CMakeFiles/publisher_lambda.dir/lambda.cpp.o[0m
[3.136s] [ 33%] [32mBuilding CXX object CMakeFiles/publisher_wait_for_all_acked.dir/member_function_with_wait_for_all_acked.cpp.o[0m
[3.136s] [ 41%] [32mBuilding CXX object CMakeFiles/publisher_not_composable.dir/not_composable.cpp.o[0m
[3.136s] [ 50%] [32mBuilding CXX object CMakeFiles/publisher_member_function_with_unique_network_flow_endpoints.dir/member_function_with_unique_network_flow_endpoints.cpp.o[0m
