[0.298s] Invoking command in '/workspaces/codespace/ros2/project/tutorial/build/examples_rclcpp_wait_set': CMAKE_PREFIX_PATH=/opt/ros/humble /usr/bin/cmake /workspaces/codespace/ros2/project/tutorial/src/examples/rclcpp/wait_set -DAMENT_CMAKE_SYMLINK_INSTALL=1 -DCMAKE_INSTALL_PREFIX=/workspaces/codespace/ros2/project/tutorial/install/examples_rclcpp_wait_set
[2.232s] -- The C compiler identification is GNU 11.4.0
[2.232s] -- The CXX compiler identification is GNU 11.4.0
[2.232s] -- Detecting C compiler ABI info
[2.232s] -- Detecting C compiler ABI info - done
[2.232s] -- Check for working C compiler: /usr/bin/cc - skipped
[2.232s] -- Detecting C compile features
[2.232s] -- Detecting C compile features - done
[2.233s] -- Detecting CXX compiler ABI info
[2.233s] -- Detecting CXX compiler ABI info - done
[2.233s] -- Check for working CXX compiler: /usr/bin/c++ - skipped
[2.233s] -- Detecting CXX compile features
[2.233s] -- Detecting CXX compile features - done
[2.233s] -- Found ament_cmake: 1.3.8 (/opt/ros/humble/share/ament_cmake/cmake)
[2.233s] -- Found Python3: /usr/bin/python3 (found version "3.10.12") found components: Interpreter 
[2.233s] -- Override CMake install command with custom implementation using symlinks instead of copying resources
[2.233s] -- Found example_interfaces: 0.9.3 (/opt/ros/humble/share/example_interfaces/cmake)
[2.233s] -- Found rosidl_generator_c: 3.1.5 (/opt/ros/humble/share/rosidl_generator_c/cmake)
[2.233s] -- Found rosidl_adapter: 3.1.5 (/opt/ros/humble/share/rosidl_adapter/cmake)
[2.234s] -- Found rosidl_generator_cpp: 3.1.5 (/opt/ros/humble/share/rosidl_generator_cpp/cmake)
[2.234s] -- Using all available rosidl_typesupport_c: rosidl_typesupport_fastrtps_c;rosidl_typesupport_introspection_c
[2.234s] -- Using all available rosidl_typesupport_cpp: rosidl_typesupport_fastrtps_cpp;rosidl_typesupport_introspection_cpp
[2.234s] -- Found rclcpp: 16.0.8 (/opt/ros/humble/share/rclcpp/cmake)
[2.234s] -- Found rmw_implementation_cmake: 6.1.1 (/opt/ros/humble/share/rmw_implementation_cmake/cmake)
[2.234s] -- Found rmw_fastrtps_cpp: 6.2.6 (/opt/ros/humble/share/rmw_fastrtps_cpp/cmake)
[2.234s] -- Found OpenSSL: /usr/lib/x86_64-linux-gnu/libcrypto.so (found version "3.0.2")  
[2.234s] -- Found FastRTPS: /opt/ros/humble/include  
[2.234s] -- Using RMW implementation 'rmw_fastrtps_cpp' as default
[2.234s] -- Looking for pthread.h
[2.234s] -- Looking for pthread.h - found
[2.235s] -- Performing Test CMAKE_HAVE_LIBC_PTHREAD
[2.235s] -- Performing Test CMAKE_HAVE_LIBC_PTHREAD - Success
[2.235s] -- Found Threads: TRUE  
[2.339s] -- Found rclcpp_components: 16.0.8 (/opt/ros/humble/share/rclcpp_components/cmake)
[2.644s] -- Found ament_lint_auto: 0.12.10 (/opt/ros/humble/share/ament_lint_auto/cmake)
[2.791s] -- Added test 'copyright' to check source files copyright and LICENSE
[2.796s] -- Added test 'cppcheck' to perform static code analysis on C / C++ code
[2.797s] -- Configured cppcheck include dirs: /workspaces/codespace/ros2/project/tutorial/src/examples/rclcpp/wait_set/include
[2.797s] -- Configured cppcheck exclude dirs and/or files: 
[2.804s] -- Added test 'cpplint' to check C / C++ code against the Google style
[2.804s] -- Configured cpplint exclude dirs and/or files: 
[2.804s] -- Added test 'lint_cmake' to check CMake code style
[2.807s] -- Added test 'uncrustify' to check C / C++ code style
[2.807s] -- Configured uncrustify additional arguments: 
[2.809s] -- Added test 'xmllint' to check XML markup files
[2.825s] -- Configuring done
[3.000s] -- Generating done
[3.003s] -- Build files have been written to: /workspaces/codespace/ros2/project/tutorial/build/examples_rclcpp_wait_set
[5.276s] Invoked command in '/workspaces/codespace/ros2/project/tutorial/build/examples_rclcpp_wait_set' returned '0': CMAKE_PREFIX_PATH=/opt/ros/humble /usr/bin/cmake /workspaces/codespace/ros2/project/tutorial/src/examples/rclcpp/wait_set -DAMENT_CMAKE_SYMLINK_INSTALL=1 -DCMAKE_INSTALL_PREFIX=/workspaces/codespace/ros2/project/tutorial/install/examples_rclcpp_wait_set
[5.277s] Invoking command in '/workspaces/codespace/ros2/project/tutorial/build/examples_rclcpp_wait_set': CMAKE_PREFIX_PATH=/opt/ros/humble /usr/bin/cmake --build /workspaces/codespace/ros2/project/tutorial/build/examples_rclcpp_wait_set -- -j16 -l16
