[0.869s] DEBUG:colcon:Command line arguments: ['/usr/bin/colcon', 'build', '--symlink-install', '--parallel-workers', '12', '--packages-select', 'gradient_mapping']
[0.869s] DEBUG:colcon:Parsed command line arguments: Namespace(log_base=None, log_level=None, verb_name='build', build_base='build', install_base='install', merge_install=False, symlink_install=True, test_result_base=None, continue_on_error=False, executor='parallel', parallel_workers=12, event_handlers=None, ignore_user_meta=False, metas=['./colcon.meta'], base_paths=['.'], packages_ignore=None, packages_ignore_regex=None, paths=None, packages_up_to=None, packages_up_to_regex=None, packages_above=None, packages_above_and_dependencies=None, packages_above_depth=None, packages_select_by_dep=None, packages_skip_by_dep=None, packages_skip_up_to=None, packages_select_build_failed=False, packages_skip_build_finished=False, packages_select_test_failures=False, packages_skip_test_passed=False, packages_select=['gradient_mapping'], packages_skip=None, packages_select_regex=None, packages_skip_regex=None, packages_start=None, packages_end=None, cmake_args=None, cmake_target=None, cmake_target_skip_unavailable=False, cmake_clean_cache=False, cmake_clean_first=False, cmake_force_configure=False, ament_cmake_args=None, catkin_cmake_args=None, catkin_skip_building_tests=False, mixin_files=None, mixin=None, verb_parser=<colcon_mixin.mixin.mixin_argument.MixinArgumentDecorator object at 0x7d38d5fa9420>, verb_extension=<colcon_core.verb.build.BuildVerb object at 0x7d38d5fab430>, main=<bound method BuildVerb.main of <colcon_core.verb.build.BuildVerb object at 0x7d38d5fab430>>, mixin_verb=('build',))
[0.904s] Level 1:colcon.colcon_core.package_discovery:discover_packages(colcon_meta) check parameters
[0.904s] INFO:colcon.colcon_metadata.package_discovery.colcon_meta:Using configuration from '/root/.colcon/metadata/default/Gazebo.meta'
[0.905s] INFO:colcon.colcon_metadata.package_discovery.colcon_meta:Using configuration from '/root/.colcon/metadata/default/fastrtps.meta'
[0.905s] Level 1:colcon.colcon_core.package_discovery:discover_packages(recursive) check parameters
[0.905s] Level 1:colcon.colcon_core.package_discovery:discover_packages(ignore) check parameters
[0.905s] Level 1:colcon.colcon_core.package_discovery:discover_packages(path) check parameters
[0.905s] Level 1:colcon.colcon_core.package_discovery:discover_packages(colcon_meta) discover
[0.905s] Level 1:colcon.colcon_core.package_discovery:discover_packages(recursive) discover
[0.905s] INFO:colcon.colcon_core.package_discovery:Crawling recursively for packages in '/workspaces/codespace/ros2/project/local_mapping'
[0.905s] Level 1:colcon.colcon_core.package_identification:_identify(.) by extensions ['ignore', 'ignore_ament_install']
[0.905s] Level 1:colcon.colcon_core.package_identification:_identify(.) by extension 'ignore'
[0.905s] Level 1:colcon.colcon_core.package_identification:_identify(.) by extension 'ignore_ament_install'
[0.905s] Level 1:colcon.colcon_core.package_identification:_identify(.) by extensions ['colcon_pkg']
[0.905s] Level 1:colcon.colcon_core.package_identification:_identify(.) by extension 'colcon_pkg'
[0.905s] Level 1:colcon.colcon_core.package_identification:_identify(.) by extensions ['colcon_meta']
[0.905s] Level 1:colcon.colcon_core.package_identification:_identify(.) by extension 'colcon_meta'
[0.905s] Level 1:colcon.colcon_core.package_identification:_identify(.) by extensions ['ros']
[0.905s] Level 1:colcon.colcon_core.package_identification:_identify(.) by extension 'ros'
[0.914s] Level 1:colcon.colcon_core.package_identification:_identify(.) by extensions ['cmake', 'python']
[0.914s] Level 1:colcon.colcon_core.package_identification:_identify(.) by extension 'cmake'
[0.914s] Level 1:colcon.colcon_core.package_identification:_identify(.) by extension 'python'
[0.914s] Level 1:colcon.colcon_core.package_identification:_identify(.) by extensions ['python_setup_py']
[0.914s] Level 1:colcon.colcon_core.package_identification:_identify(.) by extension 'python_setup_py'
[0.914s] Level 1:colcon.colcon_core.package_identification:_identify(build) by extensions ['ignore', 'ignore_ament_install']
[0.914s] Level 1:colcon.colcon_core.package_identification:_identify(build) by extension 'ignore'
[0.914s] Level 1:colcon.colcon_core.package_identification:_identify(build) ignored
[0.914s] Level 1:colcon.colcon_core.package_identification:_identify(install) by extensions ['ignore', 'ignore_ament_install']
[0.914s] Level 1:colcon.colcon_core.package_identification:_identify(install) by extension 'ignore'
[0.914s] Level 1:colcon.colcon_core.package_identification:_identify(install) ignored
[0.915s] Level 1:colcon.colcon_core.package_identification:_identify(log) by extensions ['ignore', 'ignore_ament_install']
[0.915s] Level 1:colcon.colcon_core.package_identification:_identify(log) by extension 'ignore'
[0.915s] Level 1:colcon.colcon_core.package_identification:_identify(log) ignored
[0.915s] Level 1:colcon.colcon_core.package_identification:_identify(src) by extensions ['ignore', 'ignore_ament_install']
[0.915s] Level 1:colcon.colcon_core.package_identification:_identify(src) by extension 'ignore'
[0.915s] Level 1:colcon.colcon_core.package_identification:_identify(src) by extension 'ignore_ament_install'
[0.915s] Level 1:colcon.colcon_core.package_identification:_identify(src) by extensions ['colcon_pkg']
[0.915s] Level 1:colcon.colcon_core.package_identification:_identify(src) by extension 'colcon_pkg'
[0.915s] Level 1:colcon.colcon_core.package_identification:_identify(src) by extensions ['colcon_meta']
[0.915s] Level 1:colcon.colcon_core.package_identification:_identify(src) by extension 'colcon_meta'
[0.915s] Level 1:colcon.colcon_core.package_identification:_identify(src) by extensions ['ros']
[0.915s] Level 1:colcon.colcon_core.package_identification:_identify(src) by extension 'ros'
[0.915s] Level 1:colcon.colcon_core.package_identification:_identify(src) by extensions ['cmake', 'python']
[0.915s] Level 1:colcon.colcon_core.package_identification:_identify(src) by extension 'cmake'
[0.915s] Level 1:colcon.colcon_core.package_identification:_identify(src) by extension 'python'
[0.915s] Level 1:colcon.colcon_core.package_identification:_identify(src) by extensions ['python_setup_py']
[0.915s] Level 1:colcon.colcon_core.package_identification:_identify(src) by extension 'python_setup_py'
[0.915s] Level 1:colcon.colcon_core.package_identification:_identify(src/full_matching) by extensions ['ignore', 'ignore_ament_install']
[0.916s] Level 1:colcon.colcon_core.package_identification:_identify(src/full_matching) by extension 'ignore'
[0.916s] Level 1:colcon.colcon_core.package_identification:_identify(src/full_matching) by extension 'ignore_ament_install'
[0.916s] Level 1:colcon.colcon_core.package_identification:_identify(src/full_matching) by extensions ['colcon_pkg']
[0.916s] Level 1:colcon.colcon_core.package_identification:_identify(src/full_matching) by extension 'colcon_pkg'
[0.916s] Level 1:colcon.colcon_core.package_identification:_identify(src/full_matching) by extensions ['colcon_meta']
[0.916s] Level 1:colcon.colcon_core.package_identification:_identify(src/full_matching) by extension 'colcon_meta'
[0.916s] Level 1:colcon.colcon_core.package_identification:_identify(src/full_matching) by extensions ['ros']
[0.916s] Level 1:colcon.colcon_core.package_identification:_identify(src/full_matching) by extension 'ros'
[0.918s] DEBUG:colcon.colcon_core.package_identification:Package 'src/full_matching' with type 'ros.ament_cmake' and name 'full_matching'
[0.918s] Level 1:colcon.colcon_core.package_identification:_identify(src/gradient_mapping) by extensions ['ignore', 'ignore_ament_install']
[0.918s] Level 1:colcon.colcon_core.package_identification:_identify(src/gradient_mapping) by extension 'ignore'
[0.918s] Level 1:colcon.colcon_core.package_identification:_identify(src/gradient_mapping) by extension 'ignore_ament_install'
[0.918s] Level 1:colcon.colcon_core.package_identification:_identify(src/gradient_mapping) by extensions ['colcon_pkg']
[0.918s] Level 1:colcon.colcon_core.package_identification:_identify(src/gradient_mapping) by extension 'colcon_pkg'
[0.918s] Level 1:colcon.colcon_core.package_identification:_identify(src/gradient_mapping) by extensions ['colcon_meta']
[0.918s] Level 1:colcon.colcon_core.package_identification:_identify(src/gradient_mapping) by extension 'colcon_meta'
[0.918s] Level 1:colcon.colcon_core.package_identification:_identify(src/gradient_mapping) by extensions ['ros']
[0.918s] Level 1:colcon.colcon_core.package_identification:_identify(src/gradient_mapping) by extension 'ros'
[0.919s] DEBUG:colcon.colcon_core.package_identification:Package 'src/gradient_mapping' with type 'ros.ament_cmake' and name 'gradient_mapping'
[0.919s] Level 1:colcon.colcon_core.package_identification:_identify(src/messages) by extensions ['ignore', 'ignore_ament_install']
[0.919s] Level 1:colcon.colcon_core.package_identification:_identify(src/messages) by extension 'ignore'
[0.919s] Level 1:colcon.colcon_core.package_identification:_identify(src/messages) by extension 'ignore_ament_install'
[0.919s] Level 1:colcon.colcon_core.package_identification:_identify(src/messages) by extensions ['colcon_pkg']
[0.919s] Level 1:colcon.colcon_core.package_identification:_identify(src/messages) by extension 'colcon_pkg'
[0.919s] Level 1:colcon.colcon_core.package_identification:_identify(src/messages) by extensions ['colcon_meta']
[0.919s] Level 1:colcon.colcon_core.package_identification:_identify(src/messages) by extension 'colcon_meta'
[0.919s] Level 1:colcon.colcon_core.package_identification:_identify(src/messages) by extensions ['ros']
[0.919s] Level 1:colcon.colcon_core.package_identification:_identify(src/messages) by extension 'ros'
[0.920s] DEBUG:colcon.colcon_core.package_identification:Package 'src/messages' with type 'ros.ament_cmake' and name 'messages'
[0.920s] Level 1:colcon.colcon_core.package_discovery:discover_packages(recursive) using defaults
[0.920s] Level 1:colcon.colcon_core.package_discovery:discover_packages(ignore) discover
[0.920s] Level 1:colcon.colcon_core.package_discovery:discover_packages(ignore) using defaults
[0.920s] Level 1:colcon.colcon_core.package_discovery:discover_packages(path) discover
[0.920s] Level 1:colcon.colcon_core.package_discovery:discover_packages(path) using defaults
[0.964s] INFO:colcon.colcon_core.package_selection:Skipping not selected package 'full_matching' in 'src/full_matching'
[0.964s] INFO:colcon.colcon_core.package_selection:Skipping not selected package 'messages' in 'src/messages'
[0.974s] Level 5:colcon.colcon_core.verb:set package 'gradient_mapping' build argument 'cmake_args' from command line to 'None'
[0.975s] Level 5:colcon.colcon_core.verb:set package 'gradient_mapping' build argument 'cmake_target' from command line to 'None'
[0.975s] Level 5:colcon.colcon_core.verb:set package 'gradient_mapping' build argument 'cmake_target_skip_unavailable' from command line to 'False'
[0.975s] Level 5:colcon.colcon_core.verb:set package 'gradient_mapping' build argument 'cmake_clean_cache' from command line to 'False'
[0.975s] Level 5:colcon.colcon_core.verb:set package 'gradient_mapping' build argument 'cmake_clean_first' from command line to 'False'
[0.975s] Level 5:colcon.colcon_core.verb:set package 'gradient_mapping' build argument 'cmake_force_configure' from command line to 'False'
[0.975s] Level 5:colcon.colcon_core.verb:set package 'gradient_mapping' build argument 'ament_cmake_args' from command line to 'None'
[0.975s] Level 5:colcon.colcon_core.verb:set package 'gradient_mapping' build argument 'catkin_cmake_args' from command line to 'None'
[0.975s] Level 5:colcon.colcon_core.verb:set package 'gradient_mapping' build argument 'catkin_skip_building_tests' from command line to 'False'
[0.975s] DEBUG:colcon.colcon_core.verb:Building package 'gradient_mapping' with the following arguments: {'ament_cmake_args': None, 'build_base': '/workspaces/codespace/ros2/project/local_mapping/build/gradient_mapping', 'catkin_cmake_args': None, 'catkin_skip_building_tests': False, 'cmake_args': None, 'cmake_clean_cache': False, 'cmake_clean_first': False, 'cmake_force_configure': False, 'cmake_target': None, 'cmake_target_skip_unavailable': False, 'install_base': '/workspaces/codespace/ros2/project/local_mapping/install/gradient_mapping', 'merge_install': False, 'path': '/workspaces/codespace/ros2/project/local_mapping/src/gradient_mapping', 'symlink_install': True, 'test_result_base': None}
[0.984s] INFO:colcon.colcon_core.executor:Executing jobs using 'parallel' executor
[0.995s] DEBUG:colcon.colcon_parallel_executor.executor.parallel:run_until_complete
[0.995s] INFO:colcon.colcon_ros.task.ament_cmake.build:Building ROS package in '/workspaces/codespace/ros2/project/local_mapping/src/gradient_mapping' with build type 'ament_cmake'
[0.996s] INFO:colcon.colcon_cmake.task.cmake.build:Building CMake package in '/workspaces/codespace/ros2/project/local_mapping/src/gradient_mapping'
[1.007s] INFO:colcon.colcon_core.plugin_system:Skipping extension 'colcon_core.shell.bat': Not used on non-Windows systems
[1.007s] INFO:colcon.colcon_core.shell:Skip shell extension 'powershell' for command environment: Not usable outside of PowerShell
[1.007s] DEBUG:colcon.colcon_core.shell:Skip shell extension 'dsv' for command environment
[1.056s] DEBUG:colcon.colcon_core.event_handler.log_command:Invoking command in '/workspaces/codespace/ros2/project/local_mapping/build/gradient_mapping': CMAKE_PREFIX_PATH=${CMAKE_PREFIX_PATH}:/opt/ros/humble /usr/bin/cmake --build /workspaces/codespace/ros2/project/local_mapping/build/gradient_mapping -- -j16 -l16
[13.793s] DEBUG:colcon.colcon_core.event_handler.log_command:Invoked command in '/workspaces/codespace/ros2/project/local_mapping/build/gradient_mapping' returned '0': CMAKE_PREFIX_PATH=${CMAKE_PREFIX_PATH}:/opt/ros/humble /usr/bin/cmake --build /workspaces/codespace/ros2/project/local_mapping/build/gradient_mapping -- -j16 -l16
[13.834s] DEBUG:colcon.colcon_core.event_handler.log_command:Invoking command in '/workspaces/codespace/ros2/project/local_mapping/build/gradient_mapping': CMAKE_PREFIX_PATH=${CMAKE_PREFIX_PATH}:/opt/ros/humble /usr/bin/cmake --install /workspaces/codespace/ros2/project/local_mapping/build/gradient_mapping
[13.857s] Level 1:colcon.colcon_core.environment:create_environment_scripts_only(gradient_mapping)
[13.857s] DEBUG:colcon.colcon_core.event_handler.log_command:Invoked command in '/workspaces/codespace/ros2/project/local_mapping/build/gradient_mapping' returned '0': CMAKE_PREFIX_PATH=${CMAKE_PREFIX_PATH}:/opt/ros/humble /usr/bin/cmake --install /workspaces/codespace/ros2/project/local_mapping/build/gradient_mapping
[13.869s] Level 1:colcon.colcon_core.environment:checking '/workspaces/codespace/ros2/project/local_mapping/install/gradient_mapping' for CMake module files
[13.870s] Level 1:colcon.colcon_core.environment:checking '/workspaces/codespace/ros2/project/local_mapping/install/gradient_mapping' for CMake config files
[13.871s] Level 1:colcon.colcon_core.shell:create_environment_hook('gradient_mapping', 'cmake_prefix_path')
[13.881s] INFO:colcon.colcon_core.shell:Creating environment hook '/workspaces/codespace/ros2/project/local_mapping/install/gradient_mapping/share/gradient_mapping/hook/cmake_prefix_path.ps1'
[13.881s] INFO:colcon.colcon_core.shell:Creating environment descriptor '/workspaces/codespace/ros2/project/local_mapping/install/gradient_mapping/share/gradient_mapping/hook/cmake_prefix_path.dsv'
[13.882s] INFO:colcon.colcon_core.shell:Creating environment hook '/workspaces/codespace/ros2/project/local_mapping/install/gradient_mapping/share/gradient_mapping/hook/cmake_prefix_path.sh'
[13.882s] Level 1:colcon.colcon_core.environment:checking '/workspaces/codespace/ros2/project/local_mapping/install/gradient_mapping/lib'
[13.883s] Level 1:colcon.colcon_core.shell:create_environment_hook('gradient_mapping', 'ld_library_path_lib')
[13.893s] INFO:colcon.colcon_core.shell:Creating environment hook '/workspaces/codespace/ros2/project/local_mapping/install/gradient_mapping/share/gradient_mapping/hook/ld_library_path_lib.ps1'
[13.893s] INFO:colcon.colcon_core.shell:Creating environment descriptor '/workspaces/codespace/ros2/project/local_mapping/install/gradient_mapping/share/gradient_mapping/hook/ld_library_path_lib.dsv'
[13.893s] INFO:colcon.colcon_core.shell:Creating environment hook '/workspaces/codespace/ros2/project/local_mapping/install/gradient_mapping/share/gradient_mapping/hook/ld_library_path_lib.sh'
[13.894s] Level 1:colcon.colcon_core.environment:checking '/workspaces/codespace/ros2/project/local_mapping/install/gradient_mapping/bin'
[13.894s] Level 1:colcon.colcon_core.environment:checking '/workspaces/codespace/ros2/project/local_mapping/install/gradient_mapping/lib/pkgconfig/gradient_mapping.pc'
[13.895s] Level 1:colcon.colcon_core.environment:checking '/workspaces/codespace/ros2/project/local_mapping/install/gradient_mapping/lib/python3.10/site-packages'
[13.895s] Level 1:colcon.colcon_core.environment:checking '/workspaces/codespace/ros2/project/local_mapping/install/gradient_mapping/bin'
[13.906s] INFO:colcon.colcon_core.shell:Creating package script '/workspaces/codespace/ros2/project/local_mapping/install/gradient_mapping/share/gradient_mapping/package.ps1'
[13.906s] INFO:colcon.colcon_core.shell:Creating package descriptor '/workspaces/codespace/ros2/project/local_mapping/install/gradient_mapping/share/gradient_mapping/package.dsv'
[13.907s] INFO:colcon.colcon_core.shell:Creating package script '/workspaces/codespace/ros2/project/local_mapping/install/gradient_mapping/share/gradient_mapping/package.sh'
[13.907s] INFO:colcon.colcon_core.shell:Creating package script '/workspaces/codespace/ros2/project/local_mapping/install/gradient_mapping/share/gradient_mapping/package.bash'
[13.908s] INFO:colcon.colcon_core.shell:Creating package script '/workspaces/codespace/ros2/project/local_mapping/install/gradient_mapping/share/gradient_mapping/package.zsh'
[13.908s] Level 1:colcon.colcon_core.environment:create_file_with_runtime_dependencies(/workspaces/codespace/ros2/project/local_mapping/install/gradient_mapping/share/colcon-core/packages/gradient_mapping)
[13.949s] Level 1:colcon.colcon_core.environment:create_environment_scripts_only(gradient_mapping)
[13.961s] Level 1:colcon.colcon_core.environment:checking '/workspaces/codespace/ros2/project/local_mapping/install/gradient_mapping' for CMake module files
[13.962s] Level 1:colcon.colcon_core.environment:checking '/workspaces/codespace/ros2/project/local_mapping/install/gradient_mapping' for CMake config files
[13.963s] Level 1:colcon.colcon_core.shell:create_environment_hook('gradient_mapping', 'cmake_prefix_path')
[13.972s] INFO:colcon.colcon_core.shell:Creating environment hook '/workspaces/codespace/ros2/project/local_mapping/install/gradient_mapping/share/gradient_mapping/hook/cmake_prefix_path.ps1'
[13.972s] INFO:colcon.colcon_core.shell:Creating environment descriptor '/workspaces/codespace/ros2/project/local_mapping/install/gradient_mapping/share/gradient_mapping/hook/cmake_prefix_path.dsv'
[13.973s] INFO:colcon.colcon_core.shell:Creating environment hook '/workspaces/codespace/ros2/project/local_mapping/install/gradient_mapping/share/gradient_mapping/hook/cmake_prefix_path.sh'
[13.973s] Level 1:colcon.colcon_core.environment:checking '/workspaces/codespace/ros2/project/local_mapping/install/gradient_mapping/lib'
[13.973s] Level 1:colcon.colcon_core.shell:create_environment_hook('gradient_mapping', 'ld_library_path_lib')
[13.983s] INFO:colcon.colcon_core.shell:Creating environment hook '/workspaces/codespace/ros2/project/local_mapping/install/gradient_mapping/share/gradient_mapping/hook/ld_library_path_lib.ps1'
[13.983s] INFO:colcon.colcon_core.shell:Creating environment descriptor '/workspaces/codespace/ros2/project/local_mapping/install/gradient_mapping/share/gradient_mapping/hook/ld_library_path_lib.dsv'
[13.983s] INFO:colcon.colcon_core.shell:Creating environment hook '/workspaces/codespace/ros2/project/local_mapping/install/gradient_mapping/share/gradient_mapping/hook/ld_library_path_lib.sh'
[13.983s] Level 1:colcon.colcon_core.environment:checking '/workspaces/codespace/ros2/project/local_mapping/install/gradient_mapping/bin'
[13.983s] Level 1:colcon.colcon_core.environment:checking '/workspaces/codespace/ros2/project/local_mapping/install/gradient_mapping/lib/pkgconfig/gradient_mapping.pc'
[13.984s] Level 1:colcon.colcon_core.environment:checking '/workspaces/codespace/ros2/project/local_mapping/install/gradient_mapping/lib/python3.10/site-packages'
[13.984s] Level 1:colcon.colcon_core.environment:checking '/workspaces/codespace/ros2/project/local_mapping/install/gradient_mapping/bin'
[13.993s] INFO:colcon.colcon_core.shell:Creating package script '/workspaces/codespace/ros2/project/local_mapping/install/gradient_mapping/share/gradient_mapping/package.ps1'
[13.994s] INFO:colcon.colcon_core.shell:Creating package descriptor '/workspaces/codespace/ros2/project/local_mapping/install/gradient_mapping/share/gradient_mapping/package.dsv'
[13.994s] INFO:colcon.colcon_core.shell:Creating package script '/workspaces/codespace/ros2/project/local_mapping/install/gradient_mapping/share/gradient_mapping/package.sh'
[13.994s] INFO:colcon.colcon_core.shell:Creating package script '/workspaces/codespace/ros2/project/local_mapping/install/gradient_mapping/share/gradient_mapping/package.bash'
[13.995s] INFO:colcon.colcon_core.shell:Creating package script '/workspaces/codespace/ros2/project/local_mapping/install/gradient_mapping/share/gradient_mapping/package.zsh'
[13.995s] Level 1:colcon.colcon_core.environment:create_file_with_runtime_dependencies(/workspaces/codespace/ros2/project/local_mapping/install/gradient_mapping/share/colcon-core/packages/gradient_mapping)
[13.995s] DEBUG:colcon.colcon_parallel_executor.executor.parallel:closing loop
[13.996s] DEBUG:colcon.colcon_parallel_executor.executor.parallel:loop closed
[13.996s] DEBUG:colcon.colcon_parallel_executor.executor.parallel:run_until_complete finished with '0'
[13.996s] DEBUG:colcon.colcon_core.event_reactor:joining thread
[14.010s] INFO:colcon.colcon_core.plugin_system:Skipping extension 'colcon_notification.desktop_notification.notify_send': Could not find 'notify-send'
[14.010s] INFO:colcon.colcon_core.plugin_system:Skipping extension 'colcon_notification.desktop_notification.terminal_notifier': Not used on non-Darwin systems
[14.011s] INFO:colcon.colcon_core.plugin_system:Skipping extension 'colcon_notification.desktop_notification.win32': Not used on non-Windows systems
[14.011s] INFO:colcon.colcon_notification.desktop_notification:Sending desktop notification using 'notify2'
[14.013s] DEBUG:colcon.colcon_notification.desktop_notification.notify2:Failed to initialize notify2: org.freedesktop.DBus.Error.Spawn.ExecFailed: /usr/bin/dbus-launch terminated abnormally without any error message
[14.013s] DEBUG:colcon.colcon_core.event_reactor:joined thread
[14.024s] INFO:colcon.colcon_core.shell:Creating prefix script '/workspaces/codespace/ros2/project/local_mapping/install/local_setup.ps1'
[14.025s] INFO:colcon.colcon_core.shell:Creating prefix util module '/workspaces/codespace/ros2/project/local_mapping/install/_local_setup_util_ps1.py'
[14.026s] INFO:colcon.colcon_core.shell:Creating prefix chain script '/workspaces/codespace/ros2/project/local_mapping/install/setup.ps1'
[14.037s] INFO:colcon.colcon_core.shell:Creating prefix script '/workspaces/codespace/ros2/project/local_mapping/install/local_setup.sh'
[14.038s] INFO:colcon.colcon_core.shell:Creating prefix util module '/workspaces/codespace/ros2/project/local_mapping/install/_local_setup_util_sh.py'
[14.038s] INFO:colcon.colcon_core.shell:Creating prefix chain script '/workspaces/codespace/ros2/project/local_mapping/install/setup.sh'
[14.051s] INFO:colcon.colcon_core.shell:Creating prefix script '/workspaces/codespace/ros2/project/local_mapping/install/local_setup.bash'
[14.051s] INFO:colcon.colcon_core.shell:Creating prefix chain script '/workspaces/codespace/ros2/project/local_mapping/install/setup.bash'
[14.061s] INFO:colcon.colcon_core.shell:Creating prefix script '/workspaces/codespace/ros2/project/local_mapping/install/local_setup.zsh'
[14.062s] INFO:colcon.colcon_core.shell:Creating prefix chain script '/workspaces/codespace/ros2/project/local_mapping/install/setup.zsh'
