[0.068s] Invoking command in '/workspaces/codespace/ros2/project/tutorial/build/examples_rclcpp_async_client': /usr/bin/cmake --build /workspaces/codespace/ros2/project/tutorial/build/examples_rclcpp_async_client -- -j16 -l16
[0.219s] [ 50%] [32mBuilding CXX object CMakeFiles/client_main.dir/main.cpp.o[0m
[6.464s] [100%] [32m[1mLinking CXX executable client_main[0m
[6.747s] [100%] Built target client_main
[6.764s] Invoked command in '/workspaces/codespace/ros2/project/tutorial/build/examples_rclcpp_async_client' returned '0': /usr/bin/cmake --build /workspaces/codespace/ros2/project/tutorial/build/examples_rclcpp_async_client -- -j16 -l16
[6.824s] Invoking command in '/workspaces/codespace/ros2/project/tutorial/build/examples_rclcpp_async_client': /usr/bin/cmake --install /workspaces/codespace/ros2/project/tutorial/build/examples_rclcpp_async_client
[6.839s] -- Install configuration: ""
[6.840s] -- Execute custom install script
[6.841s] -- Symlinking: /workspaces/codespace/ros2/project/tutorial/install/examples_rclcpp_async_client/lib/examples_rclcpp_async_client/client_main
[6.860s] -- Symlinking: /workspaces/codespace/ros2/project/tutorial/install/examples_rclcpp_async_client/share/ament_index/resource_index/package_run_dependencies/examples_rclcpp_async_client
[6.874s] -- Symlinking: /workspaces/codespace/ros2/project/tutorial/install/examples_rclcpp_async_client/share/ament_index/resource_index/parent_prefix_path/examples_rclcpp_async_client
[6.886s] -- Symlinking: /workspaces/codespace/ros2/project/tutorial/install/examples_rclcpp_async_client/share/examples_rclcpp_async_client/environment/ament_prefix_path.sh
[6.899s] -- Symlinking: /workspaces/codespace/ros2/project/tutorial/install/examples_rclcpp_async_client/share/examples_rclcpp_async_client/environment/ament_prefix_path.dsv
[6.911s] -- Symlinking: /workspaces/codespace/ros2/project/tutorial/install/examples_rclcpp_async_client/share/examples_rclcpp_async_client/environment/path.sh
[6.924s] -- Symlinking: /workspaces/codespace/ros2/project/tutorial/install/examples_rclcpp_async_client/share/examples_rclcpp_async_client/environment/path.dsv
[6.935s] -- Symlinking: /workspaces/codespace/ros2/project/tutorial/install/examples_rclcpp_async_client/share/examples_rclcpp_async_client/local_setup.bash
[6.945s] -- Symlinking: /workspaces/codespace/ros2/project/tutorial/install/examples_rclcpp_async_client/share/examples_rclcpp_async_client/local_setup.sh
[6.956s] -- Symlinking: /workspaces/codespace/ros2/project/tutorial/install/examples_rclcpp_async_client/share/examples_rclcpp_async_client/local_setup.zsh
[6.970s] -- Symlinking: /workspaces/codespace/ros2/project/tutorial/install/examples_rclcpp_async_client/share/examples_rclcpp_async_client/local_setup.dsv
[6.985s] -- Symlinking: /workspaces/codespace/ros2/project/tutorial/install/examples_rclcpp_async_client/share/examples_rclcpp_async_client/package.dsv
[7.004s] -- Symlinking: /workspaces/codespace/ros2/project/tutorial/install/examples_rclcpp_async_client/share/ament_index/resource_index/packages/examples_rclcpp_async_client
[7.027s] -- Symlinking: /workspaces/codespace/ros2/project/tutorial/install/examples_rclcpp_async_client/share/examples_rclcpp_async_client/cmake/examples_rclcpp_async_clientConfig.cmake
[7.047s] -- Symlinking: /workspaces/codespace/ros2/project/tutorial/install/examples_rclcpp_async_client/share/examples_rclcpp_async_client/cmake/examples_rclcpp_async_clientConfig-version.cmake
[7.063s] -- Symlinking: /workspaces/codespace/ros2/project/tutorial/install/examples_rclcpp_async_client/share/examples_rclcpp_async_client/package.xml
[7.089s] Invoked command in '/workspaces/codespace/ros2/project/tutorial/build/examples_rclcpp_async_client' returned '0': /usr/bin/cmake --install /workspaces/codespace/ros2/project/tutorial/build/examples_rclcpp_async_client
