[0.053s] Invoking command in '/workspaces/codespace/ros2/project/local_mapping/build/gradient_mapping': AMENT_PREFIX_PATH=/workspaces/codespace/ros2/project/local_mapping/install/messages:${AMENT_PREFIX_PATH} CMAKE_PREFIX_PATH=/workspaces/codespace/ros2/project/local_mapping/install/messages:/workspaces/codespace/ros2/project/local_mapping/install/gradient_mapping:/workspaces/codespace/ros2/project/local_mapping/install/full_matching:/opt/ros/humble LD_LIBRARY_PATH=/workspaces/codespace/ros2/project/local_mapping/install/messages/lib:${LD_LIBRARY_PATH} PYTHONPATH=/workspaces/codespace/ros2/project/local_mapping/install/messages/local/lib/python3.10/dist-packages:${PYTHONPATH} /usr/bin/cmake --build /workspaces/codespace/ros2/project/local_mapping/build/gradient_mapping -- -j16 -l16
[0.109s] [35m[1mConsolidate compiler generated dependencies of target gradient_mapping[0m
[0.131s] [ 50%] [32mBuilding CXX object CMakeFiles/gradient_mapping.dir/src/main.cpp.o[0m
[4.279s] [100%] [32m[1mLinking CXX executable gradient_mapping[0m
[4.379s] [100%] Built target gradient_mapping
[4.390s] Invoked command in '/workspaces/codespace/ros2/project/local_mapping/build/gradient_mapping' returned '0': AMENT_PREFIX_PATH=/workspaces/codespace/ros2/project/local_mapping/install/messages:${AMENT_PREFIX_PATH} CMAKE_PREFIX_PATH=/workspaces/codespace/ros2/project/local_mapping/install/messages:/workspaces/codespace/ros2/project/local_mapping/install/gradient_mapping:/workspaces/codespace/ros2/project/local_mapping/install/full_matching:/opt/ros/humble LD_LIBRARY_PATH=/workspaces/codespace/ros2/project/local_mapping/install/messages/lib:${LD_LIBRARY_PATH} PYTHONPATH=/workspaces/codespace/ros2/project/local_mapping/install/messages/local/lib/python3.10/dist-packages:${PYTHONPATH} /usr/bin/cmake --build /workspaces/codespace/ros2/project/local_mapping/build/gradient_mapping -- -j16 -l16
[4.417s] Invoking command in '/workspaces/codespace/ros2/project/local_mapping/build/gradient_mapping': AMENT_PREFIX_PATH=/workspaces/codespace/ros2/project/local_mapping/install/messages:${AMENT_PREFIX_PATH} CMAKE_PREFIX_PATH=/workspaces/codespace/ros2/project/local_mapping/install/messages:/workspaces/codespace/ros2/project/local_mapping/install/gradient_mapping:/workspaces/codespace/ros2/project/local_mapping/install/full_matching:/opt/ros/humble LD_LIBRARY_PATH=/workspaces/codespace/ros2/project/local_mapping/install/messages/lib:${LD_LIBRARY_PATH} PYTHONPATH=/workspaces/codespace/ros2/project/local_mapping/install/messages/local/lib/python3.10/dist-packages:${PYTHONPATH} /usr/bin/cmake --install /workspaces/codespace/ros2/project/local_mapping/build/gradient_mapping
[4.424s] -- Install configuration: ""
[4.425s] -- Execute custom install script
[4.425s] -- Up-to-date symlink: /workspaces/codespace/ros2/project/local_mapping/install/gradient_mapping/lib/gradient_mapping/gradient_mapping
[4.425s] -- Up-to-date symlink: /workspaces/codespace/ros2/project/local_mapping/install/gradient_mapping/share/ament_index/resource_index/package_run_dependencies/gradient_mapping
[4.425s] -- Up-to-date symlink: /workspaces/codespace/ros2/project/local_mapping/install/gradient_mapping/share/ament_index/resource_index/parent_prefix_path/gradient_mapping
[4.425s] -- Up-to-date symlink: /workspaces/codespace/ros2/project/local_mapping/install/gradient_mapping/share/gradient_mapping/environment/ament_prefix_path.sh
[4.426s] -- Up-to-date symlink: /workspaces/codespace/ros2/project/local_mapping/install/gradient_mapping/share/gradient_mapping/environment/ament_prefix_path.dsv
[4.426s] -- Up-to-date symlink: /workspaces/codespace/ros2/project/local_mapping/install/gradient_mapping/share/gradient_mapping/environment/path.sh
[4.426s] -- Up-to-date symlink: /workspaces/codespace/ros2/project/local_mapping/install/gradient_mapping/share/gradient_mapping/environment/path.dsv
[4.426s] -- Up-to-date symlink: /workspaces/codespace/ros2/project/local_mapping/install/gradient_mapping/share/gradient_mapping/local_setup.bash
[4.426s] -- Up-to-date symlink: /workspaces/codespace/ros2/project/local_mapping/install/gradient_mapping/share/gradient_mapping/local_setup.sh
[4.426s] -- Up-to-date symlink: /workspaces/codespace/ros2/project/local_mapping/install/gradient_mapping/share/gradient_mapping/local_setup.zsh
[4.426s] -- Up-to-date symlink: /workspaces/codespace/ros2/project/local_mapping/install/gradient_mapping/share/gradient_mapping/local_setup.dsv
[4.426s] -- Symlinking: /workspaces/codespace/ros2/project/local_mapping/install/gradient_mapping/share/gradient_mapping/package.dsv
[4.436s] -- Up-to-date symlink: /workspaces/codespace/ros2/project/local_mapping/install/gradient_mapping/share/ament_index/resource_index/packages/gradient_mapping
[4.436s] -- Up-to-date symlink: /workspaces/codespace/ros2/project/local_mapping/install/gradient_mapping/share/gradient_mapping/cmake/ament_cmake_export_dependencies-extras.cmake
[4.436s] -- Up-to-date symlink: /workspaces/codespace/ros2/project/local_mapping/install/gradient_mapping/share/gradient_mapping/cmake/ament_cmake_export_include_directories-extras.cmake
[4.436s] -- Up-to-date symlink: /workspaces/codespace/ros2/project/local_mapping/install/gradient_mapping/share/gradient_mapping/cmake/gradient_mappingConfig.cmake
[4.436s] -- Up-to-date symlink: /workspaces/codespace/ros2/project/local_mapping/install/gradient_mapping/share/gradient_mapping/cmake/gradient_mappingConfig-version.cmake
[4.437s] -- Up-to-date symlink: /workspaces/codespace/ros2/project/local_mapping/install/gradient_mapping/share/gradient_mapping/package.xml
[4.439s] Invoked command in '/workspaces/codespace/ros2/project/local_mapping/build/gradient_mapping' returned '0': AMENT_PREFIX_PATH=/workspaces/codespace/ros2/project/local_mapping/install/messages:${AMENT_PREFIX_PATH} CMAKE_PREFIX_PATH=/workspaces/codespace/ros2/project/local_mapping/install/messages:/workspaces/codespace/ros2/project/local_mapping/install/gradient_mapping:/workspaces/codespace/ros2/project/local_mapping/install/full_matching:/opt/ros/humble LD_LIBRARY_PATH=/workspaces/codespace/ros2/project/local_mapping/install/messages/lib:${LD_LIBRARY_PATH} PYTHONPATH=/workspaces/codespace/ros2/project/local_mapping/install/messages/local/lib/python3.10/dist-packages:${PYTHONPATH} /usr/bin/cmake --install /workspaces/codespace/ros2/project/local_mapping/build/gradient_mapping
