[0.804s] DEBUG:colcon:Command line arguments: ['/usr/bin/colcon', 'build', '--packages-select', 'hello_world', '--symlink-install', '--parallel-workers', '12']
[0.805s] DEBUG:colcon:Parsed command line arguments: Namespace(log_base=None, log_level=None, verb_name='build', build_base='build', install_base='install', merge_install=False, symlink_install=True, test_result_base=None, continue_on_error=False, executor='parallel', parallel_workers=12, event_handlers=None, ignore_user_meta=False, metas=['./colcon.meta'], base_paths=['.'], packages_ignore=None, packages_ignore_regex=None, paths=None, packages_up_to=None, packages_up_to_regex=None, packages_above=None, packages_above_and_dependencies=None, packages_above_depth=None, packages_select_by_dep=None, packages_skip_by_dep=None, packages_skip_up_to=None, packages_select_build_failed=False, packages_skip_build_finished=False, packages_select_test_failures=False, packages_skip_test_passed=False, packages_select=['hello_world'], packages_skip=None, packages_select_regex=None, packages_skip_regex=None, packages_start=None, packages_end=None, cmake_args=None, cmake_target=None, cmake_target_skip_unavailable=False, cmake_clean_cache=False, cmake_clean_first=False, cmake_force_configure=False, ament_cmake_args=None, catkin_cmake_args=None, catkin_skip_building_tests=False, mixin_files=None, mixin=None, verb_parser=<colcon_mixin.mixin.mixin_argument.MixinArgumentDecorator object at 0x7fdb4f31b4f0>, verb_extension=<colcon_core.verb.build.BuildVerb object at 0x7fdb4f2b6d10>, main=<bound method BuildVerb.main of <colcon_core.verb.build.BuildVerb object at 0x7fdb4f2b6d10>>, mixin_verb=('build',))
[0.840s] Level 1:colcon.colcon_core.package_discovery:discover_packages(colcon_meta) check parameters
[0.840s] INFO:colcon.colcon_metadata.package_discovery.colcon_meta:Using configuration from '/root/.colcon/metadata/default/Gazebo.meta'
[0.841s] INFO:colcon.colcon_metadata.package_discovery.colcon_meta:Using configuration from '/root/.colcon/metadata/default/fastrtps.meta'
[0.841s] Level 1:colcon.colcon_core.package_discovery:discover_packages(recursive) check parameters
[0.841s] Level 1:colcon.colcon_core.package_discovery:discover_packages(ignore) check parameters
[0.841s] Level 1:colcon.colcon_core.package_discovery:discover_packages(path) check parameters
[0.841s] Level 1:colcon.colcon_core.package_discovery:discover_packages(colcon_meta) discover
[0.841s] Level 1:colcon.colcon_core.package_discovery:discover_packages(recursive) discover
[0.841s] INFO:colcon.colcon_core.package_discovery:Crawling recursively for packages in '/workspaces/codespace/ros2/project/tutorial'
[0.841s] Level 1:colcon.colcon_core.package_identification:_identify(.) by extensions ['ignore', 'ignore_ament_install']
[0.841s] Level 1:colcon.colcon_core.package_identification:_identify(.) by extension 'ignore'
[0.841s] Level 1:colcon.colcon_core.package_identification:_identify(.) by extension 'ignore_ament_install'
[0.841s] Level 1:colcon.colcon_core.package_identification:_identify(.) by extensions ['colcon_pkg']
[0.841s] Level 1:colcon.colcon_core.package_identification:_identify(.) by extension 'colcon_pkg'
[0.841s] Level 1:colcon.colcon_core.package_identification:_identify(.) by extensions ['colcon_meta']
[0.841s] Level 1:colcon.colcon_core.package_identification:_identify(.) by extension 'colcon_meta'
[0.841s] Level 1:colcon.colcon_core.package_identification:_identify(.) by extensions ['ros']
[0.841s] Level 1:colcon.colcon_core.package_identification:_identify(.) by extension 'ros'
[0.849s] Level 1:colcon.colcon_core.package_identification:_identify(.) by extensions ['cmake', 'python']
[0.849s] Level 1:colcon.colcon_core.package_identification:_identify(.) by extension 'cmake'
[0.849s] Level 1:colcon.colcon_core.package_identification:_identify(.) by extension 'python'
[0.849s] Level 1:colcon.colcon_core.package_identification:_identify(.) by extensions ['python_setup_py']
[0.849s] Level 1:colcon.colcon_core.package_identification:_identify(.) by extension 'python_setup_py'
[0.849s] Level 1:colcon.colcon_core.package_identification:_identify(build) by extensions ['ignore', 'ignore_ament_install']
[0.850s] Level 1:colcon.colcon_core.package_identification:_identify(build) by extension 'ignore'
[0.850s] Level 1:colcon.colcon_core.package_identification:_identify(build) ignored
[0.850s] Level 1:colcon.colcon_core.package_identification:_identify(install) by extensions ['ignore', 'ignore_ament_install']
[0.850s] Level 1:colcon.colcon_core.package_identification:_identify(install) by extension 'ignore'
[0.850s] Level 1:colcon.colcon_core.package_identification:_identify(install) ignored
[0.850s] Level 1:colcon.colcon_core.package_identification:_identify(log) by extensions ['ignore', 'ignore_ament_install']
[0.850s] Level 1:colcon.colcon_core.package_identification:_identify(log) by extension 'ignore'
[0.850s] Level 1:colcon.colcon_core.package_identification:_identify(log) ignored
[0.850s] Level 1:colcon.colcon_core.package_identification:_identify(src) by extensions ['ignore', 'ignore_ament_install']
[0.850s] Level 1:colcon.colcon_core.package_identification:_identify(src) by extension 'ignore'
[0.850s] Level 1:colcon.colcon_core.package_identification:_identify(src) by extension 'ignore_ament_install'
[0.850s] Level 1:colcon.colcon_core.package_identification:_identify(src) by extensions ['colcon_pkg']
[0.850s] Level 1:colcon.colcon_core.package_identification:_identify(src) by extension 'colcon_pkg'
[0.850s] Level 1:colcon.colcon_core.package_identification:_identify(src) by extensions ['colcon_meta']
[0.850s] Level 1:colcon.colcon_core.package_identification:_identify(src) by extension 'colcon_meta'
[0.850s] Level 1:colcon.colcon_core.package_identification:_identify(src) by extensions ['ros']
[0.850s] Level 1:colcon.colcon_core.package_identification:_identify(src) by extension 'ros'
[0.851s] Level 1:colcon.colcon_core.package_identification:_identify(src) by extensions ['cmake', 'python']
[0.851s] Level 1:colcon.colcon_core.package_identification:_identify(src) by extension 'cmake'
[0.851s] Level 1:colcon.colcon_core.package_identification:_identify(src) by extension 'python'
[0.851s] Level 1:colcon.colcon_core.package_identification:_identify(src) by extensions ['python_setup_py']
[0.851s] Level 1:colcon.colcon_core.package_identification:_identify(src) by extension 'python_setup_py'
[0.851s] Level 1:colcon.colcon_core.package_identification:_identify(src/hello_world) by extensions ['ignore', 'ignore_ament_install']
[0.851s] Level 1:colcon.colcon_core.package_identification:_identify(src/hello_world) by extension 'ignore'
[0.851s] Level 1:colcon.colcon_core.package_identification:_identify(src/hello_world) by extension 'ignore_ament_install'
[0.851s] Level 1:colcon.colcon_core.package_identification:_identify(src/hello_world) by extensions ['colcon_pkg']
[0.851s] Level 1:colcon.colcon_core.package_identification:_identify(src/hello_world) by extension 'colcon_pkg'
[0.851s] Level 1:colcon.colcon_core.package_identification:_identify(src/hello_world) by extensions ['colcon_meta']
[0.851s] Level 1:colcon.colcon_core.package_identification:_identify(src/hello_world) by extension 'colcon_meta'
[0.851s] Level 1:colcon.colcon_core.package_identification:_identify(src/hello_world) by extensions ['ros']
[0.851s] Level 1:colcon.colcon_core.package_identification:_identify(src/hello_world) by extension 'ros'
[0.853s] DEBUG:colcon.colcon_core.package_identification:Package 'src/hello_world' with type 'ros.ament_cmake' and name 'hello_world'
[0.853s] Level 1:colcon.colcon_core.package_identification:_identify(src/node) by extensions ['ignore', 'ignore_ament_install']
[0.853s] Level 1:colcon.colcon_core.package_identification:_identify(src/node) by extension 'ignore'
[0.853s] Level 1:colcon.colcon_core.package_identification:_identify(src/node) by extension 'ignore_ament_install'
[0.853s] Level 1:colcon.colcon_core.package_identification:_identify(src/node) by extensions ['colcon_pkg']
[0.853s] Level 1:colcon.colcon_core.package_identification:_identify(src/node) by extension 'colcon_pkg'
[0.853s] Level 1:colcon.colcon_core.package_identification:_identify(src/node) by extensions ['colcon_meta']
[0.853s] Level 1:colcon.colcon_core.package_identification:_identify(src/node) by extension 'colcon_meta'
[0.853s] Level 1:colcon.colcon_core.package_identification:_identify(src/node) by extensions ['ros']
[0.853s] Level 1:colcon.colcon_core.package_identification:_identify(src/node) by extension 'ros'
[0.853s] Level 1:colcon.colcon_core.package_identification:_identify(src/node) by extensions ['cmake', 'python']
[0.853s] Level 1:colcon.colcon_core.package_identification:_identify(src/node) by extension 'cmake'
[0.853s] Level 1:colcon.colcon_core.package_identification:_identify(src/node) by extension 'python'
[0.853s] Level 1:colcon.colcon_core.package_identification:_identify(src/node) by extensions ['python_setup_py']
[0.853s] Level 1:colcon.colcon_core.package_identification:_identify(src/node) by extension 'python_setup_py'
[0.854s] Level 1:colcon.colcon_core.package_identification:_identify(src/node/src) by extensions ['ignore', 'ignore_ament_install']
[0.854s] Level 1:colcon.colcon_core.package_identification:_identify(src/node/src) by extension 'ignore'
[0.854s] Level 1:colcon.colcon_core.package_identification:_identify(src/node/src) by extension 'ignore_ament_install'
[0.854s] Level 1:colcon.colcon_core.package_identification:_identify(src/node/src) by extensions ['colcon_pkg']
[0.854s] Level 1:colcon.colcon_core.package_identification:_identify(src/node/src) by extension 'colcon_pkg'
[0.854s] Level 1:colcon.colcon_core.package_identification:_identify(src/node/src) by extensions ['colcon_meta']
[0.854s] Level 1:colcon.colcon_core.package_identification:_identify(src/node/src) by extension 'colcon_meta'
[0.854s] Level 1:colcon.colcon_core.package_identification:_identify(src/node/src) by extensions ['ros']
[0.854s] Level 1:colcon.colcon_core.package_identification:_identify(src/node/src) by extension 'ros'
[0.854s] Level 1:colcon.colcon_core.package_identification:_identify(src/node/src) by extensions ['cmake', 'python']
[0.854s] Level 1:colcon.colcon_core.package_identification:_identify(src/node/src) by extension 'cmake'
[0.854s] Level 1:colcon.colcon_core.package_identification:_identify(src/node/src) by extension 'python'
[0.854s] Level 1:colcon.colcon_core.package_identification:_identify(src/node/src) by extensions ['python_setup_py']
[0.854s] Level 1:colcon.colcon_core.package_identification:_identify(src/node/src) by extension 'python_setup_py'
[0.854s] Level 1:colcon.colcon_core.package_discovery:discover_packages(recursive) using defaults
[0.854s] Level 1:colcon.colcon_core.package_discovery:discover_packages(ignore) discover
[0.854s] Level 1:colcon.colcon_core.package_discovery:discover_packages(ignore) using defaults
[0.854s] Level 1:colcon.colcon_core.package_discovery:discover_packages(path) discover
[0.854s] Level 1:colcon.colcon_core.package_discovery:discover_packages(path) using defaults
[0.908s] Level 5:colcon.colcon_core.verb:set package 'hello_world' build argument 'cmake_args' from command line to 'None'
[0.908s] Level 5:colcon.colcon_core.verb:set package 'hello_world' build argument 'cmake_target' from command line to 'None'
[0.908s] Level 5:colcon.colcon_core.verb:set package 'hello_world' build argument 'cmake_target_skip_unavailable' from command line to 'False'
[0.908s] Level 5:colcon.colcon_core.verb:set package 'hello_world' build argument 'cmake_clean_cache' from command line to 'False'
[0.908s] Level 5:colcon.colcon_core.verb:set package 'hello_world' build argument 'cmake_clean_first' from command line to 'False'
[0.908s] Level 5:colcon.colcon_core.verb:set package 'hello_world' build argument 'cmake_force_configure' from command line to 'False'
[0.908s] Level 5:colcon.colcon_core.verb:set package 'hello_world' build argument 'ament_cmake_args' from command line to 'None'
[0.908s] Level 5:colcon.colcon_core.verb:set package 'hello_world' build argument 'catkin_cmake_args' from command line to 'None'
[0.908s] Level 5:colcon.colcon_core.verb:set package 'hello_world' build argument 'catkin_skip_building_tests' from command line to 'False'
[0.908s] DEBUG:colcon.colcon_core.verb:Building package 'hello_world' with the following arguments: {'ament_cmake_args': None, 'build_base': '/workspaces/codespace/ros2/project/tutorial/build/hello_world', 'catkin_cmake_args': None, 'catkin_skip_building_tests': False, 'cmake_args': None, 'cmake_clean_cache': False, 'cmake_clean_first': False, 'cmake_force_configure': False, 'cmake_target': None, 'cmake_target_skip_unavailable': False, 'install_base': '/workspaces/codespace/ros2/project/tutorial/install/hello_world', 'merge_install': False, 'path': '/workspaces/codespace/ros2/project/tutorial/src/hello_world', 'symlink_install': True, 'test_result_base': None}
[0.918s] INFO:colcon.colcon_core.executor:Executing jobs using 'parallel' executor
[0.928s] DEBUG:colcon.colcon_parallel_executor.executor.parallel:run_until_complete
[0.929s] INFO:colcon.colcon_ros.task.ament_cmake.build:Building ROS package in '/workspaces/codespace/ros2/project/tutorial/src/hello_world' with build type 'ament_cmake'
[0.929s] INFO:colcon.colcon_cmake.task.cmake.build:Building CMake package in '/workspaces/codespace/ros2/project/tutorial/src/hello_world'
[0.941s] INFO:colcon.colcon_core.plugin_system:Skipping extension 'colcon_core.shell.bat': Not used on non-Windows systems
[0.941s] INFO:colcon.colcon_core.shell:Skip shell extension 'powershell' for command environment: Not usable outside of PowerShell
[0.941s] DEBUG:colcon.colcon_core.shell:Skip shell extension 'dsv' for command environment
[0.981s] DEBUG:colcon.colcon_core.event_handler.log_command:Invoking command in '/workspaces/codespace/ros2/project/tutorial/build/hello_world': CMAKE_PREFIX_PATH=${CMAKE_PREFIX_PATH}:/opt/ros/humble:/workspaces/codespace/ros2/project/tutorial/install/launch_testing_examples:/workspaces/codespace/ros2/project/tutorial/install/examples_rclpy_pointcloud_publisher:/workspaces/codespace/ros2/project/tutorial/install/examples_rclpy_minimal_subscriber:/workspaces/codespace/ros2/project/tutorial/install/examples_rclpy_minimal_service:/workspaces/codespace/ros2/project/tutorial/install/examples_rclpy_minimal_publisher:/workspaces/codespace/ros2/project/tutorial/install/examples_rclpy_minimal_client:/workspaces/codespace/ros2/project/tutorial/install/examples_rclpy_minimal_action_server:/workspaces/codespace/ros2/project/tutorial/install/examples_rclpy_minimal_action_client:/workspaces/codespace/ros2/project/tutorial/install/examples_rclpy_guard_conditions:/workspaces/codespace/ros2/project/tutorial/install/examples_rclpy_executors /usr/bin/cmake --build /workspaces/codespace/ros2/project/tutorial/build/hello_world -- -j16 -l16
[7.961s] DEBUG:colcon.colcon_core.event_handler.log_command:Invoked command in '/workspaces/codespace/ros2/project/tutorial/build/hello_world' returned '0': CMAKE_PREFIX_PATH=${CMAKE_PREFIX_PATH}:/opt/ros/humble:/workspaces/codespace/ros2/project/tutorial/install/launch_testing_examples:/workspaces/codespace/ros2/project/tutorial/install/examples_rclpy_pointcloud_publisher:/workspaces/codespace/ros2/project/tutorial/install/examples_rclpy_minimal_subscriber:/workspaces/codespace/ros2/project/tutorial/install/examples_rclpy_minimal_service:/workspaces/codespace/ros2/project/tutorial/install/examples_rclpy_minimal_publisher:/workspaces/codespace/ros2/project/tutorial/install/examples_rclpy_minimal_client:/workspaces/codespace/ros2/project/tutorial/install/examples_rclpy_minimal_action_server:/workspaces/codespace/ros2/project/tutorial/install/examples_rclpy_minimal_action_client:/workspaces/codespace/ros2/project/tutorial/install/examples_rclpy_guard_conditions:/workspaces/codespace/ros2/project/tutorial/install/examples_rclpy_executors /usr/bin/cmake --build /workspaces/codespace/ros2/project/tutorial/build/hello_world -- -j16 -l16
[8.001s] DEBUG:colcon.colcon_core.event_handler.log_command:Invoking command in '/workspaces/codespace/ros2/project/tutorial/build/hello_world': CMAKE_PREFIX_PATH=${CMAKE_PREFIX_PATH}:/opt/ros/humble:/workspaces/codespace/ros2/project/tutorial/install/launch_testing_examples:/workspaces/codespace/ros2/project/tutorial/install/examples_rclpy_pointcloud_publisher:/workspaces/codespace/ros2/project/tutorial/install/examples_rclpy_minimal_subscriber:/workspaces/codespace/ros2/project/tutorial/install/examples_rclpy_minimal_service:/workspaces/codespace/ros2/project/tutorial/install/examples_rclpy_minimal_publisher:/workspaces/codespace/ros2/project/tutorial/install/examples_rclpy_minimal_client:/workspaces/codespace/ros2/project/tutorial/install/examples_rclpy_minimal_action_server:/workspaces/codespace/ros2/project/tutorial/install/examples_rclpy_minimal_action_client:/workspaces/codespace/ros2/project/tutorial/install/examples_rclpy_guard_conditions:/workspaces/codespace/ros2/project/tutorial/install/examples_rclpy_executors /usr/bin/cmake --install /workspaces/codespace/ros2/project/tutorial/build/hello_world
[8.023s] Level 1:colcon.colcon_core.environment:create_environment_scripts_only(hello_world)
[8.024s] DEBUG:colcon.colcon_core.event_handler.log_command:Invoked command in '/workspaces/codespace/ros2/project/tutorial/build/hello_world' returned '0': CMAKE_PREFIX_PATH=${CMAKE_PREFIX_PATH}:/opt/ros/humble:/workspaces/codespace/ros2/project/tutorial/install/launch_testing_examples:/workspaces/codespace/ros2/project/tutorial/install/examples_rclpy_pointcloud_publisher:/workspaces/codespace/ros2/project/tutorial/install/examples_rclpy_minimal_subscriber:/workspaces/codespace/ros2/project/tutorial/install/examples_rclpy_minimal_service:/workspaces/codespace/ros2/project/tutorial/install/examples_rclpy_minimal_publisher:/workspaces/codespace/ros2/project/tutorial/install/examples_rclpy_minimal_client:/workspaces/codespace/ros2/project/tutorial/install/examples_rclpy_minimal_action_server:/workspaces/codespace/ros2/project/tutorial/install/examples_rclpy_minimal_action_client:/workspaces/codespace/ros2/project/tutorial/install/examples_rclpy_guard_conditions:/workspaces/codespace/ros2/project/tutorial/install/examples_rclpy_executors /usr/bin/cmake --install /workspaces/codespace/ros2/project/tutorial/build/hello_world
[8.037s] Level 1:colcon.colcon_core.environment:checking '/workspaces/codespace/ros2/project/tutorial/install/hello_world' for CMake module files
[8.037s] Level 1:colcon.colcon_core.environment:checking '/workspaces/codespace/ros2/project/tutorial/install/hello_world' for CMake config files
[8.037s] Level 1:colcon.colcon_core.shell:create_environment_hook('hello_world', 'cmake_prefix_path')
[8.048s] INFO:colcon.colcon_core.shell:Creating environment hook '/workspaces/codespace/ros2/project/tutorial/install/hello_world/share/hello_world/hook/cmake_prefix_path.ps1'
[8.049s] INFO:colcon.colcon_core.shell:Creating environment descriptor '/workspaces/codespace/ros2/project/tutorial/install/hello_world/share/hello_world/hook/cmake_prefix_path.dsv'
[8.049s] INFO:colcon.colcon_core.shell:Creating environment hook '/workspaces/codespace/ros2/project/tutorial/install/hello_world/share/hello_world/hook/cmake_prefix_path.sh'
[8.050s] Level 1:colcon.colcon_core.environment:checking '/workspaces/codespace/ros2/project/tutorial/install/hello_world/lib'
[8.050s] Level 1:colcon.colcon_core.environment:checking '/workspaces/codespace/ros2/project/tutorial/install/hello_world/bin'
[8.050s] Level 1:colcon.colcon_core.environment:checking '/workspaces/codespace/ros2/project/tutorial/install/hello_world/lib/pkgconfig/hello_world.pc'
[8.051s] Level 1:colcon.colcon_core.environment:checking '/workspaces/codespace/ros2/project/tutorial/install/hello_world/lib/python3.10/site-packages'
[8.052s] Level 1:colcon.colcon_core.environment:checking '/workspaces/codespace/ros2/project/tutorial/install/hello_world/bin'
[8.062s] INFO:colcon.colcon_core.shell:Creating package script '/workspaces/codespace/ros2/project/tutorial/install/hello_world/share/hello_world/package.ps1'
[8.062s] INFO:colcon.colcon_core.shell:Creating package descriptor '/workspaces/codespace/ros2/project/tutorial/install/hello_world/share/hello_world/package.dsv'
[8.063s] INFO:colcon.colcon_core.shell:Creating package script '/workspaces/codespace/ros2/project/tutorial/install/hello_world/share/hello_world/package.sh'
[8.063s] INFO:colcon.colcon_core.shell:Creating package script '/workspaces/codespace/ros2/project/tutorial/install/hello_world/share/hello_world/package.bash'
[8.064s] INFO:colcon.colcon_core.shell:Creating package script '/workspaces/codespace/ros2/project/tutorial/install/hello_world/share/hello_world/package.zsh'
[8.064s] Level 1:colcon.colcon_core.environment:create_file_with_runtime_dependencies(/workspaces/codespace/ros2/project/tutorial/install/hello_world/share/colcon-core/packages/hello_world)
[8.106s] Level 1:colcon.colcon_core.environment:create_environment_scripts_only(hello_world)
[8.115s] Level 1:colcon.colcon_core.environment:checking '/workspaces/codespace/ros2/project/tutorial/install/hello_world' for CMake module files
[8.115s] Level 1:colcon.colcon_core.environment:checking '/workspaces/codespace/ros2/project/tutorial/install/hello_world' for CMake config files
[8.116s] Level 1:colcon.colcon_core.shell:create_environment_hook('hello_world', 'cmake_prefix_path')
[8.125s] INFO:colcon.colcon_core.shell:Creating environment hook '/workspaces/codespace/ros2/project/tutorial/install/hello_world/share/hello_world/hook/cmake_prefix_path.ps1'
[8.125s] INFO:colcon.colcon_core.shell:Creating environment descriptor '/workspaces/codespace/ros2/project/tutorial/install/hello_world/share/hello_world/hook/cmake_prefix_path.dsv'
[8.126s] INFO:colcon.colcon_core.shell:Creating environment hook '/workspaces/codespace/ros2/project/tutorial/install/hello_world/share/hello_world/hook/cmake_prefix_path.sh'
[8.126s] Level 1:colcon.colcon_core.environment:checking '/workspaces/codespace/ros2/project/tutorial/install/hello_world/lib'
[8.126s] Level 1:colcon.colcon_core.environment:checking '/workspaces/codespace/ros2/project/tutorial/install/hello_world/bin'
[8.126s] Level 1:colcon.colcon_core.environment:checking '/workspaces/codespace/ros2/project/tutorial/install/hello_world/lib/pkgconfig/hello_world.pc'
[8.126s] Level 1:colcon.colcon_core.environment:checking '/workspaces/codespace/ros2/project/tutorial/install/hello_world/lib/python3.10/site-packages'
[8.126s] Level 1:colcon.colcon_core.environment:checking '/workspaces/codespace/ros2/project/tutorial/install/hello_world/bin'
[8.136s] INFO:colcon.colcon_core.shell:Creating package script '/workspaces/codespace/ros2/project/tutorial/install/hello_world/share/hello_world/package.ps1'
[8.136s] INFO:colcon.colcon_core.shell:Creating package descriptor '/workspaces/codespace/ros2/project/tutorial/install/hello_world/share/hello_world/package.dsv'
[8.136s] INFO:colcon.colcon_core.shell:Creating package script '/workspaces/codespace/ros2/project/tutorial/install/hello_world/share/hello_world/package.sh'
[8.137s] INFO:colcon.colcon_core.shell:Creating package script '/workspaces/codespace/ros2/project/tutorial/install/hello_world/share/hello_world/package.bash'
[8.137s] INFO:colcon.colcon_core.shell:Creating package script '/workspaces/codespace/ros2/project/tutorial/install/hello_world/share/hello_world/package.zsh'
[8.137s] Level 1:colcon.colcon_core.environment:create_file_with_runtime_dependencies(/workspaces/codespace/ros2/project/tutorial/install/hello_world/share/colcon-core/packages/hello_world)
[8.137s] DEBUG:colcon.colcon_parallel_executor.executor.parallel:closing loop
[8.138s] DEBUG:colcon.colcon_parallel_executor.executor.parallel:loop closed
[8.138s] DEBUG:colcon.colcon_parallel_executor.executor.parallel:run_until_complete finished with '0'
[8.138s] DEBUG:colcon.colcon_core.event_reactor:joining thread
[8.152s] INFO:colcon.colcon_core.plugin_system:Skipping extension 'colcon_notification.desktop_notification.notify_send': Could not find 'notify-send'
[8.152s] INFO:colcon.colcon_core.plugin_system:Skipping extension 'colcon_notification.desktop_notification.terminal_notifier': Not used on non-Darwin systems
[8.152s] INFO:colcon.colcon_core.plugin_system:Skipping extension 'colcon_notification.desktop_notification.win32': Not used on non-Windows systems
[8.152s] INFO:colcon.colcon_notification.desktop_notification:Sending desktop notification using 'notify2'
[8.155s] DEBUG:colcon.colcon_notification.desktop_notification.notify2:Failed to initialize notify2: org.freedesktop.DBus.Error.Spawn.ExecFailed: /usr/bin/dbus-launch terminated abnormally without any error message
[8.155s] DEBUG:colcon.colcon_core.event_reactor:joined thread
[8.166s] INFO:colcon.colcon_core.shell:Creating prefix script '/workspaces/codespace/ros2/project/tutorial/install/local_setup.ps1'
[8.166s] INFO:colcon.colcon_core.shell:Creating prefix util module '/workspaces/codespace/ros2/project/tutorial/install/_local_setup_util_ps1.py'
[8.168s] INFO:colcon.colcon_core.shell:Creating prefix chain script '/workspaces/codespace/ros2/project/tutorial/install/setup.ps1'
[8.180s] INFO:colcon.colcon_core.shell:Creating prefix script '/workspaces/codespace/ros2/project/tutorial/install/local_setup.sh'
[8.180s] INFO:colcon.colcon_core.shell:Creating prefix util module '/workspaces/codespace/ros2/project/tutorial/install/_local_setup_util_sh.py'
[8.181s] INFO:colcon.colcon_core.shell:Creating prefix chain script '/workspaces/codespace/ros2/project/tutorial/install/setup.sh'
[8.192s] INFO:colcon.colcon_core.shell:Creating prefix script '/workspaces/codespace/ros2/project/tutorial/install/local_setup.bash'
[8.193s] INFO:colcon.colcon_core.shell:Creating prefix chain script '/workspaces/codespace/ros2/project/tutorial/install/setup.bash'
[8.204s] INFO:colcon.colcon_core.shell:Creating prefix script '/workspaces/codespace/ros2/project/tutorial/install/local_setup.zsh'
[8.204s] INFO:colcon.colcon_core.shell:Creating prefix chain script '/workspaces/codespace/ros2/project/tutorial/install/setup.zsh'
