[0.056s] Invoking command in '/workspaces/codespace/ros2/project/local_mapping/build/gradient_mapping': CMAKE_PREFIX_PATH=${CMAKE_PREFIX_PATH}:/opt/ros/humble /usr/bin/cmake --build /workspaces/codespace/ros2/project/local_mapping/build/gradient_mapping --clean-first
[0.074s] /usr/bin/gmake  -f CMakeFiles/Makefile2 clean
[0.075s] gmake[1]: Entering directory '/workspaces/codespace/ros2/project/local_mapping/build/gradient_mapping'
[0.075s] /usr/bin/gmake  -f CMakeFiles/uninstall.dir/build.make CMakeFiles/uninstall.dir/clean
[0.077s] gmake[2]: Entering directory '/workspaces/codespace/ros2/project/local_mapping/build/gradient_mapping'
[0.077s] /usr/bin/cmake -P CMakeFiles/uninstall.dir/cmake_clean.cmake
[0.086s] gmake[2]: Leaving directory '/workspaces/codespace/ros2/project/local_mapping/build/gradient_mapping'
[0.086s] /usr/bin/gmake  -f CMakeFiles/gradient_mapping_uninstall.dir/build.make CMakeFiles/gradient_mapping_uninstall.dir/clean
[0.088s] gmake[2]: Entering directory '/workspaces/codespace/ros2/project/local_mapping/build/gradient_mapping'
[0.088s] /usr/bin/cmake -P CMakeFiles/gradient_mapping_uninstall.dir/cmake_clean.cmake
[0.098s] gmake[2]: Leaving directory '/workspaces/codespace/ros2/project/local_mapping/build/gradient_mapping'
[0.098s] /usr/bin/gmake  -f CMakeFiles/gradient_mapping.dir/build.make CMakeFiles/gradient_mapping.dir/clean
[0.102s] gmake[2]: Entering directory '/workspaces/codespace/ros2/project/local_mapping/build/gradient_mapping'
[0.102s] /usr/bin/cmake -P CMakeFiles/gradient_mapping.dir/cmake_clean.cmake
[0.113s] gmake[2]: Leaving directory '/workspaces/codespace/ros2/project/local_mapping/build/gradient_mapping'
[0.113s] gmake[1]: Leaving directory '/workspaces/codespace/ros2/project/local_mapping/build/gradient_mapping'
[0.126s] /usr/bin/cmake -P /workspaces/codespace/ros2/project/local_mapping/build/gradient_mapping/CMakeFiles/VerifyGlobs.cmake
[0.135s] /usr/bin/cmake -S/workspaces/codespace/ros2/project/local_mapping/src/gradient_mapping -B/workspaces/codespace/ros2/project/local_mapping/build/gradient_mapping --check-build-system CMakeFiles/Makefile.cmake 0
[0.148s] Re-run cmake file: Makefile older than: /workspaces/codespace/ros2/project/local_mapping/src/gradient_mapping/package.xml
[0.151s] -- Found ament_cmake_auto: 1.3.8 (/opt/ros/humble/share/ament_cmake_auto/cmake)
[0.250s] -- Override CMake install command with custom implementation using symlinks instead of copying resources
[0.335s] -- Found rosidl_generator_c: 3.1.5 (/opt/ros/humble/share/rosidl_generator_c/cmake)
[0.337s] -- Found rosidl_adapter: 3.1.5 (/opt/ros/humble/share/rosidl_adapter/cmake)
[0.343s] -- Found rosidl_generator_cpp: 3.1.5 (/opt/ros/humble/share/rosidl_generator_cpp/cmake)
[0.353s] -- Using all available rosidl_typesupport_c: rosidl_typesupport_fastrtps_c;rosidl_typesupport_introspection_c
[0.367s] -- Using all available rosidl_typesupport_cpp: rosidl_typesupport_fastrtps_cpp;rosidl_typesupport_introspection_cpp
[0.430s] -- Found rmw_implementation_cmake: 6.1.1 (/opt/ros/humble/share/rmw_implementation_cmake/cmake)
[0.431s] -- Found rmw_fastrtps_cpp: 6.2.6 (/opt/ros/humble/share/rmw_fastrtps_cpp/cmake)
[0.569s] -- Using RMW implementation 'rmw_fastrtps_cpp' as default
[1.138s] -- Configuring done
[1.149s] -- Generating done
[1.152s] -- Build files have been written to: /workspaces/codespace/ros2/project/local_mapping/build/gradient_mapping
[1.159s] /usr/bin/cmake -E cmake_progress_start /workspaces/codespace/ros2/project/local_mapping/build/gradient_mapping/CMakeFiles /workspaces/codespace/ros2/project/local_mapping/build/gradient_mapping//CMakeFiles/progress.marks
[1.168s] /usr/bin/gmake  -f CMakeFiles/Makefile2 all
[1.169s] gmake[1]: Entering directory '/workspaces/codespace/ros2/project/local_mapping/build/gradient_mapping'
[1.170s] /usr/bin/gmake  -f CMakeFiles/gradient_mapping.dir/build.make CMakeFiles/gradient_mapping.dir/depend
[1.171s] gmake[2]: Entering directory '/workspaces/codespace/ros2/project/local_mapping/build/gradient_mapping'
[1.171s] cd /workspaces/codespace/ros2/project/local_mapping/build/gradient_mapping && /usr/bin/cmake -E cmake_depends "Unix Makefiles" /workspaces/codespace/ros2/project/local_mapping/src/gradient_mapping /workspaces/codespace/ros2/project/local_mapping/src/gradient_mapping /workspaces/codespace/ros2/project/local_mapping/build/gradient_mapping /workspaces/codespace/ros2/project/local_mapping/build/gradient_mapping /workspaces/codespace/ros2/project/local_mapping/build/gradient_mapping/CMakeFiles/gradient_mapping.dir/DependInfo.cmake --color=
[1.181s] gmake[2]: Leaving directory '/workspaces/codespace/ros2/project/local_mapping/build/gradient_mapping'
[1.181s] /usr/bin/gmake  -f CMakeFiles/gradient_mapping.dir/build.make CMakeFiles/gradient_mapping.dir/build
[1.183s] gmake[2]: Entering directory '/workspaces/codespace/ros2/project/local_mapping/build/gradient_mapping'
[1.191s] [ 50%] [32mBuilding CXX object CMakeFiles/gradient_mapping.dir/src/main.cpp.o[0m
[1.192s] /usr/bin/c++ -DDEFAULT_RMW_IMPLEMENTATION=rmw_fastrtps_cpp -DRCUTILS_ENABLE_FAULT_INJECTION -I/workspaces/codespace/ros2/project/local_mapping/src/gradient_mapping/include -I/workspaces/codespace/ros2/project/local_mapping/src/gradient_mapping/src -isystem /root/package/driver/install/livox_ros_driver2/include/livox_ros_driver2 -isystem /opt/ros/humble/include/rclcpp -isystem /opt/ros/humble/include/std_msgs -isystem /opt/ros/humble/include/ament_index_cpp -isystem /opt/ros/humble/include/libstatistics_collector -isystem /opt/ros/humble/include/builtin_interfaces -isystem /opt/ros/humble/include/rosidl_runtime_c -isystem /opt/ros/humble/include/rcutils -isystem /opt/ros/humble/include/rosidl_typesupport_interface -isystem /opt/ros/humble/include/fastcdr -isystem /opt/ros/humble/include/rosidl_runtime_cpp -isystem /opt/ros/humble/include/rosidl_typesupport_fastrtps_cpp -isystem /opt/ros/humble/include/rmw -isystem /opt/ros/humble/include/rosidl_typesupport_fastrtps_c -isystem /opt/ros/humble/include/rosidl_typesupport_introspection_c -isystem /opt/ros/humble/include/rosidl_typesupport_introspection_cpp -isystem /opt/ros/humble/include/rcl -isystem /opt/ros/humble/include/rcl_interfaces -isystem /opt/ros/humble/include/rcl_logging_interface -isystem /opt/ros/humble/include/rcl_yaml_param_parser -isystem /opt/ros/humble/include/libyaml_vendor -isystem /opt/ros/humble/include/tracetools -isystem /opt/ros/humble/include/rcpputils -isystem /opt/ros/humble/include/statistics_msgs -isystem /opt/ros/humble/include/rosgraph_msgs -isystem /opt/ros/humble/include/rosidl_typesupport_cpp -isystem /opt/ros/humble/include/rosidl_typesupport_c -O2 -Wall -Wextra -Wpedantic -std=gnu++20 -MD -MT CMakeFiles/gradient_mapping.dir/src/main.cpp.o -MF CMakeFiles/gradient_mapping.dir/src/main.cpp.o.d -o CMakeFiles/gradient_mapping.dir/src/main.cpp.o -c /workspaces/codespace/ros2/project/local_mapping/src/gradient_mapping/src/main.cpp
[11.955s] [100%] [32m[1mLinking CXX executable gradient_mapping[0m
[11.956s] /usr/bin/cmake -E cmake_link_script CMakeFiles/gradient_mapping.dir/link.txt --verbose=1
[11.963s] /usr/bin/c++ CMakeFiles/gradient_mapping.dir/src/main.cpp.o -o gradient_mapping  -Wl,-rpath,/opt/ros/humble/lib:/root/package/driver/install/livox_ros_driver2/lib /opt/ros/humble/lib/librclcpp.so /root/package/driver/install/livox_ros_driver2/lib/liblivox_ros_driver2__rosidl_typesupport_fastrtps_c.so /root/package/driver/install/livox_ros_driver2/lib/liblivox_ros_driver2__rosidl_typesupport_introspection_c.so /root/package/driver/install/livox_ros_driver2/lib/liblivox_ros_driver2__rosidl_typesupport_fastrtps_cpp.so /root/package/driver/install/livox_ros_driver2/lib/liblivox_ros_driver2__rosidl_typesupport_introspection_cpp.so /root/package/driver/install/livox_ros_driver2/lib/liblivox_ros_driver2__rosidl_typesupport_cpp.so /root/package/driver/install/livox_ros_driver2/lib/liblivox_interfaces2__rosidl_generator_py.so /opt/ros/humble/lib/liblibstatistics_collector.so /opt/ros/humble/lib/librcl.so /opt/ros/humble/lib/librmw_implementation.so /opt/ros/humble/lib/libament_index_cpp.so /opt/ros/humble/lib/librcl_logging_spdlog.so /opt/ros/humble/lib/librcl_logging_interface.so /opt/ros/humble/lib/librcl_interfaces__rosidl_typesupport_fastrtps_c.so /opt/ros/humble/lib/librcl_interfaces__rosidl_typesupport_introspection_c.so /opt/ros/humble/lib/librcl_interfaces__rosidl_typesupport_fastrtps_cpp.so /opt/ros/humble/lib/librcl_interfaces__rosidl_typesupport_introspection_cpp.so /opt/ros/humble/lib/librcl_interfaces__rosidl_typesupport_cpp.so /opt/ros/humble/lib/librcl_interfaces__rosidl_generator_py.so /opt/ros/humble/lib/librcl_interfaces__rosidl_typesupport_c.so /opt/ros/humble/lib/librcl_interfaces__rosidl_generator_c.so /opt/ros/humble/lib/librcl_yaml_param_parser.so /opt/ros/humble/lib/libyaml.so /opt/ros/humble/lib/librosgraph_msgs__rosidl_typesupport_fastrtps_c.so /opt/ros/humble/lib/librosgraph_msgs__rosidl_typesupport_fastrtps_cpp.so /opt/ros/humble/lib/librosgraph_msgs__rosidl_typesupport_introspection_c.so /opt/ros/humble/lib/librosgraph_msgs__rosidl_typesupport_introspection_cpp.so /opt/ros/humble/lib/librosgraph_msgs__rosidl_typesupport_cpp.so /opt/ros/humble/lib/librosgraph_msgs__rosidl_generator_py.so /opt/ros/humble/lib/librosgraph_msgs__rosidl_typesupport_c.so /opt/ros/humble/lib/librosgraph_msgs__rosidl_generator_c.so /opt/ros/humble/lib/libstatistics_msgs__rosidl_typesupport_fastrtps_c.so /opt/ros/humble/lib/libstatistics_msgs__rosidl_typesupport_fastrtps_cpp.so /opt/ros/humble/lib/libstatistics_msgs__rosidl_typesupport_introspection_c.so /opt/ros/humble/lib/libstatistics_msgs__rosidl_typesupport_introspection_cpp.so /opt/ros/humble/lib/libstatistics_msgs__rosidl_typesupport_cpp.so /opt/ros/humble/lib/libstatistics_msgs__rosidl_generator_py.so /opt/ros/humble/lib/libstatistics_msgs__rosidl_typesupport_c.so /opt/ros/humble/lib/libstatistics_msgs__rosidl_generator_c.so /opt/ros/humble/lib/libtracetools.so /opt/ros/humble/lib/libstd_msgs__rosidl_typesupport_fastrtps_c.so /opt/ros/humble/lib/libbuiltin_interfaces__rosidl_typesupport_fastrtps_c.so /opt/ros/humble/lib/librosidl_typesupport_fastrtps_c.so /opt/ros/humble/lib/libstd_msgs__rosidl_typesupport_introspection_c.so /opt/ros/humble/lib/libbuiltin_interfaces__rosidl_typesupport_introspection_c.so /opt/ros/humble/lib/libstd_msgs__rosidl_typesupport_fastrtps_cpp.so /opt/ros/humble/lib/libbuiltin_interfaces__rosidl_typesupport_fastrtps_cpp.so /opt/ros/humble/lib/librosidl_typesupport_fastrtps_cpp.so /opt/ros/humble/lib/libfastcdr.so.1.0.24 /opt/ros/humble/lib/librmw.so /opt/ros/humble/lib/libstd_msgs__rosidl_typesupport_introspection_cpp.so /opt/ros/humble/lib/libbuiltin_interfaces__rosidl_typesupport_introspection_cpp.so /opt/ros/humble/lib/librosidl_typesupport_introspection_cpp.so /opt/ros/humble/lib/librosidl_typesupport_introspection_c.so /opt/ros/humble/lib/libstd_msgs__rosidl_typesupport_cpp.so /opt/ros/humble/lib/libbuiltin_interfaces__rosidl_typesupport_cpp.so /opt/ros/humble/lib/librosidl_typesupport_cpp.so /opt/ros/humble/lib/libstd_msgs__rosidl_generator_py.so /root/package/driver/install/livox_ros_driver2/lib/liblivox_ros_driver2__rosidl_typesupport_c.so /opt/ros/humble/lib/libstd_msgs__rosidl_typesupport_c.so /root/package/driver/install/livox_ros_driver2/lib/liblivox_ros_driver2__rosidl_generator_c.so /opt/ros/humble/lib/libstd_msgs__rosidl_generator_c.so /opt/ros/humble/lib/libbuiltin_interfaces__rosidl_generator_py.so /opt/ros/humble/lib/libbuiltin_interfaces__rosidl_typesupport_c.so /opt/ros/humble/lib/libbuiltin_interfaces__rosidl_generator_c.so /opt/ros/humble/lib/librosidl_typesupport_c.so /opt/ros/humble/lib/librcpputils.so /opt/ros/humble/lib/librosidl_runtime_c.so /opt/ros/humble/lib/librcutils.so -ldl /usr/lib/x86_64-linux-gnu/libpython3.10.so 
[12.071s] /usr/bin/ld: CMakeFiles/gradient_mapping.dir/src/main.cpp.o: in function `void pcl::transformPointCloud<pcl::PointXYZ, float>(pcl::PointCloud<pcl::PointXYZ> const&, pcl::PointCloud<pcl::PointXYZ>&, Eigen::Matrix<float, 4, 4, 0, 4, 4> const&, bool)':
[12.071s] main.cpp:(.text._ZN3pcl19transformPointCloudINS_8PointXYZEfEEvRKNS_10PointCloudIT_EERS4_RKN5Eigen6MatrixIT0_Li4ELi4ELi0ELi4ELi4EEEb[_ZN3pcl19transformPointCloudINS_8PointXYZEfEEvRKNS_10PointCloudIT_EERS4_RKN5Eigen6MatrixIT0_Li4ELi4ELi0ELi4ELi4EEEb]+0x39b): undefined reference to `pcl::console::print(pcl::console::VERBOSITY_LEVEL, char const*, ...)'
[12.087s] collect2: error: ld returned 1 exit status
[12.089s] gmake[2]: *** [CMakeFiles/gradient_mapping.dir/build.make:167: gradient_mapping] Error 1
[12.089s] gmake[2]: Leaving directory '/workspaces/codespace/ros2/project/local_mapping/build/gradient_mapping'
[12.089s] gmake[1]: *** [CMakeFiles/Makefile2:137: CMakeFiles/gradient_mapping.dir/all] Error 2
[12.089s] gmake[1]: Leaving directory '/workspaces/codespace/ros2/project/local_mapping/build/gradient_mapping'
[12.089s] gmake: *** [Makefile:146: all] Error 2
[12.093s] Invoked command in '/workspaces/codespace/ros2/project/local_mapping/build/gradient_mapping' returned '2': CMAKE_PREFIX_PATH=${CMAKE_PREFIX_PATH}:/opt/ros/humble /usr/bin/cmake --build /workspaces/codespace/ros2/project/local_mapping/build/gradient_mapping --clean-first
