[0.038s] Invoking command in '/workspaces/codespace/ros2/project/local_mapping/build/gradient_mapping': CMAKE_PREFIX_PATH=/opt/ros/humble /usr/bin/cmake --build /workspaces/codespace/ros2/project/local_mapping/build/gradient_mapping -- -j16 -l16
[0.060s] -- Found ament_cmake: 1.3.8 (/opt/ros/humble/share/ament_cmake/cmake)
[0.155s] -- Override CMake install command with custom implementation using symlinks instead of copying resources
[0.161s] -- Found rclcpp: 16.0.8 (/opt/ros/humble/share/rclcpp/cmake)
[0.186s] -- Found rosidl_generator_c: 3.1.5 (/opt/ros/humble/share/rosidl_generator_c/cmake)
[0.189s] -- Found rosidl_adapter: 3.1.5 (/opt/ros/humble/share/rosidl_adapter/cmake)
[0.193s] -- Found rosidl_generator_cpp: 3.1.5 (/opt/ros/humble/share/rosidl_generator_cpp/cmake)
[0.203s] -- Using all available rosidl_typesupport_c: rosidl_typesupport_fastrtps_c;rosidl_typesupport_introspection_c
[0.215s] -- Using all available rosidl_typesupport_cpp: rosidl_typesupport_fastrtps_cpp;rosidl_typesupport_introspection_cpp
[0.261s] -- Found rmw_implementation_cmake: 6.1.1 (/opt/ros/humble/share/rmw_implementation_cmake/cmake)
[0.263s] -- Found rmw_fastrtps_cpp: 6.2.6 (/opt/ros/humble/share/rmw_fastrtps_cpp/cmake)
[0.388s] -- Using RMW implementation 'rmw_fastrtps_cpp' as default
[0.512s] -- Found geometry_msgs: 4.2.3 (/opt/ros/humble/share/geometry_msgs/cmake)
[0.545s] -- Found rosidl_default_generators: 1.2.0 (/opt/ros/humble/share/rosidl_default_generators/cmake)
[0.759s] -- Found ament_cmake_ros: 0.10.0 (/opt/ros/humble/share/ament_cmake_ros/cmake)
[1.086s] -- Using all available rosidl_typesupport_c: rosidl_typesupport_fastrtps_c;rosidl_typesupport_introspection_c
[1.211s] -- Using all available rosidl_typesupport_cpp: rosidl_typesupport_fastrtps_cpp;rosidl_typesupport_introspection_cpp
[1.233s] -- Found python_cmake_module: 0.10.0 (/opt/ros/humble/share/python_cmake_module/cmake)
[1.253s] -- Using PYTHON_EXECUTABLE: /usr/bin/python3
[1.253s] -- Using PYTHON_INCLUDE_DIRS: /usr/include/python3.10
[1.254s] -- Using PYTHON_LIBRARIES: /usr/lib/x86_64-linux-gnu/libpython3.10.so
[1.282s] -- Found ament_lint_auto: 0.12.10 (/opt/ros/humble/share/ament_lint_auto/cmake)
[1.292s] -- Added test 'cppcheck' to perform static code analysis on C / C++ code
[1.292s] -- Configured cppcheck include dirs: 
[1.292s] -- Configured cppcheck exclude dirs and/or files: 
[1.293s] -- Added test 'lint_cmake' to check CMake code style
[1.294s] -- Added test 'uncrustify' to check C / C++ code style
[1.294s] -- Configured uncrustify additional arguments: 
[1.294s] -- Added test 'xmllint' to check XML markup files
[1.296s] -- Configuring done
[1.334s] -- Generating done
[1.338s] -- Build files have been written to: /workspaces/codespace/ros2/project/local_mapping/build/gradient_mapping
[1.364s] [35m[1mConsolidate compiler generated dependencies of target run[0m
[1.364s] [35m[1mConsolidate compiler generated dependencies of target gradient_mapping__rosidl_generator_c[0m
[1.373s] [  2%] Built target gradient_mapping__cpp
[1.374s] [  7%] Built target run
[1.376s] [ 17%] Built target gradient_mapping__rosidl_generator_c
[1.383s] [ 17%] Built target ament_cmake_python_symlink_gradient_mapping
[1.383s] [35m[1mConsolidate compiler generated dependencies of target gradient_mapping__rosidl_typesupport_cpp[0m
[1.384s] [35m[1mConsolidate compiler generated dependencies of target gradient_mapping__rosidl_typesupport_introspection_cpp[0m
[1.384s] [35m[1mConsolidate compiler generated dependencies of target gradient_mapping__rosidl_typesupport_fastrtps_cpp[0m
[1.386s] [35m[1mConsolidate compiler generated dependencies of target gradient_mapping__rosidl_typesupport_c[0m
[1.386s] [35m[1mConsolidate compiler generated dependencies of target gradient_mapping__rosidl_typesupport_introspection_c[0m
[1.386s] [35m[1mConsolidate compiler generated dependencies of target gradient_mapping__rosidl_typesupport_fastrtps_c[0m
[1.397s] [ 53%] Built target gradient_mapping__rosidl_typesupport_introspection_c
[1.398s] [ 53%] Built target gradient_mapping__rosidl_typesupport_c
[1.398s] [ 53%] Built target gradient_mapping__rosidl_typesupport_cpp
[1.398s] [ 56%] Built target gradient_mapping__rosidl_typesupport_introspection_cpp
[1.398s] [ 65%] Built target gradient_mapping__rosidl_typesupport_fastrtps_cpp
[1.401s] [ 75%] Built target gradient_mapping__rosidl_typesupport_fastrtps_c
[1.421s] [ 75%] Built target gradient_mapping
[1.441s] [ 78%] Built target gradient_mapping__py
[1.451s] [35m[1mConsolidate compiler generated dependencies of target gradient_mapping__rosidl_generator_py[0m
[1.467s] [ 85%] Built target gradient_mapping__rosidl_generator_py
[1.477s] [35m[1mConsolidate compiler generated dependencies of target gradient_mapping__rosidl_typesupport_c__pyext[0m
[1.477s] [35m[1mConsolidate compiler generated dependencies of target gradient_mapping__rosidl_typesupport_introspection_c__pyext[0m
[1.477s] [35m[1mConsolidate compiler generated dependencies of target gradient_mapping__rosidl_typesupport_fastrtps_c__pyext[0m
[1.491s] [100%] Built target gradient_mapping__rosidl_typesupport_fastrtps_c__pyext
[1.491s] [100%] Built target gradient_mapping__rosidl_typesupport_introspection_c__pyext
[1.491s] [100%] Built target gradient_mapping__rosidl_typesupport_c__pyext
[1.559s] running egg_info
[1.559s] writing gradient_mapping.egg-info/PKG-INFO
[1.559s] writing dependency_links to gradient_mapping.egg-info/dependency_links.txt
[1.559s] writing top-level names to gradient_mapping.egg-info/top_level.txt
[1.562s] reading manifest file 'gradient_mapping.egg-info/SOURCES.txt'
[1.562s] writing manifest file 'gradient_mapping.egg-info/SOURCES.txt'
[1.586s] [100%] Built target ament_cmake_python_build_gradient_mapping_egg
[1.598s] Invoked command in '/workspaces/codespace/ros2/project/local_mapping/build/gradient_mapping' returned '0': CMAKE_PREFIX_PATH=/opt/ros/humble /usr/bin/cmake --build /workspaces/codespace/ros2/project/local_mapping/build/gradient_mapping -- -j16 -l16
[1.684s] Invoking command in '/workspaces/codespace/ros2/project/local_mapping/build/gradient_mapping': CMAKE_PREFIX_PATH=/opt/ros/humble /usr/bin/cmake --install /workspaces/codespace/ros2/project/local_mapping/build/gradient_mapping
[1.692s] -- Install configuration: ""
[1.692s] -- Execute custom install script
[1.692s] -- Up-to-date symlink: /workspaces/codespace/ros2/project/local_mapping/install/gradient_mapping/share/ament_index/resource_index/rosidl_interfaces/gradient_mapping
[1.693s] -- Up-to-date symlink: /workspaces/codespace/ros2/project/local_mapping/install/gradient_mapping/include/gradient_mapping/gradient_mapping/msg/custom_msg.h
[1.693s] -- Up-to-date symlink: /workspaces/codespace/ros2/project/local_mapping/install/gradient_mapping/include/gradient_mapping/gradient_mapping/msg/custom_point.h
[1.693s] -- Up-to-date symlink: /workspaces/codespace/ros2/project/local_mapping/install/gradient_mapping/include/gradient_mapping/gradient_mapping/msg/detail/custom_msg__functions.h
[1.693s] -- Up-to-date symlink: /workspaces/codespace/ros2/project/local_mapping/install/gradient_mapping/include/gradient_mapping/gradient_mapping/msg/detail/custom_msg__struct.h
[1.693s] -- Up-to-date symlink: /workspaces/codespace/ros2/project/local_mapping/install/gradient_mapping/include/gradient_mapping/gradient_mapping/msg/detail/custom_msg__type_support.h
[1.693s] -- Up-to-date symlink: /workspaces/codespace/ros2/project/local_mapping/install/gradient_mapping/include/gradient_mapping/gradient_mapping/msg/detail/custom_point__functions.h
[1.693s] -- Up-to-date symlink: /workspaces/codespace/ros2/project/local_mapping/install/gradient_mapping/include/gradient_mapping/gradient_mapping/msg/detail/custom_point__struct.h
[1.693s] -- Up-to-date symlink: /workspaces/codespace/ros2/project/local_mapping/install/gradient_mapping/include/gradient_mapping/gradient_mapping/msg/detail/custom_point__type_support.h
[1.694s] -- Up-to-date symlink: /workspaces/codespace/ros2/project/local_mapping/install/gradient_mapping/include/gradient_mapping/gradient_mapping/msg/rosidl_generator_c__visibility_control.h
[1.694s] -- Up-to-date symlink: /workspaces/codespace/ros2/project/local_mapping/install/gradient_mapping/share/gradient_mapping/environment/library_path.sh
[1.694s] -- Up-to-date symlink: /workspaces/codespace/ros2/project/local_mapping/install/gradient_mapping/share/gradient_mapping/environment/library_path.dsv
[1.694s] -- Up-to-date symlink: /workspaces/codespace/ros2/project/local_mapping/install/gradient_mapping/include/gradient_mapping/gradient_mapping/msg/detail/custom_msg__rosidl_typesupport_fastrtps_c.h
[1.695s] -- Up-to-date symlink: /workspaces/codespace/ros2/project/local_mapping/install/gradient_mapping/include/gradient_mapping/gradient_mapping/msg/detail/custom_point__rosidl_typesupport_fastrtps_c.h
[1.695s] -- Up-to-date symlink: /workspaces/codespace/ros2/project/local_mapping/install/gradient_mapping/include/gradient_mapping/gradient_mapping/msg/rosidl_typesupport_fastrtps_c__visibility_control.h
[1.695s] -- Up-to-date symlink: /workspaces/codespace/ros2/project/local_mapping/install/gradient_mapping/include/gradient_mapping/gradient_mapping/msg/custom_msg.hpp
[1.695s] -- Up-to-date symlink: /workspaces/codespace/ros2/project/local_mapping/install/gradient_mapping/include/gradient_mapping/gradient_mapping/msg/custom_point.hpp
[1.696s] -- Up-to-date symlink: /workspaces/codespace/ros2/project/local_mapping/install/gradient_mapping/include/gradient_mapping/gradient_mapping/msg/detail/custom_msg__builder.hpp
[1.696s] -- Up-to-date symlink: /workspaces/codespace/ros2/project/local_mapping/install/gradient_mapping/include/gradient_mapping/gradient_mapping/msg/detail/custom_msg__struct.hpp
[1.696s] -- Up-to-date symlink: /workspaces/codespace/ros2/project/local_mapping/install/gradient_mapping/include/gradient_mapping/gradient_mapping/msg/detail/custom_msg__traits.hpp
[1.696s] -- Up-to-date symlink: /workspaces/codespace/ros2/project/local_mapping/install/gradient_mapping/include/gradient_mapping/gradient_mapping/msg/detail/custom_point__builder.hpp
[1.696s] -- Up-to-date symlink: /workspaces/codespace/ros2/project/local_mapping/install/gradient_mapping/include/gradient_mapping/gradient_mapping/msg/detail/custom_point__struct.hpp
[1.696s] -- Up-to-date symlink: /workspaces/codespace/ros2/project/local_mapping/install/gradient_mapping/include/gradient_mapping/gradient_mapping/msg/detail/custom_point__traits.hpp
[1.697s] -- Up-to-date symlink: /workspaces/codespace/ros2/project/local_mapping/install/gradient_mapping/include/gradient_mapping/gradient_mapping/msg/detail/custom_msg__rosidl_typesupport_fastrtps_cpp.hpp
[1.697s] -- Up-to-date symlink: /workspaces/codespace/ros2/project/local_mapping/install/gradient_mapping/include/gradient_mapping/gradient_mapping/msg/detail/custom_point__rosidl_typesupport_fastrtps_cpp.hpp
[1.697s] -- Up-to-date symlink: /workspaces/codespace/ros2/project/local_mapping/install/gradient_mapping/include/gradient_mapping/gradient_mapping/msg/rosidl_typesupport_fastrtps_cpp__visibility_control.h
[1.697s] -- Up-to-date symlink: /workspaces/codespace/ros2/project/local_mapping/install/gradient_mapping/include/gradient_mapping/gradient_mapping/msg/detail/custom_msg__rosidl_typesupport_introspection_c.h
[1.697s] -- Up-to-date symlink: /workspaces/codespace/ros2/project/local_mapping/install/gradient_mapping/include/gradient_mapping/gradient_mapping/msg/detail/custom_point__rosidl_typesupport_introspection_c.h
[1.698s] -- Up-to-date symlink: /workspaces/codespace/ros2/project/local_mapping/install/gradient_mapping/include/gradient_mapping/gradient_mapping/msg/rosidl_typesupport_introspection_c__visibility_control.h
[1.698s] -- Up-to-date symlink: /workspaces/codespace/ros2/project/local_mapping/install/gradient_mapping/include/gradient_mapping/gradient_mapping/msg/detail/custom_msg__rosidl_typesupport_introspection_cpp.hpp
[1.698s] -- Up-to-date symlink: /workspaces/codespace/ros2/project/local_mapping/install/gradient_mapping/include/gradient_mapping/gradient_mapping/msg/detail/custom_point__rosidl_typesupport_introspection_cpp.hpp
[1.698s] -- Up-to-date symlink: /workspaces/codespace/ros2/project/local_mapping/install/gradient_mapping/share/gradient_mapping/environment/pythonpath.sh
[1.698s] -- Up-to-date symlink: /workspaces/codespace/ros2/project/local_mapping/install/gradient_mapping/share/gradient_mapping/environment/pythonpath.dsv
[1.699s] -- Up-to-date symlink: /workspaces/codespace/ros2/project/local_mapping/install/gradient_mapping/local/lib/python3.10/dist-packages/gradient_mapping-0.0.0-py3.10.egg-info/PKG-INFO
[1.699s] -- Up-to-date symlink: /workspaces/codespace/ros2/project/local_mapping/install/gradient_mapping/local/lib/python3.10/dist-packages/gradient_mapping-0.0.0-py3.10.egg-info/SOURCES.txt
[1.699s] -- Up-to-date symlink: /workspaces/codespace/ros2/project/local_mapping/install/gradient_mapping/local/lib/python3.10/dist-packages/gradient_mapping-0.0.0-py3.10.egg-info/dependency_links.txt
[1.699s] -- Up-to-date symlink: /workspaces/codespace/ros2/project/local_mapping/install/gradient_mapping/local/lib/python3.10/dist-packages/gradient_mapping-0.0.0-py3.10.egg-info/top_level.txt
[1.700s] -- Up-to-date symlink: /workspaces/codespace/ros2/project/local_mapping/install/gradient_mapping/local/lib/python3.10/dist-packages/gradient_mapping/__init__.py
[1.700s] -- Up-to-date symlink: /workspaces/codespace/ros2/project/local_mapping/install/gradient_mapping/local/lib/python3.10/dist-packages/gradient_mapping/_gradient_mapping_s.ep.rosidl_typesupport_c.c
[1.700s] -- Up-to-date symlink: /workspaces/codespace/ros2/project/local_mapping/install/gradient_mapping/local/lib/python3.10/dist-packages/gradient_mapping/_gradient_mapping_s.ep.rosidl_typesupport_fastrtps_c.c
[1.700s] -- Up-to-date symlink: /workspaces/codespace/ros2/project/local_mapping/install/gradient_mapping/local/lib/python3.10/dist-packages/gradient_mapping/_gradient_mapping_s.ep.rosidl_typesupport_introspection_c.c
[1.700s] -- Up-to-date symlink: /workspaces/codespace/ros2/project/local_mapping/install/gradient_mapping/local/lib/python3.10/dist-packages/gradient_mapping/gradient_mapping_s__rosidl_typesupport_c.cpython-310-x86_64-linux-gnu.so
[1.700s] -- Up-to-date symlink: /workspaces/codespace/ros2/project/local_mapping/install/gradient_mapping/local/lib/python3.10/dist-packages/gradient_mapping/gradient_mapping_s__rosidl_typesupport_fastrtps_c.cpython-310-x86_64-linux-gnu.so
[1.700s] -- Up-to-date symlink: /workspaces/codespace/ros2/project/local_mapping/install/gradient_mapping/local/lib/python3.10/dist-packages/gradient_mapping/gradient_mapping_s__rosidl_typesupport_introspection_c.cpython-310-x86_64-linux-gnu.so
[1.700s] -- Up-to-date symlink: /workspaces/codespace/ros2/project/local_mapping/install/gradient_mapping/local/lib/python3.10/dist-packages/gradient_mapping/libgradient_mapping__rosidl_generator_py.so
[1.701s] -- Up-to-date symlink: /workspaces/codespace/ros2/project/local_mapping/install/gradient_mapping/local/lib/python3.10/dist-packages/gradient_mapping/msg/__init__.py
[1.701s] -- Up-to-date symlink: /workspaces/codespace/ros2/project/local_mapping/install/gradient_mapping/local/lib/python3.10/dist-packages/gradient_mapping/msg/_custom_msg.py
[1.701s] -- Up-to-date symlink: /workspaces/codespace/ros2/project/local_mapping/install/gradient_mapping/local/lib/python3.10/dist-packages/gradient_mapping/msg/_custom_msg_s.c
[1.701s] -- Up-to-date symlink: /workspaces/codespace/ros2/project/local_mapping/install/gradient_mapping/local/lib/python3.10/dist-packages/gradient_mapping/msg/_custom_point.py
[1.701s] -- Up-to-date symlink: /workspaces/codespace/ros2/project/local_mapping/install/gradient_mapping/local/lib/python3.10/dist-packages/gradient_mapping/msg/_custom_point_s.c
[1.701s] -- Up-to-date symlink: /workspaces/codespace/ros2/project/local_mapping/install/gradient_mapping/local/lib/python3.10/dist-packages/gradient_mapping/gradient_mapping_s__rosidl_typesupport_fastrtps_c.cpython-310-x86_64-linux-gnu.so
[1.702s] -- Up-to-date symlink: /workspaces/codespace/ros2/project/local_mapping/install/gradient_mapping/local/lib/python3.10/dist-packages/gradient_mapping/gradient_mapping_s__rosidl_typesupport_introspection_c.cpython-310-x86_64-linux-gnu.so
[1.702s] -- Up-to-date symlink: /workspaces/codespace/ros2/project/local_mapping/install/gradient_mapping/local/lib/python3.10/dist-packages/gradient_mapping/gradient_mapping_s__rosidl_typesupport_c.cpython-310-x86_64-linux-gnu.so
[1.702s] -- Up-to-date symlink: /workspaces/codespace/ros2/project/local_mapping/install/gradient_mapping/share/gradient_mapping/msg/CustomPoint.idl
[1.702s] -- Up-to-date symlink: /workspaces/codespace/ros2/project/local_mapping/install/gradient_mapping/share/gradient_mapping/msg/CustomMsg.idl
[1.702s] -- Up-to-date symlink: /workspaces/codespace/ros2/project/local_mapping/install/gradient_mapping/share/gradient_mapping/msg/CustomPoint.msg
[1.702s] -- Up-to-date symlink: /workspaces/codespace/ros2/project/local_mapping/install/gradient_mapping/share/gradient_mapping/msg/CustomMsg.msg
[1.703s] -- Up-to-date symlink: /workspaces/codespace/ros2/project/local_mapping/install/gradient_mapping/lib/gradient_mapping/run
[1.703s] -- Up-to-date symlink: /workspaces/codespace/ros2/project/local_mapping/install/gradient_mapping/share/ament_index/resource_index/package_run_dependencies/gradient_mapping
[1.703s] -- Up-to-date symlink: /workspaces/codespace/ros2/project/local_mapping/install/gradient_mapping/share/ament_index/resource_index/parent_prefix_path/gradient_mapping
[1.703s] -- Up-to-date symlink: /workspaces/codespace/ros2/project/local_mapping/install/gradient_mapping/share/gradient_mapping/environment/ament_prefix_path.sh
[1.703s] -- Up-to-date symlink: /workspaces/codespace/ros2/project/local_mapping/install/gradient_mapping/share/gradient_mapping/environment/ament_prefix_path.dsv
[1.703s] -- Up-to-date symlink: /workspaces/codespace/ros2/project/local_mapping/install/gradient_mapping/share/gradient_mapping/environment/path.sh
[1.704s] -- Up-to-date symlink: /workspaces/codespace/ros2/project/local_mapping/install/gradient_mapping/share/gradient_mapping/environment/path.dsv
[1.704s] -- Up-to-date symlink: /workspaces/codespace/ros2/project/local_mapping/install/gradient_mapping/share/gradient_mapping/local_setup.bash
[1.704s] -- Up-to-date symlink: /workspaces/codespace/ros2/project/local_mapping/install/gradient_mapping/share/gradient_mapping/local_setup.sh
[1.704s] -- Up-to-date symlink: /workspaces/codespace/ros2/project/local_mapping/install/gradient_mapping/share/gradient_mapping/local_setup.zsh
[1.704s] -- Up-to-date symlink: /workspaces/codespace/ros2/project/local_mapping/install/gradient_mapping/share/gradient_mapping/local_setup.dsv
[1.704s] -- Symlinking: /workspaces/codespace/ros2/project/local_mapping/install/gradient_mapping/share/gradient_mapping/package.dsv
[1.713s] -- Up-to-date symlink: /workspaces/codespace/ros2/project/local_mapping/install/gradient_mapping/share/ament_index/resource_index/packages/gradient_mapping
[1.713s] -- Up-to-date symlink: /workspaces/codespace/ros2/project/local_mapping/install/gradient_mapping/share/gradient_mapping/cmake/rosidl_cmake-extras.cmake
[1.714s] -- Up-to-date symlink: /workspaces/codespace/ros2/project/local_mapping/install/gradient_mapping/share/gradient_mapping/cmake/ament_cmake_export_dependencies-extras.cmake
[1.714s] -- Up-to-date symlink: /workspaces/codespace/ros2/project/local_mapping/install/gradient_mapping/share/gradient_mapping/cmake/ament_cmake_export_include_directories-extras.cmake
[1.714s] -- Up-to-date symlink: /workspaces/codespace/ros2/project/local_mapping/install/gradient_mapping/share/gradient_mapping/cmake/ament_cmake_export_libraries-extras.cmake
[1.714s] -- Up-to-date symlink: /workspaces/codespace/ros2/project/local_mapping/install/gradient_mapping/share/gradient_mapping/cmake/ament_cmake_export_targets-extras.cmake
[1.714s] -- Up-to-date symlink: /workspaces/codespace/ros2/project/local_mapping/install/gradient_mapping/share/gradient_mapping/cmake/rosidl_cmake_export_typesupport_targets-extras.cmake
[1.714s] -- Up-to-date symlink: /workspaces/codespace/ros2/project/local_mapping/install/gradient_mapping/share/gradient_mapping/cmake/rosidl_cmake_export_typesupport_libraries-extras.cmake
[1.714s] -- Up-to-date symlink: /workspaces/codespace/ros2/project/local_mapping/install/gradient_mapping/share/gradient_mapping/cmake/gradient_mappingConfig.cmake
[1.715s] -- Up-to-date symlink: /workspaces/codespace/ros2/project/local_mapping/install/gradient_mapping/share/gradient_mapping/cmake/gradient_mappingConfig-version.cmake
[1.715s] -- Up-to-date symlink: /workspaces/codespace/ros2/project/local_mapping/install/gradient_mapping/share/gradient_mapping/package.xml
[1.715s] -- Up-to-date: /workspaces/codespace/ros2/project/local_mapping/install/gradient_mapping/lib/libgradient_mapping__rosidl_generator_c.so
[1.715s] -- Up-to-date: /workspaces/codespace/ros2/project/local_mapping/install/gradient_mapping/lib/libgradient_mapping__rosidl_typesupport_fastrtps_c.so
[1.716s] -- Up-to-date: /workspaces/codespace/ros2/project/local_mapping/install/gradient_mapping/lib/libgradient_mapping__rosidl_typesupport_fastrtps_cpp.so
[1.716s] -- Up-to-date: /workspaces/codespace/ros2/project/local_mapping/install/gradient_mapping/lib/libgradient_mapping__rosidl_typesupport_introspection_c.so
[1.716s] -- Up-to-date: /workspaces/codespace/ros2/project/local_mapping/install/gradient_mapping/lib/libgradient_mapping__rosidl_typesupport_c.so
[1.716s] -- Up-to-date: /workspaces/codespace/ros2/project/local_mapping/install/gradient_mapping/lib/libgradient_mapping__rosidl_typesupport_introspection_cpp.so
[1.717s] -- Up-to-date: /workspaces/codespace/ros2/project/local_mapping/install/gradient_mapping/lib/libgradient_mapping__rosidl_typesupport_cpp.so
[1.742s] Listing '/workspaces/codespace/ros2/project/local_mapping/install/gradient_mapping/local/lib/python3.10/dist-packages/gradient_mapping'...
[1.742s] Compiling '/workspaces/codespace/ros2/project/local_mapping/install/gradient_mapping/local/lib/python3.10/dist-packages/gradient_mapping/__init__.py'...
[1.742s] Listing '/workspaces/codespace/ros2/project/local_mapping/install/gradient_mapping/local/lib/python3.10/dist-packages/gradient_mapping/msg'...
[1.745s] -- Up-to-date: /workspaces/codespace/ros2/project/local_mapping/install/gradient_mapping/lib/libgradient_mapping__rosidl_generator_py.so
[1.745s] -- Up-to-date: /workspaces/codespace/ros2/project/local_mapping/install/gradient_mapping/share/gradient_mapping/cmake/export_gradient_mapping__rosidl_generator_cExport.cmake
[1.745s] -- Up-to-date: /workspaces/codespace/ros2/project/local_mapping/install/gradient_mapping/share/gradient_mapping/cmake/export_gradient_mapping__rosidl_generator_cExport-noconfig.cmake
[1.745s] -- Up-to-date: /workspaces/codespace/ros2/project/local_mapping/install/gradient_mapping/share/gradient_mapping/cmake/export_gradient_mapping__rosidl_typesupport_fastrtps_cExport.cmake
[1.745s] -- Up-to-date: /workspaces/codespace/ros2/project/local_mapping/install/gradient_mapping/share/gradient_mapping/cmake/export_gradient_mapping__rosidl_typesupport_fastrtps_cExport-noconfig.cmake
[1.745s] -- Up-to-date: /workspaces/codespace/ros2/project/local_mapping/install/gradient_mapping/share/gradient_mapping/cmake/export_gradient_mapping__rosidl_generator_cppExport.cmake
[1.746s] -- Up-to-date: /workspaces/codespace/ros2/project/local_mapping/install/gradient_mapping/share/gradient_mapping/cmake/export_gradient_mapping__rosidl_typesupport_fastrtps_cppExport.cmake
[1.746s] -- Up-to-date: /workspaces/codespace/ros2/project/local_mapping/install/gradient_mapping/share/gradient_mapping/cmake/export_gradient_mapping__rosidl_typesupport_fastrtps_cppExport-noconfig.cmake
[1.746s] -- Up-to-date: /workspaces/codespace/ros2/project/local_mapping/install/gradient_mapping/share/gradient_mapping/cmake/gradient_mapping__rosidl_typesupport_introspection_cExport.cmake
[1.746s] -- Up-to-date: /workspaces/codespace/ros2/project/local_mapping/install/gradient_mapping/share/gradient_mapping/cmake/gradient_mapping__rosidl_typesupport_introspection_cExport-noconfig.cmake
[1.746s] -- Up-to-date: /workspaces/codespace/ros2/project/local_mapping/install/gradient_mapping/share/gradient_mapping/cmake/gradient_mapping__rosidl_typesupport_cExport.cmake
[1.746s] -- Up-to-date: /workspaces/codespace/ros2/project/local_mapping/install/gradient_mapping/share/gradient_mapping/cmake/gradient_mapping__rosidl_typesupport_cExport-noconfig.cmake
[1.746s] -- Up-to-date: /workspaces/codespace/ros2/project/local_mapping/install/gradient_mapping/share/gradient_mapping/cmake/gradient_mapping__rosidl_typesupport_introspection_cppExport.cmake
[1.746s] -- Up-to-date: /workspaces/codespace/ros2/project/local_mapping/install/gradient_mapping/share/gradient_mapping/cmake/gradient_mapping__rosidl_typesupport_introspection_cppExport-noconfig.cmake
[1.746s] -- Up-to-date: /workspaces/codespace/ros2/project/local_mapping/install/gradient_mapping/share/gradient_mapping/cmake/gradient_mapping__rosidl_typesupport_cppExport.cmake
[1.746s] -- Up-to-date: /workspaces/codespace/ros2/project/local_mapping/install/gradient_mapping/share/gradient_mapping/cmake/gradient_mapping__rosidl_typesupport_cppExport-noconfig.cmake
[1.746s] -- Up-to-date: /workspaces/codespace/ros2/project/local_mapping/install/gradient_mapping/share/gradient_mapping/cmake/export_gradient_mapping__rosidl_generator_pyExport.cmake
[1.746s] -- Up-to-date: /workspaces/codespace/ros2/project/local_mapping/install/gradient_mapping/share/gradient_mapping/cmake/export_gradient_mapping__rosidl_generator_pyExport-noconfig.cmake
[1.748s] Invoked command in '/workspaces/codespace/ros2/project/local_mapping/build/gradient_mapping' returned '0': CMAKE_PREFIX_PATH=/opt/ros/humble /usr/bin/cmake --install /workspaces/codespace/ros2/project/local_mapping/build/gradient_mapping
