[ 25%] [32mBuilding CXX object CMakeFiles/timer_lambda.dir/lambda.cpp.o[0m
[ 50%] [32mBuilding CXX object CMakeFiles/timer_member_function.dir/member_function.cpp.o[0m
[ 75%] [32m[1mLinking CXX executable timer_lambda[0m
[100%] [32m[1mLinking CXX executable timer_member_function[0m
[100%] Built target timer_lambda
[100%] Built target timer_member_function
-- Install configuration: ""
-- Execute custom install script
-- Symlinking: /workspaces/codespace/ros2/project/tutorial/install/examples_rclcpp_minimal_timer/lib/examples_rclcpp_minimal_timer/timer_lambda
-- Symlinking: /workspaces/codespace/ros2/project/tutorial/install/examples_rclcpp_minimal_timer/lib/examples_rclcpp_minimal_timer/timer_member_function
-- Symlinking: /workspaces/codespace/ros2/project/tutorial/install/examples_rclcpp_minimal_timer/share/ament_index/resource_index/package_run_dependencies/examples_rclcpp_minimal_timer
-- Symlinking: /workspaces/codespace/ros2/project/tutorial/install/examples_rclcpp_minimal_timer/share/ament_index/resource_index/parent_prefix_path/examples_rclcpp_minimal_timer
-- Symlinking: /workspaces/codespace/ros2/project/tutorial/install/examples_rclcpp_minimal_timer/share/examples_rclcpp_minimal_timer/environment/ament_prefix_path.sh
-- Symlinking: /workspaces/codespace/ros2/project/tutorial/install/examples_rclcpp_minimal_timer/share/examples_rclcpp_minimal_timer/environment/ament_prefix_path.dsv
-- Symlinking: /workspaces/codespace/ros2/project/tutorial/install/examples_rclcpp_minimal_timer/share/examples_rclcpp_minimal_timer/environment/path.sh
-- Symlinking: /workspaces/codespace/ros2/project/tutorial/install/examples_rclcpp_minimal_timer/share/examples_rclcpp_minimal_timer/environment/path.dsv
-- Symlinking: /workspaces/codespace/ros2/project/tutorial/install/examples_rclcpp_minimal_timer/share/examples_rclcpp_minimal_timer/local_setup.bash
-- Symlinking: /workspaces/codespace/ros2/project/tutorial/install/examples_rclcpp_minimal_timer/share/examples_rclcpp_minimal_timer/local_setup.sh
-- Symlinking: /workspaces/codespace/ros2/project/tutorial/install/examples_rclcpp_minimal_timer/share/examples_rclcpp_minimal_timer/local_setup.zsh
-- Symlinking: /workspaces/codespace/ros2/project/tutorial/install/examples_rclcpp_minimal_timer/share/examples_rclcpp_minimal_timer/local_setup.dsv
-- Symlinking: /workspaces/codespace/ros2/project/tutorial/install/examples_rclcpp_minimal_timer/share/examples_rclcpp_minimal_timer/package.dsv
-- Symlinking: /workspaces/codespace/ros2/project/tutorial/install/examples_rclcpp_minimal_timer/share/ament_index/resource_index/packages/examples_rclcpp_minimal_timer
-- Symlinking: /workspaces/codespace/ros2/project/tutorial/install/examples_rclcpp_minimal_timer/share/examples_rclcpp_minimal_timer/cmake/examples_rclcpp_minimal_timerConfig.cmake
-- Symlinking: /workspaces/codespace/ros2/project/tutorial/install/examples_rclcpp_minimal_timer/share/examples_rclcpp_minimal_timer/cmake/examples_rclcpp_minimal_timerConfig-version.cmake
-- Symlinking: /workspaces/codespace/ros2/project/tutorial/install/examples_rclcpp_minimal_timer/share/examples_rclcpp_minimal_timer/package.xml
