[0.051s] Invoking command in '/workspaces/codespace/ros2/project/local_mapping/build/full_matching': CMAKE_PREFIX_PATH=${CMAKE_PREFIX_PATH}:/opt/ros/humble /usr/bin/cmake --build /workspaces/codespace/ros2/project/local_mapping/build/full_matching -- -j16 -l16
[0.087s] Invoked command in '/workspaces/codespace/ros2/project/local_mapping/build/full_matching' returned '0': CMAKE_PREFIX_PATH=${CMAKE_PREFIX_PATH}:/opt/ros/humble /usr/bin/cmake --build /workspaces/codespace/ros2/project/local_mapping/build/full_matching -- -j16 -l16
[0.117s] Invoking command in '/workspaces/codespace/ros2/project/local_mapping/build/full_matching': CMAKE_PREFIX_PATH=${CMAKE_PREFIX_PATH}:/opt/ros/humble /usr/bin/cmake --install /workspaces/codespace/ros2/project/local_mapping/build/full_matching
[0.123s] -- Install configuration: ""
[0.124s] -- Execute custom install script
[0.124s] -- Up-to-date symlink: /workspaces/codespace/ros2/project/local_mapping/install/full_matching/share/ament_index/resource_index/package_run_dependencies/full_matching
[0.124s] -- Up-to-date symlink: /workspaces/codespace/ros2/project/local_mapping/install/full_matching/share/ament_index/resource_index/parent_prefix_path/full_matching
[0.124s] -- Up-to-date symlink: /workspaces/codespace/ros2/project/local_mapping/install/full_matching/share/full_matching/environment/ament_prefix_path.sh
[0.124s] -- Up-to-date symlink: /workspaces/codespace/ros2/project/local_mapping/install/full_matching/share/full_matching/environment/ament_prefix_path.dsv
[0.125s] -- Up-to-date symlink: /workspaces/codespace/ros2/project/local_mapping/install/full_matching/share/full_matching/environment/path.sh
[0.125s] -- Up-to-date symlink: /workspaces/codespace/ros2/project/local_mapping/install/full_matching/share/full_matching/environment/path.dsv
[0.125s] -- Up-to-date symlink: /workspaces/codespace/ros2/project/local_mapping/install/full_matching/share/full_matching/local_setup.bash
[0.125s] -- Up-to-date symlink: /workspaces/codespace/ros2/project/local_mapping/install/full_matching/share/full_matching/local_setup.sh
[0.125s] -- Up-to-date symlink: /workspaces/codespace/ros2/project/local_mapping/install/full_matching/share/full_matching/local_setup.zsh
[0.126s] -- Up-to-date symlink: /workspaces/codespace/ros2/project/local_mapping/install/full_matching/share/full_matching/local_setup.dsv
[0.126s] -- Symlinking: /workspaces/codespace/ros2/project/local_mapping/install/full_matching/share/full_matching/package.dsv
[0.135s] -- Up-to-date symlink: /workspaces/codespace/ros2/project/local_mapping/install/full_matching/share/ament_index/resource_index/packages/full_matching
[0.135s] -- Up-to-date symlink: /workspaces/codespace/ros2/project/local_mapping/install/full_matching/share/full_matching/cmake/full_matchingConfig.cmake
[0.135s] -- Up-to-date symlink: /workspaces/codespace/ros2/project/local_mapping/install/full_matching/share/full_matching/cmake/full_matchingConfig-version.cmake
[0.135s] -- Up-to-date symlink: /workspaces/codespace/ros2/project/local_mapping/install/full_matching/share/full_matching/package.xml
[0.137s] Invoked command in '/workspaces/codespace/ros2/project/local_mapping/build/full_matching' returned '0': CMAKE_PREFIX_PATH=${CMAKE_PREFIX_PATH}:/opt/ros/humble /usr/bin/cmake --install /workspaces/codespace/ros2/project/local_mapping/build/full_matching
