[0.361s] Invoking command in '/workspaces/codespace/ros2/project/tutorial/build/examples_rclcpp_minimal_timer': CMAKE_PREFIX_PATH=/opt/ros/humble /usr/bin/cmake /workspaces/codespace/ros2/project/tutorial/src/examples/rclcpp/timers/minimal_timer -DAMENT_CMAKE_SYMLINK_INSTALL=1 -DCMAKE_INSTALL_PREFIX=/workspaces/codespace/ros2/project/tutorial/install/examples_rclcpp_minimal_timer
[1.305s] -- The C compiler identification is GNU 11.4.0
[1.305s] -- The CXX compiler identification is GNU 11.4.0
[1.305s] -- Detecting C compiler ABI info
[1.305s] -- Detecting C compiler ABI info - done
[1.305s] -- Check for working C compiler: /usr/bin/cc - skipped
[1.305s] -- Detecting C compile features
[1.305s] -- Detecting C compile features - done
[1.305s] -- Detecting CXX compiler ABI info
[1.305s] -- Detecting CXX compiler ABI info - done
[1.305s] -- Check for working CXX compiler: /usr/bin/c++ - skipped
[1.305s] -- Detecting CXX compile features
[1.305s] -- Detecting CXX compile features - done
[1.306s] -- Found ament_cmake: 1.3.8 (/opt/ros/humble/share/ament_cmake/cmake)
[1.306s] -- Found Python3: /usr/bin/python3 (found version "3.10.12") found components: Interpreter 
[1.306s] -- Override CMake install command with custom implementation using symlinks instead of copying resources
[1.306s] -- Found rclcpp: 16.0.8 (/opt/ros/humble/share/rclcpp/cmake)
[1.306s] -- Found rosidl_generator_c: 3.1.5 (/opt/ros/humble/share/rosidl_generator_c/cmake)
[1.306s] -- Found rosidl_adapter: 3.1.5 (/opt/ros/humble/share/rosidl_adapter/cmake)
[1.306s] -- Found rosidl_generator_cpp: 3.1.5 (/opt/ros/humble/share/rosidl_generator_cpp/cmake)
[1.306s] -- Using all available rosidl_typesupport_c: rosidl_typesupport_fastrtps_c;rosidl_typesupport_introspection_c
[1.309s] -- Using all available rosidl_typesupport_cpp: rosidl_typesupport_fastrtps_cpp;rosidl_typesupport_introspection_cpp
[1.406s] -- Found rmw_implementation_cmake: 6.1.1 (/opt/ros/humble/share/rmw_implementation_cmake/cmake)
[1.410s] -- Found rmw_fastrtps_cpp: 6.2.6 (/opt/ros/humble/share/rmw_fastrtps_cpp/cmake)
[1.541s] -- Found OpenSSL: /usr/lib/x86_64-linux-gnu/libcrypto.so (found version "3.0.2")  
[1.580s] -- Found FastRTPS: /opt/ros/humble/include  
[1.641s] -- Using RMW implementation 'rmw_fastrtps_cpp' as default
[1.655s] -- Looking for pthread.h
[1.769s] -- Looking for pthread.h - found
[1.770s] -- Performing Test CMAKE_HAVE_LIBC_PTHREAD
[1.878s] -- Performing Test CMAKE_HAVE_LIBC_PTHREAD - Success
[1.880s] -- Found Threads: TRUE  
[2.123s] -- Found ament_lint_auto: 0.12.10 (/opt/ros/humble/share/ament_lint_auto/cmake)
[2.249s] -- Added test 'copyright' to check source files copyright and LICENSE
[2.250s] -- Added test 'cppcheck' to perform static code analysis on C / C++ code
[2.250s] -- Configured cppcheck include dirs: 
[2.251s] -- Configured cppcheck exclude dirs and/or files: 
[2.251s] -- Added test 'cpplint' to check C / C++ code against the Google style
[2.252s] -- Configured cpplint exclude dirs and/or files: 
[2.252s] -- Added test 'lint_cmake' to check CMake code style
[2.253s] -- Added test 'uncrustify' to check C / C++ code style
[2.253s] -- Configured uncrustify additional arguments: 
[2.254s] -- Added test 'xmllint' to check XML markup files
[2.255s] -- Configuring done
[2.271s] -- Generating done
[2.274s] -- Build files have been written to: /workspaces/codespace/ros2/project/tutorial/build/examples_rclcpp_minimal_timer
[2.300s] Invoked command in '/workspaces/codespace/ros2/project/tutorial/build/examples_rclcpp_minimal_timer' returned '0': CMAKE_PREFIX_PATH=/opt/ros/humble /usr/bin/cmake /workspaces/codespace/ros2/project/tutorial/src/examples/rclcpp/timers/minimal_timer -DAMENT_CMAKE_SYMLINK_INSTALL=1 -DCMAKE_INSTALL_PREFIX=/workspaces/codespace/ros2/project/tutorial/install/examples_rclcpp_minimal_timer
[2.300s] Invoking command in '/workspaces/codespace/ros2/project/tutorial/build/examples_rclcpp_minimal_timer': CMAKE_PREFIX_PATH=/opt/ros/humble /usr/bin/cmake --build /workspaces/codespace/ros2/project/tutorial/build/examples_rclcpp_minimal_timer -- -j16 -l16
[2.651s] [ 25%] [32mBuilding CXX object CMakeFiles/timer_member_function.dir/member_function.cpp.o[0m
[2.652s] [ 50%] [32mBuilding CXX object CMakeFiles/timer_lambda.dir/lambda.cpp.o[0m
