[ 50%] [32mBuilding CXX object CMakeFiles/service_main.dir/main.cpp.o[0m
[100%] [32m[1mLinking CXX executable service_main[0m
[100%] Built target service_main
-- Install configuration: ""
-- Execute custom install script
-- Symlinking: /workspaces/codespace/ros2/project/tutorial/install/examples_rclcpp_minimal_service/lib/examples_rclcpp_minimal_service/service_main
-- Symlinking: /workspaces/codespace/ros2/project/tutorial/install/examples_rclcpp_minimal_service/share/ament_index/resource_index/package_run_dependencies/examples_rclcpp_minimal_service
-- Symlinking: /workspaces/codespace/ros2/project/tutorial/install/examples_rclcpp_minimal_service/share/ament_index/resource_index/parent_prefix_path/examples_rclcpp_minimal_service
-- Symlinking: /workspaces/codespace/ros2/project/tutorial/install/examples_rclcpp_minimal_service/share/examples_rclcpp_minimal_service/environment/ament_prefix_path.sh
-- Symlinking: /workspaces/codespace/ros2/project/tutorial/install/examples_rclcpp_minimal_service/share/examples_rclcpp_minimal_service/environment/ament_prefix_path.dsv
-- Symlinking: /workspaces/codespace/ros2/project/tutorial/install/examples_rclcpp_minimal_service/share/examples_rclcpp_minimal_service/environment/path.sh
-- Symlinking: /workspaces/codespace/ros2/project/tutorial/install/examples_rclcpp_minimal_service/share/examples_rclcpp_minimal_service/environment/path.dsv
-- Symlinking: /workspaces/codespace/ros2/project/tutorial/install/examples_rclcpp_minimal_service/share/examples_rclcpp_minimal_service/local_setup.bash
-- Symlinking: /workspaces/codespace/ros2/project/tutorial/install/examples_rclcpp_minimal_service/share/examples_rclcpp_minimal_service/local_setup.sh
-- Symlinking: /workspaces/codespace/ros2/project/tutorial/install/examples_rclcpp_minimal_service/share/examples_rclcpp_minimal_service/local_setup.zsh
-- Symlinking: /workspaces/codespace/ros2/project/tutorial/install/examples_rclcpp_minimal_service/share/examples_rclcpp_minimal_service/local_setup.dsv
-- Symlinking: /workspaces/codespace/ros2/project/tutorial/install/examples_rclcpp_minimal_service/share/examples_rclcpp_minimal_service/package.dsv
-- Symlinking: /workspaces/codespace/ros2/project/tutorial/install/examples_rclcpp_minimal_service/share/ament_index/resource_index/packages/examples_rclcpp_minimal_service
-- Symlinking: /workspaces/codespace/ros2/project/tutorial/install/examples_rclcpp_minimal_service/share/examples_rclcpp_minimal_service/cmake/examples_rclcpp_minimal_serviceConfig.cmake
-- Symlinking: /workspaces/codespace/ros2/project/tutorial/install/examples_rclcpp_minimal_service/share/examples_rclcpp_minimal_service/cmake/examples_rclcpp_minimal_serviceConfig-version.cmake
-- Symlinking: /workspaces/codespace/ros2/project/tutorial/install/examples_rclcpp_minimal_service/share/examples_rclcpp_minimal_service/package.xml
