[ 25%] [32mBuilding CXX object CMakeFiles/action_client_not_composable.dir/not_composable.cpp.o[0m
[ 37%] [32mBuilding CXX object CMakeFiles/action_client_member_functions.dir/member_functions.cpp.o[0m
[ 50%] [32mBuilding CXX object CMakeFiles/action_client_not_composable_with_feedback.dir/not_composable_with_feedback.cpp.o[0m
[ 50%] [32mBuilding CXX object CMakeFiles/action_client_not_composable_with_cancel.dir/not_composable_with_cancel.cpp.o[0m
[ 62%] [32m[1mLinking CXX executable action_client_not_composable[0m
[ 75%] [32m[1mLinking CXX executable action_client_not_composable_with_cancel[0m
[ 87%] [32m[1mLinking CXX executable action_client_member_functions[0m
[ 87%] Built target action_client_not_composable
[100%] [32m[1mLinking CXX executable action_client_not_composable_with_feedback[0m
[100%] Built target action_client_not_composable_with_cancel
[100%] Built target action_client_member_functions
[100%] Built target action_client_not_composable_with_feedback
-- Install configuration: ""
-- Execute custom install script
-- Symlinking: /workspaces/codespace/ros2/project/tutorial/install/examples_rclcpp_minimal_action_client/lib/examples_rclcpp_minimal_action_client/action_client_member_functions
-- Symlinking: /workspaces/codespace/ros2/project/tutorial/install/examples_rclcpp_minimal_action_client/lib/examples_rclcpp_minimal_action_client/action_client_not_composable
-- Symlinking: /workspaces/codespace/ros2/project/tutorial/install/examples_rclcpp_minimal_action_client/lib/examples_rclcpp_minimal_action_client/action_client_not_composable_with_cancel
-- Symlinking: /workspaces/codespace/ros2/project/tutorial/install/examples_rclcpp_minimal_action_client/lib/examples_rclcpp_minimal_action_client/action_client_not_composable_with_feedback
-- Symlinking: /workspaces/codespace/ros2/project/tutorial/install/examples_rclcpp_minimal_action_client/share/ament_index/resource_index/package_run_dependencies/examples_rclcpp_minimal_action_client
-- Symlinking: /workspaces/codespace/ros2/project/tutorial/install/examples_rclcpp_minimal_action_client/share/ament_index/resource_index/parent_prefix_path/examples_rclcpp_minimal_action_client
-- Symlinking: /workspaces/codespace/ros2/project/tutorial/install/examples_rclcpp_minimal_action_client/share/examples_rclcpp_minimal_action_client/environment/ament_prefix_path.sh
-- Symlinking: /workspaces/codespace/ros2/project/tutorial/install/examples_rclcpp_minimal_action_client/share/examples_rclcpp_minimal_action_client/environment/ament_prefix_path.dsv
-- Symlinking: /workspaces/codespace/ros2/project/tutorial/install/examples_rclcpp_minimal_action_client/share/examples_rclcpp_minimal_action_client/environment/path.sh
-- Symlinking: /workspaces/codespace/ros2/project/tutorial/install/examples_rclcpp_minimal_action_client/share/examples_rclcpp_minimal_action_client/environment/path.dsv
-- Symlinking: /workspaces/codespace/ros2/project/tutorial/install/examples_rclcpp_minimal_action_client/share/examples_rclcpp_minimal_action_client/local_setup.bash
-- Symlinking: /workspaces/codespace/ros2/project/tutorial/install/examples_rclcpp_minimal_action_client/share/examples_rclcpp_minimal_action_client/local_setup.sh
-- Symlinking: /workspaces/codespace/ros2/project/tutorial/install/examples_rclcpp_minimal_action_client/share/examples_rclcpp_minimal_action_client/local_setup.zsh
-- Symlinking: /workspaces/codespace/ros2/project/tutorial/install/examples_rclcpp_minimal_action_client/share/examples_rclcpp_minimal_action_client/local_setup.dsv
-- Symlinking: /workspaces/codespace/ros2/project/tutorial/install/examples_rclcpp_minimal_action_client/share/examples_rclcpp_minimal_action_client/package.dsv
-- Symlinking: /workspaces/codespace/ros2/project/tutorial/install/examples_rclcpp_minimal_action_client/share/ament_index/resource_index/packages/examples_rclcpp_minimal_action_client
-- Symlinking: /workspaces/codespace/ros2/project/tutorial/install/examples_rclcpp_minimal_action_client/share/examples_rclcpp_minimal_action_client/cmake/examples_rclcpp_minimal_action_clientConfig.cmake
-- Symlinking: /workspaces/codespace/ros2/project/tutorial/install/examples_rclcpp_minimal_action_client/share/examples_rclcpp_minimal_action_client/cmake/examples_rclcpp_minimal_action_clientConfig-version.cmake
-- Symlinking: /workspaces/codespace/ros2/project/tutorial/install/examples_rclcpp_minimal_action_client/share/examples_rclcpp_minimal_action_client/package.xml
