[0.049s] Invoking command in '/workspaces/codespace/ros2/project/tutorial/build/examples_rclcpp_minimal_action_client': /usr/bin/cmake --build /workspaces/codespace/ros2/project/tutorial/build/examples_rclcpp_minimal_action_client -- -j16 -l16
[0.193s] [ 25%] [32mBuilding CXX object CMakeFiles/action_client_not_composable.dir/not_composable.cpp.o[0m
[0.193s] [ 37%] [32mBuilding CXX object CMakeFiles/action_client_member_functions.dir/member_functions.cpp.o[0m
[0.193s] [ 50%] [32mBuilding CXX object CMakeFiles/action_client_not_composable_with_feedback.dir/not_composable_with_feedback.cpp.o[0m
[0.194s] [ 50%] [32mBuilding CXX object CMakeFiles/action_client_not_composable_with_cancel.dir/not_composable_with_cancel.cpp.o[0m
[6.683s] [ 62%] [32m[1mLinking CXX executable action_client_not_composable[0m
[6.713s] [ 75%] [32m[1mLinking CXX executable action_client_not_composable_with_cancel[0m
[6.758s] [ 87%] [32m[1mLinking CXX executable action_client_member_functions[0m
[6.918s] [ 87%] Built target action_client_not_composable
[7.001s] [100%] [32m[1mLinking CXX executable action_client_not_composable_with_feedback[0m
[7.008s] [100%] Built target action_client_not_composable_with_cancel
[7.064s] [100%] Built target action_client_member_functions
[7.312s] [100%] Built target action_client_not_composable_with_feedback
[7.333s] Invoked command in '/workspaces/codespace/ros2/project/tutorial/build/examples_rclcpp_minimal_action_client' returned '0': /usr/bin/cmake --build /workspaces/codespace/ros2/project/tutorial/build/examples_rclcpp_minimal_action_client -- -j16 -l16
[7.866s] Invoking command in '/workspaces/codespace/ros2/project/tutorial/build/examples_rclcpp_minimal_action_client': /usr/bin/cmake --install /workspaces/codespace/ros2/project/tutorial/build/examples_rclcpp_minimal_action_client
[7.886s] -- Install configuration: ""
[7.886s] -- Execute custom install script
[7.894s] -- Symlinking: /workspaces/codespace/ros2/project/tutorial/install/examples_rclcpp_minimal_action_client/lib/examples_rclcpp_minimal_action_client/action_client_member_functions
[7.943s] -- Symlinking: /workspaces/codespace/ros2/project/tutorial/install/examples_rclcpp_minimal_action_client/lib/examples_rclcpp_minimal_action_client/action_client_not_composable
[7.998s] -- Symlinking: /workspaces/codespace/ros2/project/tutorial/install/examples_rclcpp_minimal_action_client/lib/examples_rclcpp_minimal_action_client/action_client_not_composable_with_cancel
[8.027s] -- Symlinking: /workspaces/codespace/ros2/project/tutorial/install/examples_rclcpp_minimal_action_client/lib/examples_rclcpp_minimal_action_client/action_client_not_composable_with_feedback
[8.060s] -- Symlinking: /workspaces/codespace/ros2/project/tutorial/install/examples_rclcpp_minimal_action_client/share/ament_index/resource_index/package_run_dependencies/examples_rclcpp_minimal_action_client
[8.107s] -- Symlinking: /workspaces/codespace/ros2/project/tutorial/install/examples_rclcpp_minimal_action_client/share/ament_index/resource_index/parent_prefix_path/examples_rclcpp_minimal_action_client
[8.147s] -- Symlinking: /workspaces/codespace/ros2/project/tutorial/install/examples_rclcpp_minimal_action_client/share/examples_rclcpp_minimal_action_client/environment/ament_prefix_path.sh
[8.186s] -- Symlinking: /workspaces/codespace/ros2/project/tutorial/install/examples_rclcpp_minimal_action_client/share/examples_rclcpp_minimal_action_client/environment/ament_prefix_path.dsv
[8.246s] -- Symlinking: /workspaces/codespace/ros2/project/tutorial/install/examples_rclcpp_minimal_action_client/share/examples_rclcpp_minimal_action_client/environment/path.sh
[8.289s] -- Symlinking: /workspaces/codespace/ros2/project/tutorial/install/examples_rclcpp_minimal_action_client/share/examples_rclcpp_minimal_action_client/environment/path.dsv
[8.326s] -- Symlinking: /workspaces/codespace/ros2/project/tutorial/install/examples_rclcpp_minimal_action_client/share/examples_rclcpp_minimal_action_client/local_setup.bash
[8.355s] -- Symlinking: /workspaces/codespace/ros2/project/tutorial/install/examples_rclcpp_minimal_action_client/share/examples_rclcpp_minimal_action_client/local_setup.sh
[8.401s] -- Symlinking: /workspaces/codespace/ros2/project/tutorial/install/examples_rclcpp_minimal_action_client/share/examples_rclcpp_minimal_action_client/local_setup.zsh
[8.444s] -- Symlinking: /workspaces/codespace/ros2/project/tutorial/install/examples_rclcpp_minimal_action_client/share/examples_rclcpp_minimal_action_client/local_setup.dsv
[8.490s] -- Symlinking: /workspaces/codespace/ros2/project/tutorial/install/examples_rclcpp_minimal_action_client/share/examples_rclcpp_minimal_action_client/package.dsv
[8.532s] -- Symlinking: /workspaces/codespace/ros2/project/tutorial/install/examples_rclcpp_minimal_action_client/share/ament_index/resource_index/packages/examples_rclcpp_minimal_action_client
[8.576s] -- Symlinking: /workspaces/codespace/ros2/project/tutorial/install/examples_rclcpp_minimal_action_client/share/examples_rclcpp_minimal_action_client/cmake/examples_rclcpp_minimal_action_clientConfig.cmake
[8.623s] -- Symlinking: /workspaces/codespace/ros2/project/tutorial/install/examples_rclcpp_minimal_action_client/share/examples_rclcpp_minimal_action_client/cmake/examples_rclcpp_minimal_action_clientConfig-version.cmake
[8.674s] -- Symlinking: /workspaces/codespace/ros2/project/tutorial/install/examples_rclcpp_minimal_action_client/share/examples_rclcpp_minimal_action_client/package.xml
[8.730s] Invoked command in '/workspaces/codespace/ros2/project/tutorial/build/examples_rclcpp_minimal_action_client' returned '0': /usr/bin/cmake --install /workspaces/codespace/ros2/project/tutorial/build/examples_rclcpp_minimal_action_client
