[0.050s] Invoking command in '/workspaces/codespace/ros2/project/local_mapping/build/gradient_mapping': CMAKE_PREFIX_PATH=${CMAKE_PREFIX_PATH}:/opt/ros/humble /usr/bin/cmake --build /workspaces/codespace/ros2/project/local_mapping/build/gradient_mapping -- -j16 -l16
[0.078s] -- Found ament_cmake: 1.3.8 (/opt/ros/humble/share/ament_cmake/cmake)
[0.181s] -- Override CMake install command with custom implementation using symlinks instead of copying resources
[0.188s] -- Found rclcpp: 16.0.8 (/opt/ros/humble/share/rclcpp/cmake)
[0.214s] -- Found rosidl_generator_c: 3.1.5 (/opt/ros/humble/share/rosidl_generator_c/cmake)
[0.216s] -- Found rosidl_adapter: 3.1.5 (/opt/ros/humble/share/rosidl_adapter/cmake)
[0.221s] -- Found rosidl_generator_cpp: 3.1.5 (/opt/ros/humble/share/rosidl_generator_cpp/cmake)
[0.231s] -- Using all available rosidl_typesupport_c: rosidl_typesupport_fastrtps_c;rosidl_typesupport_introspection_c
[0.244s] -- Using all available rosidl_typesupport_cpp: rosidl_typesupport_fastrtps_cpp;rosidl_typesupport_introspection_cpp
[0.294s] -- Found rmw_implementation_cmake: 6.1.1 (/opt/ros/humble/share/rmw_implementation_cmake/cmake)
[0.295s] -- Found rmw_fastrtps_cpp: 6.2.6 (/opt/ros/humble/share/rmw_fastrtps_cpp/cmake)
[0.428s] -- Using RMW implementation 'rmw_fastrtps_cpp' as default
[0.569s] -- Found geometry_msgs: 4.2.3 (/opt/ros/humble/share/geometry_msgs/cmake)
[0.608s] -- Found rosidl_default_generators: 1.2.0 (/opt/ros/humble/share/rosidl_default_generators/cmake)
[0.856s] -- Found ament_cmake_ros: 0.10.0 (/opt/ros/humble/share/ament_cmake_ros/cmake)
[1.212s] -- Using all available rosidl_typesupport_c: rosidl_typesupport_fastrtps_c;rosidl_typesupport_introspection_c
[1.331s] -- Using all available rosidl_typesupport_cpp: rosidl_typesupport_fastrtps_cpp;rosidl_typesupport_introspection_cpp
[1.350s] -- Found python_cmake_module: 0.10.0 (/opt/ros/humble/share/python_cmake_module/cmake)
[1.370s] -- Using PYTHON_EXECUTABLE: /usr/bin/python3
[1.370s] -- Using PYTHON_INCLUDE_DIRS: /usr/include/python3.10
[1.370s] -- Using PYTHON_LIBRARIES: /usr/lib/x86_64-linux-gnu/libpython3.10.so
[1.396s] -- Found ament_lint_auto: 0.12.10 (/opt/ros/humble/share/ament_lint_auto/cmake)
[1.408s] -- Added test 'cppcheck' to perform static code analysis on C / C++ code
[1.408s] -- Configured cppcheck include dirs: 
[1.408s] -- Configured cppcheck exclude dirs and/or files: 
[1.409s] -- Added test 'lint_cmake' to check CMake code style
[1.410s] -- Added test 'uncrustify' to check C / C++ code style
[1.410s] -- Configured uncrustify additional arguments: 
[1.411s] -- Added test 'xmllint' to check XML markup files
[1.413s] -- Configuring done
[1.459s] -- Generating done
[1.463s] -- Build files have been written to: /workspaces/codespace/ros2/project/local_mapping/build/gradient_mapping
[1.494s] [35m[1mConsolidate compiler generated dependencies of target gradient_mapping__rosidl_generator_c[0m
[1.494s] [35m[1mConsolidate compiler generated dependencies of target run[0m
[1.505s] [  2%] Built target gradient_mapping__cpp
[1.506s] [  7%] [32mBuilding C object CMakeFiles/gradient_mapping__rosidl_generator_c.dir/rosidl_generator_c/gradient_mapping/msg/detail/custom_point__functions.c.o[0m
[1.506s] [  7%] [32mBuilding C object CMakeFiles/gradient_mapping__rosidl_generator_c.dir/rosidl_generator_c/gradient_mapping/msg/detail/custom_msg__functions.c.o[0m
[1.514s] [  7%] Built target ament_cmake_python_symlink_gradient_mapping
[1.516s] [35m[1mConsolidate compiler generated dependencies of target gradient_mapping__rosidl_typesupport_introspection_cpp[0m
[1.516s] [35m[1mConsolidate compiler generated dependencies of target gradient_mapping__rosidl_typesupport_cpp[0m
[1.516s] [35m[1mConsolidate compiler generated dependencies of target gradient_mapping__rosidl_typesupport_fastrtps_cpp[0m
[1.517s] [  9%] [32mBuilding CXX object CMakeFiles/run.dir/src/main.cpp.o[0m
[1.533s] [ 14%] [32mBuilding CXX object CMakeFiles/gradient_mapping__rosidl_typesupport_cpp.dir/rosidl_typesupport_cpp/gradient_mapping/msg/custom_msg__type_support.cpp.o[0m
[1.533s] [ 17%] [32mBuilding CXX object CMakeFiles/gradient_mapping__rosidl_typesupport_cpp.dir/rosidl_typesupport_cpp/gradient_mapping/msg/custom_point__type_support.cpp.o[0m
[1.533s] [ 17%] [32mBuilding CXX object CMakeFiles/gradient_mapping__rosidl_typesupport_introspection_cpp.dir/rosidl_typesupport_introspection_cpp/gradient_mapping/msg/detail/custom_point__type_support.cpp.o[0m
[1.533s] [ 19%] [32mBuilding CXX object CMakeFiles/gradient_mapping__rosidl_typesupport_introspection_cpp.dir/rosidl_typesupport_introspection_cpp/gradient_mapping/msg/detail/custom_msg__type_support.cpp.o[0m
[1.534s] [ 21%] [32mBuilding CXX object CMakeFiles/gradient_mapping__rosidl_typesupport_fastrtps_cpp.dir/rosidl_typesupport_fastrtps_cpp/gradient_mapping/msg/detail/dds_fastrtps/custom_msg__type_support.cpp.o[0m
[1.536s] [ 24%] [32mBuilding CXX object CMakeFiles/gradient_mapping__rosidl_typesupport_fastrtps_cpp.dir/rosidl_typesupport_fastrtps_cpp/gradient_mapping/msg/detail/dds_fastrtps/custom_point__type_support.cpp.o[0m
[1.563s] [ 26%] [32m[1mLinking C shared library libgradient_mapping__rosidl_generator_c.so[0m
[1.616s] [ 29%] Built target gradient_mapping__rosidl_generator_c
[1.631s] [35m[1mConsolidate compiler generated dependencies of target gradient_mapping__rosidl_typesupport_introspection_c[0m
[1.631s] [35m[1mConsolidate compiler generated dependencies of target gradient_mapping__rosidl_typesupport_fastrtps_c[0m
[1.631s] [35m[1mConsolidate compiler generated dependencies of target gradient_mapping__rosidl_typesupport_c[0m
[1.648s] [ 31%] [32mBuilding CXX object CMakeFiles/gradient_mapping__rosidl_typesupport_c.dir/rosidl_typesupport_c/gradient_mapping/msg/custom_point__type_support.cpp.o[0m
[1.648s] [ 34%] [32mBuilding C object CMakeFiles/gradient_mapping__rosidl_typesupport_introspection_c.dir/rosidl_typesupport_introspection_c/gradient_mapping/msg/detail/custom_point__type_support.c.o[0m
[1.650s] [ 36%] [32mBuilding CXX object CMakeFiles/gradient_mapping__rosidl_typesupport_c.dir/rosidl_typesupport_c/gradient_mapping/msg/custom_msg__type_support.cpp.o[0m
[1.653s] [ 39%] [32mBuilding C object CMakeFiles/gradient_mapping__rosidl_typesupport_introspection_c.dir/rosidl_typesupport_introspection_c/gradient_mapping/msg/detail/custom_msg__type_support.c.o[0m
[1.661s] [ 41%] [32mBuilding CXX object CMakeFiles/gradient_mapping__rosidl_typesupport_fastrtps_c.dir/rosidl_typesupport_fastrtps_c/gradient_mapping/msg/detail/custom_point__type_support_c.cpp.o[0m
[1.684s] [ 43%] [32mBuilding CXX object CMakeFiles/gradient_mapping__rosidl_typesupport_fastrtps_c.dir/rosidl_typesupport_fastrtps_c/gradient_mapping/msg/detail/custom_msg__type_support_c.cpp.o[0m
[1.710s] [ 46%] [32m[1mLinking CXX shared library libgradient_mapping__rosidl_typesupport_c.so[0m
[1.720s] [ 48%] [32m[1mLinking C shared library libgradient_mapping__rosidl_typesupport_introspection_c.so[0m
[1.773s] [ 51%] Built target gradient_mapping__rosidl_typesupport_introspection_c
[1.781s] [ 53%] Built target gradient_mapping__rosidl_typesupport_c
[1.787s] running egg_info
[1.788s] writing gradient_mapping.egg-info/PKG-INFO
[1.789s] writing dependency_links to gradient_mapping.egg-info/dependency_links.txt
[1.789s] writing top-level names to gradient_mapping.egg-info/top_level.txt
[1.794s] reading manifest file 'gradient_mapping.egg-info/SOURCES.txt'
[1.795s] writing manifest file 'gradient_mapping.egg-info/SOURCES.txt'
[1.852s] [ 53%] Built target ament_cmake_python_build_gradient_mapping_egg
[1.877s] [ 56%] [32m[1mLinking CXX shared library libgradient_mapping__rosidl_typesupport_cpp.so[0m
[1.883s] [01m[K/workspaces/codespace/ros2/project/local_mapping/src/gradient_mapping/src/main.cpp:4:9:[m[K [01;31m[Kerror: [m[K#include expects "FILENAME" or <FILENAME>
[1.884s]     4 | #include
[1.884s]       |         [01;31m[K^[m[K
[1.929s] [ 58%] Built target gradient_mapping__rosidl_typesupport_cpp
[2.034s] [ 60%] [32m[1mLinking CXX shared library libgradient_mapping__rosidl_typesupport_introspection_cpp.so[0m
[2.081s] [ 63%] [32m[1mLinking CXX shared library libgradient_mapping__rosidl_typesupport_fastrtps_c.so[0m
[2.113s] [ 65%] [32m[1mLinking CXX shared library libgradient_mapping__rosidl_typesupport_fastrtps_cpp.so[0m
[2.147s] [ 68%] Built target gradient_mapping__rosidl_typesupport_introspection_cpp
[2.192s] [ 70%] Built target gradient_mapping__rosidl_typesupport_fastrtps_c
[2.230s] [ 73%] Built target gradient_mapping__rosidl_typesupport_fastrtps_cpp
[2.254s] [ 73%] Built target gradient_mapping
[2.278s] [ 75%] Built target gradient_mapping__py
[2.290s] [35m[1mConsolidate compiler generated dependencies of target gradient_mapping__rosidl_generator_py[0m
[2.308s] [ 80%] [32mBuilding C object CMakeFiles/gradient_mapping__rosidl_generator_py.dir/rosidl_generator_py/gradient_mapping/msg/_custom_msg_s.c.o[0m
[2.308s] [ 80%] [32mBuilding C object CMakeFiles/gradient_mapping__rosidl_generator_py.dir/rosidl_generator_py/gradient_mapping/msg/_custom_point_s.c.o[0m
[2.415s] [ 82%] [32m[1mLinking C shared library rosidl_generator_py/gradient_mapping/libgradient_mapping__rosidl_generator_py.so[0m
[2.458s] [ 82%] Built target gradient_mapping__rosidl_generator_py
[2.470s] [35m[1mConsolidate compiler generated dependencies of target gradient_mapping__rosidl_typesupport_c__pyext[0m
[2.470s] [35m[1mConsolidate compiler generated dependencies of target gradient_mapping__rosidl_typesupport_introspection_c__pyext[0m
[2.470s] [35m[1mConsolidate compiler generated dependencies of target gradient_mapping__rosidl_typesupport_fastrtps_c__pyext[0m
[2.486s] [ 90%] [32mBuilding C object CMakeFiles/gradient_mapping__rosidl_typesupport_fastrtps_c__pyext.dir/rosidl_generator_py/gradient_mapping/_gradient_mapping_s.ep.rosidl_typesupport_fastrtps_c.c.o[0m
[2.486s] [ 90%] [32mBuilding C object CMakeFiles/gradient_mapping__rosidl_typesupport_c__pyext.dir/rosidl_generator_py/gradient_mapping/_gradient_mapping_s.ep.rosidl_typesupport_c.c.o[0m
[2.486s] [ 90%] [32mBuilding C object CMakeFiles/gradient_mapping__rosidl_typesupport_introspection_c__pyext.dir/rosidl_generator_py/gradient_mapping/_gradient_mapping_s.ep.rosidl_typesupport_introspection_c.c.o[0m
[2.593s] [ 92%] [32m[1mLinking C shared library rosidl_generator_py/gradient_mapping/gradient_mapping_s__rosidl_typesupport_c.cpython-310-x86_64-linux-gnu.so[0m
[2.594s] [ 95%] [32m[1mLinking C shared library rosidl_generator_py/gradient_mapping/gradient_mapping_s__rosidl_typesupport_fastrtps_c.cpython-310-x86_64-linux-gnu.so[0m
[2.595s] [ 97%] [32m[1mLinking C shared library rosidl_generator_py/gradient_mapping/gradient_mapping_s__rosidl_typesupport_introspection_c.cpython-310-x86_64-linux-gnu.so[0m
[2.635s] [ 97%] Built target gradient_mapping__rosidl_typesupport_fastrtps_c__pyext
[2.635s] [ 97%] Built target gradient_mapping__rosidl_typesupport_c__pyext
[2.635s] [ 97%] Built target gradient_mapping__rosidl_typesupport_introspection_c__pyext
[3.758s] [01m[K/workspaces/codespace/ros2/project/local_mapping/src/gradient_mapping/src/main.cpp:[m[K In function ‘[01m[Kint main()[m[K’:
[3.758s] [01m[K/workspaces/codespace/ros2/project/local_mapping/src/gradient_mapping/src/main.cpp:10:14:[m[K [01;31m[Kerror: [m[K‘[01m[Kgradient_mapping[m[K’ has not been declared
[3.758s]    10 |     auto a = [01;31m[Kgradient_mapping[m[K::msg::CustomPoint;
[3.759s]       |              [01;31m[K^~~~~~~~~~~~~~~~[m[K
[4.098s] gmake[2]: *** [CMakeFiles/run.dir/build.make:76: CMakeFiles/run.dir/src/main.cpp.o] Error 1
[4.098s] gmake[1]: *** [CMakeFiles/Makefile2:592: CMakeFiles/run.dir/all] Error 2
[4.098s] gmake: *** [Makefile:146: all] Error 2
[4.100s] Invoked command in '/workspaces/codespace/ros2/project/local_mapping/build/gradient_mapping' returned '2': CMAKE_PREFIX_PATH=${CMAKE_PREFIX_PATH}:/opt/ros/humble /usr/bin/cmake --build /workspaces/codespace/ros2/project/local_mapping/build/gradient_mapping -- -j16 -l16
