[0.745s] Invoking command in '/workspaces/codespace/ros2/project/tutorial/build/examples_rclpy_pointcloud_publisher': PYTHONPATH=/workspaces/codespace/ros2/project/tutorial/build/examples_rclpy_pointcloud_publisher/prefix_override:/workspaces/codespace/ros2/project/tutorial/install/examples_rclpy_pointcloud_publisher/lib/python3.10/site-packages: /usr/bin/python3 setup.py develop --editable --build-directory /workspaces/codespace/ros2/project/tutorial/build/examples_rclpy_pointcloud_publisher/build --no-deps install_data
[1.045s] running develop
[1.046s] /usr/lib/python3/dist-packages/setuptools/command/easy_install.py:158: EasyInstallDeprecationWarning: easy_install command is deprecated. Use build and pip and other standards-based tools.
[1.046s]   warnings.warn(
[1.048s] /usr/lib/python3/dist-packages/setuptools/command/install.py:34: SetuptoolsDeprecationWarning: setup.py install is deprecated. Use build and pip and other standards-based tools.
[1.048s]   warnings.warn(
[1.115s] running egg_info
[1.116s] creating examples_rclpy_pointcloud_publisher.egg-info
[1.117s] writing examples_rclpy_pointcloud_publisher.egg-info/PKG-INFO
[1.119s] writing dependency_links to examples_rclpy_pointcloud_publisher.egg-info/dependency_links.txt
[1.120s] writing entry points to examples_rclpy_pointcloud_publisher.egg-info/entry_points.txt
[1.121s] writing requirements to examples_rclpy_pointcloud_publisher.egg-info/requires.txt
[1.122s] writing top-level names to examples_rclpy_pointcloud_publisher.egg-info/top_level.txt
[1.123s] writing manifest file 'examples_rclpy_pointcloud_publisher.egg-info/SOURCES.txt'
[1.127s] reading manifest file 'examples_rclpy_pointcloud_publisher.egg-info/SOURCES.txt'
[1.128s] writing manifest file 'examples_rclpy_pointcloud_publisher.egg-info/SOURCES.txt'
[1.131s] running build_ext
[1.131s] Creating /workspaces/codespace/ros2/project/tutorial/install/examples_rclpy_pointcloud_publisher/lib/python3.10/site-packages/examples-rclpy-pointcloud-publisher.egg-link (link to .)
[1.133s] Installing pointcloud_publisher script to /workspaces/codespace/ros2/project/tutorial/install/examples_rclpy_pointcloud_publisher/lib/examples_rclpy_pointcloud_publisher
[1.134s] 
[1.134s] Installed /workspaces/codespace/ros2/project/tutorial/build/examples_rclpy_pointcloud_publisher
[1.134s] running install_data
[1.134s] creating /workspaces/codespace/ros2/project/tutorial/install/examples_rclpy_pointcloud_publisher/share/ament_index
[1.134s] creating /workspaces/codespace/ros2/project/tutorial/install/examples_rclpy_pointcloud_publisher/share/ament_index/resource_index
[1.135s] creating /workspaces/codespace/ros2/project/tutorial/install/examples_rclpy_pointcloud_publisher/share/ament_index/resource_index/packages
[1.135s] copying resource/examples_rclpy_pointcloud_publisher -> /workspaces/codespace/ros2/project/tutorial/install/examples_rclpy_pointcloud_publisher/share/ament_index/resource_index/packages
[1.135s] copying package.xml -> /workspaces/codespace/ros2/project/tutorial/install/examples_rclpy_pointcloud_publisher/share/examples_rclpy_pointcloud_publisher
[1.255s] Invoked command in '/workspaces/codespace/ros2/project/tutorial/build/examples_rclpy_pointcloud_publisher' returned '0': PYTHONPATH=/workspaces/codespace/ros2/project/tutorial/build/examples_rclpy_pointcloud_publisher/prefix_override:/workspaces/codespace/ros2/project/tutorial/install/examples_rclpy_pointcloud_publisher/lib/python3.10/site-packages: /usr/bin/python3 setup.py develop --editable --build-directory /workspaces/codespace/ros2/project/tutorial/build/examples_rclpy_pointcloud_publisher/build --no-deps install_data
