[0.039s] Invoking command in '/workspaces/codespace/ros2/project/local_mapping/build/gradient_mapping': CMAKE_PREFIX_PATH=/opt/ros/humble /usr/bin/cmake --build /workspaces/codespace/ros2/project/local_mapping/build/gradient_mapping -- -j16 -l16
[0.061s] -- Found ament_cmake: 1.3.8 (/opt/ros/humble/share/ament_cmake/cmake)
[0.155s] -- Override CMake install command with custom implementation using symlinks instead of copying resources
[0.162s] -- Found rclcpp: 16.0.8 (/opt/ros/humble/share/rclcpp/cmake)
[0.188s] -- Found rosidl_generator_c: 3.1.5 (/opt/ros/humble/share/rosidl_generator_c/cmake)
[0.190s] -- Found rosidl_adapter: 3.1.5 (/opt/ros/humble/share/rosidl_adapter/cmake)
[0.195s] -- Found rosidl_generator_cpp: 3.1.5 (/opt/ros/humble/share/rosidl_generator_cpp/cmake)
[0.204s] -- Using all available rosidl_typesupport_c: rosidl_typesupport_fastrtps_c;rosidl_typesupport_introspection_c
[0.217s] -- Using all available rosidl_typesupport_cpp: rosidl_typesupport_fastrtps_cpp;rosidl_typesupport_introspection_cpp
[0.263s] -- Found rmw_implementation_cmake: 6.1.1 (/opt/ros/humble/share/rmw_implementation_cmake/cmake)
[0.264s] -- Found rmw_fastrtps_cpp: 6.2.6 (/opt/ros/humble/share/rmw_fastrtps_cpp/cmake)
[0.385s] -- Using RMW implementation 'rmw_fastrtps_cpp' as default
[0.506s] -- Found geometry_msgs: 4.2.3 (/opt/ros/humble/share/geometry_msgs/cmake)
[0.539s] -- Found rosidl_default_generators: 1.2.0 (/opt/ros/humble/share/rosidl_default_generators/cmake)
[0.753s] -- Found ament_cmake_ros: 0.10.0 (/opt/ros/humble/share/ament_cmake_ros/cmake)
[1.069s] -- Using all available rosidl_typesupport_c: rosidl_typesupport_fastrtps_c;rosidl_typesupport_introspection_c
[1.198s] -- Using all available rosidl_typesupport_cpp: rosidl_typesupport_fastrtps_cpp;rosidl_typesupport_introspection_cpp
[1.217s] -- Found python_cmake_module: 0.10.0 (/opt/ros/humble/share/python_cmake_module/cmake)
[1.234s] -- Using PYTHON_EXECUTABLE: /usr/bin/python3
[1.234s] -- Using PYTHON_INCLUDE_DIRS: /usr/include/python3.10
[1.234s] -- Using PYTHON_LIBRARIES: /usr/lib/x86_64-linux-gnu/libpython3.10.so
[1.262s] -- Found ament_lint_auto: 0.12.10 (/opt/ros/humble/share/ament_lint_auto/cmake)
[1.272s] -- Added test 'cppcheck' to perform static code analysis on C / C++ code
[1.272s] -- Configured cppcheck include dirs: 
[1.272s] -- Configured cppcheck exclude dirs and/or files: 
[1.273s] -- Added test 'lint_cmake' to check CMake code style
[1.274s] -- Added test 'uncrustify' to check C / C++ code style
[1.274s] -- Configured uncrustify additional arguments: 
[1.275s] -- Added test 'xmllint' to check XML markup files
[1.277s] -- Configuring done
[1.325s] -- Generating done
[1.329s] -- Build files have been written to: /workspaces/codespace/ros2/project/local_mapping/build/gradient_mapping
[1.355s] [35m[1mConsolidate compiler generated dependencies of target gradient_mapping__rosidl_generator_c[0m
[1.355s] [35m[1mConsolidate compiler generated dependencies of target run[0m
[1.364s] [  2%] Built target gradient_mapping__cpp
[1.366s] [ 12%] Built target gradient_mapping__rosidl_generator_c
[1.373s] [ 12%] Built target ament_cmake_python_symlink_gradient_mapping
[1.374s] [ 14%] [32mBuilding CXX object CMakeFiles/run.dir/src/main.cpp.o[0m
[1.374s] [35m[1mConsolidate compiler generated dependencies of target gradient_mapping__rosidl_typesupport_cpp[0m
[1.374s] [35m[1mConsolidate compiler generated dependencies of target gradient_mapping__rosidl_typesupport_introspection_cpp[0m
[1.376s] [35m[1mConsolidate compiler generated dependencies of target gradient_mapping__rosidl_typesupport_fastrtps_cpp[0m
[1.376s] [35m[1mConsolidate compiler generated dependencies of target gradient_mapping__rosidl_typesupport_fastrtps_c[0m
[1.376s] [35m[1mConsolidate compiler generated dependencies of target gradient_mapping__rosidl_typesupport_c[0m
[1.376s] [35m[1mConsolidate compiler generated dependencies of target gradient_mapping__rosidl_typesupport_introspection_c[0m
[1.387s] [ 34%] Built target gradient_mapping__rosidl_typesupport_c
[1.387s] [ 34%] Built target gradient_mapping__rosidl_typesupport_introspection_c
[1.387s] [ 43%] Built target gradient_mapping__rosidl_typesupport_introspection_cpp
[1.388s] [ 53%] Built target gradient_mapping__rosidl_typesupport_cpp
[1.390s] [ 73%] Built target gradient_mapping__rosidl_typesupport_fastrtps_c
[1.391s] [ 73%] Built target gradient_mapping__rosidl_typesupport_fastrtps_cpp
[1.411s] [ 73%] Built target gradient_mapping
[1.433s] [ 75%] Built target gradient_mapping__py
[1.444s] [35m[1mConsolidate compiler generated dependencies of target gradient_mapping__rosidl_generator_py[0m
[1.459s] [ 82%] Built target gradient_mapping__rosidl_generator_py
[1.469s] [35m[1mConsolidate compiler generated dependencies of target gradient_mapping__rosidl_typesupport_fastrtps_c__pyext[0m
[1.469s] [35m[1mConsolidate compiler generated dependencies of target gradient_mapping__rosidl_typesupport_c__pyext[0m
[1.469s] [35m[1mConsolidate compiler generated dependencies of target gradient_mapping__rosidl_typesupport_introspection_c__pyext[0m
[1.484s] [ 97%] Built target gradient_mapping__rosidl_typesupport_introspection_c__pyext
[1.484s] [ 97%] Built target gradient_mapping__rosidl_typesupport_fastrtps_c__pyext
[1.484s] [ 97%] Built target gradient_mapping__rosidl_typesupport_c__pyext
[1.549s] running egg_info
[1.550s] writing gradient_mapping.egg-info/PKG-INFO
[1.550s] writing dependency_links to gradient_mapping.egg-info/dependency_links.txt
[1.550s] writing top-level names to gradient_mapping.egg-info/top_level.txt
[1.552s] reading manifest file 'gradient_mapping.egg-info/SOURCES.txt'
[1.553s] writing manifest file 'gradient_mapping.egg-info/SOURCES.txt'
[1.575s] [ 97%] Built target ament_cmake_python_build_gradient_mapping_egg
[3.496s] [100%] [32m[1mLinking CXX executable run[0m
[3.575s] [100%] Built target run
[3.587s] Invoked command in '/workspaces/codespace/ros2/project/local_mapping/build/gradient_mapping' returned '0': CMAKE_PREFIX_PATH=/opt/ros/humble /usr/bin/cmake --build /workspaces/codespace/ros2/project/local_mapping/build/gradient_mapping -- -j16 -l16
[3.670s] Invoking command in '/workspaces/codespace/ros2/project/local_mapping/build/gradient_mapping': CMAKE_PREFIX_PATH=/opt/ros/humble /usr/bin/cmake --install /workspaces/codespace/ros2/project/local_mapping/build/gradient_mapping
[3.677s] -- Install configuration: ""
[3.678s] -- Execute custom install script
[3.678s] -- Up-to-date symlink: /workspaces/codespace/ros2/project/local_mapping/install/gradient_mapping/share/ament_index/resource_index/rosidl_interfaces/gradient_mapping
[3.678s] -- Up-to-date symlink: /workspaces/codespace/ros2/project/local_mapping/install/gradient_mapping/include/gradient_mapping/gradient_mapping/msg/custom_msg.h
[3.678s] -- Up-to-date symlink: /workspaces/codespace/ros2/project/local_mapping/install/gradient_mapping/include/gradient_mapping/gradient_mapping/msg/custom_point.h
[3.679s] -- Up-to-date symlink: /workspaces/codespace/ros2/project/local_mapping/install/gradient_mapping/include/gradient_mapping/gradient_mapping/msg/detail/custom_msg__functions.h
[3.679s] -- Up-to-date symlink: /workspaces/codespace/ros2/project/local_mapping/install/gradient_mapping/include/gradient_mapping/gradient_mapping/msg/detail/custom_msg__struct.h
[3.679s] -- Up-to-date symlink: /workspaces/codespace/ros2/project/local_mapping/install/gradient_mapping/include/gradient_mapping/gradient_mapping/msg/detail/custom_msg__type_support.h
[3.679s] -- Up-to-date symlink: /workspaces/codespace/ros2/project/local_mapping/install/gradient_mapping/include/gradient_mapping/gradient_mapping/msg/detail/custom_point__functions.h
[3.679s] -- Up-to-date symlink: /workspaces/codespace/ros2/project/local_mapping/install/gradient_mapping/include/gradient_mapping/gradient_mapping/msg/detail/custom_point__struct.h
[3.679s] -- Up-to-date symlink: /workspaces/codespace/ros2/project/local_mapping/install/gradient_mapping/include/gradient_mapping/gradient_mapping/msg/detail/custom_point__type_support.h
[3.679s] -- Up-to-date symlink: /workspaces/codespace/ros2/project/local_mapping/install/gradient_mapping/include/gradient_mapping/gradient_mapping/msg/rosidl_generator_c__visibility_control.h
[3.679s] -- Up-to-date symlink: /workspaces/codespace/ros2/project/local_mapping/install/gradient_mapping/share/gradient_mapping/environment/library_path.sh
[3.679s] -- Up-to-date symlink: /workspaces/codespace/ros2/project/local_mapping/install/gradient_mapping/share/gradient_mapping/environment/library_path.dsv
[3.680s] -- Up-to-date symlink: /workspaces/codespace/ros2/project/local_mapping/install/gradient_mapping/include/gradient_mapping/gradient_mapping/msg/detail/custom_msg__rosidl_typesupport_fastrtps_c.h
[3.680s] -- Up-to-date symlink: /workspaces/codespace/ros2/project/local_mapping/install/gradient_mapping/include/gradient_mapping/gradient_mapping/msg/detail/custom_point__rosidl_typesupport_fastrtps_c.h
[3.680s] -- Up-to-date symlink: /workspaces/codespace/ros2/project/local_mapping/install/gradient_mapping/include/gradient_mapping/gradient_mapping/msg/rosidl_typesupport_fastrtps_c__visibility_control.h
[3.681s] -- Up-to-date symlink: /workspaces/codespace/ros2/project/local_mapping/install/gradient_mapping/include/gradient_mapping/gradient_mapping/msg/custom_msg.hpp
[3.681s] -- Up-to-date symlink: /workspaces/codespace/ros2/project/local_mapping/install/gradient_mapping/include/gradient_mapping/gradient_mapping/msg/custom_point.hpp
[3.681s] -- Up-to-date symlink: /workspaces/codespace/ros2/project/local_mapping/install/gradient_mapping/include/gradient_mapping/gradient_mapping/msg/detail/custom_msg__builder.hpp
[3.681s] -- Up-to-date symlink: /workspaces/codespace/ros2/project/local_mapping/install/gradient_mapping/include/gradient_mapping/gradient_mapping/msg/detail/custom_msg__struct.hpp
[3.681s] -- Up-to-date symlink: /workspaces/codespace/ros2/project/local_mapping/install/gradient_mapping/include/gradient_mapping/gradient_mapping/msg/detail/custom_msg__traits.hpp
[3.681s] -- Up-to-date symlink: /workspaces/codespace/ros2/project/local_mapping/install/gradient_mapping/include/gradient_mapping/gradient_mapping/msg/detail/custom_point__builder.hpp
[3.681s] -- Up-to-date symlink: /workspaces/codespace/ros2/project/local_mapping/install/gradient_mapping/include/gradient_mapping/gradient_mapping/msg/detail/custom_point__struct.hpp
[3.681s] -- Up-to-date symlink: /workspaces/codespace/ros2/project/local_mapping/install/gradient_mapping/include/gradient_mapping/gradient_mapping/msg/detail/custom_point__traits.hpp
[3.682s] -- Up-to-date symlink: /workspaces/codespace/ros2/project/local_mapping/install/gradient_mapping/include/gradient_mapping/gradient_mapping/msg/detail/custom_msg__rosidl_typesupport_fastrtps_cpp.hpp
[3.682s] -- Up-to-date symlink: /workspaces/codespace/ros2/project/local_mapping/install/gradient_mapping/include/gradient_mapping/gradient_mapping/msg/detail/custom_point__rosidl_typesupport_fastrtps_cpp.hpp
[3.682s] -- Up-to-date symlink: /workspaces/codespace/ros2/project/local_mapping/install/gradient_mapping/include/gradient_mapping/gradient_mapping/msg/rosidl_typesupport_fastrtps_cpp__visibility_control.h
[3.682s] -- Up-to-date symlink: /workspaces/codespace/ros2/project/local_mapping/install/gradient_mapping/include/gradient_mapping/gradient_mapping/msg/detail/custom_msg__rosidl_typesupport_introspection_c.h
[3.682s] -- Up-to-date symlink: /workspaces/codespace/ros2/project/local_mapping/install/gradient_mapping/include/gradient_mapping/gradient_mapping/msg/detail/custom_point__rosidl_typesupport_introspection_c.h
[3.683s] -- Up-to-date symlink: /workspaces/codespace/ros2/project/local_mapping/install/gradient_mapping/include/gradient_mapping/gradient_mapping/msg/rosidl_typesupport_introspection_c__visibility_control.h
[3.683s] -- Up-to-date symlink: /workspaces/codespace/ros2/project/local_mapping/install/gradient_mapping/include/gradient_mapping/gradient_mapping/msg/detail/custom_msg__rosidl_typesupport_introspection_cpp.hpp
[3.683s] -- Up-to-date symlink: /workspaces/codespace/ros2/project/local_mapping/install/gradient_mapping/include/gradient_mapping/gradient_mapping/msg/detail/custom_point__rosidl_typesupport_introspection_cpp.hpp
[3.683s] -- Up-to-date symlink: /workspaces/codespace/ros2/project/local_mapping/install/gradient_mapping/share/gradient_mapping/environment/pythonpath.sh
[3.683s] -- Up-to-date symlink: /workspaces/codespace/ros2/project/local_mapping/install/gradient_mapping/share/gradient_mapping/environment/pythonpath.dsv
[3.683s] -- Up-to-date symlink: /workspaces/codespace/ros2/project/local_mapping/install/gradient_mapping/local/lib/python3.10/dist-packages/gradient_mapping-0.0.0-py3.10.egg-info/PKG-INFO
[3.684s] -- Up-to-date symlink: /workspaces/codespace/ros2/project/local_mapping/install/gradient_mapping/local/lib/python3.10/dist-packages/gradient_mapping-0.0.0-py3.10.egg-info/SOURCES.txt
[3.684s] -- Up-to-date symlink: /workspaces/codespace/ros2/project/local_mapping/install/gradient_mapping/local/lib/python3.10/dist-packages/gradient_mapping-0.0.0-py3.10.egg-info/dependency_links.txt
[3.684s] -- Up-to-date symlink: /workspaces/codespace/ros2/project/local_mapping/install/gradient_mapping/local/lib/python3.10/dist-packages/gradient_mapping-0.0.0-py3.10.egg-info/top_level.txt
[3.684s] -- Up-to-date symlink: /workspaces/codespace/ros2/project/local_mapping/install/gradient_mapping/local/lib/python3.10/dist-packages/gradient_mapping/__init__.py
[3.684s] -- Up-to-date symlink: /workspaces/codespace/ros2/project/local_mapping/install/gradient_mapping/local/lib/python3.10/dist-packages/gradient_mapping/_gradient_mapping_s.ep.rosidl_typesupport_c.c
[3.685s] -- Up-to-date symlink: /workspaces/codespace/ros2/project/local_mapping/install/gradient_mapping/local/lib/python3.10/dist-packages/gradient_mapping/_gradient_mapping_s.ep.rosidl_typesupport_fastrtps_c.c
[3.685s] -- Up-to-date symlink: /workspaces/codespace/ros2/project/local_mapping/install/gradient_mapping/local/lib/python3.10/dist-packages/gradient_mapping/_gradient_mapping_s.ep.rosidl_typesupport_introspection_c.c
[3.685s] -- Up-to-date symlink: /workspaces/codespace/ros2/project/local_mapping/install/gradient_mapping/local/lib/python3.10/dist-packages/gradient_mapping/gradient_mapping_s__rosidl_typesupport_c.cpython-310-x86_64-linux-gnu.so
[3.685s] -- Up-to-date symlink: /workspaces/codespace/ros2/project/local_mapping/install/gradient_mapping/local/lib/python3.10/dist-packages/gradient_mapping/gradient_mapping_s__rosidl_typesupport_fastrtps_c.cpython-310-x86_64-linux-gnu.so
[3.685s] -- Up-to-date symlink: /workspaces/codespace/ros2/project/local_mapping/install/gradient_mapping/local/lib/python3.10/dist-packages/gradient_mapping/gradient_mapping_s__rosidl_typesupport_introspection_c.cpython-310-x86_64-linux-gnu.so
[3.685s] -- Up-to-date symlink: /workspaces/codespace/ros2/project/local_mapping/install/gradient_mapping/local/lib/python3.10/dist-packages/gradient_mapping/libgradient_mapping__rosidl_generator_py.so
[3.685s] -- Up-to-date symlink: /workspaces/codespace/ros2/project/local_mapping/install/gradient_mapping/local/lib/python3.10/dist-packages/gradient_mapping/msg/__init__.py
[3.685s] -- Up-to-date symlink: /workspaces/codespace/ros2/project/local_mapping/install/gradient_mapping/local/lib/python3.10/dist-packages/gradient_mapping/msg/_custom_msg.py
[3.686s] -- Up-to-date symlink: /workspaces/codespace/ros2/project/local_mapping/install/gradient_mapping/local/lib/python3.10/dist-packages/gradient_mapping/msg/_custom_msg_s.c
[3.686s] -- Up-to-date symlink: /workspaces/codespace/ros2/project/local_mapping/install/gradient_mapping/local/lib/python3.10/dist-packages/gradient_mapping/msg/_custom_point.py
[3.686s] -- Up-to-date symlink: /workspaces/codespace/ros2/project/local_mapping/install/gradient_mapping/local/lib/python3.10/dist-packages/gradient_mapping/msg/_custom_point_s.c
[3.686s] -- Up-to-date symlink: /workspaces/codespace/ros2/project/local_mapping/install/gradient_mapping/local/lib/python3.10/dist-packages/gradient_mapping/gradient_mapping_s__rosidl_typesupport_fastrtps_c.cpython-310-x86_64-linux-gnu.so
[3.686s] -- Up-to-date symlink: /workspaces/codespace/ros2/project/local_mapping/install/gradient_mapping/local/lib/python3.10/dist-packages/gradient_mapping/gradient_mapping_s__rosidl_typesupport_introspection_c.cpython-310-x86_64-linux-gnu.so
[3.686s] -- Up-to-date symlink: /workspaces/codespace/ros2/project/local_mapping/install/gradient_mapping/local/lib/python3.10/dist-packages/gradient_mapping/gradient_mapping_s__rosidl_typesupport_c.cpython-310-x86_64-linux-gnu.so
[3.686s] -- Up-to-date symlink: /workspaces/codespace/ros2/project/local_mapping/install/gradient_mapping/share/gradient_mapping/msg/CustomPoint.idl
[3.687s] -- Up-to-date symlink: /workspaces/codespace/ros2/project/local_mapping/install/gradient_mapping/share/gradient_mapping/msg/CustomMsg.idl
[3.687s] -- Up-to-date symlink: /workspaces/codespace/ros2/project/local_mapping/install/gradient_mapping/share/gradient_mapping/msg/CustomPoint.msg
[3.687s] -- Up-to-date symlink: /workspaces/codespace/ros2/project/local_mapping/install/gradient_mapping/share/gradient_mapping/msg/CustomMsg.msg
[3.687s] -- Up-to-date symlink: /workspaces/codespace/ros2/project/local_mapping/install/gradient_mapping/lib/gradient_mapping/run
[3.687s] -- Up-to-date symlink: /workspaces/codespace/ros2/project/local_mapping/install/gradient_mapping/share/ament_index/resource_index/package_run_dependencies/gradient_mapping
[3.687s] -- Up-to-date symlink: /workspaces/codespace/ros2/project/local_mapping/install/gradient_mapping/share/ament_index/resource_index/parent_prefix_path/gradient_mapping
[3.687s] -- Up-to-date symlink: /workspaces/codespace/ros2/project/local_mapping/install/gradient_mapping/share/gradient_mapping/environment/ament_prefix_path.sh
[3.688s] -- Up-to-date symlink: /workspaces/codespace/ros2/project/local_mapping/install/gradient_mapping/share/gradient_mapping/environment/ament_prefix_path.dsv
[3.688s] -- Up-to-date symlink: /workspaces/codespace/ros2/project/local_mapping/install/gradient_mapping/share/gradient_mapping/environment/path.sh
[3.688s] -- Up-to-date symlink: /workspaces/codespace/ros2/project/local_mapping/install/gradient_mapping/share/gradient_mapping/environment/path.dsv
[3.688s] -- Up-to-date symlink: /workspaces/codespace/ros2/project/local_mapping/install/gradient_mapping/share/gradient_mapping/local_setup.bash
[3.688s] -- Up-to-date symlink: /workspaces/codespace/ros2/project/local_mapping/install/gradient_mapping/share/gradient_mapping/local_setup.sh
[3.688s] -- Up-to-date symlink: /workspaces/codespace/ros2/project/local_mapping/install/gradient_mapping/share/gradient_mapping/local_setup.zsh
[3.688s] -- Up-to-date symlink: /workspaces/codespace/ros2/project/local_mapping/install/gradient_mapping/share/gradient_mapping/local_setup.dsv
[3.688s] -- Symlinking: /workspaces/codespace/ros2/project/local_mapping/install/gradient_mapping/share/gradient_mapping/package.dsv
[3.697s] -- Up-to-date symlink: /workspaces/codespace/ros2/project/local_mapping/install/gradient_mapping/share/ament_index/resource_index/packages/gradient_mapping
[3.698s] -- Up-to-date symlink: /workspaces/codespace/ros2/project/local_mapping/install/gradient_mapping/share/gradient_mapping/cmake/rosidl_cmake-extras.cmake
[3.698s] -- Up-to-date symlink: /workspaces/codespace/ros2/project/local_mapping/install/gradient_mapping/share/gradient_mapping/cmake/ament_cmake_export_dependencies-extras.cmake
[3.698s] -- Up-to-date symlink: /workspaces/codespace/ros2/project/local_mapping/install/gradient_mapping/share/gradient_mapping/cmake/ament_cmake_export_include_directories-extras.cmake
[3.698s] -- Up-to-date symlink: /workspaces/codespace/ros2/project/local_mapping/install/gradient_mapping/share/gradient_mapping/cmake/ament_cmake_export_libraries-extras.cmake
[3.698s] -- Up-to-date symlink: /workspaces/codespace/ros2/project/local_mapping/install/gradient_mapping/share/gradient_mapping/cmake/ament_cmake_export_targets-extras.cmake
[3.698s] -- Up-to-date symlink: /workspaces/codespace/ros2/project/local_mapping/install/gradient_mapping/share/gradient_mapping/cmake/rosidl_cmake_export_typesupport_targets-extras.cmake
[3.698s] -- Up-to-date symlink: /workspaces/codespace/ros2/project/local_mapping/install/gradient_mapping/share/gradient_mapping/cmake/rosidl_cmake_export_typesupport_libraries-extras.cmake
[3.699s] -- Up-to-date symlink: /workspaces/codespace/ros2/project/local_mapping/install/gradient_mapping/share/gradient_mapping/cmake/gradient_mappingConfig.cmake
[3.699s] -- Up-to-date symlink: /workspaces/codespace/ros2/project/local_mapping/install/gradient_mapping/share/gradient_mapping/cmake/gradient_mappingConfig-version.cmake
[3.699s] -- Up-to-date symlink: /workspaces/codespace/ros2/project/local_mapping/install/gradient_mapping/share/gradient_mapping/package.xml
[3.699s] -- Up-to-date: /workspaces/codespace/ros2/project/local_mapping/install/gradient_mapping/lib/libgradient_mapping__rosidl_generator_c.so
[3.699s] -- Up-to-date: /workspaces/codespace/ros2/project/local_mapping/install/gradient_mapping/lib/libgradient_mapping__rosidl_typesupport_fastrtps_c.so
[3.700s] -- Up-to-date: /workspaces/codespace/ros2/project/local_mapping/install/gradient_mapping/lib/libgradient_mapping__rosidl_typesupport_fastrtps_cpp.so
[3.700s] -- Up-to-date: /workspaces/codespace/ros2/project/local_mapping/install/gradient_mapping/lib/libgradient_mapping__rosidl_typesupport_introspection_c.so
[3.700s] -- Up-to-date: /workspaces/codespace/ros2/project/local_mapping/install/gradient_mapping/lib/libgradient_mapping__rosidl_typesupport_c.so
[3.700s] -- Up-to-date: /workspaces/codespace/ros2/project/local_mapping/install/gradient_mapping/lib/libgradient_mapping__rosidl_typesupport_introspection_cpp.so
[3.701s] -- Up-to-date: /workspaces/codespace/ros2/project/local_mapping/install/gradient_mapping/lib/libgradient_mapping__rosidl_typesupport_cpp.so
[3.725s] Listing '/workspaces/codespace/ros2/project/local_mapping/install/gradient_mapping/local/lib/python3.10/dist-packages/gradient_mapping'...
[3.725s] Compiling '/workspaces/codespace/ros2/project/local_mapping/install/gradient_mapping/local/lib/python3.10/dist-packages/gradient_mapping/__init__.py'...
[3.725s] Listing '/workspaces/codespace/ros2/project/local_mapping/install/gradient_mapping/local/lib/python3.10/dist-packages/gradient_mapping/msg'...
[3.728s] -- Up-to-date: /workspaces/codespace/ros2/project/local_mapping/install/gradient_mapping/lib/libgradient_mapping__rosidl_generator_py.so
[3.729s] -- Up-to-date: /workspaces/codespace/ros2/project/local_mapping/install/gradient_mapping/share/gradient_mapping/cmake/export_gradient_mapping__rosidl_generator_cExport.cmake
[3.729s] -- Up-to-date: /workspaces/codespace/ros2/project/local_mapping/install/gradient_mapping/share/gradient_mapping/cmake/export_gradient_mapping__rosidl_generator_cExport-noconfig.cmake
[3.729s] -- Up-to-date: /workspaces/codespace/ros2/project/local_mapping/install/gradient_mapping/share/gradient_mapping/cmake/export_gradient_mapping__rosidl_typesupport_fastrtps_cExport.cmake
[3.729s] -- Up-to-date: /workspaces/codespace/ros2/project/local_mapping/install/gradient_mapping/share/gradient_mapping/cmake/export_gradient_mapping__rosidl_typesupport_fastrtps_cExport-noconfig.cmake
[3.729s] -- Up-to-date: /workspaces/codespace/ros2/project/local_mapping/install/gradient_mapping/share/gradient_mapping/cmake/export_gradient_mapping__rosidl_generator_cppExport.cmake
[3.729s] -- Up-to-date: /workspaces/codespace/ros2/project/local_mapping/install/gradient_mapping/share/gradient_mapping/cmake/export_gradient_mapping__rosidl_typesupport_fastrtps_cppExport.cmake
[3.729s] -- Up-to-date: /workspaces/codespace/ros2/project/local_mapping/install/gradient_mapping/share/gradient_mapping/cmake/export_gradient_mapping__rosidl_typesupport_fastrtps_cppExport-noconfig.cmake
[3.729s] -- Up-to-date: /workspaces/codespace/ros2/project/local_mapping/install/gradient_mapping/share/gradient_mapping/cmake/gradient_mapping__rosidl_typesupport_introspection_cExport.cmake
[3.729s] -- Up-to-date: /workspaces/codespace/ros2/project/local_mapping/install/gradient_mapping/share/gradient_mapping/cmake/gradient_mapping__rosidl_typesupport_introspection_cExport-noconfig.cmake
[3.729s] -- Up-to-date: /workspaces/codespace/ros2/project/local_mapping/install/gradient_mapping/share/gradient_mapping/cmake/gradient_mapping__rosidl_typesupport_cExport.cmake
[3.729s] -- Up-to-date: /workspaces/codespace/ros2/project/local_mapping/install/gradient_mapping/share/gradient_mapping/cmake/gradient_mapping__rosidl_typesupport_cExport-noconfig.cmake
[3.729s] -- Up-to-date: /workspaces/codespace/ros2/project/local_mapping/install/gradient_mapping/share/gradient_mapping/cmake/gradient_mapping__rosidl_typesupport_introspection_cppExport.cmake
[3.730s] -- Up-to-date: /workspaces/codespace/ros2/project/local_mapping/install/gradient_mapping/share/gradient_mapping/cmake/gradient_mapping__rosidl_typesupport_introspection_cppExport-noconfig.cmake
[3.730s] -- Up-to-date: /workspaces/codespace/ros2/project/local_mapping/install/gradient_mapping/share/gradient_mapping/cmake/gradient_mapping__rosidl_typesupport_cppExport.cmake
[3.730s] -- Up-to-date: /workspaces/codespace/ros2/project/local_mapping/install/gradient_mapping/share/gradient_mapping/cmake/gradient_mapping__rosidl_typesupport_cppExport-noconfig.cmake
[3.730s] -- Up-to-date: /workspaces/codespace/ros2/project/local_mapping/install/gradient_mapping/share/gradient_mapping/cmake/export_gradient_mapping__rosidl_generator_pyExport.cmake
[3.730s] -- Up-to-date: /workspaces/codespace/ros2/project/local_mapping/install/gradient_mapping/share/gradient_mapping/cmake/export_gradient_mapping__rosidl_generator_pyExport-noconfig.cmake
[3.732s] Invoked command in '/workspaces/codespace/ros2/project/local_mapping/build/gradient_mapping' returned '0': CMAKE_PREFIX_PATH=/opt/ros/humble /usr/bin/cmake --install /workspaces/codespace/ros2/project/local_mapping/build/gradient_mapping
