[1.953s] Invoking command in '/workspaces/codespace/ros2/project/tutorial/build/examples_rclpy_executors': PYTHONPATH=/workspaces/codespace/ros2/project/tutorial/build/examples_rclpy_executors/prefix_override:/workspaces/codespace/ros2/project/tutorial/install/examples_rclpy_executors/lib/python3.10/site-packages:${PYTHONPATH} /usr/bin/python3 setup.py develop --editable --build-directory /workspaces/codespace/ros2/project/tutorial/build/examples_rclpy_executors/build --no-deps install_data
[2.413s] running develop
[2.432s] /usr/lib/python3/dist-packages/setuptools/command/easy_install.py:158: EasyInstallDeprecationWarning: easy_install command is deprecated. Use build and pip and other standards-based tools.
[2.432s]   warnings.warn(
[2.433s] /usr/lib/python3/dist-packages/setuptools/command/install.py:34: SetuptoolsDeprecationWarning: setup.py install is deprecated. Use build and pip and other standards-based tools.
[2.433s]   warnings.warn(
[2.477s] running egg_info
[2.477s] creating examples_rclpy_executors.egg-info
[2.478s] writing examples_rclpy_executors.egg-info/PKG-INFO
[2.478s] writing dependency_links to examples_rclpy_executors.egg-info/dependency_links.txt
[2.478s] writing entry points to examples_rclpy_executors.egg-info/entry_points.txt
[2.478s] writing requirements to examples_rclpy_executors.egg-info/requires.txt
[2.479s] writing top-level names to examples_rclpy_executors.egg-info/top_level.txt
[2.479s] writing manifest file 'examples_rclpy_executors.egg-info/SOURCES.txt'
[2.481s] reading manifest file 'examples_rclpy_executors.egg-info/SOURCES.txt'
[2.482s] writing manifest file 'examples_rclpy_executors.egg-info/SOURCES.txt'
[2.484s] running build_ext
[2.484s] Creating /workspaces/codespace/ros2/project/tutorial/install/examples_rclpy_executors/lib/python3.10/site-packages/examples-rclpy-executors.egg-link (link to .)
[2.485s] Installing callback_group script to /workspaces/codespace/ros2/project/tutorial/install/examples_rclpy_executors/lib/examples_rclpy_executors
[2.485s] Installing composed script to /workspaces/codespace/ros2/project/tutorial/install/examples_rclpy_executors/lib/examples_rclpy_executors
[2.485s] Installing custom_callback_group script to /workspaces/codespace/ros2/project/tutorial/install/examples_rclpy_executors/lib/examples_rclpy_executors
[2.486s] Installing custom_executor script to /workspaces/codespace/ros2/project/tutorial/install/examples_rclpy_executors/lib/examples_rclpy_executors
[2.486s] Installing listener script to /workspaces/codespace/ros2/project/tutorial/install/examples_rclpy_executors/lib/examples_rclpy_executors
[2.486s] Installing talker script to /workspaces/codespace/ros2/project/tutorial/install/examples_rclpy_executors/lib/examples_rclpy_executors
[2.486s] 
[2.486s] Installed /workspaces/codespace/ros2/project/tutorial/build/examples_rclpy_executors
[2.486s] running install_data
[2.486s] creating /workspaces/codespace/ros2/project/tutorial/install/examples_rclpy_executors/share/ament_index
[2.491s] creating /workspaces/codespace/ros2/project/tutorial/install/examples_rclpy_executors/share/ament_index/resource_index
[2.492s] creating /workspaces/codespace/ros2/project/tutorial/install/examples_rclpy_executors/share/ament_index/resource_index/packages
[2.492s] copying resource/examples_rclpy_executors -> /workspaces/codespace/ros2/project/tutorial/install/examples_rclpy_executors/share/ament_index/resource_index/packages
[2.492s] copying package.xml -> /workspaces/codespace/ros2/project/tutorial/install/examples_rclpy_executors/share/examples_rclpy_executors
[2.988s] Invoked command in '/workspaces/codespace/ros2/project/tutorial/build/examples_rclpy_executors' returned '0': PYTHONPATH=/workspaces/codespace/ros2/project/tutorial/build/examples_rclpy_executors/prefix_override:/workspaces/codespace/ros2/project/tutorial/install/examples_rclpy_executors/lib/python3.10/site-packages:${PYTHONPATH} /usr/bin/python3 setup.py develop --editable --build-directory /workspaces/codespace/ros2/project/tutorial/build/examples_rclpy_executors/build --no-deps install_data
